000 (16798831.000.000) 2023-02-10 18:30:21 Job submitted from host: <128.105.244.191:9618?addrs=128.105.244.191-9618&alias=submit-1.chtc.wisc.edu&noUDP&sock=schedd_6485_bfc3>
...
040 (16798831.000.000) 2023-02-10 18:46:13 Started transferring input files
	Transferring to host: <128.105.68.101:9618?addrs=128.105.68.101-9618+[2607-f388-2200-100-1270-fdff-fe73-97d6]-9618&alias=gpu2009.chtc.wisc.edu&noUDP&sock=slot1_4_1877356_e2af_4307>
...
040 (16798831.000.000) 2023-02-10 18:46:13 Finished transferring input files
...
001 (16798831.000.000) 2023-02-10 18:46:14 Job executing on host: <128.105.68.101:9618?addrs=128.105.68.101-9618+[2607-f388-2200-100-1270-fdff-fe73-97d6]-9618&alias=gpu2009.chtc.wisc.edu&noUDP&sock=startd_27480_92a2>
...
006 (16798831.000.000) 2023-02-10 18:46:22 Image size of job updated: 876
	1  -  MemoryUsage of job (MB)
	876  -  ResidentSetSize of job (KB)
...
006 (16798831.000.000) 2023-02-10 18:51:22 Image size of job updated: 11435128
	2467  -  MemoryUsage of job (MB)
	2525676  -  ResidentSetSize of job (KB)
...
006 (16798831.000.000) 2023-02-10 18:56:23 Image size of job updated: 11472780
	2504  -  MemoryUsage of job (MB)
	2563328  -  ResidentSetSize of job (KB)
...
006 (16798831.000.000) 2023-02-10 19:01:23 Image size of job updated: 11505936
	2536  -  MemoryUsage of job (MB)
	2596484  -  ResidentSetSize of job (KB)
...
006 (16798831.000.000) 2023-02-10 19:06:25 Image size of job updated: 11528544
	2560  -  MemoryUsage of job (MB)
	2621180  -  ResidentSetSize of job (KB)
...
006 (16798831.000.000) 2023-02-10 19:11:25 Image size of job updated: 11553744
	2583  -  MemoryUsage of job (MB)
	2644412  -  ResidentSetSize of job (KB)
...
006 (16798831.000.000) 2023-02-10 19:16:25 Image size of job updated: 11632024
	2596  -  MemoryUsage of job (MB)
	2657916  -  ResidentSetSize of job (KB)
...
006 (16798831.000.000) 2023-02-10 19:21:26 Image size of job updated: 11841828
	2608  -  MemoryUsage of job (MB)
	2670276  -  ResidentSetSize of job (KB)
...
006 (16798831.000.000) 2023-02-10 19:26:26 Image size of job updated: 12115148
	2619  -  MemoryUsage of job (MB)
	2681428  -  ResidentSetSize of job (KB)
...
006 (16798831.000.000) 2023-02-10 19:31:27 Image size of job updated: 12644080
	2625  -  MemoryUsage of job (MB)
	2687236  -  ResidentSetSize of job (KB)
...
006 (16798831.000.000) 2023-02-10 19:36:27 Image size of job updated: 12651360
	2631  -  MemoryUsage of job (MB)
	2693332  -  ResidentSetSize of job (KB)
...
006 (16798831.000.000) 2023-02-10 19:41:28 Image size of job updated: 14103056
	2640  -  MemoryUsage of job (MB)
	2703236  -  ResidentSetSize of job (KB)
...
006 (16798831.000.000) 2023-02-10 19:46:28 Image size of job updated: 27087680
	2649  -  MemoryUsage of job (MB)
	2711852  -  ResidentSetSize of job (KB)
...
006 (16798831.000.000) 2023-02-10 19:51:29 Image size of job updated: 95391884
	2669  -  MemoryUsage of job (MB)
	2732092  -  ResidentSetSize of job (KB)
...
040 (16798831.000.000) 2023-02-10 20:05:56 Started transferring output files
...
040 (16798831.000.000) 2023-02-10 20:05:56 Finished transferring output files
...
005 (16798831.000.000) 2023-02-10 20:05:57 Job terminated.
	(1) Normal termination (return value 0)
		Usr 0 01:18:48, Sys 0 00:00:43  -  Run Remote Usage
		Usr 0 00:00:00, Sys 0 00:00:00  -  Run Local Usage
		Usr 0 01:18:48, Sys 0 00:00:43  -  Total Remote Usage
		Usr 0 00:00:00, Sys 0 00:00:00  -  Total Local Usage
	206  -  Run Bytes Sent By Job
	4698  -  Run Bytes Received By Job
	206  -  Total Bytes Sent By Job
	4698  -  Total Bytes Received By Job
	Partitionable Resources :       Usage  Request Allocated Assigned
	   Cpus                 :        1.01        1         1 
	   Disk (KB)            : 24645863    52428800  55919702 
	   Gpus (Average)       : 89182938.20        1         1 "GPU-b856f6ff"
	   GpusMemory (MB)      :    80179                       
	   IoHeavy              :                              0 
	   Memory (MB)          :     2669       20480     20480 

	Job terminated of its own accord at 2023-02-11T02:05:56Z with exit-code 0.
...
