000 (16798831.003.000) 2023-02-10 18:30:21 Job submitted from host: <128.105.244.191:9618?addrs=128.105.244.191-9618&alias=submit-1.chtc.wisc.edu&noUDP&sock=schedd_6485_bfc3>
...
040 (16798831.003.000) 2023-02-10 22:10:07 Started transferring input files
	Transferring to host: <128.105.68.101:9618?addrs=128.105.68.101-9618+[2607-f388-2200-100-1270-fdff-fe73-97d6]-9618&alias=gpu2009.chtc.wisc.edu&noUDP&sock=slot1_3_1877356_e2af_4704>
...
040 (16798831.003.000) 2023-02-10 22:10:07 Finished transferring input files
...
001 (16798831.003.000) 2023-02-10 22:10:08 Job executing on host: <128.105.68.101:9618?addrs=128.105.68.101-9618+[2607-f388-2200-100-1270-fdff-fe73-97d6]-9618&alias=gpu2009.chtc.wisc.edu&noUDP&sock=startd_27480_92a2>
...
006 (16798831.003.000) 2023-02-10 22:10:17 Image size of job updated: 916
	1  -  MemoryUsage of job (MB)
	872  -  ResidentSetSize of job (KB)
...
006 (16798831.003.000) 2023-02-10 22:15:18 Image size of job updated: 11388692
	2428  -  MemoryUsage of job (MB)
	2485356  -  ResidentSetSize of job (KB)
...
006 (16798831.003.000) 2023-02-10 22:20:19 Image size of job updated: 11431188
	2464  -  MemoryUsage of job (MB)
	2522496  -  ResidentSetSize of job (KB)
...
006 (16798831.003.000) 2023-02-10 22:25:19 Image size of job updated: 11466408
	2498  -  MemoryUsage of job (MB)
	2557716  -  ResidentSetSize of job (KB)
...
006 (16798831.003.000) 2023-02-10 22:30:20 Image size of job updated: 11486864
	2518  -  MemoryUsage of job (MB)
	2578172  -  ResidentSetSize of job (KB)
...
006 (16798831.003.000) 2023-02-10 22:35:20 Image size of job updated: 11508476
	2539  -  MemoryUsage of job (MB)
	2599936  -  ResidentSetSize of job (KB)
...
006 (16798831.003.000) 2023-02-10 22:40:21 Image size of job updated: 11590288
	2557  -  MemoryUsage of job (MB)
	2617780  -  ResidentSetSize of job (KB)
...
006 (16798831.003.000) 2023-02-10 22:45:21 Image size of job updated: 11799352
	2567  -  MemoryUsage of job (MB)
	2628564  -  ResidentSetSize of job (KB)
...
006 (16798831.003.000) 2023-02-10 22:50:22 Image size of job updated: 11942304
	2579  -  MemoryUsage of job (MB)
	2640440  -  ResidentSetSize of job (KB)
...
006 (16798831.003.000) 2023-02-10 22:55:22 Image size of job updated: 12605016
	2586  -  MemoryUsage of job (MB)
	2647748  -  ResidentSetSize of job (KB)
...
006 (16798831.003.000) 2023-02-10 23:00:22 Image size of job updated: 12609628
	2591  -  MemoryUsage of job (MB)
	2652472  -  ResidentSetSize of job (KB)
...
006 (16798831.003.000) 2023-02-10 23:05:23 Image size of job updated: 15823944
	2599  -  MemoryUsage of job (MB)
	2660624  -  ResidentSetSize of job (KB)
...
006 (16798831.003.000) 2023-02-10 23:10:23 Image size of job updated: 49275744
	2621  -  MemoryUsage of job (MB)
	2683852  -  ResidentSetSize of job (KB)
...
006 (16798831.003.000) 2023-02-10 23:15:24 Image size of job updated: 90372176
	2621  -  MemoryUsage of job (MB)
	2683852  -  ResidentSetSize of job (KB)
...
040 (16798831.003.000) 2023-02-10 23:26:56 Started transferring output files
...
040 (16798831.003.000) 2023-02-10 23:26:56 Finished transferring output files
...
005 (16798831.003.000) 2023-02-10 23:26:56 Job terminated.
	(1) Normal termination (return value 0)
		Usr 0 01:15:46, Sys 0 00:00:50  -  Run Remote Usage
		Usr 0 00:00:00, Sys 0 00:00:00  -  Run Local Usage
		Usr 0 01:15:46, Sys 0 00:00:50  -  Total Remote Usage
		Usr 0 00:00:00, Sys 0 00:00:00  -  Total Local Usage
	206  -  Run Bytes Sent By Job
	4698  -  Run Bytes Received By Job
	206  -  Total Bytes Sent By Job
	4698  -  Total Bytes Received By Job
	Partitionable Resources :       Usage  Request Allocated Assigned
	   Cpus                 :        1.01        1         1 
	   Disk (KB)            : 25824200    52428800  55919702 
	   Gpus (Average)       : 87941451.41        1         1 "GPU-ca0657f5"
	   GpusMemory (MB)      :    80935                       
	   IoHeavy              :                              0 
	   Memory (MB)          :     2621       20480     20480 

	Job terminated of its own accord at 2023-02-11T05:26:56Z with exit-code 0.
...
