000 (16798831.009.000) 2023-02-10 18:30:21 Job submitted from host: <128.105.244.191:9618?addrs=128.105.244.191-9618&alias=submit-1.chtc.wisc.edu&noUDP&sock=schedd_6485_bfc3>
...
040 (16798831.009.000) 2023-02-11 01:02:02 Started transferring input files
	Transferring to host: <128.105.68.97:9618?addrs=128.105.68.97-9618+[2607-f388-2200-100-ac0-ebff-fe99-a130]-9618&alias=gpu2005.chtc.wisc.edu&noUDP&sock=slot1_2_23567_d557_36>
...
040 (16798831.009.000) 2023-02-11 01:02:02 Finished transferring input files
...
001 (16798831.009.000) 2023-02-11 01:02:03 Job executing on host: <128.105.68.97:9618?addrs=128.105.68.97-9618+[2607-f388-2200-100-ac0-ebff-fe99-a130]-9618&alias=gpu2005.chtc.wisc.edu&noUDP&sock=startd_11626_0c26>
...
006 (16798831.009.000) 2023-02-11 01:02:12 Image size of job updated: 38908
	1  -  MemoryUsage of job (MB)
	668  -  ResidentSetSize of job (KB)
...
006 (16798831.009.000) 2023-02-11 01:07:14 Image size of job updated: 11415252
	2449  -  MemoryUsage of job (MB)
	2507568  -  ResidentSetSize of job (KB)
...
006 (16798831.009.000) 2023-02-11 01:12:14 Image size of job updated: 11447884
	2481  -  MemoryUsage of job (MB)
	2540208  -  ResidentSetSize of job (KB)
...
006 (16798831.009.000) 2023-02-11 01:17:14 Image size of job updated: 11480652
	2520  -  MemoryUsage of job (MB)
	2580052  -  ResidentSetSize of job (KB)
...
006 (16798831.009.000) 2023-02-11 01:22:15 Image size of job updated: 11514380
	2546  -  MemoryUsage of job (MB)
	2606704  -  ResidentSetSize of job (KB)
...
006 (16798831.009.000) 2023-02-11 01:27:15 Image size of job updated: 11535132
	2566  -  MemoryUsage of job (MB)
	2627456  -  ResidentSetSize of job (KB)
...
006 (16798831.009.000) 2023-02-11 01:32:16 Image size of job updated: 11620624
	2586  -  MemoryUsage of job (MB)
	2647412  -  ResidentSetSize of job (KB)
...
006 (16798831.009.000) 2023-02-11 01:37:16 Image size of job updated: 11766196
	2600  -  MemoryUsage of job (MB)
	2662348  -  ResidentSetSize of job (KB)
...
006 (16798831.009.000) 2023-02-11 01:42:17 Image size of job updated: 11839640
	2608  -  MemoryUsage of job (MB)
	2669896  -  ResidentSetSize of job (KB)
...
006 (16798831.009.000) 2023-02-11 01:47:17 Image size of job updated: 12375420
	2619  -  MemoryUsage of job (MB)
	2681356  -  ResidentSetSize of job (KB)
...
006 (16798831.009.000) 2023-02-11 01:52:19 Image size of job updated: 12640176
	2623  -  MemoryUsage of job (MB)
	2685908  -  ResidentSetSize of job (KB)
...
006 (16798831.009.000) 2023-02-11 01:57:19 Image size of job updated: 12648424
	2630  -  MemoryUsage of job (MB)
	2692172  -  ResidentSetSize of job (KB)
...
006 (16798831.009.000) 2023-02-11 02:02:19 Image size of job updated: 14686660
	2636  -  MemoryUsage of job (MB)
	2698932  -  ResidentSetSize of job (KB)
...
006 (16798831.009.000) 2023-02-11 02:07:20 Image size of job updated: 31015896
	2647  -  MemoryUsage of job (MB)
	2709628  -  ResidentSetSize of job (KB)
...
006 (16798831.009.000) 2023-02-11 02:12:20 Image size of job updated: 92757260
	2665  -  MemoryUsage of job (MB)
	2728036  -  ResidentSetSize of job (KB)
...
040 (16798831.009.000) 2023-02-11 02:40:44 Started transferring output files
...
040 (16798831.009.000) 2023-02-11 02:40:45 Finished transferring output files
...
005 (16798831.009.000) 2023-02-11 02:40:47 Job terminated.
	(1) Normal termination (return value 0)
		Usr 0 01:21:13, Sys 0 00:00:53  -  Run Remote Usage
		Usr 0 00:00:00, Sys 0 00:00:00  -  Run Local Usage
		Usr 0 01:21:13, Sys 0 00:00:53  -  Total Remote Usage
		Usr 0 00:00:00, Sys 0 00:00:00  -  Total Local Usage
	206  -  Run Bytes Sent By Job
	4698  -  Run Bytes Received By Job
	206  -  Total Bytes Sent By Job
	4698  -  Total Bytes Received By Job
	Partitionable Resources :    Usage  Request Allocated Assigned
	   Cpus                 :        0        1         1 
	   Disk (KB)            : 26378926 52428800  55933365 
	   Gpus (Average)       :                 1         1 "GPU-0d4d3af1"
	   GpusMemory (MB)      :    80885                    
	   IoHeavy              :                           0 
	   Memory (MB)          :     2665    20480     20480 

	Job terminated of its own accord at 2023-02-11T08:39:48Z with exit-code 0.
...
