000 (16798831.019.000) 2023-02-10 18:30:21 Job submitted from host: <128.105.244.191:9618?addrs=128.105.244.191-9618&alias=submit-1.chtc.wisc.edu&noUDP&sock=schedd_6485_bfc3>
...
040 (16798831.019.000) 2023-02-11 02:40:51 Started transferring input files
	Transferring to host: <128.105.68.97:9618?addrs=128.105.68.97-9618+[2607-f388-2200-100-ac0-ebff-fe99-a130]-9618&alias=gpu2005.chtc.wisc.edu&noUDP&sock=slot1_4_23567_d557_229>
...
040 (16798831.019.000) 2023-02-11 02:40:51 Finished transferring input files
...
001 (16798831.019.000) 2023-02-11 02:40:52 Job executing on host: <128.105.68.97:9618?addrs=128.105.68.97-9618+[2607-f388-2200-100-ac0-ebff-fe99-a130]-9618&alias=gpu2005.chtc.wisc.edu&noUDP&sock=startd_11626_0c26>
...
006 (16798831.019.000) 2023-02-11 02:41:01 Image size of job updated: 38908
	1  -  MemoryUsage of job (MB)
	668  -  ResidentSetSize of job (KB)
...
006 (16798831.019.000) 2023-02-11 02:46:02 Image size of job updated: 11193012
	1976  -  MemoryUsage of job (MB)
	2023084  -  ResidentSetSize of job (KB)
...
006 (16798831.019.000) 2023-02-11 02:49:15 Image size of job updated: 64949448
	1976  -  MemoryUsage of job (MB)
	2023084  -  ResidentSetSize of job (KB)
...
040 (16798831.019.000) 2023-02-11 02:49:15 Started transferring output files
...
040 (16798831.019.000) 2023-02-11 02:49:15 Finished transferring output files
...
005 (16798831.019.000) 2023-02-11 02:49:15 Job terminated.
	(1) Normal termination (return value 0)
		Usr 0 00:06:32, Sys 0 00:00:18  -  Run Remote Usage
		Usr 0 00:00:00, Sys 0 00:00:00  -  Run Local Usage
		Usr 0 00:06:32, Sys 0 00:00:18  -  Total Remote Usage
		Usr 0 00:00:00, Sys 0 00:00:00  -  Total Local Usage
	206  -  Run Bytes Sent By Job
	4698  -  Run Bytes Received By Job
	206  -  Total Bytes Sent By Job
	4698  -  Total Bytes Received By Job
	Partitionable Resources :       Usage  Request Allocated Assigned
	   Cpus                 :        1.00        1         1 
	   Disk (KB)            :  9994126    52428800  55933365 
	   Gpus (Average)       : 43897991.45        1         1 "GPU-5ce66687"
	   GpusMemory (MB)      :     3001                       
	   IoHeavy              :                              0 
	   Memory (MB)          :     1976       20480     20480 

	Job terminated of its own accord at 2023-02-11T08:49:15Z with exit-code 0.
...
