000 (16798831.014.000) 2023-02-10 18:30:21 Job submitted from host: <128.105.244.191:9618?addrs=128.105.244.191-9618&alias=submit-1.chtc.wisc.edu&noUDP&sock=schedd_6485_bfc3>
...
040 (16798831.014.000) 2023-02-11 01:35:00 Started transferring input files
	Transferring to host: <128.105.68.101:9618?addrs=128.105.68.101-9618+[2607-f388-2200-100-1270-fdff-fe73-97d6]-9618&alias=gpu2009.chtc.wisc.edu&noUDP&sock=slot1_1_1877356_e2af_5117>
...
040 (16798831.014.000) 2023-02-11 01:35:00 Finished transferring input files
...
001 (16798831.014.000) 2023-02-11 01:35:01 Job executing on host: <128.105.68.101:9618?addrs=128.105.68.101-9618+[2607-f388-2200-100-1270-fdff-fe73-97d6]-9618&alias=gpu2009.chtc.wisc.edu&noUDP&sock=startd_27480_92a2>
...
006 (16798831.014.000) 2023-02-11 01:35:09 Image size of job updated: 62112
	1  -  MemoryUsage of job (MB)
	876  -  ResidentSetSize of job (KB)
...
006 (16798831.014.000) 2023-02-11 01:40:09 Image size of job updated: 11401660
	2435  -  MemoryUsage of job (MB)
	2492832  -  ResidentSetSize of job (KB)
...
006 (16798831.014.000) 2023-02-11 01:45:10 Image size of job updated: 11441780
	2474  -  MemoryUsage of job (MB)
	2532952  -  ResidentSetSize of job (KB)
...
006 (16798831.014.000) 2023-02-11 01:50:10 Image size of job updated: 11472956
	2505  -  MemoryUsage of job (MB)
	2564196  -  ResidentSetSize of job (KB)
...
006 (16798831.014.000) 2023-02-11 01:55:11 Image size of job updated: 11494840
	2526  -  MemoryUsage of job (MB)
	2586016  -  ResidentSetSize of job (KB)
...
006 (16798831.014.000) 2023-02-11 02:00:11 Image size of job updated: 11515916
	2548  -  MemoryUsage of job (MB)
	2608800  -  ResidentSetSize of job (KB)
...
006 (16798831.014.000) 2023-02-11 02:05:13 Image size of job updated: 11597528
	2562  -  MemoryUsage of job (MB)
	2623212  -  ResidentSetSize of job (KB)
...
006 (16798831.014.000) 2023-02-11 02:10:13 Image size of job updated: 11809928
	2578  -  MemoryUsage of job (MB)
	2638992  -  ResidentSetSize of job (KB)
...
006 (16798831.014.000) 2023-02-11 02:15:13 Image size of job updated: 11818032
	2586  -  MemoryUsage of job (MB)
	2647064  -  ResidentSetSize of job (KB)
...
006 (16798831.014.000) 2023-02-11 02:20:14 Image size of job updated: 12485364
	2597  -  MemoryUsage of job (MB)
	2659056  -  ResidentSetSize of job (KB)
...
006 (16798831.014.000) 2023-02-11 02:25:14 Image size of job updated: 12622464
	2603  -  MemoryUsage of job (MB)
	2665064  -  ResidentSetSize of job (KB)
...
006 (16798831.014.000) 2023-02-11 02:30:15 Image size of job updated: 13413424
	2608  -  MemoryUsage of job (MB)
	2669592  -  ResidentSetSize of job (KB)
...
006 (16798831.014.000) 2023-02-11 02:35:15 Image size of job updated: 22729436
	2617  -  MemoryUsage of job (MB)
	2679492  -  ResidentSetSize of job (KB)
...
006 (16798831.014.000) 2023-02-11 02:40:16 Image size of job updated: 65328280
	2618  -  MemoryUsage of job (MB)
	2679936  -  ResidentSetSize of job (KB)
...
006 (16798831.014.000) 2023-02-11 02:45:16 Image size of job updated: 97834796
	2629  -  MemoryUsage of job (MB)
	2691852  -  ResidentSetSize of job (KB)
...
006 (16798831.014.000) 2023-02-11 02:50:17 Image size of job updated: 100140452
	2629  -  MemoryUsage of job (MB)
	2691852  -  ResidentSetSize of job (KB)
...
040 (16798831.014.000) 2023-02-11 03:00:38 Started transferring output files
...
040 (16798831.014.000) 2023-02-11 03:00:38 Finished transferring output files
...
005 (16798831.014.000) 2023-02-11 03:00:38 Job terminated.
	(1) Normal termination (return value 0)
		Usr 0 01:24:34, Sys 0 00:00:53  -  Run Remote Usage
		Usr 0 00:00:00, Sys 0 00:00:00  -  Run Local Usage
		Usr 0 01:24:34, Sys 0 00:00:53  -  Total Remote Usage
		Usr 0 00:00:00, Sys 0 00:00:00  -  Total Local Usage
	206  -  Run Bytes Sent By Job
	4698  -  Run Bytes Received By Job
	206  -  Total Bytes Sent By Job
	4698  -  Total Bytes Received By Job
	Partitionable Resources :       Usage  Request Allocated Assigned
	   Cpus                 :        1.01        1         1 
	   Disk (KB)            : 26198122    52428800  55919702 
	   Gpus (Average)       : 92180589.24        1         1 "GPU-763b3aa1"
	   GpusMemory (MB)      :    81797                       
	   IoHeavy              :                              0 
	   Memory (MB)          :     2629       20480     20480 

	Job terminated of its own accord at 2023-02-11T09:00:38Z with exit-code 0.
...
