000 (16798831.018.000) 2023-02-10 18:30:21 Job submitted from host: <128.105.244.191:9618?addrs=128.105.244.191-9618&alias=submit-1.chtc.wisc.edu&noUDP&sock=schedd_6485_bfc3>
...
040 (16798831.018.000) 2023-02-11 02:40:47 Started transferring input files
	Transferring to host: <128.105.68.97:9618?addrs=128.105.68.97-9618+[2607-f388-2200-100-ac0-ebff-fe99-a130]-9618&alias=gpu2005.chtc.wisc.edu&noUDP&sock=slot1_2_23567_d557_228>
...
040 (16798831.018.000) 2023-02-11 02:40:48 Finished transferring input files
...
001 (16798831.018.000) 2023-02-11 02:40:48 Job executing on host: <128.105.68.97:9618?addrs=128.105.68.97-9618+[2607-f388-2200-100-ac0-ebff-fe99-a130]-9618&alias=gpu2005.chtc.wisc.edu&noUDP&sock=startd_11626_0c26>
...
006 (16798831.018.000) 2023-02-11 02:40:57 Image size of job updated: 38908
	1  -  MemoryUsage of job (MB)
	668  -  ResidentSetSize of job (KB)
...
006 (16798831.018.000) 2023-02-11 02:45:58 Image size of job updated: 11373676
	2407  -  MemoryUsage of job (MB)
	2464644  -  ResidentSetSize of job (KB)
...
006 (16798831.018.000) 2023-02-11 02:50:58 Image size of job updated: 11419220
	2452  -  MemoryUsage of job (MB)
	2510304  -  ResidentSetSize of job (KB)
...
006 (16798831.018.000) 2023-02-11 02:56:00 Image size of job updated: 11447696
	2482  -  MemoryUsage of job (MB)
	2540800  -  ResidentSetSize of job (KB)
...
006 (16798831.018.000) 2023-02-11 03:01:00 Image size of job updated: 11478436
	2510  -  MemoryUsage of job (MB)
	2569464  -  ResidentSetSize of job (KB)
...
006 (16798831.018.000) 2023-02-11 03:06:00 Image size of job updated: 11495232
	2526  -  MemoryUsage of job (MB)
	2586224  -  ResidentSetSize of job (KB)
...
006 (16798831.018.000) 2023-02-11 03:11:01 Image size of job updated: 11580416
	2545  -  MemoryUsage of job (MB)
	2605852  -  ResidentSetSize of job (KB)
...
006 (16798831.018.000) 2023-02-11 03:16:01 Image size of job updated: 11794968
	2565  -  MemoryUsage of job (MB)
	2625736  -  ResidentSetSize of job (KB)
...
006 (16798831.018.000) 2023-02-11 03:21:02 Image size of job updated: 11803128
	2571  -  MemoryUsage of job (MB)
	2631960  -  ResidentSetSize of job (KB)
...
006 (16798831.018.000) 2023-02-11 03:26:02 Image size of job updated: 12474632
	2587  -  MemoryUsage of job (MB)
	2648104  -  ResidentSetSize of job (KB)
...
006 (16798831.018.000) 2023-02-11 03:31:03 Image size of job updated: 12605704
	2587  -  MemoryUsage of job (MB)
	2648104  -  ResidentSetSize of job (KB)
...
006 (16798831.018.000) 2023-02-11 03:36:03 Image size of job updated: 12873812
	2592  -  MemoryUsage of job (MB)
	2654144  -  ResidentSetSize of job (KB)
...
006 (16798831.018.000) 2023-02-11 03:41:04 Image size of job updated: 16418264
	2598  -  MemoryUsage of job (MB)
	2659604  -  ResidentSetSize of job (KB)
...
006 (16798831.018.000) 2023-02-11 03:46:04 Image size of job updated: 77257288
	2619  -  MemoryUsage of job (MB)
	2681192  -  ResidentSetSize of job (KB)
...
006 (16798831.018.000) 2023-02-11 03:51:05 Image size of job updated: 97836200
	2619  -  MemoryUsage of job (MB)
	2681192  -  ResidentSetSize of job (KB)
...
040 (16798831.018.000) 2023-02-11 04:02:17 Started transferring output files
...
040 (16798831.018.000) 2023-02-11 04:02:17 Finished transferring output files
...
005 (16798831.018.000) 2023-02-11 04:02:17 Job terminated.
	(1) Normal termination (return value 0)
		Usr 0 01:18:51, Sys 0 00:00:48  -  Run Remote Usage
		Usr 0 00:00:00, Sys 0 00:00:00  -  Run Local Usage
		Usr 0 01:18:51, Sys 0 00:00:48  -  Total Remote Usage
		Usr 0 00:00:00, Sys 0 00:00:00  -  Total Local Usage
	206  -  Run Bytes Sent By Job
	4698  -  Run Bytes Received By Job
	206  -  Total Bytes Sent By Job
	4698  -  Total Bytes Received By Job
	Partitionable Resources :       Usage  Request Allocated Assigned
	   Cpus                 :        1.01        1         1 
	   Disk (KB)            : 25794856    52428800  55933365 
	   Gpus (Average)       : 84654281.73        1         1 "GPU-0d4d3af1"
	   GpusMemory (MB)      :    80885                       
	   IoHeavy              :                              0 
	   Memory (MB)          :     2619       20480     20480 

	Job terminated of its own accord at 2023-02-11T10:02:17Z with exit-code 0.
...
