000 (16798831.002.000) 2023-02-10 18:30:21 Job submitted from host: <128.105.244.191:9618?addrs=128.105.244.191-9618&alias=submit-1.chtc.wisc.edu&noUDP&sock=schedd_6485_bfc3>
...
040 (16798831.002.000) 2023-02-10 21:28:01 Started transferring input files
	Transferring to host: <128.105.68.101:9618?addrs=128.105.68.101-9618+[2607-f388-2200-100-1270-fdff-fe73-97d6]-9618&alias=gpu2009.chtc.wisc.edu&noUDP&sock=slot1_4_1877356_e2af_4624>
...
040 (16798831.002.000) 2023-02-10 21:28:01 Finished transferring input files
...
001 (16798831.002.000) 2023-02-10 21:28:02 Job executing on host: <128.105.68.101:9618?addrs=128.105.68.101-9618+[2607-f388-2200-100-1270-fdff-fe73-97d6]-9618&alias=gpu2009.chtc.wisc.edu&noUDP&sock=startd_27480_92a2>
...
006 (16798831.002.000) 2023-02-10 21:28:11 Image size of job updated: 876
	1  -  MemoryUsage of job (MB)
	876  -  ResidentSetSize of job (KB)
...
006 (16798831.002.000) 2023-02-10 21:33:12 Image size of job updated: 11375368
	2415  -  MemoryUsage of job (MB)
	2472252  -  ResidentSetSize of job (KB)
...
006 (16798831.002.000) 2023-02-10 21:38:12 Image size of job updated: 11412868
	2446  -  MemoryUsage of job (MB)
	2504448  -  ResidentSetSize of job (KB)
...
006 (16798831.002.000) 2023-02-10 21:43:13 Image size of job updated: 11448572
	2481  -  MemoryUsage of job (MB)
	2540268  -  ResidentSetSize of job (KB)
...
006 (16798831.002.000) 2023-02-10 21:48:13 Image size of job updated: 11470488
	2503  -  MemoryUsage of job (MB)
	2562124  -  ResidentSetSize of job (KB)
...
006 (16798831.002.000) 2023-02-10 21:53:15 Image size of job updated: 11494816
	2526  -  MemoryUsage of job (MB)
	2586432  -  ResidentSetSize of job (KB)
...
006 (16798831.002.000) 2023-02-10 21:58:15 Image size of job updated: 11573904
	2539  -  MemoryUsage of job (MB)
	2599848  -  ResidentSetSize of job (KB)
...
006 (16798831.002.000) 2023-02-10 22:03:15 Image size of job updated: 11783660
	2552  -  MemoryUsage of job (MB)
	2612996  -  ResidentSetSize of job (KB)
...
006 (16798831.002.000) 2023-02-10 22:08:16 Image size of job updated: 11926480
	2566  -  MemoryUsage of job (MB)
	2626632  -  ResidentSetSize of job (KB)
...
006 (16798831.002.000) 2023-02-10 22:13:16 Image size of job updated: 12588500
	2570  -  MemoryUsage of job (MB)
	2631428  -  ResidentSetSize of job (KB)
...
006 (16798831.002.000) 2023-02-10 22:18:17 Image size of job updated: 12594960
	2577  -  MemoryUsage of job (MB)
	2637976  -  ResidentSetSize of job (KB)
...
006 (16798831.002.000) 2023-02-10 22:23:17 Image size of job updated: 15616880
	2585  -  MemoryUsage of job (MB)
	2646760  -  ResidentSetSize of job (KB)
...
006 (16798831.002.000) 2023-02-10 22:28:18 Image size of job updated: 46563800
	2597  -  MemoryUsage of job (MB)
	2659056  -  ResidentSetSize of job (KB)
...
006 (16798831.002.000) 2023-02-10 22:33:18 Image size of job updated: 96109016
	2597  -  MemoryUsage of job (MB)
	2659056  -  ResidentSetSize of job (KB)
...
040 (16798831.002.000) 2023-02-10 22:45:50 Started transferring output files
...
040 (16798831.002.000) 2023-02-10 22:45:50 Finished transferring output files
...
005 (16798831.002.000) 2023-02-10 22:45:50 Job terminated.
	(1) Normal termination (return value 0)
		Usr 0 01:16:49, Sys 0 00:00:47  -  Run Remote Usage
		Usr 0 00:00:00, Sys 0 00:00:00  -  Run Local Usage
		Usr 0 01:16:49, Sys 0 00:00:47  -  Total Remote Usage
		Usr 0 00:00:00, Sys 0 00:00:00  -  Total Local Usage
	206  -  Run Bytes Sent By Job
	4698  -  Run Bytes Received By Job
	206  -  Total Bytes Sent By Job
	4698  -  Total Bytes Received By Job
	Partitionable Resources :       Usage  Request Allocated Assigned
	   Cpus                 :        1.01        1         1 
	   Disk (KB)            : 25407724    52428800  55919702 
	   Gpus (Average)       : 87437126.69        1         1 "GPU-b856f6ff"
	   GpusMemory (MB)      :    80883                       
	   IoHeavy              :                              0 
	   Memory (MB)          :     2597       20480     20480 

	Job terminated of its own accord at 2023-02-11T04:45:50Z with exit-code 0.
...
