000 (16798831.005.000) 2023-02-10 18:30:21 Job submitted from host: <128.105.244.191:9618?addrs=128.105.244.191-9618&alias=submit-1.chtc.wisc.edu&noUDP&sock=schedd_6485_bfc3>
...
040 (16798831.005.000) 2023-02-10 23:26:56 Started transferring input files
	Transferring to host: <128.105.68.101:9618?addrs=128.105.68.101-9618+[2607-f388-2200-100-1270-fdff-fe73-97d6]-9618&alias=gpu2009.chtc.wisc.edu&noUDP&sock=slot1_3_1877356_e2af_4861>
...
040 (16798831.005.000) 2023-02-10 23:26:56 Finished transferring input files
...
001 (16798831.005.000) 2023-02-10 23:26:57 Job executing on host: <128.105.68.101:9618?addrs=128.105.68.101-9618+[2607-f388-2200-100-1270-fdff-fe73-97d6]-9618&alias=gpu2009.chtc.wisc.edu&noUDP&sock=startd_27480_92a2>
...
006 (16798831.005.000) 2023-02-10 23:27:05 Image size of job updated: 62112
	1  -  MemoryUsage of job (MB)
	876  -  ResidentSetSize of job (KB)
...
006 (16798831.005.000) 2023-02-10 23:32:06 Image size of job updated: 11420532
	2456  -  MemoryUsage of job (MB)
	2514516  -  ResidentSetSize of job (KB)
...
006 (16798831.005.000) 2023-02-10 23:37:07 Image size of job updated: 11465928
	2498  -  MemoryUsage of job (MB)
	2557864  -  ResidentSetSize of job (KB)
...
006 (16798831.005.000) 2023-02-10 23:42:07 Image size of job updated: 11495120
	2527  -  MemoryUsage of job (MB)
	2587124  -  ResidentSetSize of job (KB)
...
006 (16798831.005.000) 2023-02-10 23:47:08 Image size of job updated: 11525572
	2557  -  MemoryUsage of job (MB)
	2617508  -  ResidentSetSize of job (KB)
...
006 (16798831.005.000) 2023-02-10 23:52:09 Image size of job updated: 11542144
	2573  -  MemoryUsage of job (MB)
	2634344  -  ResidentSetSize of job (KB)
...
006 (16798831.005.000) 2023-02-10 23:57:09 Image size of job updated: 11686216
	2586  -  MemoryUsage of job (MB)
	2647104  -  ResidentSetSize of job (KB)
...
006 (16798831.005.000) 2023-02-11 00:02:09 Image size of job updated: 11830308
	2598  -  MemoryUsage of job (MB)
	2660128  -  ResidentSetSize of job (KB)
...
006 (16798831.005.000) 2023-02-11 00:07:09 Image size of job updated: 12237028
	2612  -  MemoryUsage of job (MB)
	2673676  -  ResidentSetSize of job (KB)
...
006 (16798831.005.000) 2023-02-11 00:12:10 Image size of job updated: 12632876
	2614  -  MemoryUsage of job (MB)
	2676344  -  ResidentSetSize of job (KB)
...
006 (16798831.005.000) 2023-02-11 00:17:10 Image size of job updated: 12638864
	2620  -  MemoryUsage of job (MB)
	2682240  -  ResidentSetSize of job (KB)
...
006 (16798831.005.000) 2023-02-11 00:22:11 Image size of job updated: 14094084
	2633  -  MemoryUsage of job (MB)
	2695656  -  ResidentSetSize of job (KB)
...
006 (16798831.005.000) 2023-02-11 00:27:11 Image size of job updated: 29434360
	2638  -  MemoryUsage of job (MB)
	2700508  -  ResidentSetSize of job (KB)
...
006 (16798831.005.000) 2023-02-11 00:32:12 Image size of job updated: 88279260
	2669  -  MemoryUsage of job (MB)
	2732644  -  ResidentSetSize of job (KB)
...
006 (16798831.005.000) 2023-02-11 00:37:12 Image size of job updated: 103149732
	2669  -  MemoryUsage of job (MB)
	2732644  -  ResidentSetSize of job (KB)
...
040 (16798831.005.000) 2023-02-11 00:45:47 Started transferring output files
...
040 (16798831.005.000) 2023-02-11 00:45:47 Finished transferring output files
...
005 (16798831.005.000) 2023-02-11 00:45:47 Job terminated.
	(1) Normal termination (return value 0)
		Usr 0 01:17:51, Sys 0 00:00:52  -  Run Remote Usage
		Usr 0 00:00:00, Sys 0 00:00:00  -  Run Local Usage
		Usr 0 01:17:51, Sys 0 00:00:52  -  Total Remote Usage
		Usr 0 00:00:00, Sys 0 00:00:00  -  Total Local Usage
	206  -  Run Bytes Sent By Job
	4698  -  Run Bytes Received By Job
	206  -  Total Bytes Sent By Job
	4698  -  Total Bytes Received By Job
	Partitionable Resources :       Usage  Request Allocated Assigned
	   Cpus                 :        1.01        1         1 
	   Disk (KB)            : 25005141    52428800  55919702 
	   Gpus (Average)       : 87462311.25        1         1 "GPU-ca0657f5"
	   GpusMemory (MB)      :    81683                       
	   IoHeavy              :                              0 
	   Memory (MB)          :     2669       20480     20480 

	Job terminated of its own accord at 2023-02-11T06:45:47Z with exit-code 0.
...
