000 (16798831.016.000) 2023-02-10 18:30:21 Job submitted from host: <128.105.244.191:9618?addrs=128.105.244.191-9618&alias=submit-1.chtc.wisc.edu&noUDP&sock=schedd_6485_bfc3>
...
040 (16798831.016.000) 2023-02-11 02:29:14 Started transferring input files
	Transferring to host: <128.105.68.101:9618?addrs=128.105.68.101-9618+[2607-f388-2200-100-1270-fdff-fe73-97d6]-9618&alias=gpu2009.chtc.wisc.edu&noUDP&sock=slot1_2_1877356_e2af_5219>
...
040 (16798831.016.000) 2023-02-11 02:29:14 Finished transferring input files
...
001 (16798831.016.000) 2023-02-11 02:29:15 Job executing on host: <128.105.68.101:9618?addrs=128.105.68.101-9618+[2607-f388-2200-100-1270-fdff-fe73-97d6]-9618&alias=gpu2009.chtc.wisc.edu&noUDP&sock=startd_27480_92a2>
...
006 (16798831.016.000) 2023-02-11 02:29:25 Image size of job updated: 7384
	1  -  MemoryUsage of job (MB)
	892  -  ResidentSetSize of job (KB)
...
006 (16798831.016.000) 2023-02-11 02:34:25 Image size of job updated: 11383840
	2420  -  MemoryUsage of job (MB)
	2477644  -  ResidentSetSize of job (KB)
...
006 (16798831.016.000) 2023-02-11 02:39:25 Image size of job updated: 11423676
	2459  -  MemoryUsage of job (MB)
	2517556  -  ResidentSetSize of job (KB)
...
006 (16798831.016.000) 2023-02-11 02:44:26 Image size of job updated: 11455396
	2488  -  MemoryUsage of job (MB)
	2547232  -  ResidentSetSize of job (KB)
...
006 (16798831.016.000) 2023-02-11 02:49:26 Image size of job updated: 11480004
	2512  -  MemoryUsage of job (MB)
	2571760  -  ResidentSetSize of job (KB)
...
006 (16798831.016.000) 2023-02-11 02:54:27 Image size of job updated: 11499028
	2531  -  MemoryUsage of job (MB)
	2590896  -  ResidentSetSize of job (KB)
...
006 (16798831.016.000) 2023-02-11 02:59:27 Image size of job updated: 11581224
	2548  -  MemoryUsage of job (MB)
	2609088  -  ResidentSetSize of job (KB)
...
006 (16798831.016.000) 2023-02-11 03:04:28 Image size of job updated: 11795632
	2564  -  MemoryUsage of job (MB)
	2625244  -  ResidentSetSize of job (KB)
...
006 (16798831.016.000) 2023-02-11 03:09:28 Image size of job updated: 11801720
	2570  -  MemoryUsage of job (MB)
	2631500  -  ResidentSetSize of job (KB)
...
006 (16798831.016.000) 2023-02-11 03:14:29 Image size of job updated: 12471108
	2584  -  MemoryUsage of job (MB)
	2645428  -  ResidentSetSize of job (KB)
...
006 (16798831.016.000) 2023-02-11 03:19:29 Image size of job updated: 12603884
	2586  -  MemoryUsage of job (MB)
	2647064  -  ResidentSetSize of job (KB)
...
006 (16798831.016.000) 2023-02-11 03:24:30 Image size of job updated: 13005024
	2593  -  MemoryUsage of job (MB)
	2654988  -  ResidentSetSize of job (KB)
...
006 (16798831.016.000) 2023-02-11 03:29:30 Image size of job updated: 18785432
	2606  -  MemoryUsage of job (MB)
	2668228  -  ResidentSetSize of job (KB)
...
006 (16798831.016.000) 2023-02-11 03:34:31 Image size of job updated: 79414604
	2614  -  MemoryUsage of job (MB)
	2676600  -  ResidentSetSize of job (KB)
...
006 (16798831.016.000) 2023-02-11 03:39:31 Image size of job updated: 99187020
	2659  -  MemoryUsage of job (MB)
	2722760  -  ResidentSetSize of job (KB)
...
006 (16798831.016.000) 2023-02-11 03:44:32 Image size of job updated: 101513548
	2659  -  MemoryUsage of job (MB)
	2722760  -  ResidentSetSize of job (KB)
...
040 (16798831.016.000) 2023-02-11 03:52:19 Started transferring output files
...
040 (16798831.016.000) 2023-02-11 03:52:19 Finished transferring output files
...
005 (16798831.016.000) 2023-02-11 03:52:19 Job terminated.
	(1) Normal termination (return value 0)
		Usr 0 01:22:01, Sys 0 00:00:53  -  Run Remote Usage
		Usr 0 00:00:00, Sys 0 00:00:00  -  Run Local Usage
		Usr 0 01:22:01, Sys 0 00:00:53  -  Total Remote Usage
		Usr 0 00:00:00, Sys 0 00:00:00  -  Total Local Usage
	206  -  Run Bytes Sent By Job
	4698  -  Run Bytes Received By Job
	206  -  Total Bytes Sent By Job
	4698  -  Total Bytes Received By Job
	Partitionable Resources :       Usage  Request Allocated Assigned
	   Cpus                 :        1.01        1         1 
	   Disk (KB)            : 25256133    52428800  55919702 
	   Gpus (Average)       : 85589425.15        1         1 "GPU-07c303b2"
	   GpusMemory (MB)      :    80935                       
	   IoHeavy              :                              0 
	   Memory (MB)          :     2659       20480     20480 

	Job terminated of its own accord at 2023-02-11T09:52:19Z with exit-code 0.
...
