000 (16798831.011.000) 2023-02-10 18:30:21 Job submitted from host: <128.105.244.191:9618?addrs=128.105.244.191-9618&alias=submit-1.chtc.wisc.edu&noUDP&sock=schedd_6485_bfc3>
...
040 (16798831.011.000) 2023-02-11 01:02:28 Started transferring input files
	Transferring to host: <128.105.68.97:9618?addrs=128.105.68.97-9618+[2607-f388-2200-100-ac0-ebff-fe99-a130]-9618&alias=gpu2005.chtc.wisc.edu&noUDP&sock=slot1_4_23567_d557_38>
...
040 (16798831.011.000) 2023-02-11 01:02:28 Finished transferring input files
...
001 (16798831.011.000) 2023-02-11 01:02:29 Job executing on host: <128.105.68.97:9618?addrs=128.105.68.97-9618+[2607-f388-2200-100-ac0-ebff-fe99-a130]-9618&alias=gpu2005.chtc.wisc.edu&noUDP&sock=startd_11626_0c26>
...
006 (16798831.011.000) 2023-02-11 01:02:38 Image size of job updated: 62112
	1  -  MemoryUsage of job (MB)
	668  -  ResidentSetSize of job (KB)
...
006 (16798831.011.000) 2023-02-11 01:07:40 Image size of job updated: 11399120
	2433  -  MemoryUsage of job (MB)
	2490668  -  ResidentSetSize of job (KB)
...
006 (16798831.011.000) 2023-02-11 01:12:40 Image size of job updated: 11442956
	2477  -  MemoryUsage of job (MB)
	2535916  -  ResidentSetSize of job (KB)
...
006 (16798831.011.000) 2023-02-11 01:17:40 Image size of job updated: 11484468
	2516  -  MemoryUsage of job (MB)
	2575992  -  ResidentSetSize of job (KB)
...
006 (16798831.011.000) 2023-02-11 01:22:41 Image size of job updated: 11512040
	2543  -  MemoryUsage of job (MB)
	2603564  -  ResidentSetSize of job (KB)
...
006 (16798831.011.000) 2023-02-11 01:27:41 Image size of job updated: 11529184
	2560  -  MemoryUsage of job (MB)
	2620780  -  ResidentSetSize of job (KB)
...
006 (16798831.011.000) 2023-02-11 01:32:42 Image size of job updated: 11612748
	2577  -  MemoryUsage of job (MB)
	2638736  -  ResidentSetSize of job (KB)
...
006 (16798831.011.000) 2023-02-11 01:37:42 Image size of job updated: 11823840
	2592  -  MemoryUsage of job (MB)
	2653220  -  ResidentSetSize of job (KB)
...
006 (16798831.011.000) 2023-02-11 01:42:43 Image size of job updated: 11833188
	2601  -  MemoryUsage of job (MB)
	2662568  -  ResidentSetSize of job (KB)
...
006 (16798831.011.000) 2023-02-11 01:47:43 Image size of job updated: 12502600
	2614  -  MemoryUsage of job (MB)
	2676696  -  ResidentSetSize of job (KB)
...
006 (16798831.011.000) 2023-02-11 01:52:45 Image size of job updated: 12634152
	2615  -  MemoryUsage of job (MB)
	2677440  -  ResidentSetSize of job (KB)
...
006 (16798831.011.000) 2023-02-11 01:57:45 Image size of job updated: 13037672
	2625  -  MemoryUsage of job (MB)
	2687404  -  ResidentSetSize of job (KB)
...
006 (16798831.011.000) 2023-02-11 02:02:46 Image size of job updated: 17763136
	2632  -  MemoryUsage of job (MB)
	2694440  -  ResidentSetSize of job (KB)
...
006 (16798831.011.000) 2023-02-11 02:07:46 Image size of job updated: 96152824
	2640  -  MemoryUsage of job (MB)
	2703016  -  ResidentSetSize of job (KB)
...
040 (16798831.011.000) 2023-02-11 02:40:51 Started transferring output files
...
040 (16798831.011.000) 2023-02-11 02:40:51 Finished transferring output files
...
005 (16798831.011.000) 2023-02-11 02:40:51 Job terminated.
	(1) Normal termination (return value 0)
		Usr 0 01:18:02, Sys 0 00:00:48  -  Run Remote Usage
		Usr 0 00:00:00, Sys 0 00:00:00  -  Run Local Usage
		Usr 0 01:18:02, Sys 0 00:00:48  -  Total Remote Usage
		Usr 0 00:00:00, Sys 0 00:00:00  -  Total Local Usage
	206  -  Run Bytes Sent By Job
	4698  -  Run Bytes Received By Job
	206  -  Total Bytes Sent By Job
	4698  -  Total Bytes Received By Job
	Partitionable Resources :    Usage  Request Allocated Assigned
	   Cpus                 :        0        1         1 
	   Disk (KB)            : 26372402 52428800  55933365 
	   Gpus (Average)       :                 1         1 "GPU-5ce66687"
	   GpusMemory (MB)      :    81681                    
	   IoHeavy              :                           0 
	   Memory (MB)          :     2640    20480     20480 

	Job terminated of its own accord at 2023-02-11T08:39:48Z with exit-code 0.
...
