000 (16798831.017.000) 2023-02-10 18:30:21 Job submitted from host: <128.105.244.191:9618?addrs=128.105.244.191-9618&alias=submit-1.chtc.wisc.edu&noUDP&sock=schedd_6485_bfc3>
...
040 (16798831.017.000) 2023-02-11 02:40:28 Started transferring input files
	Transferring to host: <128.105.68.97:9618?addrs=128.105.68.97-9618+[2607-f388-2200-100-ac0-ebff-fe99-a130]-9618&alias=gpu2005.chtc.wisc.edu&noUDP&sock=slot1_3_23567_d557_227>
...
040 (16798831.017.000) 2023-02-11 02:40:28 Finished transferring input files
...
001 (16798831.017.000) 2023-02-11 02:40:29 Job executing on host: <128.105.68.97:9618?addrs=128.105.68.97-9618+[2607-f388-2200-100-ac0-ebff-fe99-a130]-9618&alias=gpu2005.chtc.wisc.edu&noUDP&sock=startd_11626_0c26>
...
006 (16798831.017.000) 2023-02-11 02:40:38 Image size of job updated: 668
	1  -  MemoryUsage of job (MB)
	668  -  ResidentSetSize of job (KB)
...
006 (16798831.017.000) 2023-02-11 02:45:40 Image size of job updated: 11378020
	2411  -  MemoryUsage of job (MB)
	2468380  -  ResidentSetSize of job (KB)
...
006 (16798831.017.000) 2023-02-11 02:50:40 Image size of job updated: 11421776
	2457  -  MemoryUsage of job (MB)
	2515120  -  ResidentSetSize of job (KB)
...
006 (16798831.017.000) 2023-02-11 02:55:41 Image size of job updated: 11459440
	2491  -  MemoryUsage of job (MB)
	2549808  -  ResidentSetSize of job (KB)
...
006 (16798831.017.000) 2023-02-11 03:00:41 Image size of job updated: 11479952
	2511  -  MemoryUsage of job (MB)
	2570380  -  ResidentSetSize of job (KB)
...
006 (16798831.017.000) 2023-02-11 03:05:41 Image size of job updated: 11504484
	2535  -  MemoryUsage of job (MB)
	2594856  -  ResidentSetSize of job (KB)
...
006 (16798831.017.000) 2023-02-11 03:10:42 Image size of job updated: 11586372
	2551  -  MemoryUsage of job (MB)
	2611276  -  ResidentSetSize of job (KB)
...
006 (16798831.017.000) 2023-02-11 03:15:42 Image size of job updated: 11798668
	2566  -  MemoryUsage of job (MB)
	2627028  -  ResidentSetSize of job (KB)
...
006 (16798831.017.000) 2023-02-11 03:20:43 Image size of job updated: 11807592
	2576  -  MemoryUsage of job (MB)
	2637444  -  ResidentSetSize of job (KB)
...
006 (16798831.017.000) 2023-02-11 03:25:43 Image size of job updated: 12475292
	2587  -  MemoryUsage of job (MB)
	2648160  -  ResidentSetSize of job (KB)
...
006 (16798831.017.000) 2023-02-11 03:30:44 Image size of job updated: 12610504
	2591  -  MemoryUsage of job (MB)
	2652300  -  ResidentSetSize of job (KB)
...
006 (16798831.017.000) 2023-02-11 03:35:44 Image size of job updated: 12879168
	2597  -  MemoryUsage of job (MB)
	2659176  -  ResidentSetSize of job (KB)
...
006 (16798831.017.000) 2023-02-11 03:40:45 Image size of job updated: 16818216
	2604  -  MemoryUsage of job (MB)
	2665984  -  ResidentSetSize of job (KB)
...
006 (16798831.017.000) 2023-02-11 03:45:45 Image size of job updated: 65332196
	2626  -  MemoryUsage of job (MB)
	2688976  -  ResidentSetSize of job (KB)
...
006 (16798831.017.000) 2023-02-11 03:50:46 Image size of job updated: 90372876
	2659  -  MemoryUsage of job (MB)
	2721848  -  ResidentSetSize of job (KB)
...
040 (16798831.017.000) 2023-02-11 04:03:58 Started transferring output files
...
040 (16798831.017.000) 2023-02-11 04:03:58 Finished transferring output files
...
005 (16798831.017.000) 2023-02-11 04:03:58 Job terminated.
	(1) Normal termination (return value 0)
		Usr 0 01:20:28, Sys 0 00:00:47  -  Run Remote Usage
		Usr 0 00:00:00, Sys 0 00:00:00  -  Run Local Usage
		Usr 0 01:20:28, Sys 0 00:00:47  -  Total Remote Usage
		Usr 0 00:00:00, Sys 0 00:00:00  -  Total Local Usage
	206  -  Run Bytes Sent By Job
	4698  -  Run Bytes Received By Job
	206  -  Total Bytes Sent By Job
	4698  -  Total Bytes Received By Job
	Partitionable Resources :       Usage  Request Allocated Assigned
	   Cpus                 :        1.01        1         1 
	   Disk (KB)            : 25101373    52428800  55933365 
	   Gpus (Average)       : 85646708.47        1         1 "GPU-06c7cc42"
	   GpusMemory (MB)      :    81681                       
	   IoHeavy              :                              0 
	   Memory (MB)          :     2659       20480     20480 

	Job terminated of its own accord at 2023-02-11T10:03:58Z with exit-code 0.
...
