000 (16798831.015.000) 2023-02-10 18:30:21 Job submitted from host: <128.105.244.191:9618?addrs=128.105.244.191-9618&alias=submit-1.chtc.wisc.edu&noUDP&sock=schedd_6485_bfc3>
...
040 (16798831.015.000) 2023-02-11 02:06:06 Started transferring input files
	Transferring to host: <128.105.68.101:9618?addrs=128.105.68.101-9618+[2607-f388-2200-100-1270-fdff-fe73-97d6]-9618&alias=gpu2009.chtc.wisc.edu&noUDP&sock=slot1_3_1877356_e2af_5175>
...
040 (16798831.015.000) 2023-02-11 02:06:06 Finished transferring input files
...
001 (16798831.015.000) 2023-02-11 02:06:07 Job executing on host: <128.105.68.101:9618?addrs=128.105.68.101-9618+[2607-f388-2200-100-1270-fdff-fe73-97d6]-9618&alias=gpu2009.chtc.wisc.edu&noUDP&sock=startd_27480_92a2>
...
006 (16798831.015.000) 2023-02-11 02:06:16 Image size of job updated: 62112
	1  -  MemoryUsage of job (MB)
	880  -  ResidentSetSize of job (KB)
...
006 (16798831.015.000) 2023-02-11 02:11:17 Image size of job updated: 11391704
	2433  -  MemoryUsage of job (MB)
	2490412  -  ResidentSetSize of job (KB)
...
006 (16798831.015.000) 2023-02-11 02:16:18 Image size of job updated: 11434812
	2468  -  MemoryUsage of job (MB)
	2526408  -  ResidentSetSize of job (KB)
...
006 (16798831.015.000) 2023-02-11 02:21:18 Image size of job updated: 11468180
	2500  -  MemoryUsage of job (MB)
	2559888  -  ResidentSetSize of job (KB)
...
006 (16798831.015.000) 2023-02-11 02:26:19 Image size of job updated: 11493428
	2525  -  MemoryUsage of job (MB)
	2585100  -  ResidentSetSize of job (KB)
...
006 (16798831.015.000) 2023-02-11 02:31:19 Image size of job updated: 11514912
	2546  -  MemoryUsage of job (MB)
	2606620  -  ResidentSetSize of job (KB)
...
006 (16798831.015.000) 2023-02-11 02:38:16 Image size of job updated: 11599144
	2564  -  MemoryUsage of job (MB)
	2625204  -  ResidentSetSize of job (KB)
...
006 (16798831.015.000) 2023-02-11 02:44:07 Image size of job updated: 11811180
	2579  -  MemoryUsage of job (MB)
	2640632  -  ResidentSetSize of job (KB)
...
006 (16798831.015.000) 2023-02-11 02:49:08 Image size of job updated: 12476780
	2590  -  MemoryUsage of job (MB)
	2651248  -  ResidentSetSize of job (KB)
...
006 (16798831.015.000) 2023-02-11 02:54:08 Image size of job updated: 12612644
	2594  -  MemoryUsage of job (MB)
	2655788  -  ResidentSetSize of job (KB)
...
006 (16798831.015.000) 2023-02-11 02:59:09 Image size of job updated: 13409544
	2604  -  MemoryUsage of job (MB)
	2666132  -  ResidentSetSize of job (KB)
...
006 (16798831.015.000) 2023-02-11 03:04:09 Image size of job updated: 22721812
	2610  -  MemoryUsage of job (MB)
	2672288  -  ResidentSetSize of job (KB)
...
006 (16798831.015.000) 2023-02-11 03:09:10 Image size of job updated: 74382252
	2628  -  MemoryUsage of job (MB)
	2690360  -  ResidentSetSize of job (KB)
...
006 (16798831.015.000) 2023-02-11 03:14:10 Image size of job updated: 96559940
	2646  -  MemoryUsage of job (MB)
	2709168  -  ResidentSetSize of job (KB)
...
040 (16798831.015.000) 2023-02-11 03:28:25 Started transferring output files
...
040 (16798831.015.000) 2023-02-11 03:28:25 Finished transferring output files
...
005 (16798831.015.000) 2023-02-11 03:28:25 Job terminated.
	(1) Normal termination (return value 0)
		Usr 0 01:21:12, Sys 0 00:00:55  -  Run Remote Usage
		Usr 0 00:00:00, Sys 0 00:00:00  -  Run Local Usage
		Usr 0 01:21:12, Sys 0 00:00:55  -  Total Remote Usage
		Usr 0 00:00:00, Sys 0 00:00:00  -  Total Local Usage
	206  -  Run Bytes Sent By Job
	4698  -  Run Bytes Received By Job
	206  -  Total Bytes Sent By Job
	4698  -  Total Bytes Received By Job
	Partitionable Resources :       Usage  Request Allocated Assigned
	   Cpus                 :        1.01        1         1 
	   Disk (KB)            : 24637388    52428800  55919702 
	   Gpus (Average)       : 87341485.69        1         1 "GPU-ca0657f5"
	   GpusMemory (MB)      :    81493                       
	   IoHeavy              :                              0 
	   Memory (MB)          :     2646       20480     20480 

	Job terminated of its own accord at 2023-02-11T09:28:25Z with exit-code 0.
...
