000 (16798831.004.000) 2023-02-10 18:30:21 Job submitted from host: <128.105.244.191:9618?addrs=128.105.244.191-9618&alias=submit-1.chtc.wisc.edu&noUDP&sock=schedd_6485_bfc3>
...
040 (16798831.004.000) 2023-02-10 22:45:51 Started transferring input files
	Transferring to host: <128.105.68.101:9618?addrs=128.105.68.101-9618+[2607-f388-2200-100-1270-fdff-fe73-97d6]-9618&alias=gpu2009.chtc.wisc.edu&noUDP&sock=slot1_4_1877356_e2af_4779>
...
040 (16798831.004.000) 2023-02-10 22:45:51 Finished transferring input files
...
001 (16798831.004.000) 2023-02-10 22:45:52 Job executing on host: <128.105.68.101:9618?addrs=128.105.68.101-9618+[2607-f388-2200-100-1270-fdff-fe73-97d6]-9618&alias=gpu2009.chtc.wisc.edu&noUDP&sock=startd_27480_92a2>
...
006 (16798831.004.000) 2023-02-10 22:46:01 Image size of job updated: 62112
	1  -  MemoryUsage of job (MB)
	892  -  ResidentSetSize of job (KB)
...
006 (16798831.004.000) 2023-02-10 22:51:02 Image size of job updated: 11427488
	2460  -  MemoryUsage of job (MB)
	2518604  -  ResidentSetSize of job (KB)
...
006 (16798831.004.000) 2023-02-10 22:56:02 Image size of job updated: 11471428
	2503  -  MemoryUsage of job (MB)
	2562632  -  ResidentSetSize of job (KB)
...
006 (16798831.004.000) 2023-02-10 23:01:03 Image size of job updated: 11502372
	2533  -  MemoryUsage of job (MB)
	2593388  -  ResidentSetSize of job (KB)
...
006 (16798831.004.000) 2023-02-10 23:06:03 Image size of job updated: 11530088
	2560  -  MemoryUsage of job (MB)
	2621196  -  ResidentSetSize of job (KB)
...
006 (16798831.004.000) 2023-02-10 23:11:04 Image size of job updated: 11547388
	2577  -  MemoryUsage of job (MB)
	2638492  -  ResidentSetSize of job (KB)
...
006 (16798831.004.000) 2023-02-10 23:16:05 Image size of job updated: 11694048
	2592  -  MemoryUsage of job (MB)
	2653992  -  ResidentSetSize of job (KB)
...
006 (16798831.004.000) 2023-02-10 23:21:05 Image size of job updated: 11834584
	2602  -  MemoryUsage of job (MB)
	2663456  -  ResidentSetSize of job (KB)
...
006 (16798831.004.000) 2023-02-10 23:26:07 Image size of job updated: 12111480
	2616  -  MemoryUsage of job (MB)
	2678208  -  ResidentSetSize of job (KB)
...
006 (16798831.004.000) 2023-02-10 23:31:07 Image size of job updated: 12637664
	2618  -  MemoryUsage of job (MB)
	2680128  -  ResidentSetSize of job (KB)
...
006 (16798831.004.000) 2023-02-10 23:36:07 Image size of job updated: 12646108
	2626  -  MemoryUsage of job (MB)
	2688604  -  ResidentSetSize of job (KB)
...
006 (16798831.004.000) 2023-02-10 23:41:08 Image size of job updated: 13829440
	2630  -  MemoryUsage of job (MB)
	2692248  -  ResidentSetSize of job (KB)
...
006 (16798831.004.000) 2023-02-10 23:46:08 Image size of job updated: 27473428
	2642  -  MemoryUsage of job (MB)
	2704804  -  ResidentSetSize of job (KB)
...
006 (16798831.004.000) 2023-02-10 23:51:09 Image size of job updated: 90656568
	2667  -  MemoryUsage of job (MB)
	2729996  -  ResidentSetSize of job (KB)
...
040 (16798831.004.000) 2023-02-11 00:04:25 Started transferring output files
...
040 (16798831.004.000) 2023-02-11 00:04:25 Finished transferring output files
...
005 (16798831.004.000) 2023-02-11 00:04:25 Job terminated.
	(1) Normal termination (return value 0)
		Usr 0 01:17:37, Sys 0 00:00:44  -  Run Remote Usage
		Usr 0 00:00:00, Sys 0 00:00:00  -  Run Local Usage
		Usr 0 01:17:37, Sys 0 00:00:44  -  Total Remote Usage
		Usr 0 00:00:00, Sys 0 00:00:00  -  Total Local Usage
	206  -  Run Bytes Sent By Job
	4698  -  Run Bytes Received By Job
	206  -  Total Bytes Sent By Job
	4698  -  Total Bytes Received By Job
	Partitionable Resources :       Usage  Request Allocated Assigned
	   Cpus                 :        1.00        1         1 
	   Disk (KB)            : 25068117    52428800  55919702 
	   Gpus (Average)       : 85823991.44        1         1 "GPU-b856f6ff"
	   GpusMemory (MB)      :    81741                       
	   IoHeavy              :                              0 
	   Memory (MB)          :     2667       20480     20480 

	Job terminated of its own accord at 2023-02-11T06:04:25Z with exit-code 0.
...
