000 (16798831.006.000) 2023-02-10 18:30:21 Job submitted from host: <128.105.244.191:9618?addrs=128.105.244.191-9618&alias=submit-1.chtc.wisc.edu&noUDP&sock=schedd_6485_bfc3>
...
040 (16798831.006.000) 2023-02-11 00:04:25 Started transferring input files
	Transferring to host: <128.105.68.101:9618?addrs=128.105.68.101-9618+[2607-f388-2200-100-1270-fdff-fe73-97d6]-9618&alias=gpu2009.chtc.wisc.edu&noUDP&sock=slot1_4_1877356_e2af_4936>
...
040 (16798831.006.000) 2023-02-11 00:04:25 Finished transferring input files
...
001 (16798831.006.000) 2023-02-11 00:04:26 Job executing on host: <128.105.68.101:9618?addrs=128.105.68.101-9618+[2607-f388-2200-100-1270-fdff-fe73-97d6]-9618&alias=gpu2009.chtc.wisc.edu&noUDP&sock=startd_27480_92a2>
...
006 (16798831.006.000) 2023-02-11 00:04:35 Image size of job updated: 62140
	1  -  MemoryUsage of job (MB)
	892  -  ResidentSetSize of job (KB)
...
006 (16798831.006.000) 2023-02-11 00:09:36 Image size of job updated: 11424836
	2457  -  MemoryUsage of job (MB)
	2515936  -  ResidentSetSize of job (KB)
...
006 (16798831.006.000) 2023-02-11 00:14:37 Image size of job updated: 11468528
	2500  -  MemoryUsage of job (MB)
	2559680  -  ResidentSetSize of job (KB)
...
006 (16798831.006.000) 2023-02-11 00:19:37 Image size of job updated: 11499640
	2530  -  MemoryUsage of job (MB)
	2590692  -  ResidentSetSize of job (KB)
...
006 (16798831.006.000) 2023-02-11 00:24:38 Image size of job updated: 11524188
	2554  -  MemoryUsage of job (MB)
	2615240  -  ResidentSetSize of job (KB)
...
006 (16798831.006.000) 2023-02-11 00:29:38 Image size of job updated: 11545260
	2577  -  MemoryUsage of job (MB)
	2638472  -  ResidentSetSize of job (KB)
...
006 (16798831.006.000) 2023-02-11 00:34:39 Image size of job updated: 11694332
	2593  -  MemoryUsage of job (MB)
	2654312  -  ResidentSetSize of job (KB)
...
006 (16798831.006.000) 2023-02-11 00:39:39 Image size of job updated: 11835108
	2602  -  MemoryUsage of job (MB)
	2664016  -  ResidentSetSize of job (KB)
...
006 (16798831.006.000) 2023-02-11 00:44:40 Image size of job updated: 12239588
	2613  -  MemoryUsage of job (MB)
	2675364  -  ResidentSetSize of job (KB)
...
006 (16798831.006.000) 2023-02-11 00:49:40 Image size of job updated: 12635648
	2616  -  MemoryUsage of job (MB)
	2678192  -  ResidentSetSize of job (KB)
...
006 (16798831.006.000) 2023-02-11 00:54:42 Image size of job updated: 12643928
	2624  -  MemoryUsage of job (MB)
	2686552  -  ResidentSetSize of job (KB)
...
006 (16798831.006.000) 2023-02-11 00:59:42 Image size of job updated: 14093484
	2632  -  MemoryUsage of job (MB)
	2694168  -  ResidentSetSize of job (KB)
...
006 (16798831.006.000) 2023-02-11 01:04:43 Image size of job updated: 29430236
	2633  -  MemoryUsage of job (MB)
	2695600  -  ResidentSetSize of job (KB)
...
006 (16798831.006.000) 2023-02-11 01:09:43 Image size of job updated: 97002172
	2662  -  MemoryUsage of job (MB)
	2725296  -  ResidentSetSize of job (KB)
...
040 (16798831.006.000) 2023-02-11 01:23:09 Started transferring output files
...
040 (16798831.006.000) 2023-02-11 01:23:09 Finished transferring output files
...
005 (16798831.006.000) 2023-02-11 01:23:09 Job terminated.
	(1) Normal termination (return value 0)
		Usr 0 01:17:47, Sys 0 00:00:46  -  Run Remote Usage
		Usr 0 00:00:00, Sys 0 00:00:00  -  Run Local Usage
		Usr 0 01:17:47, Sys 0 00:00:46  -  Total Remote Usage
		Usr 0 00:00:00, Sys 0 00:00:00  -  Total Local Usage
	206  -  Run Bytes Sent By Job
	4698  -  Run Bytes Received By Job
	206  -  Total Bytes Sent By Job
	4698  -  Total Bytes Received By Job
	Partitionable Resources :       Usage  Request Allocated Assigned
	   Cpus                 :        1.01        1         1 
	   Disk (KB)            : 25034503    52428800  55919702 
	   Gpus (Average)       : 85191182.34        1         1 "GPU-b856f6ff"
	   GpusMemory (MB)      :    81681                       
	   IoHeavy              :                              0 
	   Memory (MB)          :     2662       20480     20480 

	Job terminated of its own accord at 2023-02-11T07:23:09Z with exit-code 0.
...
