000 (16812255.014.000) 2023-03-13 11:56:31 Job submitted from host: <128.105.244.191:9618?addrs=128.105.244.191-9618&alias=submit-1.chtc.wisc.edu&noUDP&sock=schedd_6485_bfc3>
...
040 (16812255.014.000) 2023-03-13 15:53:15 Started transferring input files
	Transferring to host: <128.105.68.97:9618?addrs=128.105.68.97-9618+[2607-f388-2200-100-ac0-ebff-fe99-a130]-9618&alias=gpu2005.chtc.wisc.edu&noUDP&sock=slot1_3_356317_4f73_86004>
...
040 (16812255.014.000) 2023-03-13 15:53:15 Finished transferring input files
...
001 (16812255.014.000) 2023-03-13 15:53:16 Job executing on host: <128.105.68.97:9618?addrs=128.105.68.97-9618+[2607-f388-2200-100-ac0-ebff-fe99-a130]-9618&alias=gpu2005.chtc.wisc.edu&noUDP&sock=startd_11626_0c26>
...
006 (16812255.014.000) 2023-03-13 15:53:24 Image size of job updated: 868
	1  -  MemoryUsage of job (MB)
	676  -  ResidentSetSize of job (KB)
...
006 (16812255.014.000) 2023-03-13 15:58:24 Image size of job updated: 11246104
	2465  -  MemoryUsage of job (MB)
	2523848  -  ResidentSetSize of job (KB)
...
006 (16812255.014.000) 2023-03-13 16:03:25 Image size of job updated: 11246104
	2465  -  MemoryUsage of job (MB)
	2523904  -  ResidentSetSize of job (KB)
...
006 (16812255.014.000) 2023-03-13 16:08:25 Image size of job updated: 11246104
	2465  -  MemoryUsage of job (MB)
	2523908  -  ResidentSetSize of job (KB)
...
006 (16812255.014.000) 2023-03-13 16:53:30 Image size of job updated: 11249284
	2468  -  MemoryUsage of job (MB)
	2527040  -  ResidentSetSize of job (KB)
...
006 (16812255.014.000) 2023-03-13 17:33:33 Image size of job updated: 11249284
	2468  -  MemoryUsage of job (MB)
	2527048  -  ResidentSetSize of job (KB)
...
006 (16812255.014.000) 2023-03-13 17:48:35 Image size of job updated: 11282052
	2468  -  MemoryUsage of job (MB)
	2527048  -  ResidentSetSize of job (KB)
...
006 (16812255.014.000) 2023-03-13 17:53:35 Image size of job updated: 11347588
	2468  -  MemoryUsage of job (MB)
	2527048  -  ResidentSetSize of job (KB)
...
006 (16812255.014.000) 2023-03-13 18:03:35 Image size of job updated: 11478660
	2468  -  MemoryUsage of job (MB)
	2527048  -  ResidentSetSize of job (KB)
...
006 (16812255.014.000) 2023-03-13 18:08:36 Image size of job updated: 11544196
	2468  -  MemoryUsage of job (MB)
	2527048  -  ResidentSetSize of job (KB)
...
006 (16812255.014.000) 2023-03-13 18:13:37 Image size of job updated: 11806340
	2468  -  MemoryUsage of job (MB)
	2527048  -  ResidentSetSize of job (KB)
...
006 (16812255.014.000) 2023-03-13 18:18:38 Image size of job updated: 12330628
	2468  -  MemoryUsage of job (MB)
	2527048  -  ResidentSetSize of job (KB)
...
006 (16812255.014.000) 2023-03-13 18:28:41 Image size of job updated: 13117060
	2468  -  MemoryUsage of job (MB)
	2527048  -  ResidentSetSize of job (KB)
...
006 (16812255.014.000) 2023-03-13 18:33:41 Image size of job updated: 20065660
	2470  -  MemoryUsage of job (MB)
	2528832  -  ResidentSetSize of job (KB)
...
006 (16812255.014.000) 2023-03-13 18:38:42 Image size of job updated: 35859836
	2470  -  MemoryUsage of job (MB)
	2528832  -  ResidentSetSize of job (KB)
...
006 (16812255.014.000) 2023-03-13 18:43:42 Image size of job updated: 95825276
	2475  -  MemoryUsage of job (MB)
	2533824  -  ResidentSetSize of job (KB)
...
006 (16812255.014.000) 2023-03-13 18:48:43 Image size of job updated: 95825276
	2480  -  MemoryUsage of job (MB)
	2539248  -  ResidentSetSize of job (KB)
...
006 (16812255.014.000) 2023-03-13 18:53:35 Image size of job updated: 102619348
	2480  -  MemoryUsage of job (MB)
	2539248  -  ResidentSetSize of job (KB)
...
040 (16812255.014.000) 2023-03-13 18:53:35 Started transferring output files
...
040 (16812255.014.000) 2023-03-13 18:53:35 Finished transferring output files
...
005 (16812255.014.000) 2023-03-13 18:53:35 Job terminated.
	(1) Normal termination (return value 0)
		Usr 0 02:57:52, Sys 0 00:01:43  -  Run Remote Usage
		Usr 0 00:00:00, Sys 0 00:00:00  -  Run Local Usage
		Usr 0 02:57:52, Sys 0 00:01:43  -  Total Remote Usage
		Usr 0 00:00:00, Sys 0 00:00:00  -  Total Local Usage
	1191  -  Run Bytes Sent By Job
	762  -  Run Bytes Received By Job
	1191  -  Total Bytes Sent By Job
	762  -  Total Bytes Received By Job
	Partitionable Resources :       Usage  Request Allocated Assigned
	   Cpus                 :        1.01        1         1 
	   Disk (KB)            : 13193397    52428800  55933365 
	   Gpus (Average)       :                    1         1 "GPU-06c7cc42"
	   IoHeavy              :                              0 
	   Memory (MB)          :     2480       20480     20480 

	Job terminated of its own accord at 2023-03-13T23:53:35Z with exit-code 0.
...
