000 (16812255.000.000) 2023-03-13 11:56:31 Job submitted from host: <128.105.244.191:9618?addrs=128.105.244.191-9618&alias=submit-1.chtc.wisc.edu&noUDP&sock=schedd_6485_bfc3>
...
040 (16812255.000.000) 2023-03-13 12:19:38 Started transferring input files
	Transferring to host: <128.105.68.102:9618?addrs=128.105.68.102-9618+[2607-f388-2200-100-1270-fdff-fe74-920]-9618&alias=gpu2010.chtc.wisc.edu&noUDP&sock=slot1_2_14196_1dba_93966>
...
040 (16812255.000.000) 2023-03-13 12:19:38 Finished transferring input files
...
001 (16812255.000.000) 2023-03-13 12:19:39 Job executing on host: <128.105.68.102:9618?addrs=128.105.68.102-9618+[2607-f388-2200-100-1270-fdff-fe74-920]-9618&alias=gpu2010.chtc.wisc.edu&noUDP&sock=startd_11730_6200>
...
006 (16812255.000.000) 2023-03-13 12:19:48 Image size of job updated: 38908
	1  -  MemoryUsage of job (MB)
	680  -  ResidentSetSize of job (KB)
...
006 (16812255.000.000) 2023-03-13 12:24:49 Image size of job updated: 11275208
	2496  -  MemoryUsage of job (MB)
	2555476  -  ResidentSetSize of job (KB)
...
006 (16812255.000.000) 2023-03-13 12:34:50 Image size of job updated: 11278388
	2499  -  MemoryUsage of job (MB)
	2558616  -  ResidentSetSize of job (KB)
...
006 (16812255.000.000) 2023-03-13 12:44:52 Image size of job updated: 11278388
	2499  -  MemoryUsage of job (MB)
	2558628  -  ResidentSetSize of job (KB)
...
006 (16812255.000.000) 2023-03-13 12:49:53 Image size of job updated: 11376692
	2499  -  MemoryUsage of job (MB)
	2558628  -  ResidentSetSize of job (KB)
...
006 (16812255.000.000) 2023-03-13 12:54:53 Image size of job updated: 11507764
	2499  -  MemoryUsage of job (MB)
	2558628  -  ResidentSetSize of job (KB)
...
006 (16812255.000.000) 2023-03-13 12:59:54 Image size of job updated: 11573300
	2499  -  MemoryUsage of job (MB)
	2558628  -  ResidentSetSize of job (KB)
...
006 (16812255.000.000) 2023-03-13 13:04:54 Image size of job updated: 11966516
	2499  -  MemoryUsage of job (MB)
	2558628  -  ResidentSetSize of job (KB)
...
006 (16812255.000.000) 2023-03-13 13:09:55 Image size of job updated: 12359732
	2499  -  MemoryUsage of job (MB)
	2558628  -  ResidentSetSize of job (KB)
...
006 (16812255.000.000) 2023-03-13 13:19:57 Image size of job updated: 13541164
	2501  -  MemoryUsage of job (MB)
	2560412  -  ResidentSetSize of job (KB)
...
006 (16812255.000.000) 2023-03-13 13:24:58 Image size of job updated: 22781740
	2501  -  MemoryUsage of job (MB)
	2560412  -  ResidentSetSize of job (KB)
...
006 (16812255.000.000) 2023-03-13 13:29:59 Image size of job updated: 90087212
	2506  -  MemoryUsage of job (MB)
	2565564  -  ResidentSetSize of job (KB)
...
006 (16812255.000.000) 2023-03-13 13:34:59 Image size of job updated: 94488340
	4526  -  MemoryUsage of job (MB)
	4634616  -  ResidentSetSize of job (KB)
...
006 (16812255.000.000) 2023-03-13 13:36:50 Image size of job updated: 94488340
	4530  -  MemoryUsage of job (MB)
	4638200  -  ResidentSetSize of job (KB)
...
040 (16812255.000.000) 2023-03-13 13:36:50 Started transferring output files
...
040 (16812255.000.000) 2023-03-13 13:36:50 Finished transferring output files
...
005 (16812255.000.000) 2023-03-13 13:36:50 Job terminated.
	(1) Normal termination (return value 0)
		Usr 0 01:13:32, Sys 0 00:01:07  -  Run Remote Usage
		Usr 0 00:00:00, Sys 0 00:00:00  -  Run Local Usage
		Usr 0 01:13:32, Sys 0 00:01:07  -  Total Remote Usage
		Usr 0 00:00:00, Sys 0 00:00:00  -  Total Local Usage
	1285  -  Run Bytes Sent By Job
	762  -  Run Bytes Received By Job
	1285  -  Total Bytes Sent By Job
	762  -  Total Bytes Received By Job
	Partitionable Resources :       Usage  Request Allocated Assigned
	   Cpus                 :        0.99        1         1 
	   Disk (KB)            : 13295053    52428800  55937280 
	   Gpus (Average)       :                    1         1 "GPU-0b3215b2"
	   IoHeavy              :                              0 
	   Memory (MB)          :     4530       20480     20480 

	Job terminated of its own accord at 2023-03-13T18:36:50Z with exit-code 0.
...
