000 (16812255.008.000) 2023-03-13 11:56:31 Job submitted from host: <128.105.244.191:9618?addrs=128.105.244.191-9618&alias=submit-1.chtc.wisc.edu&noUDP&sock=schedd_6485_bfc3>
...
040 (16812255.008.000) 2023-03-13 15:31:59 Started transferring input files
	Transferring to host: <128.105.68.95:9618?addrs=128.105.68.95-9618+[2607-f388-2200-100-1270-fdff-fe74-d18]-9618&alias=gpu2003.chtc.wisc.edu&noUDP&sock=slot1_2_19324_418b_17328>
...
040 (16812255.008.000) 2023-03-13 15:31:59 Finished transferring input files
...
001 (16812255.008.000) 2023-03-13 15:32:00 Job executing on host: <128.105.68.95:9618?addrs=128.105.68.95-9618+[2607-f388-2200-100-1270-fdff-fe74-d18]-9618&alias=gpu2003.chtc.wisc.edu&noUDP&sock=startd_19080_df18>
...
006 (16812255.008.000) 2023-03-13 15:32:08 Image size of job updated: 680
	1  -  MemoryUsage of job (MB)
	680  -  ResidentSetSize of job (KB)
...
006 (16812255.008.000) 2023-03-13 15:37:08 Image size of job updated: 12296604
	2832  -  MemoryUsage of job (MB)
	2899380  -  ResidentSetSize of job (KB)
...
006 (16812255.008.000) 2023-03-13 15:57:10 Image size of job updated: 12299740
	2835  -  MemoryUsage of job (MB)
	2902512  -  ResidentSetSize of job (KB)
...
006 (16812255.008.000) 2023-03-13 16:22:10 Image size of job updated: 12299740
	2835  -  MemoryUsage of job (MB)
	2902524  -  ResidentSetSize of job (KB)
...
006 (16812255.008.000) 2023-03-13 16:37:13 Image size of job updated: 12398044
	2835  -  MemoryUsage of job (MB)
	2902524  -  ResidentSetSize of job (KB)
...
006 (16812255.008.000) 2023-03-13 16:52:13 Image size of job updated: 12594652
	2835  -  MemoryUsage of job (MB)
	2902524  -  ResidentSetSize of job (KB)
...
006 (16812255.008.000) 2023-03-13 17:07:16 Image size of job updated: 12660188
	2835  -  MemoryUsage of job (MB)
	2902524  -  ResidentSetSize of job (KB)
...
006 (16812255.008.000) 2023-03-13 17:12:17 Image size of job updated: 12856796
	2835  -  MemoryUsage of job (MB)
	2902524  -  ResidentSetSize of job (KB)
...
006 (16812255.008.000) 2023-03-13 17:17:18 Image size of job updated: 13251264
	2836  -  MemoryUsage of job (MB)
	2903776  -  ResidentSetSize of job (KB)
...
006 (16812255.008.000) 2023-03-13 17:22:19 Image size of job updated: 13382336
	2836  -  MemoryUsage of job (MB)
	2903776  -  ResidentSetSize of job (KB)
...
006 (16812255.008.000) 2023-03-13 17:32:20 Image size of job updated: 13387456
	2841  -  MemoryUsage of job (MB)
	2908896  -  ResidentSetSize of job (KB)
...
006 (16812255.008.000) 2023-03-13 17:42:21 Image size of job updated: 13518528
	2841  -  MemoryUsage of job (MB)
	2908896  -  ResidentSetSize of job (KB)
...
006 (16812255.008.000) 2023-03-13 17:47:22 Image size of job updated: 14042816
	2841  -  MemoryUsage of job (MB)
	2908896  -  ResidentSetSize of job (KB)
...
006 (16812255.008.000) 2023-03-13 17:52:22 Image size of job updated: 15025856
	2841  -  MemoryUsage of job (MB)
	2908896  -  ResidentSetSize of job (KB)
...
006 (16812255.008.000) 2023-03-13 17:57:23 Image size of job updated: 17778368
	2841  -  MemoryUsage of job (MB)
	2908896  -  ResidentSetSize of job (KB)
...
006 (16812255.008.000) 2023-03-13 18:02:23 Image size of job updated: 24135360
	2841  -  MemoryUsage of job (MB)
	2908896  -  ResidentSetSize of job (KB)
...
006 (16812255.008.000) 2023-03-13 18:07:23 Image size of job updated: 46286528
	2841  -  MemoryUsage of job (MB)
	2908896  -  ResidentSetSize of job (KB)
...
006 (16812255.008.000) 2023-03-13 18:12:24 Image size of job updated: 69355200
	2841  -  MemoryUsage of job (MB)
	2908896  -  ResidentSetSize of job (KB)
...
006 (16812255.008.000) 2023-03-13 18:17:25 Image size of job updated: 73221824
	2841  -  MemoryUsage of job (MB)
	2908896  -  ResidentSetSize of job (KB)
...
006 (16812255.008.000) 2023-03-13 18:22:26 Image size of job updated: 73221824
	4171  -  MemoryUsage of job (MB)
	4270636  -  ResidentSetSize of job (KB)
...
006 (16812255.008.000) 2023-03-13 18:25:59 Image size of job updated: 73221824
	4193  -  MemoryUsage of job (MB)
	4293452  -  ResidentSetSize of job (KB)
...
040 (16812255.008.000) 2023-03-13 18:25:59 Started transferring output files
...
040 (16812255.008.000) 2023-03-13 18:25:59 Finished transferring output files
...
005 (16812255.008.000) 2023-03-13 18:25:59 Job terminated.
	(1) Normal termination (return value 0)
		Usr 0 02:49:35, Sys 0 00:01:41  -  Run Remote Usage
		Usr 0 00:00:00, Sys 0 00:00:00  -  Run Local Usage
		Usr 0 02:49:35, Sys 0 00:01:41  -  Total Remote Usage
		Usr 0 00:00:00, Sys 0 00:00:00  -  Total Local Usage
	1564  -  Run Bytes Sent By Job
	762  -  Run Bytes Received By Job
	1564  -  Total Bytes Sent By Job
	762  -  Total Bytes Received By Job
	Partitionable Resources :       Usage  Request Allocated Assigned
	   Cpus                 :        1.01        1         1 
	   Disk (KB)            : 13290415    52428800  55926686 
	   Gpus (Average)       :                    1         1 "GPU-ba51ee5c"
	   IoHeavy              :                              0 
	   Memory (MB)          :     4193       20480     20480 

	Job terminated of its own accord at 2023-03-13T23:25:59Z with exit-code 0.
...
