000 (16812255.019.000) 2023-03-13 11:56:31 Job submitted from host: <128.105.244.191:9618?addrs=128.105.244.191-9618&alias=submit-1.chtc.wisc.edu&noUDP&sock=schedd_6485_bfc3>
...
040 (16812255.019.000) 2023-03-13 16:28:58 Started transferring input files
	Transferring to host: <128.105.68.103:9618?addrs=128.105.68.103-9618+[2607-f388-2200-100-1270-fdff-fe74-930]-9618&alias=gpu2011.chtc.wisc.edu&noUDP&sock=slot1_1_158545_0b88_80130>
...
040 (16812255.019.000) 2023-03-13 16:28:58 Finished transferring input files
...
001 (16812255.019.000) 2023-03-13 16:29:00 Job executing on host: <128.105.68.103:9618?addrs=128.105.68.103-9618+[2607-f388-2200-100-1270-fdff-fe74-930]-9618&alias=gpu2011.chtc.wisc.edu&noUDP&sock=startd_158342_0528>
...
006 (16812255.019.000) 2023-03-13 16:29:08 Image size of job updated: 896
	1  -  MemoryUsage of job (MB)
	896  -  ResidentSetSize of job (KB)
...
006 (16812255.019.000) 2023-03-13 16:34:08 Image size of job updated: 10775612
	2010  -  MemoryUsage of job (MB)
	2057876  -  ResidentSetSize of job (KB)
...
006 (16812255.019.000) 2023-03-13 16:39:08 Image size of job updated: 11856956
	2010  -  MemoryUsage of job (MB)
	2057876  -  ResidentSetSize of job (KB)
...
006 (16812255.019.000) 2023-03-13 16:41:58 Image size of job updated: 64383844
	2010  -  MemoryUsage of job (MB)
	2057876  -  ResidentSetSize of job (KB)
...
040 (16812255.019.000) 2023-03-13 16:41:58 Started transferring output files
...
040 (16812255.019.000) 2023-03-13 16:41:58 Finished transferring output files
...
005 (16812255.019.000) 2023-03-13 16:41:58 Job terminated.
	(1) Normal termination (return value 0)
		Usr 0 00:12:43, Sys 0 00:00:19  -  Run Remote Usage
		Usr 0 00:00:00, Sys 0 00:00:00  -  Run Local Usage
		Usr 0 00:12:43, Sys 0 00:00:19  -  Total Remote Usage
		Usr 0 00:00:00, Sys 0 00:00:00  -  Total Local Usage
	1187  -  Run Bytes Sent By Job
	762  -  Run Bytes Received By Job
	1187  -  Total Bytes Sent By Job
	762  -  Total Bytes Received By Job
	Partitionable Resources :       Usage  Request Allocated Assigned
	   Cpus                 :        1.00        1         1 
	   Disk (KB)            : 10213534    52428800  60670278 
	   Gpus (Average)       :                    1         1 "GPU-ab7faecb"
	   IoHeavy              :                              0 
	   Memory (MB)          :     2010       20480     20480 

	Job terminated of its own accord at 2023-03-13T21:41:58Z with exit-code 0.
...
