000 (16812255.015.000) 2023-03-13 11:56:31 Job submitted from host: <128.105.244.191:9618?addrs=128.105.244.191-9618&alias=submit-1.chtc.wisc.edu&noUDP&sock=schedd_6485_bfc3>
...
040 (16812255.015.000) 2023-03-13 16:01:59 Started transferring input files
	Transferring to host: <128.105.68.101:9618?addrs=128.105.68.101-9618+[2607-f388-2200-100-1270-fdff-fe73-97d6]-9618&alias=gpu2009.chtc.wisc.edu&noUDP&sock=slot1_2_1877356_e2af_91900>
...
040 (16812255.015.000) 2023-03-13 16:01:59 Finished transferring input files
...
001 (16812255.015.000) 2023-03-13 16:02:00 Job executing on host: <128.105.68.101:9618?addrs=128.105.68.101-9618+[2607-f388-2200-100-1270-fdff-fe73-97d6]-9618&alias=gpu2009.chtc.wisc.edu&noUDP&sock=startd_27480_92a2>
...
006 (16812255.015.000) 2023-03-13 16:02:09 Image size of job updated: 38908
	1  -  MemoryUsage of job (MB)
	684  -  ResidentSetSize of job (KB)
...
006 (16812255.015.000) 2023-03-13 16:07:10 Image size of job updated: 11241964
	2461  -  MemoryUsage of job (MB)
	2519240  -  ResidentSetSize of job (KB)
...
006 (16812255.015.000) 2023-03-13 16:17:11 Image size of job updated: 11245144
	2464  -  MemoryUsage of job (MB)
	2522372  -  ResidentSetSize of job (KB)
...
006 (16812255.015.000) 2023-03-13 16:27:13 Image size of job updated: 11245144
	2464  -  MemoryUsage of job (MB)
	2522384  -  ResidentSetSize of job (KB)
...
006 (16812255.015.000) 2023-03-13 16:32:14 Image size of job updated: 11343448
	2464  -  MemoryUsage of job (MB)
	2522384  -  ResidentSetSize of job (KB)
...
006 (16812255.015.000) 2023-03-13 16:37:14 Image size of job updated: 11540056
	2464  -  MemoryUsage of job (MB)
	2522384  -  ResidentSetSize of job (KB)
...
006 (16812255.015.000) 2023-03-13 16:47:14 Image size of job updated: 12064344
	2464  -  MemoryUsage of job (MB)
	2522384  -  ResidentSetSize of job (KB)
...
006 (16812255.015.000) 2023-03-13 16:52:15 Image size of job updated: 12326488
	2464  -  MemoryUsage of job (MB)
	2522384  -  ResidentSetSize of job (KB)
...
006 (16812255.015.000) 2023-03-13 16:57:16 Image size of job updated: 12719704
	2464  -  MemoryUsage of job (MB)
	2522384  -  ResidentSetSize of job (KB)
...
006 (16812255.015.000) 2023-03-13 17:02:17 Image size of job updated: 17962584
	2464  -  MemoryUsage of job (MB)
	2522384  -  ResidentSetSize of job (KB)
...
006 (16812255.015.000) 2023-03-13 17:07:18 Image size of job updated: 46801744
	2467  -  MemoryUsage of job (MB)
	2525768  -  ResidentSetSize of job (KB)
...
006 (16812255.015.000) 2023-03-13 17:12:18 Image size of job updated: 95823596
	2470  -  MemoryUsage of job (MB)
	2528428  -  ResidentSetSize of job (KB)
...
006 (16812255.015.000) 2023-03-13 17:17:18 Image size of job updated: 107048472
	4161  -  MemoryUsage of job (MB)
	4259960  -  ResidentSetSize of job (KB)
...
006 (16812255.015.000) 2023-03-13 17:20:17 Image size of job updated: 109375552
	4169  -  MemoryUsage of job (MB)
	4268792  -  ResidentSetSize of job (KB)
...
040 (16812255.015.000) 2023-03-13 17:20:17 Started transferring output files
...
040 (16812255.015.000) 2023-03-13 17:20:17 Finished transferring output files
...
005 (16812255.015.000) 2023-03-13 17:20:17 Job terminated.
	(1) Normal termination (return value 0)
		Usr 0 01:15:27, Sys 0 00:01:20  -  Run Remote Usage
		Usr 0 00:00:00, Sys 0 00:00:00  -  Run Local Usage
		Usr 0 01:15:27, Sys 0 00:01:20  -  Total Remote Usage
		Usr 0 00:00:00, Sys 0 00:00:00  -  Total Local Usage
	1191  -  Run Bytes Sent By Job
	762  -  Run Bytes Received By Job
	1191  -  Total Bytes Sent By Job
	762  -  Total Bytes Received By Job
	Partitionable Resources :       Usage  Request Allocated Assigned
	   Cpus                 :        0.99        1         1 
	   Disk (KB)            : 13170054    52428800  55919702 
	   Gpus (Average)       :                    1         1 "GPU-ca0657f5"
	   IoHeavy              :                              0 
	   Memory (MB)          :     4169       20480     20480 

	Job terminated of its own accord at 2023-03-13T22:20:17Z with exit-code 0.
...
