000 (16812255.006.000) 2023-03-13 11:56:31 Job submitted from host: <128.105.244.191:9618?addrs=128.105.244.191-9618&alias=submit-1.chtc.wisc.edu&noUDP&sock=schedd_6485_bfc3>
...
040 (16812255.006.000) 2023-03-13 14:56:02 Started transferring input files
	Transferring to host: <128.105.68.99:9618?addrs=128.105.68.99-9618+[2607-f388-2200-100-1270-fdff-fe74-d08]-9618&alias=gpu2007.chtc.wisc.edu&noUDP&sock=slot1_3_245698_37c0_84394>
...
040 (16812255.006.000) 2023-03-13 14:56:02 Finished transferring input files
...
001 (16812255.006.000) 2023-03-13 14:56:03 Job executing on host: <128.105.68.99:9618?addrs=128.105.68.99-9618+[2607-f388-2200-100-1270-fdff-fe74-d08]-9618&alias=gpu2007.chtc.wisc.edu&noUDP&sock=startd_12388_b751>
...
006 (16812255.006.000) 2023-03-13 14:56:11 Image size of job updated: 38908
	1  -  MemoryUsage of job (MB)
	676  -  ResidentSetSize of job (KB)
...
006 (16812255.006.000) 2023-03-13 15:01:11 Image size of job updated: 11273096
	2492  -  MemoryUsage of job (MB)
	2550988  -  ResidentSetSize of job (KB)
...
006 (16812255.006.000) 2023-03-13 15:06:12 Image size of job updated: 11273096
	2492  -  MemoryUsage of job (MB)
	2551016  -  ResidentSetSize of job (KB)
...
006 (16812255.006.000) 2023-03-13 15:31:13 Image size of job updated: 11275652
	2495  -  MemoryUsage of job (MB)
	2554156  -  ResidentSetSize of job (KB)
...
006 (16812255.006.000) 2023-03-13 15:51:13 Image size of job updated: 11275652
	2495  -  MemoryUsage of job (MB)
	2554164  -  ResidentSetSize of job (KB)
...
006 (16812255.006.000) 2023-03-13 15:56:13 Image size of job updated: 11308420
	2495  -  MemoryUsage of job (MB)
	2554164  -  ResidentSetSize of job (KB)
...
006 (16812255.006.000) 2023-03-13 16:01:14 Image size of job updated: 11373956
	2495  -  MemoryUsage of job (MB)
	2554164  -  ResidentSetSize of job (KB)
...
006 (16812255.006.000) 2023-03-13 16:06:14 Image size of job updated: 11505028
	2495  -  MemoryUsage of job (MB)
	2554164  -  ResidentSetSize of job (KB)
...
006 (16812255.006.000) 2023-03-13 16:11:15 Image size of job updated: 11570564
	2495  -  MemoryUsage of job (MB)
	2554164  -  ResidentSetSize of job (KB)
...
006 (16812255.006.000) 2023-03-13 16:21:16 Image size of job updated: 11636100
	2495  -  MemoryUsage of job (MB)
	2554164  -  ResidentSetSize of job (KB)
...
006 (16812255.006.000) 2023-03-13 16:26:16 Image size of job updated: 11832708
	2495  -  MemoryUsage of job (MB)
	2554164  -  ResidentSetSize of job (KB)
...
006 (16812255.006.000) 2023-03-13 16:31:17 Image size of job updated: 12225924
	2495  -  MemoryUsage of job (MB)
	2554164  -  ResidentSetSize of job (KB)
...
006 (16812255.006.000) 2023-03-13 16:36:18 Image size of job updated: 12356996
	2495  -  MemoryUsage of job (MB)
	2554164  -  ResidentSetSize of job (KB)
...
006 (16812255.006.000) 2023-03-13 16:46:19 Image size of job updated: 12881284
	2495  -  MemoryUsage of job (MB)
	2554164  -  ResidentSetSize of job (KB)
...
006 (16812255.006.000) 2023-03-13 16:51:19 Image size of job updated: 16944516
	2495  -  MemoryUsage of job (MB)
	2554164  -  ResidentSetSize of job (KB)
...
006 (16812255.006.000) 2023-03-13 16:56:20 Image size of job updated: 48401796
	2495  -  MemoryUsage of job (MB)
	2554164  -  ResidentSetSize of job (KB)
...
006 (16812255.006.000) 2023-03-13 17:01:21 Image size of job updated: 88744104
	2504  -  MemoryUsage of job (MB)
	2563676  -  ResidentSetSize of job (KB)
...
006 (16812255.006.000) 2023-03-13 17:05:59 Image size of job updated: 88744104
	2504  -  MemoryUsage of job (MB)
	2563820  -  ResidentSetSize of job (KB)
...
040 (16812255.006.000) 2023-03-13 17:06:02 Started transferring output files
...
040 (16812255.006.000) 2023-03-13 17:06:03 Finished transferring output files
...
005 (16812255.006.000) 2023-03-13 17:06:04 Job terminated.
	(1) Normal termination (return value 0)
		Usr 0 02:06:53, Sys 0 00:01:16  -  Run Remote Usage
		Usr 0 00:00:00, Sys 0 00:00:00  -  Run Local Usage
		Usr 0 02:06:53, Sys 0 00:01:16  -  Total Remote Usage
		Usr 0 00:00:00, Sys 0 00:00:00  -  Total Local Usage
	1191  -  Run Bytes Sent By Job
	762  -  Run Bytes Received By Job
	1191  -  Total Bytes Sent By Job
	762  -  Total Bytes Received By Job
	Partitionable Resources :       Usage  Request Allocated Assigned
	   Cpus                 :        0.99        1         1 
	   Disk (KB)            : 13284699    52428800  60630406 
	   Gpus (Average)       :                    1         1 "GPU-c88dc69f"
	   IoHeavy              :                              0 
	   Memory (MB)          :     2504       20480     20480 

	Job terminated of its own accord at 2023-03-13T22:05:59Z with exit-code 0.
...
