000 (16814065.000.000) 2023-03-14 16:43:44 Job submitted from host: <128.105.244.191:9618?addrs=128.105.244.191-9618&alias=submit-1.chtc.wisc.edu&noUDP&sock=schedd_6485_bfc3>
...
040 (16814065.000.000) 2023-03-14 18:21:58 Started transferring input files
	Transferring to host: <128.105.68.97:9618?addrs=128.105.68.97-9618+[2607-f388-2200-100-ac0-ebff-fe99-a130]-9618&alias=gpu2005.chtc.wisc.edu&noUDP&sock=slot1_2_356317_4f73_89126>
...
040 (16814065.000.000) 2023-03-14 18:21:58 Finished transferring input files
...
001 (16814065.000.000) 2023-03-14 18:21:59 Job executing on host: <128.105.68.97:9618?addrs=128.105.68.97-9618+[2607-f388-2200-100-ac0-ebff-fe99-a130]-9618&alias=gpu2005.chtc.wisc.edu&noUDP&sock=startd_11626_0c26>
...
006 (16814065.000.000) 2023-03-14 18:22:07 Image size of job updated: 38908
	1  -  MemoryUsage of job (MB)
	668  -  ResidentSetSize of job (KB)
...
006 (16814065.000.000) 2023-03-14 18:27:07 Image size of job updated: 10888076
	2311  -  MemoryUsage of job (MB)
	2366416  -  ResidentSetSize of job (KB)
...
006 (16814065.000.000) 2023-03-14 18:37:10 Image size of job updated: 10891256
	2315  -  MemoryUsage of job (MB)
	2369568  -  ResidentSetSize of job (KB)
...
006 (16814065.000.000) 2023-03-14 18:42:11 Image size of job updated: 10891256
	2315  -  MemoryUsage of job (MB)
	2369576  -  ResidentSetSize of job (KB)
...
006 (16814065.000.000) 2023-03-14 18:52:12 Image size of job updated: 10989560
	2315  -  MemoryUsage of job (MB)
	2369576  -  ResidentSetSize of job (KB)
...
006 (16814065.000.000) 2023-03-14 18:57:13 Image size of job updated: 11186168
	2315  -  MemoryUsage of job (MB)
	2369576  -  ResidentSetSize of job (KB)
...
006 (16814065.000.000) 2023-03-14 19:07:14 Image size of job updated: 11841528
	2315  -  MemoryUsage of job (MB)
	2369576  -  ResidentSetSize of job (KB)
...
006 (16814065.000.000) 2023-03-14 19:12:14 Image size of job updated: 11975348
	2317  -  MemoryUsage of job (MB)
	2372372  -  ResidentSetSize of job (KB)
...
006 (16814065.000.000) 2023-03-14 19:17:14 Image size of job updated: 12106420
	2317  -  MemoryUsage of job (MB)
	2372372  -  ResidentSetSize of job (KB)
...
006 (16814065.000.000) 2023-03-14 19:24:23 Image size of job updated: 14797352
	2321  -  MemoryUsage of job (MB)
	2376280  -  ResidentSetSize of job (KB)
...
006 (16814065.000.000) 2023-03-14 19:31:10 Image size of job updated: 92916264
	2321  -  MemoryUsage of job (MB)
	2376280  -  ResidentSetSize of job (KB)
...
006 (16814065.000.000) 2023-03-14 19:35:56 Image size of job updated: 98365804
	2321  -  MemoryUsage of job (MB)
	2376280  -  ResidentSetSize of job (KB)
...
040 (16814065.000.000) 2023-03-14 19:36:03 Started transferring output files
...
040 (16814065.000.000) 2023-03-14 19:36:03 Finished transferring output files
...
005 (16814065.000.000) 2023-03-14 19:36:04 Job terminated.
	(1) Normal termination (return value 0)
		Usr 0 01:11:39, Sys 0 00:01:02  -  Run Remote Usage
		Usr 0 00:00:00, Sys 0 00:00:00  -  Run Local Usage
		Usr 0 01:11:39, Sys 0 00:01:02  -  Total Remote Usage
		Usr 0 00:00:00, Sys 0 00:00:00  -  Total Local Usage
	1318  -  Run Bytes Sent By Job
	807  -  Run Bytes Received By Job
	1318  -  Total Bytes Sent By Job
	807  -  Total Bytes Received By Job
	Partitionable Resources :      Usage  Request Allocated Assigned
	   Cpus                 :       0.99        1         1 
	   Disk (KB)            : 8836755    52428800  55933365 
	   Gpus (Average)       :                   1         1 "GPU-0d4d3af1"
	   IoHeavy              :                             0 
	   Memory (MB)          :    2321       20480     20480 

	Job terminated of its own accord at 2023-03-15T00:35:56Z with exit-code 0.
...
