000 (16812255.010.000) 2023-03-13 11:56:31 Job submitted from host: <128.105.244.191:9618?addrs=128.105.244.191-9618&alias=submit-1.chtc.wisc.edu&noUDP&sock=schedd_6485_bfc3>
...
040 (16812255.010.000) 2023-03-13 15:41:53 Started transferring input files
	Transferring to host: <128.105.68.95:9618?addrs=128.105.68.95-9618+[2607-f388-2200-100-1270-fdff-fe74-d18]-9618&alias=gpu2003.chtc.wisc.edu&noUDP&sock=slot1_4_19324_418b_17349>
...
040 (16812255.010.000) 2023-03-13 15:41:54 Finished transferring input files
...
001 (16812255.010.000) 2023-03-13 15:41:55 Job executing on host: <128.105.68.95:9618?addrs=128.105.68.95-9618+[2607-f388-2200-100-1270-fdff-fe74-d18]-9618&alias=gpu2003.chtc.wisc.edu&noUDP&sock=startd_19080_df18>
...
006 (16812255.010.000) 2023-03-13 15:42:03 Image size of job updated: 892
	1  -  MemoryUsage of job (MB)
	892  -  ResidentSetSize of job (KB)
...
006 (16812255.010.000) 2023-03-13 15:47:03 Image size of job updated: 12302808
	2826  -  MemoryUsage of job (MB)
	2893172  -  ResidentSetSize of job (KB)
...
006 (16812255.010.000) 2023-03-13 16:07:04 Image size of job updated: 12305944
	2829  -  MemoryUsage of job (MB)
	2896308  -  ResidentSetSize of job (KB)
...
006 (16812255.010.000) 2023-03-13 16:47:06 Image size of job updated: 12404248
	2829  -  MemoryUsage of job (MB)
	2896308  -  ResidentSetSize of job (KB)
...
006 (16812255.010.000) 2023-03-13 16:57:06 Image size of job updated: 12469784
	2829  -  MemoryUsage of job (MB)
	2896308  -  ResidentSetSize of job (KB)
...
006 (16812255.010.000) 2023-03-13 17:02:07 Image size of job updated: 12600856
	2829  -  MemoryUsage of job (MB)
	2896308  -  ResidentSetSize of job (KB)
...
006 (16812255.010.000) 2023-03-13 17:17:08 Image size of job updated: 12666392
	2829  -  MemoryUsage of job (MB)
	2896308  -  ResidentSetSize of job (KB)
...
006 (16812255.010.000) 2023-03-13 17:22:09 Image size of job updated: 12863000
	2829  -  MemoryUsage of job (MB)
	2896308  -  ResidentSetSize of job (KB)
...
006 (16812255.010.000) 2023-03-13 17:27:10 Image size of job updated: 13256216
	2829  -  MemoryUsage of job (MB)
	2896308  -  ResidentSetSize of job (KB)
...
006 (16812255.010.000) 2023-03-13 17:32:11 Image size of job updated: 13387288
	2829  -  MemoryUsage of job (MB)
	2896308  -  ResidentSetSize of job (KB)
...
006 (16812255.010.000) 2023-03-13 17:57:14 Image size of job updated: 13649432
	2829  -  MemoryUsage of job (MB)
	2896308  -  ResidentSetSize of job (KB)
...
006 (16812255.010.000) 2023-03-13 18:02:15 Image size of job updated: 14435864
	2829  -  MemoryUsage of job (MB)
	2896308  -  ResidentSetSize of job (KB)
...
006 (16812255.010.000) 2023-03-13 18:07:15 Image size of job updated: 15812120
	2829  -  MemoryUsage of job (MB)
	2896308  -  ResidentSetSize of job (KB)
...
006 (16812255.010.000) 2023-03-13 18:12:15 Image size of job updated: 16598552
	2829  -  MemoryUsage of job (MB)
	2896308  -  ResidentSetSize of job (KB)
...
006 (16812255.010.000) 2023-03-13 18:17:15 Image size of job updated: 21120536
	2829  -  MemoryUsage of job (MB)
	2896308  -  ResidentSetSize of job (KB)
...
006 (16812255.010.000) 2023-03-13 18:22:16 Image size of job updated: 43012808
	2832  -  MemoryUsage of job (MB)
	2899684  -  ResidentSetSize of job (KB)
...
006 (16812255.010.000) 2023-03-13 18:27:17 Image size of job updated: 54580704
	2835  -  MemoryUsage of job (MB)
	2902420  -  ResidentSetSize of job (KB)
...
006 (16812255.010.000) 2023-03-13 18:32:18 Image size of job updated: 96286136
	6760  -  MemoryUsage of job (MB)
	6921760  -  ResidentSetSize of job (KB)
...
006 (16812255.010.000) 2023-03-13 18:33:50 Image size of job updated: 96286136
	6776  -  MemoryUsage of job (MB)
	6937652  -  ResidentSetSize of job (KB)
...
040 (16812255.010.000) 2023-03-13 18:33:50 Started transferring output files
...
040 (16812255.010.000) 2023-03-13 18:33:50 Finished transferring output files
...
005 (16812255.010.000) 2023-03-13 18:33:50 Job terminated.
	(1) Normal termination (return value 0)
		Usr 0 02:49:40, Sys 0 00:01:23  -  Run Remote Usage
		Usr 0 00:00:00, Sys 0 00:00:00  -  Run Local Usage
		Usr 0 02:49:40, Sys 0 00:01:23  -  Total Remote Usage
		Usr 0 00:00:00, Sys 0 00:00:00  -  Total Local Usage
	1564  -  Run Bytes Sent By Job
	762  -  Run Bytes Received By Job
	1564  -  Total Bytes Sent By Job
	762  -  Total Bytes Received By Job
	Partitionable Resources :       Usage  Request Allocated Assigned
	   Cpus                 :        0.99        1         1 
	   Disk (KB)            : 15009720    52428800  55926686 
	   Gpus (Average)       :                    1         1 "GPU-f01bc024"
	   IoHeavy              :                              0 
	   Memory (MB)          :     6776       20480     20480 

	Job terminated of its own accord at 2023-03-13T23:33:50Z with exit-code 0.
...
