000 (16812255.018.000) 2023-03-13 11:56:31 Job submitted from host: <128.105.244.191:9618?addrs=128.105.244.191-9618&alias=submit-1.chtc.wisc.edu&noUDP&sock=schedd_6485_bfc3>
...
040 (16812255.018.000) 2023-03-13 16:14:23 Started transferring input files
	Transferring to host: <128.105.68.102:9618?addrs=128.105.68.102-9618+[2607-f388-2200-100-1270-fdff-fe74-920]-9618&alias=gpu2010.chtc.wisc.edu&noUDP&sock=slot1_2_14196_1dba_94424>
...
040 (16812255.018.000) 2023-03-13 16:14:23 Finished transferring input files
...
001 (16812255.018.000) 2023-03-13 16:14:24 Job executing on host: <128.105.68.102:9618?addrs=128.105.68.102-9618+[2607-f388-2200-100-1270-fdff-fe74-920]-9618&alias=gpu2010.chtc.wisc.edu&noUDP&sock=startd_11730_6200>
...
006 (16812255.018.000) 2023-03-13 16:14:32 Image size of job updated: 62112
	1  -  MemoryUsage of job (MB)
	880  -  ResidentSetSize of job (KB)
...
006 (16812255.018.000) 2023-03-13 16:19:32 Image size of job updated: 11236308
	2455  -  MemoryUsage of job (MB)
	2513780  -  ResidentSetSize of job (KB)
...
006 (16812255.018.000) 2023-03-13 16:24:33 Image size of job updated: 11236308
	2455  -  MemoryUsage of job (MB)
	2513784  -  ResidentSetSize of job (KB)
...
006 (16812255.018.000) 2023-03-13 16:29:34 Image size of job updated: 11236308
	2455  -  MemoryUsage of job (MB)
	2513788  -  ResidentSetSize of job (KB)
...
006 (16812255.018.000) 2023-03-13 16:34:34 Image size of job updated: 11239448
	2458  -  MemoryUsage of job (MB)
	2516928  -  ResidentSetSize of job (KB)
...
006 (16812255.018.000) 2023-03-13 16:54:35 Image size of job updated: 11239448
	2459  -  MemoryUsage of job (MB)
	2517244  -  ResidentSetSize of job (KB)
...
006 (16812255.018.000) 2023-03-13 16:59:35 Image size of job updated: 11272216
	2459  -  MemoryUsage of job (MB)
	2517244  -  ResidentSetSize of job (KB)
...
006 (16812255.018.000) 2023-03-13 17:04:37 Image size of job updated: 11337752
	2459  -  MemoryUsage of job (MB)
	2517244  -  ResidentSetSize of job (KB)
...
006 (16812255.018.000) 2023-03-13 17:09:37 Image size of job updated: 11403288
	2459  -  MemoryUsage of job (MB)
	2517244  -  ResidentSetSize of job (KB)
...
006 (16812255.018.000) 2023-03-13 17:14:37 Image size of job updated: 11534360
	2459  -  MemoryUsage of job (MB)
	2517244  -  ResidentSetSize of job (KB)
...
006 (16812255.018.000) 2023-03-13 17:24:39 Image size of job updated: 11599896
	2459  -  MemoryUsage of job (MB)
	2517244  -  ResidentSetSize of job (KB)
...
006 (16812255.018.000) 2023-03-13 17:29:39 Image size of job updated: 12058648
	2459  -  MemoryUsage of job (MB)
	2517244  -  ResidentSetSize of job (KB)
...
006 (16812255.018.000) 2023-03-13 17:34:40 Image size of job updated: 12320792
	2459  -  MemoryUsage of job (MB)
	2517244  -  ResidentSetSize of job (KB)
...
006 (16812255.018.000) 2023-03-13 17:49:41 Image size of job updated: 12582936
	2459  -  MemoryUsage of job (MB)
	2517244  -  ResidentSetSize of job (KB)
...
006 (16812255.018.000) 2023-03-13 17:54:41 Image size of job updated: 13959192
	2459  -  MemoryUsage of job (MB)
	2517244  -  ResidentSetSize of job (KB)
...
006 (16812255.018.000) 2023-03-13 17:59:41 Image size of job updated: 29491224
	2459  -  MemoryUsage of job (MB)
	2517244  -  ResidentSetSize of job (KB)
...
006 (16812255.018.000) 2023-03-13 18:04:42 Image size of job updated: 96669792
	2466  -  MemoryUsage of job (MB)
	2524900  -  ResidentSetSize of job (KB)
...
006 (16812255.018.000) 2023-03-13 18:09:22 Image size of job updated: 96669792
	2466  -  MemoryUsage of job (MB)
	2525056  -  ResidentSetSize of job (KB)
...
040 (16812255.018.000) 2023-03-13 18:09:25 Started transferring output files
...
040 (16812255.018.000) 2023-03-13 18:09:26 Finished transferring output files
...
005 (16812255.018.000) 2023-03-13 18:09:29 Job terminated.
	(1) Normal termination (return value 0)
		Usr 0 01:53:25, Sys 0 00:01:03  -  Run Remote Usage
		Usr 0 00:00:00, Sys 0 00:00:00  -  Run Local Usage
		Usr 0 01:53:25, Sys 0 00:01:03  -  Total Remote Usage
		Usr 0 00:00:00, Sys 0 00:00:00  -  Total Local Usage
	1191  -  Run Bytes Sent By Job
	762  -  Run Bytes Received By Job
	1191  -  Total Bytes Sent By Job
	762  -  Total Bytes Received By Job
	Partitionable Resources :       Usage  Request Allocated Assigned
	   Cpus                 :        1.01        1         1 
	   Disk (KB)            : 13145608    52428800  55937280 
	   Gpus (Average)       :                    1         1 "GPU-0b3215b2"
	   IoHeavy              :                              0 
	   Memory (MB)          :     2466       20480     20480 

	Job terminated of its own accord at 2023-03-13T23:09:22Z with exit-code 0.
...
