000 (16812255.003.000) 2023-03-13 11:56:31 Job submitted from host: <128.105.244.191:9618?addrs=128.105.244.191-9618&alias=submit-1.chtc.wisc.edu&noUDP&sock=schedd_6485_bfc3>
...
040 (16812255.003.000) 2023-03-13 14:49:03 Started transferring input files
	Transferring to host: <128.105.68.97:9618?addrs=128.105.68.97-9618+[2607-f388-2200-100-ac0-ebff-fe99-a130]-9618&alias=gpu2005.chtc.wisc.edu&noUDP&sock=slot1_4_356317_4f73_85886>
...
040 (16812255.003.000) 2023-03-13 14:49:03 Finished transferring input files
...
001 (16812255.003.000) 2023-03-13 14:49:04 Job executing on host: <128.105.68.97:9618?addrs=128.105.68.97-9618+[2607-f388-2200-100-ac0-ebff-fe99-a130]-9618&alias=gpu2005.chtc.wisc.edu&noUDP&sock=startd_11626_0c26>
...
006 (16812255.003.000) 2023-03-13 14:49:14 Image size of job updated: 676
	1  -  MemoryUsage of job (MB)
	676  -  ResidentSetSize of job (KB)
...
006 (16812255.003.000) 2023-03-13 14:54:14 Image size of job updated: 11233068
	2454  -  MemoryUsage of job (MB)
	2511976  -  ResidentSetSize of job (KB)
...
006 (16812255.003.000) 2023-03-13 14:59:15 Image size of job updated: 11233068
	2454  -  MemoryUsage of job (MB)
	2511984  -  ResidentSetSize of job (KB)
...
006 (16812255.003.000) 2023-03-13 15:19:16 Image size of job updated: 11236204
	2457  -  MemoryUsage of job (MB)
	2515116  -  ResidentSetSize of job (KB)
...
006 (16812255.003.000) 2023-03-13 15:49:22 Image size of job updated: 11236204
	2457  -  MemoryUsage of job (MB)
	2515120  -  ResidentSetSize of job (KB)
...
006 (16812255.003.000) 2023-03-13 16:04:25 Image size of job updated: 11334508
	2457  -  MemoryUsage of job (MB)
	2515296  -  ResidentSetSize of job (KB)
...
006 (16812255.003.000) 2023-03-13 16:09:25 Image size of job updated: 11334508
	2457  -  MemoryUsage of job (MB)
	2515504  -  ResidentSetSize of job (KB)
...
006 (16812255.003.000) 2023-03-13 16:19:27 Image size of job updated: 11400044
	2457  -  MemoryUsage of job (MB)
	2515504  -  ResidentSetSize of job (KB)
...
006 (16812255.003.000) 2023-03-13 16:24:28 Image size of job updated: 11465580
	2457  -  MemoryUsage of job (MB)
	2515504  -  ResidentSetSize of job (KB)
...
006 (16812255.003.000) 2023-03-13 16:29:27 Image size of job updated: 11531116
	2457  -  MemoryUsage of job (MB)
	2515504  -  ResidentSetSize of job (KB)
...
006 (16812255.003.000) 2023-03-13 16:54:31 Image size of job updated: 11662188
	2457  -  MemoryUsage of job (MB)
	2515504  -  ResidentSetSize of job (KB)
...
006 (16812255.003.000) 2023-03-13 16:59:31 Image size of job updated: 11924332
	2457  -  MemoryUsage of job (MB)
	2515504  -  ResidentSetSize of job (KB)
...
006 (16812255.003.000) 2023-03-13 17:04:31 Image size of job updated: 12055404
	2457  -  MemoryUsage of job (MB)
	2515504  -  ResidentSetSize of job (KB)
...
006 (16812255.003.000) 2023-03-13 17:09:32 Image size of job updated: 12317548
	2457  -  MemoryUsage of job (MB)
	2515504  -  ResidentSetSize of job (KB)
...
006 (16812255.003.000) 2023-03-13 17:24:34 Image size of job updated: 12448620
	2457  -  MemoryUsage of job (MB)
	2515504  -  ResidentSetSize of job (KB)
...
006 (16812255.003.000) 2023-03-13 17:29:34 Image size of job updated: 13497196
	2457  -  MemoryUsage of job (MB)
	2515504  -  ResidentSetSize of job (KB)
...
006 (16812255.003.000) 2023-03-13 17:34:35 Image size of job updated: 15725420
	2457  -  MemoryUsage of job (MB)
	2515504  -  ResidentSetSize of job (KB)
...
006 (16812255.003.000) 2023-03-13 17:39:36 Image size of job updated: 21427052
	2457  -  MemoryUsage of job (MB)
	2515504  -  ResidentSetSize of job (KB)
...
006 (16812255.003.000) 2023-03-13 17:44:37 Image size of job updated: 32636620
	2460  -  MemoryUsage of job (MB)
	2518500  -  ResidentSetSize of job (KB)
...
006 (16812255.003.000) 2023-03-13 17:49:37 Image size of job updated: 82182892
	2461  -  MemoryUsage of job (MB)
	2519688  -  ResidentSetSize of job (KB)
...
006 (16812255.003.000) 2023-03-13 17:54:37 Image size of job updated: 82182892
	2465  -  MemoryUsage of job (MB)
	2523276  -  ResidentSetSize of job (KB)
...
006 (16812255.003.000) 2023-03-13 17:59:37 Image size of job updated: 82182892
	2465  -  MemoryUsage of job (MB)
	2523292  -  ResidentSetSize of job (KB)
...
040 (16812255.003.000) 2023-03-13 18:00:47 Started transferring output files
...
040 (16812255.003.000) 2023-03-13 18:00:47 Finished transferring output files
...
005 (16812255.003.000) 2023-03-13 18:00:47 Job terminated.
	(1) Normal termination (return value 0)
		Usr 0 03:07:44, Sys 0 00:01:30  -  Run Remote Usage
		Usr 0 00:00:00, Sys 0 00:00:00  -  Run Local Usage
		Usr 0 03:07:44, Sys 0 00:01:30  -  Total Remote Usage
		Usr 0 00:00:00, Sys 0 00:00:00  -  Total Local Usage
	1191  -  Run Bytes Sent By Job
	762  -  Run Bytes Received By Job
	1191  -  Total Bytes Sent By Job
	762  -  Total Bytes Received By Job
	Partitionable Resources :       Usage  Request Allocated Assigned
	   Cpus                 :        0.99        1         1 
	   Disk (KB)            : 13176723    52428800  55933365 
	   Gpus (Average)       :                    1         1 "GPU-5ce66687"
	   IoHeavy              :                              0 
	   Memory (MB)          :     2465       20480     20480 

	Job terminated of its own accord at 2023-03-13T23:00:47Z with exit-code 0.
...
