000 (16812255.017.000) 2023-03-13 11:56:31 Job submitted from host: <128.105.244.191:9618?addrs=128.105.244.191-9618&alias=submit-1.chtc.wisc.edu&noUDP&sock=schedd_6485_bfc3>
...
040 (16812255.017.000) 2023-03-13 16:12:18 Started transferring input files
	Transferring to host: <128.105.68.103:9618?addrs=128.105.68.103-9618+[2607-f388-2200-100-1270-fdff-fe74-930]-9618&alias=gpu2011.chtc.wisc.edu&noUDP&sock=slot1_3_158545_0b88_80091>
...
040 (16812255.017.000) 2023-03-13 16:12:18 Finished transferring input files
...
001 (16812255.017.000) 2023-03-13 16:12:19 Job executing on host: <128.105.68.103:9618?addrs=128.105.68.103-9618+[2607-f388-2200-100-1270-fdff-fe74-930]-9618&alias=gpu2011.chtc.wisc.edu&noUDP&sock=startd_158342_0528>
...
006 (16812255.017.000) 2023-03-13 16:12:28 Image size of job updated: 38908
	1  -  MemoryUsage of job (MB)
	872  -  ResidentSetSize of job (KB)
...
006 (16812255.017.000) 2023-03-13 16:17:29 Image size of job updated: 11236572
	2457  -  MemoryUsage of job (MB)
	2515428  -  ResidentSetSize of job (KB)
...
006 (16812255.017.000) 2023-03-13 16:42:32 Image size of job updated: 11239708
	2460  -  MemoryUsage of job (MB)
	2518560  -  ResidentSetSize of job (KB)
...
006 (16812255.017.000) 2023-03-13 16:57:34 Image size of job updated: 11239708
	2460  -  MemoryUsage of job (MB)
	2518564  -  ResidentSetSize of job (KB)
...
006 (16812255.017.000) 2023-03-13 17:12:36 Image size of job updated: 11338012
	2460  -  MemoryUsage of job (MB)
	2518564  -  ResidentSetSize of job (KB)
...
006 (16812255.017.000) 2023-03-13 17:22:37 Image size of job updated: 11469084
	2460  -  MemoryUsage of job (MB)
	2518564  -  ResidentSetSize of job (KB)
...
006 (16812255.017.000) 2023-03-13 17:27:37 Image size of job updated: 11534620
	2460  -  MemoryUsage of job (MB)
	2518564  -  ResidentSetSize of job (KB)
...
006 (16812255.017.000) 2023-03-13 17:42:40 Image size of job updated: 11929088
	2461  -  MemoryUsage of job (MB)
	2519816  -  ResidentSetSize of job (KB)
...
006 (16812255.017.000) 2023-03-13 17:47:41 Image size of job updated: 12322304
	2461  -  MemoryUsage of job (MB)
	2519816  -  ResidentSetSize of job (KB)
...
006 (16812255.017.000) 2023-03-13 17:57:42 Image size of job updated: 12327424
	2466  -  MemoryUsage of job (MB)
	2524936  -  ResidentSetSize of job (KB)
...
006 (16812255.017.000) 2023-03-13 18:07:43 Image size of job updated: 12720640
	2466  -  MemoryUsage of job (MB)
	2524936  -  ResidentSetSize of job (KB)
...
006 (16812255.017.000) 2023-03-13 18:12:44 Image size of job updated: 13769216
	2466  -  MemoryUsage of job (MB)
	2524936  -  ResidentSetSize of job (KB)
...
006 (16812255.017.000) 2023-03-13 18:17:44 Image size of job updated: 16718336
	2466  -  MemoryUsage of job (MB)
	2524936  -  ResidentSetSize of job (KB)
...
006 (16812255.017.000) 2023-03-13 18:22:45 Image size of job updated: 24058368
	2466  -  MemoryUsage of job (MB)
	2524936  -  ResidentSetSize of job (KB)
...
006 (16812255.017.000) 2023-03-13 18:27:46 Image size of job updated: 59775488
	2466  -  MemoryUsage of job (MB)
	2524936  -  ResidentSetSize of job (KB)
...
006 (16812255.017.000) 2023-03-13 18:32:46 Image size of job updated: 90020352
	2466  -  MemoryUsage of job (MB)
	2524936  -  ResidentSetSize of job (KB)
...
006 (16812255.017.000) 2023-03-13 18:37:47 Image size of job updated: 124574988
	6395  -  MemoryUsage of job (MB)
	6547604  -  ResidentSetSize of job (KB)
...
006 (16812255.017.000) 2023-03-13 18:39:19 Image size of job updated: 126530300
	6439  -  MemoryUsage of job (MB)
	6593480  -  ResidentSetSize of job (KB)
...
040 (16812255.017.000) 2023-03-13 18:39:19 Started transferring output files
...
040 (16812255.017.000) 2023-03-13 18:39:19 Finished transferring output files
...
005 (16812255.017.000) 2023-03-13 18:39:19 Job terminated.
	(1) Normal termination (return value 0)
		Usr 0 02:24:56, Sys 0 00:01:19  -  Run Remote Usage
		Usr 0 00:00:00, Sys 0 00:00:00  -  Run Local Usage
		Usr 0 02:24:56, Sys 0 00:01:19  -  Total Remote Usage
		Usr 0 00:00:00, Sys 0 00:00:00  -  Total Local Usage
	1187  -  Run Bytes Sent By Job
	762  -  Run Bytes Received By Job
	1187  -  Total Bytes Sent By Job
	762  -  Total Bytes Received By Job
	Partitionable Resources :       Usage  Request Allocated Assigned
	   Cpus                 :        0.86        1         1 
	   Disk (KB)            : 14924604    52428800  60670278 
	   Gpus (Average)       :                    1         1 "GPU-e8e49ede"
	   IoHeavy              :                              0 
	   Memory (MB)          :     6439       20480     20480 

	Job terminated of its own accord at 2023-03-13T23:39:19Z with exit-code 0.
...
