000 (16812255.009.000) 2023-03-13 11:56:31 Job submitted from host: <128.105.244.191:9618?addrs=128.105.244.191-9618&alias=submit-1.chtc.wisc.edu&noUDP&sock=schedd_6485_bfc3>
...
040 (16812255.009.000) 2023-03-13 15:33:38 Started transferring input files
	Transferring to host: <128.105.68.95:9618?addrs=128.105.68.95-9618+[2607-f388-2200-100-1270-fdff-fe74-d18]-9618&alias=gpu2003.chtc.wisc.edu&noUDP&sock=slot1_1_19324_418b_17329>
...
040 (16812255.009.000) 2023-03-13 15:33:39 Finished transferring input files
...
001 (16812255.009.000) 2023-03-13 15:33:40 Job executing on host: <128.105.68.95:9618?addrs=128.105.68.95-9618+[2607-f388-2200-100-1270-fdff-fe74-d18]-9618&alias=gpu2003.chtc.wisc.edu&noUDP&sock=startd_19080_df18>
...
006 (16812255.009.000) 2023-03-13 15:33:48 Image size of job updated: 676
	1  -  MemoryUsage of job (MB)
	676  -  ResidentSetSize of job (KB)
...
006 (16812255.009.000) 2023-03-13 15:38:48 Image size of job updated: 12299268
	2833  -  MemoryUsage of job (MB)
	2900644  -  ResidentSetSize of job (KB)
...
006 (16812255.009.000) 2023-03-13 15:43:49 Image size of job updated: 12299268
	2833  -  MemoryUsage of job (MB)
	2900672  -  ResidentSetSize of job (KB)
...
006 (16812255.009.000) 2023-03-13 15:58:50 Image size of job updated: 12302196
	2836  -  MemoryUsage of job (MB)
	2903520  -  ResidentSetSize of job (KB)
...
006 (16812255.009.000) 2023-03-13 16:18:51 Image size of job updated: 12307316
	2841  -  MemoryUsage of job (MB)
	2908640  -  ResidentSetSize of job (KB)
...
006 (16812255.009.000) 2023-03-13 16:23:51 Image size of job updated: 12307316
	2841  -  MemoryUsage of job (MB)
	2908644  -  ResidentSetSize of job (KB)
...
006 (16812255.009.000) 2023-03-13 16:33:51 Image size of job updated: 12340084
	2841  -  MemoryUsage of job (MB)
	2908644  -  ResidentSetSize of job (KB)
...
006 (16812255.009.000) 2023-03-13 16:38:53 Image size of job updated: 12405620
	2841  -  MemoryUsage of job (MB)
	2908644  -  ResidentSetSize of job (KB)
...
006 (16812255.009.000) 2023-03-13 16:48:54 Image size of job updated: 12471156
	2841  -  MemoryUsage of job (MB)
	2908644  -  ResidentSetSize of job (KB)
...
006 (16812255.009.000) 2023-03-13 16:53:54 Image size of job updated: 12602228
	2841  -  MemoryUsage of job (MB)
	2908644  -  ResidentSetSize of job (KB)
...
006 (16812255.009.000) 2023-03-13 17:08:56 Image size of job updated: 12733300
	2841  -  MemoryUsage of job (MB)
	2908644  -  ResidentSetSize of job (KB)
...
006 (16812255.009.000) 2023-03-13 17:13:56 Image size of job updated: 12995444
	2841  -  MemoryUsage of job (MB)
	2908644  -  ResidentSetSize of job (KB)
...
006 (16812255.009.000) 2023-03-13 17:18:57 Image size of job updated: 13388660
	2841  -  MemoryUsage of job (MB)
	2908644  -  ResidentSetSize of job (KB)
...
006 (16812255.009.000) 2023-03-13 17:44:02 Image size of job updated: 13519732
	2841  -  MemoryUsage of job (MB)
	2908644  -  ResidentSetSize of job (KB)
...
006 (16812255.009.000) 2023-03-13 17:49:03 Image size of job updated: 14175092
	2841  -  MemoryUsage of job (MB)
	2908644  -  ResidentSetSize of job (KB)
...
006 (16812255.009.000) 2023-03-13 17:54:04 Image size of job updated: 15223668
	2841  -  MemoryUsage of job (MB)
	2908644  -  ResidentSetSize of job (KB)
...
006 (16812255.009.000) 2023-03-13 17:59:04 Image size of job updated: 17779572
	2841  -  MemoryUsage of job (MB)
	2908644  -  ResidentSetSize of job (KB)
...
006 (16812255.009.000) 2023-03-13 18:04:05 Image size of job updated: 23808884
	2841  -  MemoryUsage of job (MB)
	2908644  -  ResidentSetSize of job (KB)
...
006 (16812255.009.000) 2023-03-13 18:09:06 Image size of job updated: 38292340
	2841  -  MemoryUsage of job (MB)
	2908644  -  ResidentSetSize of job (KB)
...
006 (16812255.009.000) 2023-03-13 18:14:06 Image size of job updated: 57690996
	2841  -  MemoryUsage of job (MB)
	2908644  -  ResidentSetSize of job (KB)
...
006 (16812255.009.000) 2023-03-13 18:19:07 Image size of job updated: 71682932
	2841  -  MemoryUsage of job (MB)
	2908644  -  ResidentSetSize of job (KB)
...
006 (16812255.009.000) 2023-03-13 18:24:07 Image size of job updated: 71682932
	2843  -  MemoryUsage of job (MB)
	2911112  -  ResidentSetSize of job (KB)
...
006 (16812255.009.000) 2023-03-13 18:29:08 Image size of job updated: 91056188
	2843  -  MemoryUsage of job (MB)
	2911112  -  ResidentSetSize of job (KB)
...
040 (16812255.009.000) 2023-03-13 18:29:42 Started transferring output files
...
040 (16812255.009.000) 2023-03-13 18:29:42 Finished transferring output files
...
005 (16812255.009.000) 2023-03-13 18:29:43 Job terminated.
	(1) Normal termination (return value 0)
		Usr 0 02:53:24, Sys 0 00:01:36  -  Run Remote Usage
		Usr 0 00:00:00, Sys 0 00:00:00  -  Run Local Usage
		Usr 0 02:53:24, Sys 0 00:01:36  -  Total Remote Usage
		Usr 0 00:00:00, Sys 0 00:00:00  -  Total Local Usage
	1564  -  Run Bytes Sent By Job
	762  -  Run Bytes Received By Job
	1564  -  Total Bytes Sent By Job
	762  -  Total Bytes Received By Job
	Partitionable Resources :       Usage  Request Allocated Assigned
	   Cpus                 :        0.99        1         1 
	   Disk (KB)            : 13300008    52428800  55926686 
	   Gpus (Average)       :                    1         1 "GPU-e6226baa"
	   IoHeavy              :                              0 
	   Memory (MB)          :     2843       20480     20480 

	Job terminated of its own accord at 2023-03-13T23:29:42Z with exit-code 0.
...
