000 (16798856.004.000) 2023-02-11 08:31:50 Job submitted from host: <128.105.244.191:9618?addrs=128.105.244.191-9618&alias=submit-1.chtc.wisc.edu&noUDP&sock=schedd_6485_bfc3>
...
040 (16798856.004.000) 2023-02-11 10:34:14 Started transferring input files
	Transferring to host: <128.105.68.101:9618?addrs=128.105.68.101-9618+[2607-f388-2200-100-1270-fdff-fe73-97d6]-9618&alias=gpu2009.chtc.wisc.edu&noUDP&sock=slot1_4_1877356_e2af_6179>
...
040 (16798856.004.000) 2023-02-11 10:34:14 Finished transferring input files
...
001 (16798856.004.000) 2023-02-11 10:34:15 Job executing on host: <128.105.68.101:9618?addrs=128.105.68.101-9618+[2607-f388-2200-100-1270-fdff-fe73-97d6]-9618&alias=gpu2009.chtc.wisc.edu&noUDP&sock=startd_27480_92a2>
...
006 (16798856.004.000) 2023-02-11 10:34:23 Image size of job updated: 38908
	1  -  MemoryUsage of job (MB)
	668  -  ResidentSetSize of job (KB)
...
006 (16798856.004.000) 2023-02-11 10:39:23 Image size of job updated: 11914944
	2455  -  MemoryUsage of job (MB)
	2513024  -  ResidentSetSize of job (KB)
...
006 (16798856.004.000) 2023-02-11 10:44:24 Image size of job updated: 11937700
	2477  -  MemoryUsage of job (MB)
	2535784  -  ResidentSetSize of job (KB)
...
006 (16798856.004.000) 2023-02-11 10:49:24 Image size of job updated: 11963096
	2504  -  MemoryUsage of job (MB)
	2563628  -  ResidentSetSize of job (KB)
...
006 (16798856.004.000) 2023-02-11 10:54:24 Image size of job updated: 11979336
	2519  -  MemoryUsage of job (MB)
	2578448  -  ResidentSetSize of job (KB)
...
006 (16798856.004.000) 2023-02-11 10:59:25 Image size of job updated: 11989992
	2528  -  MemoryUsage of job (MB)
	2588172  -  ResidentSetSize of job (KB)
...
006 (16798856.004.000) 2023-02-11 11:04:25 Image size of job updated: 12007376
	2547  -  MemoryUsage of job (MB)
	2607928  -  ResidentSetSize of job (KB)
...
006 (16798856.004.000) 2023-02-11 11:09:26 Image size of job updated: 12018156
	2556  -  MemoryUsage of job (MB)
	2616324  -  ResidentSetSize of job (KB)
...
006 (16798856.004.000) 2023-02-11 11:14:26 Image size of job updated: 12030264
	2567  -  MemoryUsage of job (MB)
	2628492  -  ResidentSetSize of job (KB)
...
006 (16798856.004.000) 2023-02-11 11:19:27 Image size of job updated: 12048180
	2585  -  MemoryUsage of job (MB)
	2646264  -  ResidentSetSize of job (KB)
...
006 (16798856.004.000) 2023-02-11 11:24:27 Image size of job updated: 12049436
	2586  -  MemoryUsage of job (MB)
	2647648  -  ResidentSetSize of job (KB)
...
006 (16798856.004.000) 2023-02-11 11:29:29 Image size of job updated: 12061488
	2598  -  MemoryUsage of job (MB)
	2659572  -  ResidentSetSize of job (KB)
...
006 (16798856.004.000) 2023-02-11 11:34:29 Image size of job updated: 12102928
	2606  -  MemoryUsage of job (MB)
	2668244  -  ResidentSetSize of job (KB)
...
006 (16798856.004.000) 2023-02-11 11:39:29 Image size of job updated: 12172024
	2610  -  MemoryUsage of job (MB)
	2671804  -  ResidentSetSize of job (KB)
...
006 (16798856.004.000) 2023-02-11 11:44:30 Image size of job updated: 12176836
	2614  -  MemoryUsage of job (MB)
	2676616  -  ResidentSetSize of job (KB)
...
006 (16798856.004.000) 2023-02-11 11:49:30 Image size of job updated: 12310688
	2617  -  MemoryUsage of job (MB)
	2679440  -  ResidentSetSize of job (KB)
...
006 (16798856.004.000) 2023-02-11 11:54:31 Image size of job updated: 12382860
	2624  -  MemoryUsage of job (MB)
	2686032  -  ResidentSetSize of job (KB)
...
006 (16798856.004.000) 2023-02-11 11:59:31 Image size of job updated: 12383812
	2625  -  MemoryUsage of job (MB)
	2687004  -  ResidentSetSize of job (KB)
...
006 (16798856.004.000) 2023-02-11 12:04:32 Image size of job updated: 12392328
	2633  -  MemoryUsage of job (MB)
	2695532  -  ResidentSetSize of job (KB)
...
006 (16798856.004.000) 2023-02-11 12:09:32 Image size of job updated: 12526588
	2636  -  MemoryUsage of job (MB)
	2698688  -  ResidentSetSize of job (KB)
...
006 (16798856.004.000) 2023-02-11 12:14:33 Image size of job updated: 12796564
	2644  -  MemoryUsage of job (MB)
	2706520  -  ResidentSetSize of job (KB)
...
006 (16798856.004.000) 2023-02-11 12:19:33 Image size of job updated: 13190588
	2644  -  MemoryUsage of job (MB)
	2707448  -  ResidentSetSize of job (KB)
...
006 (16798856.004.000) 2023-02-11 12:39:35 Image size of job updated: 13194136
	2648  -  MemoryUsage of job (MB)
	2710916  -  ResidentSetSize of job (KB)
...
006 (16798856.004.000) 2023-02-11 12:44:35 Image size of job updated: 13456680
	2648  -  MemoryUsage of job (MB)
	2711372  -  ResidentSetSize of job (KB)
...
006 (16798856.004.000) 2023-02-11 12:49:36 Image size of job updated: 14121056
	2659  -  MemoryUsage of job (MB)
	2722592  -  ResidentSetSize of job (KB)
...
006 (16798856.004.000) 2023-02-11 12:54:36 Image size of job updated: 15831812
	2664  -  MemoryUsage of job (MB)
	2727208  -  ResidentSetSize of job (KB)
...
006 (16798856.004.000) 2023-02-11 12:59:37 Image size of job updated: 19898708
	2667  -  MemoryUsage of job (MB)
	2730776  -  ResidentSetSize of job (KB)
...
006 (16798856.004.000) 2023-02-11 13:04:37 Image size of job updated: 30790268
	2680  -  MemoryUsage of job (MB)
	2743424  -  ResidentSetSize of job (KB)
...
006 (16798856.004.000) 2023-02-11 13:09:38 Image size of job updated: 76408304
	2684  -  MemoryUsage of job (MB)
	2748352  -  ResidentSetSize of job (KB)
...
006 (16798856.004.000) 2023-02-11 13:14:38 Image size of job updated: 95020528
	2711  -  MemoryUsage of job (MB)
	2775756  -  ResidentSetSize of job (KB)
...
006 (16798856.004.000) 2023-02-11 13:19:38 Image size of job updated: 121455108
	2711  -  MemoryUsage of job (MB)
	2775756  -  ResidentSetSize of job (KB)
...
040 (16798856.004.000) 2023-02-11 13:35:49 Started transferring output files
...
040 (16798856.004.000) 2023-02-11 13:35:56 Finished transferring output files
...
005 (16798856.004.000) 2023-02-11 13:35:58 Job terminated.
	(1) Normal termination (return value 0)
		Usr 0 02:58:02, Sys 0 00:01:12  -  Run Remote Usage
		Usr 0 00:00:00, Sys 0 00:00:00  -  Run Local Usage
		Usr 0 02:58:02, Sys 0 00:01:12  -  Total Remote Usage
		Usr 0 00:00:00, Sys 0 00:00:00  -  Total Local Usage
	206  -  Run Bytes Sent By Job
	4698  -  Run Bytes Received By Job
	206  -  Total Bytes Sent By Job
	4698  -  Total Bytes Received By Job
	Partitionable Resources :        Usage  Request Allocated Assigned
	   Cpus                 :         1.01        1         1 
	   Disk (KB)            :  32184692    52428800  55919702 
	   Gpus (Average)       : 117342239.77        1         1 "GPU-b856f6ff"
	   GpusMemory (MB)      :     81541                       
	   IoHeavy              :                               0 
	   Memory (MB)          :      2711       20480     20480 

	Job terminated of its own accord at 2023-02-11T19:35:38Z with exit-code 0.
...
