000 (16798856.011.000) 2023-02-11 08:31:50 Job submitted from host: <128.105.244.191:9618?addrs=128.105.244.191-9618&alias=submit-1.chtc.wisc.edu&noUDP&sock=schedd_6485_bfc3>
...
040 (16798856.011.000) 2023-02-11 15:12:53 Started transferring input files
	Transferring to host: <128.105.68.97:9618?addrs=128.105.68.97-9618+[2607-f388-2200-100-ac0-ebff-fe99-a130]-9618&alias=gpu2005.chtc.wisc.edu&noUDP&sock=slot1_3_356317_4f73_36>
...
040 (16798856.011.000) 2023-02-11 15:12:53 Finished transferring input files
...
001 (16798856.011.000) 2023-02-11 15:12:54 Job executing on host: <128.105.68.97:9618?addrs=128.105.68.97-9618+[2607-f388-2200-100-ac0-ebff-fe99-a130]-9618&alias=gpu2005.chtc.wisc.edu&noUDP&sock=startd_11626_0c26>
...
006 (16798856.011.000) 2023-02-11 15:13:02 Image size of job updated: 62112
	1  -  MemoryUsage of job (MB)
	672  -  ResidentSetSize of job (KB)
...
006 (16798856.011.000) 2023-02-11 15:18:02 Image size of job updated: 11900480
	2441  -  MemoryUsage of job (MB)
	2499068  -  ResidentSetSize of job (KB)
...
006 (16798856.011.000) 2023-02-11 15:23:03 Image size of job updated: 11925908
	2466  -  MemoryUsage of job (MB)
	2524496  -  ResidentSetSize of job (KB)
...
006 (16798856.011.000) 2023-02-11 15:28:09 Image size of job updated: 11946784
	2486  -  MemoryUsage of job (MB)
	2545372  -  ResidentSetSize of job (KB)
...
006 (16798856.011.000) 2023-02-11 15:33:04 Image size of job updated: 11960624
	2500  -  MemoryUsage of job (MB)
	2559212  -  ResidentSetSize of job (KB)
...
006 (16798856.011.000) 2023-02-11 15:38:04 Image size of job updated: 11980504
	2519  -  MemoryUsage of job (MB)
	2579092  -  ResidentSetSize of job (KB)
...
006 (16798856.011.000) 2023-02-11 15:43:05 Image size of job updated: 11988816
	2532  -  MemoryUsage of job (MB)
	2592492  -  ResidentSetSize of job (KB)
...
006 (16798856.011.000) 2023-02-11 15:48:05 Image size of job updated: 12005668
	2544  -  MemoryUsage of job (MB)
	2604256  -  ResidentSetSize of job (KB)
...
006 (16798856.011.000) 2023-02-11 15:53:06 Image size of job updated: 12017088
	2555  -  MemoryUsage of job (MB)
	2615768  -  ResidentSetSize of job (KB)
...
006 (16798856.011.000) 2023-02-11 15:58:06 Image size of job updated: 12022856
	2561  -  MemoryUsage of job (MB)
	2621444  -  ResidentSetSize of job (KB)
...
006 (16798856.011.000) 2023-02-11 16:03:08 Image size of job updated: 12035416
	2573  -  MemoryUsage of job (MB)
	2634064  -  ResidentSetSize of job (KB)
...
006 (16798856.011.000) 2023-02-11 16:08:08 Image size of job updated: 12046668
	2584  -  MemoryUsage of job (MB)
	2645256  -  ResidentSetSize of job (KB)
...
006 (16798856.011.000) 2023-02-11 16:13:08 Image size of job updated: 12048000
	2585  -  MemoryUsage of job (MB)
	2646628  -  ResidentSetSize of job (KB)
...
006 (16798856.011.000) 2023-02-11 16:18:09 Image size of job updated: 12153964
	2595  -  MemoryUsage of job (MB)
	2656468  -  ResidentSetSize of job (KB)
...
006 (16798856.011.000) 2023-02-11 16:23:09 Image size of job updated: 12163484
	2602  -  MemoryUsage of job (MB)
	2663768  -  ResidentSetSize of job (KB)
...
006 (16798856.011.000) 2023-02-11 16:28:10 Image size of job updated: 12237420
	2610  -  MemoryUsage of job (MB)
	2672168  -  ResidentSetSize of job (KB)
...
006 (16798856.011.000) 2023-02-11 16:33:10 Image size of job updated: 12376608
	2618  -  MemoryUsage of job (MB)
	2680284  -  ResidentSetSize of job (KB)
...
006 (16798856.011.000) 2023-02-11 16:43:11 Image size of job updated: 12377060
	2618  -  MemoryUsage of job (MB)
	2680736  -  ResidentSetSize of job (KB)
...
006 (16798856.011.000) 2023-02-11 16:48:11 Image size of job updated: 12382776
	2624  -  MemoryUsage of job (MB)
	2686504  -  ResidentSetSize of job (KB)
...
006 (16798856.011.000) 2023-02-11 16:53:12 Image size of job updated: 12517084
	2627  -  MemoryUsage of job (MB)
	2689688  -  ResidentSetSize of job (KB)
...
006 (16798856.011.000) 2023-02-11 16:58:12 Image size of job updated: 12915660
	2632  -  MemoryUsage of job (MB)
	2695148  -  ResidentSetSize of job (KB)
...
006 (16798856.011.000) 2023-02-11 17:03:13 Image size of job updated: 13183572
	2638  -  MemoryUsage of job (MB)
	2700816  -  ResidentSetSize of job (KB)
...
006 (16798856.011.000) 2023-02-11 17:13:14 Image size of job updated: 13186020
	2640  -  MemoryUsage of job (MB)
	2703264  -  ResidentSetSize of job (KB)
...
006 (16798856.011.000) 2023-02-11 17:23:16 Image size of job updated: 13188512
	2643  -  MemoryUsage of job (MB)
	2705756  -  ResidentSetSize of job (KB)
...
006 (16798856.011.000) 2023-02-11 17:28:16 Image size of job updated: 13715876
	2646  -  MemoryUsage of job (MB)
	2708832  -  ResidentSetSize of job (KB)
...
006 (16798856.011.000) 2023-02-11 17:33:16 Image size of job updated: 14636324
	2649  -  MemoryUsage of job (MB)
	2711776  -  ResidentSetSize of job (KB)
...
006 (16798856.011.000) 2023-02-11 17:38:17 Image size of job updated: 16608136
	2654  -  MemoryUsage of job (MB)
	2717556  -  ResidentSetSize of job (KB)
...
006 (16798856.011.000) 2023-02-11 17:43:17 Image size of job updated: 21724148
	2659  -  MemoryUsage of job (MB)
	2721796  -  ResidentSetSize of job (KB)
...
006 (16798856.011.000) 2023-02-11 17:48:18 Image size of job updated: 33132884
	2664  -  MemoryUsage of job (MB)
	2727244  -  ResidentSetSize of job (KB)
...
006 (16798856.011.000) 2023-02-11 17:53:18 Image size of job updated: 90935636
	2664  -  MemoryUsage of job (MB)
	2727244  -  ResidentSetSize of job (KB)
...
006 (16798856.011.000) 2023-02-11 17:58:19 Image size of job updated: 96702804
	2674  -  MemoryUsage of job (MB)
	2737584  -  ResidentSetSize of job (KB)
...
006 (16798856.011.000) 2023-02-11 18:03:19 Image size of job updated: 106785048
	2674  -  MemoryUsage of job (MB)
	2737584  -  ResidentSetSize of job (KB)
...
040 (16798856.011.000) 2023-02-11 18:18:35 Started transferring output files
...
040 (16798856.011.000) 2023-02-11 18:18:35 Finished transferring output files
...
005 (16798856.011.000) 2023-02-11 18:18:35 Job terminated.
	(1) Normal termination (return value 0)
		Usr 0 03:01:10, Sys 0 00:01:15  -  Run Remote Usage
		Usr 0 00:00:00, Sys 0 00:00:00  -  Run Local Usage
		Usr 0 03:01:10, Sys 0 00:01:15  -  Total Remote Usage
		Usr 0 00:00:00, Sys 0 00:00:00  -  Total Local Usage
	206  -  Run Bytes Sent By Job
	4698  -  Run Bytes Received By Job
	206  -  Total Bytes Sent By Job
	4698  -  Total Bytes Received By Job
	Partitionable Resources :       Usage  Request Allocated Assigned
	   Cpus                 :        1.01        1         1 
	   Disk (KB)            : 32506689    52428800  55933365 
	   Gpus (Average)       :                    1         1 "GPU-06c7cc42"
	   GpusMemory (MB)      :    81397                       
	   IoHeavy              :                              0 
	   Memory (MB)          :     2674       20480     20480 

	Job terminated of its own accord at 2023-02-12T00:18:35Z with exit-code 0.
...
