000 (16798856.000.000) 2023-02-11 08:31:50 Job submitted from host: <128.105.244.191:9618?addrs=128.105.244.191-9618&alias=submit-1.chtc.wisc.edu&noUDP&sock=schedd_6485_bfc3>
...
040 (16798856.000.000) 2023-02-11 09:47:06 Started transferring input files
	Transferring to host: <128.105.68.99:9618?addrs=128.105.68.99-9618+[2607-f388-2200-100-1270-fdff-fe74-d08]-9618&alias=gpu2007.chtc.wisc.edu&noUDP&sock=slot1_1_23301_698d_34>
...
040 (16798856.000.000) 2023-02-11 09:47:06 Finished transferring input files
...
001 (16798856.000.000) 2023-02-11 09:47:08 Job executing on host: <128.105.68.99:9618?addrs=128.105.68.99-9618+[2607-f388-2200-100-1270-fdff-fe74-d08]-9618&alias=gpu2007.chtc.wisc.edu&noUDP&sock=startd_12388_b751>
...
006 (16798856.000.000) 2023-02-11 09:47:16 Image size of job updated: 38908
	1  -  MemoryUsage of job (MB)
	668  -  ResidentSetSize of job (KB)
...
006 (16798856.000.000) 2023-02-11 09:52:16 Image size of job updated: 10922756
	2454  -  MemoryUsage of job (MB)
	2512324  -  ResidentSetSize of job (KB)
...
006 (16798856.000.000) 2023-02-11 09:57:16 Image size of job updated: 11934356
	2477  -  MemoryUsage of job (MB)
	2535512  -  ResidentSetSize of job (KB)
...
006 (16798856.000.000) 2023-02-11 10:02:21 Image size of job updated: 11957384
	2497  -  MemoryUsage of job (MB)
	2555952  -  ResidentSetSize of job (KB)
...
006 (16798856.000.000) 2023-02-11 10:07:17 Image size of job updated: 11977504
	2516  -  MemoryUsage of job (MB)
	2576072  -  ResidentSetSize of job (KB)
...
006 (16798856.000.000) 2023-02-11 10:12:19 Image size of job updated: 11985552
	2524  -  MemoryUsage of job (MB)
	2584120  -  ResidentSetSize of job (KB)
...
006 (16798856.000.000) 2023-02-11 10:17:19 Image size of job updated: 11999752
	2542  -  MemoryUsage of job (MB)
	2602908  -  ResidentSetSize of job (KB)
...
006 (16798856.000.000) 2023-02-11 10:22:19 Image size of job updated: 12015884
	2556  -  MemoryUsage of job (MB)
	2616760  -  ResidentSetSize of job (KB)
...
006 (16798856.000.000) 2023-02-11 10:27:20 Image size of job updated: 12028656
	2566  -  MemoryUsage of job (MB)
	2627224  -  ResidentSetSize of job (KB)
...
006 (16798856.000.000) 2023-02-11 10:32:20 Image size of job updated: 12039648
	2577  -  MemoryUsage of job (MB)
	2638216  -  ResidentSetSize of job (KB)
...
006 (16798856.000.000) 2023-02-11 10:37:21 Image size of job updated: 12045312
	2582  -  MemoryUsage of job (MB)
	2643916  -  ResidentSetSize of job (KB)
...
006 (16798856.000.000) 2023-02-11 10:42:21 Image size of job updated: 12050588
	2588  -  MemoryUsage of job (MB)
	2649232  -  ResidentSetSize of job (KB)
...
006 (16798856.000.000) 2023-02-11 10:47:22 Image size of job updated: 12066096
	2603  -  MemoryUsage of job (MB)
	2664664  -  ResidentSetSize of job (KB)
...
006 (16798856.000.000) 2023-02-11 10:52:23 Image size of job updated: 12173236
	2611  -  MemoryUsage of job (MB)
	2673500  -  ResidentSetSize of job (KB)
...
006 (16798856.000.000) 2023-02-11 10:57:23 Image size of job updated: 12176648
	2615  -  MemoryUsage of job (MB)
	2676952  -  ResidentSetSize of job (KB)
...
006 (16798856.000.000) 2023-02-11 11:02:25 Image size of job updated: 12179872
	2618  -  MemoryUsage of job (MB)
	2680136  -  ResidentSetSize of job (KB)
...
006 (16798856.000.000) 2023-02-11 11:07:25 Image size of job updated: 12321020
	2628  -  MemoryUsage of job (MB)
	2690212  -  ResidentSetSize of job (KB)
...
006 (16798856.000.000) 2023-02-11 11:12:25 Image size of job updated: 12390748
	2632  -  MemoryUsage of job (MB)
	2694404  -  ResidentSetSize of job (KB)
...
006 (16798856.000.000) 2023-02-11 11:17:26 Image size of job updated: 12392272
	2633  -  MemoryUsage of job (MB)
	2695928  -  ResidentSetSize of job (KB)
...
006 (16798856.000.000) 2023-02-11 11:27:27 Image size of job updated: 12529848
	2640  -  MemoryUsage of job (MB)
	2702432  -  ResidentSetSize of job (KB)
...
006 (16798856.000.000) 2023-02-11 11:32:27 Image size of job updated: 12797500
	2645  -  MemoryUsage of job (MB)
	2707940  -  ResidentSetSize of job (KB)
...
006 (16798856.000.000) 2023-02-11 11:37:29 Image size of job updated: 13194200
	2648  -  MemoryUsage of job (MB)
	2711488  -  ResidentSetSize of job (KB)
...
006 (16798856.000.000) 2023-02-11 11:52:30 Image size of job updated: 13201136
	2655  -  MemoryUsage of job (MB)
	2718360  -  ResidentSetSize of job (KB)
...
006 (16798856.000.000) 2023-02-11 11:57:30 Image size of job updated: 13205276
	2659  -  MemoryUsage of job (MB)
	2722500  -  ResidentSetSize of job (KB)
...
006 (16798856.000.000) 2023-02-11 12:02:31 Image size of job updated: 13468180
	2660  -  MemoryUsage of job (MB)
	2723260  -  ResidentSetSize of job (KB)
...
006 (16798856.000.000) 2023-02-11 12:07:31 Image size of job updated: 14123540
	2660  -  MemoryUsage of job (MB)
	2723260  -  ResidentSetSize of job (KB)
...
006 (16798856.000.000) 2023-02-11 12:12:33 Image size of job updated: 15827476
	2660  -  MemoryUsage of job (MB)
	2723260  -  ResidentSetSize of job (KB)
...
006 (16798856.000.000) 2023-02-11 12:17:33 Image size of job updated: 19119136
	2674  -  MemoryUsage of job (MB)
	2738120  -  ResidentSetSize of job (KB)
...
006 (16798856.000.000) 2023-02-11 12:22:33 Image size of job updated: 25934880
	2674  -  MemoryUsage of job (MB)
	2738120  -  ResidentSetSize of job (KB)
...
006 (16798856.000.000) 2023-02-11 12:27:34 Image size of job updated: 46644256
	2674  -  MemoryUsage of job (MB)
	2738120  -  ResidentSetSize of job (KB)
...
006 (16798856.000.000) 2023-02-11 12:32:34 Image size of job updated: 96725820
	2701  -  MemoryUsage of job (MB)
	2764944  -  ResidentSetSize of job (KB)
...
006 (16798856.000.000) 2023-02-11 12:37:35 Image size of job updated: 96725820
	2702  -  MemoryUsage of job (MB)
	2765968  -  ResidentSetSize of job (KB)
...
006 (16798856.000.000) 2023-02-11 12:42:35 Image size of job updated: 125158256
	2702  -  MemoryUsage of job (MB)
	2765968  -  ResidentSetSize of job (KB)
...
040 (16798856.000.000) 2023-02-11 12:59:03 Started transferring output files
...
040 (16798856.000.000) 2023-02-11 12:59:03 Finished transferring output files
...
005 (16798856.000.000) 2023-02-11 12:59:04 Job terminated.
	(1) Normal termination (return value 0)
		Usr 0 03:06:07, Sys 0 00:01:25  -  Run Remote Usage
		Usr 0 00:00:00, Sys 0 00:00:00  -  Run Local Usage
		Usr 0 03:06:07, Sys 0 00:01:25  -  Total Remote Usage
		Usr 0 00:00:00, Sys 0 00:00:00  -  Total Local Usage
	227  -  Run Bytes Sent By Job
	4698  -  Run Bytes Received By Job
	227  -  Total Bytes Sent By Job
	4698  -  Total Bytes Received By Job
	Partitionable Resources :        Usage  Request Allocated Assigned
	   Cpus                 :         1.00        1         1 
	   Disk (KB)            :  32116758    52428800  60630406 
	   Gpus (Average)       : 116695648.14        1         1 "GPU-1c850794"
	   GpusMemory (MB)      :     81397                       
	   IoHeavy              :                               0 
	   Memory (MB)          :      2702       20480     20480 

	Job terminated of its own accord at 2023-02-11T18:58:51Z with exit-code 0.
...
