000 (16798856.018.000) 2023-02-11 08:31:50 Job submitted from host: <128.105.244.191:9618?addrs=128.105.244.191-9618&alias=submit-1.chtc.wisc.edu&noUDP&sock=schedd_6485_bfc3>
...
040 (16798856.018.000) 2023-02-11 16:43:13 Started transferring input files
	Transferring to host: <128.105.68.101:9618?addrs=128.105.68.101-9618+[2607-f388-2200-100-1270-fdff-fe73-97d6]-9618&alias=gpu2009.chtc.wisc.edu&noUDP&sock=slot1_4_1877356_e2af_6905>
...
040 (16798856.018.000) 2023-02-11 16:43:14 Finished transferring input files
...
001 (16798856.018.000) 2023-02-11 16:43:14 Job executing on host: <128.105.68.101:9618?addrs=128.105.68.101-9618+[2607-f388-2200-100-1270-fdff-fe73-97d6]-9618&alias=gpu2009.chtc.wisc.edu&noUDP&sock=startd_27480_92a2>
...
006 (16798856.018.000) 2023-02-11 16:43:23 Image size of job updated: 800
	1  -  MemoryUsage of job (MB)
	664  -  ResidentSetSize of job (KB)
...
006 (16798856.018.000) 2023-02-11 16:48:24 Image size of job updated: 11866460
	2408  -  MemoryUsage of job (MB)
	2465488  -  ResidentSetSize of job (KB)
...
006 (16798856.018.000) 2023-02-11 16:53:24 Image size of job updated: 11894484
	2438  -  MemoryUsage of job (MB)
	2495760  -  ResidentSetSize of job (KB)
...
006 (16798856.018.000) 2023-02-11 16:58:25 Image size of job updated: 11917152
	2465  -  MemoryUsage of job (MB)
	2524084  -  ResidentSetSize of job (KB)
...
006 (16798856.018.000) 2023-02-11 17:03:25 Image size of job updated: 11935700
	2481  -  MemoryUsage of job (MB)
	2540188  -  ResidentSetSize of job (KB)
...
006 (16798856.018.000) 2023-02-11 17:08:26 Image size of job updated: 11946740
	2487  -  MemoryUsage of job (MB)
	2545892  -  ResidentSetSize of job (KB)
...
006 (16798856.018.000) 2023-02-11 17:13:26 Image size of job updated: 11964024
	2508  -  MemoryUsage of job (MB)
	2567820  -  ResidentSetSize of job (KB)
...
006 (16798856.018.000) 2023-02-11 17:18:27 Image size of job updated: 11977672
	2517  -  MemoryUsage of job (MB)
	2576800  -  ResidentSetSize of job (KB)
...
006 (16798856.018.000) 2023-02-11 17:23:27 Image size of job updated: 11994140
	2533  -  MemoryUsage of job (MB)
	2593180  -  ResidentSetSize of job (KB)
...
006 (16798856.018.000) 2023-02-11 17:28:29 Image size of job updated: 12003432
	2542  -  MemoryUsage of job (MB)
	2602472  -  ResidentSetSize of job (KB)
...
006 (16798856.018.000) 2023-02-11 17:33:29 Image size of job updated: 12011740
	2550  -  MemoryUsage of job (MB)
	2610780  -  ResidentSetSize of job (KB)
...
006 (16798856.018.000) 2023-02-11 17:38:29 Image size of job updated: 12014620
	2553  -  MemoryUsage of job (MB)
	2613816  -  ResidentSetSize of job (KB)
...
006 (16798856.018.000) 2023-02-11 17:43:30 Image size of job updated: 12054928
	2560  -  MemoryUsage of job (MB)
	2621240  -  ResidentSetSize of job (KB)
...
006 (16798856.018.000) 2023-02-11 17:48:30 Image size of job updated: 12131000
	2571  -  MemoryUsage of job (MB)
	2631752  -  ResidentSetSize of job (KB)
...
006 (16798856.018.000) 2023-02-11 17:53:31 Image size of job updated: 12136176
	2576  -  MemoryUsage of job (MB)
	2636912  -  ResidentSetSize of job (KB)
...
006 (16798856.018.000) 2023-02-11 17:58:31 Image size of job updated: 12207496
	2581  -  MemoryUsage of job (MB)
	2642700  -  ResidentSetSize of job (KB)
...
006 (16798856.018.000) 2023-02-11 18:03:32 Image size of job updated: 12344404
	2587  -  MemoryUsage of job (MB)
	2648536  -  ResidentSetSize of job (KB)
...
006 (16798856.018.000) 2023-02-11 18:08:32 Image size of job updated: 12345348
	2588  -  MemoryUsage of job (MB)
	2649560  -  ResidentSetSize of job (KB)
...
006 (16798856.018.000) 2023-02-11 18:13:33 Image size of job updated: 12351860
	2594  -  MemoryUsage of job (MB)
	2655992  -  ResidentSetSize of job (KB)
...
006 (16798856.018.000) 2023-02-11 18:18:33 Image size of job updated: 12420304
	2597  -  MemoryUsage of job (MB)
	2658900  -  ResidentSetSize of job (KB)
...
006 (16798856.018.000) 2023-02-11 18:23:34 Image size of job updated: 12753164
	2602  -  MemoryUsage of job (MB)
	2664080  -  ResidentSetSize of job (KB)
...
006 (16798856.018.000) 2023-02-11 18:28:34 Image size of job updated: 13146380
	2602  -  MemoryUsage of job (MB)
	2664080  -  ResidentSetSize of job (KB)
...
006 (16798856.018.000) 2023-02-11 18:33:34 Image size of job updated: 13147152
	2603  -  MemoryUsage of job (MB)
	2665120  -  ResidentSetSize of job (KB)
...
006 (16798856.018.000) 2023-02-11 18:38:35 Image size of job updated: 13150212
	2606  -  MemoryUsage of job (MB)
	2667912  -  ResidentSetSize of job (KB)
...
006 (16798856.018.000) 2023-02-11 18:43:35 Image size of job updated: 13154804
	2610  -  MemoryUsage of job (MB)
	2672580  -  ResidentSetSize of job (KB)
...
006 (16798856.018.000) 2023-02-11 18:48:36 Image size of job updated: 13158848
	2614  -  MemoryUsage of job (MB)
	2676548  -  ResidentSetSize of job (KB)
...
006 (16798856.018.000) 2023-02-11 18:53:36 Image size of job updated: 13554888
	2618  -  MemoryUsage of job (MB)
	2680000  -  ResidentSetSize of job (KB)
...
006 (16798856.018.000) 2023-02-11 18:58:37 Image size of job updated: 14346624
	2622  -  MemoryUsage of job (MB)
	2684676  -  ResidentSetSize of job (KB)
...
006 (16798856.018.000) 2023-02-11 19:03:37 Image size of job updated: 16187004
	2627  -  MemoryUsage of job (MB)
	2690048  -  ResidentSetSize of job (KB)
...
006 (16798856.018.000) 2023-02-11 19:08:38 Image size of job updated: 20910852
	2633  -  MemoryUsage of job (MB)
	2695304  -  ResidentSetSize of job (KB)
...
006 (16798856.018.000) 2023-02-11 19:13:38 Image size of job updated: 33957832
	2638  -  MemoryUsage of job (MB)
	2700620  -  ResidentSetSize of job (KB)
...
006 (16798856.018.000) 2023-02-11 19:18:40 Image size of job updated: 81481456
	2648  -  MemoryUsage of job (MB)
	2710644  -  ResidentSetSize of job (KB)
...
006 (16798856.018.000) 2023-02-11 19:23:40 Image size of job updated: 98398252
	2648  -  MemoryUsage of job (MB)
	2710644  -  ResidentSetSize of job (KB)
...
040 (16798856.018.000) 2023-02-11 19:44:25 Started transferring output files
...
040 (16798856.018.000) 2023-02-11 19:44:27 Finished transferring output files
...
005 (16798856.018.000) 2023-02-11 19:44:31 Job terminated.
	(1) Normal termination (return value 0)
		Usr 0 02:57:10, Sys 0 00:01:02  -  Run Remote Usage
		Usr 0 00:00:00, Sys 0 00:00:00  -  Run Local Usage
		Usr 0 02:57:10, Sys 0 00:01:02  -  Total Remote Usage
		Usr 0 00:00:00, Sys 0 00:00:00  -  Total Local Usage
	206  -  Run Bytes Sent By Job
	4698  -  Run Bytes Received By Job
	206  -  Total Bytes Sent By Job
	4698  -  Total Bytes Received By Job
	Partitionable Resources :        Usage  Request Allocated Assigned
	   Cpus                 :         1.00        1         1 
	   Disk (KB)            :  32203634    52428800  55919702 
	   Gpus (Average)       : 115932882.31        1         1 "GPU-b856f6ff"
	   GpusMemory (MB)      :     81463                       
	   IoHeavy              :                               0 
	   Memory (MB)          :      2648       20480     20480 

	Job terminated of its own accord at 2023-02-12T01:44:17Z with exit-code 0.
...
