000 (16798856.001.000) 2023-02-11 08:31:50 Job submitted from host: <128.105.244.191:9618?addrs=128.105.244.191-9618&alias=submit-1.chtc.wisc.edu&noUDP&sock=schedd_6485_bfc3>
...
040 (16798856.001.000) 2023-02-11 09:47:10 Started transferring input files
	Transferring to host: <128.105.68.99:9618?addrs=128.105.68.99-9618+[2607-f388-2200-100-1270-fdff-fe74-d08]-9618&alias=gpu2007.chtc.wisc.edu&noUDP&sock=slot1_2_23301_698d_35>
...
040 (16798856.001.000) 2023-02-11 09:47:11 Finished transferring input files
...
001 (16798856.001.000) 2023-02-11 09:47:15 Job executing on host: <128.105.68.99:9618?addrs=128.105.68.99-9618+[2607-f388-2200-100-1270-fdff-fe74-d08]-9618&alias=gpu2007.chtc.wisc.edu&noUDP&sock=startd_12388_b751>
...
006 (16798856.001.000) 2023-02-11 09:47:23 Image size of job updated: 38908
	1  -  MemoryUsage of job (MB)
	668  -  ResidentSetSize of job (KB)
...
006 (16798856.001.000) 2023-02-11 09:52:23 Image size of job updated: 11900944
	2442  -  MemoryUsage of job (MB)
	2500300  -  ResidentSetSize of job (KB)
...
006 (16798856.001.000) 2023-02-11 09:57:23 Image size of job updated: 11923660
	2464  -  MemoryUsage of job (MB)
	2522932  -  ResidentSetSize of job (KB)
...
006 (16798856.001.000) 2023-02-11 10:02:24 Image size of job updated: 11943560
	2484  -  MemoryUsage of job (MB)
	2542832  -  ResidentSetSize of job (KB)
...
006 (16798856.001.000) 2023-02-11 10:07:24 Image size of job updated: 11963520
	2503  -  MemoryUsage of job (MB)
	2562792  -  ResidentSetSize of job (KB)
...
006 (16798856.001.000) 2023-02-11 10:12:25 Image size of job updated: 11977084
	2516  -  MemoryUsage of job (MB)
	2576356  -  ResidentSetSize of job (KB)
...
006 (16798856.001.000) 2023-02-11 10:17:41 Image size of job updated: 11997216
	2536  -  MemoryUsage of job (MB)
	2596488  -  ResidentSetSize of job (KB)
...
006 (16798856.001.000) 2023-02-11 10:22:26 Image size of job updated: 12008136
	2547  -  MemoryUsage of job (MB)
	2607516  -  ResidentSetSize of job (KB)
...
006 (16798856.001.000) 2023-02-11 10:27:27 Image size of job updated: 12014156
	2555  -  MemoryUsage of job (MB)
	2616072  -  ResidentSetSize of job (KB)
...
006 (16798856.001.000) 2023-02-11 10:32:27 Image size of job updated: 12023988
	2562  -  MemoryUsage of job (MB)
	2623312  -  ResidentSetSize of job (KB)
...
006 (16798856.001.000) 2023-02-11 10:37:27 Image size of job updated: 12036828
	2575  -  MemoryUsage of job (MB)
	2636128  -  ResidentSetSize of job (KB)
...
006 (16798856.001.000) 2023-02-11 10:42:28 Image size of job updated: 12040648
	2581  -  MemoryUsage of job (MB)
	2642088  -  ResidentSetSize of job (KB)
...
006 (16798856.001.000) 2023-02-11 10:47:28 Image size of job updated: 12053008
	2591  -  MemoryUsage of job (MB)
	2652284  -  ResidentSetSize of job (KB)
...
006 (16798856.001.000) 2023-02-11 10:52:29 Image size of job updated: 12160372
	2599  -  MemoryUsage of job (MB)
	2661344  -  ResidentSetSize of job (KB)
...
006 (16798856.001.000) 2023-02-11 11:02:30 Image size of job updated: 12167828
	2607  -  MemoryUsage of job (MB)
	2668904  -  ResidentSetSize of job (KB)
...
006 (16798856.001.000) 2023-02-11 11:07:30 Image size of job updated: 12301572
	2609  -  MemoryUsage of job (MB)
	2671472  -  ResidentSetSize of job (KB)
...
006 (16798856.001.000) 2023-02-11 11:12:32 Image size of job updated: 12375836
	2618  -  MemoryUsage of job (MB)
	2680200  -  ResidentSetSize of job (KB)
...
006 (16798856.001.000) 2023-02-11 11:17:32 Image size of job updated: 12375836
	2618  -  MemoryUsage of job (MB)
	2680408  -  ResidentSetSize of job (KB)
...
006 (16798856.001.000) 2023-02-11 11:22:32 Image size of job updated: 12382612
	2624  -  MemoryUsage of job (MB)
	2686976  -  ResidentSetSize of job (KB)
...
006 (16798856.001.000) 2023-02-11 11:27:33 Image size of job updated: 12518828
	2630  -  MemoryUsage of job (MB)
	2692120  -  ResidentSetSize of job (KB)
...
006 (16798856.001.000) 2023-02-11 11:32:33 Image size of job updated: 12784356
	2633  -  MemoryUsage of job (MB)
	2695504  -  ResidentSetSize of job (KB)
...
006 (16798856.001.000) 2023-02-11 11:37:34 Image size of job updated: 13181288
	2636  -  MemoryUsage of job (MB)
	2699220  -  ResidentSetSize of job (KB)
...
006 (16798856.001.000) 2023-02-11 11:47:35 Image size of job updated: 13183048
	2638  -  MemoryUsage of job (MB)
	2700980  -  ResidentSetSize of job (KB)
...
006 (16798856.001.000) 2023-02-11 11:52:35 Image size of job updated: 13185548
	2641  -  MemoryUsage of job (MB)
	2703480  -  ResidentSetSize of job (KB)
...
006 (16798856.001.000) 2023-02-11 11:57:35 Image size of job updated: 13190988
	2646  -  MemoryUsage of job (MB)
	2708920  -  ResidentSetSize of job (KB)
...
006 (16798856.001.000) 2023-02-11 12:02:36 Image size of job updated: 13454476
	2647  -  MemoryUsage of job (MB)
	2710272  -  ResidentSetSize of job (KB)
...
006 (16798856.001.000) 2023-02-11 12:07:36 Image size of job updated: 13850760
	2650  -  MemoryUsage of job (MB)
	2713332  -  ResidentSetSize of job (KB)
...
006 (16798856.001.000) 2023-02-11 12:12:37 Image size of job updated: 14839864
	2656  -  MemoryUsage of job (MB)
	2719396  -  ResidentSetSize of job (KB)
...
006 (16798856.001.000) 2023-02-11 12:17:37 Image size of job updated: 17204516
	2661  -  MemoryUsage of job (MB)
	2724752  -  ResidentSetSize of job (KB)
...
006 (16798856.001.000) 2023-02-11 12:22:38 Image size of job updated: 21726500
	2661  -  MemoryUsage of job (MB)
	2724752  -  ResidentSetSize of job (KB)
...
006 (16798856.001.000) 2023-02-11 12:27:38 Image size of job updated: 31558252
	2663  -  MemoryUsage of job (MB)
	2726116  -  ResidentSetSize of job (KB)
...
006 (16798856.001.000) 2023-02-11 12:32:38 Image size of job updated: 64615556
	2689  -  MemoryUsage of job (MB)
	2753348  -  ResidentSetSize of job (KB)
...
006 (16798856.001.000) 2023-02-11 12:37:39 Image size of job updated: 98432132
	2696  -  MemoryUsage of job (MB)
	2760128  -  ResidentSetSize of job (KB)
...
006 (16798856.001.000) 2023-02-11 12:47:40 Image size of job updated: 110563108
	2712  -  MemoryUsage of job (MB)
	2777076  -  ResidentSetSize of job (KB)
...
040 (16798856.001.000) 2023-02-11 13:05:04 Started transferring output files
...
040 (16798856.001.000) 2023-02-11 13:05:04 Finished transferring output files
...
005 (16798856.001.000) 2023-02-11 13:05:04 Job terminated.
	(1) Normal termination (return value 0)
		Usr 0 03:12:19, Sys 0 00:01:15  -  Run Remote Usage
		Usr 0 00:00:00, Sys 0 00:00:00  -  Run Local Usage
		Usr 0 03:12:19, Sys 0 00:01:15  -  Total Remote Usage
		Usr 0 00:00:00, Sys 0 00:00:00  -  Total Local Usage
	206  -  Run Bytes Sent By Job
	4698  -  Run Bytes Received By Job
	206  -  Total Bytes Sent By Job
	4698  -  Total Bytes Received By Job
	Partitionable Resources :       Usage  Request Allocated Assigned
	   Cpus                 :        1.01        1         1 
	   Disk (KB)            : 31630930    52428800  60630406 
	   Gpus (Average)       :                    1         1 "GPU-36175dcc"
	   GpusMemory (MB)      :    81397                       
	   IoHeavy              :                              0 
	   Memory (MB)          :     2712       20480     20480 

	Job terminated of its own accord at 2023-02-11T19:05:02Z with exit-code 0.
...
