000 (16798856.017.000) 2023-02-11 08:31:50 Job submitted from host: <128.105.244.191:9618?addrs=128.105.244.191-9618&alias=submit-1.chtc.wisc.edu&noUDP&sock=schedd_6485_bfc3>
...
040 (16798856.017.000) 2023-02-11 16:18:23 Entered queue to transfer input files
	Transferring to host: <128.105.68.99:9618?addrs=128.105.68.99-9618+[2607-f388-2200-100-1270-fdff-fe74-d08]-9618&alias=gpu2007.chtc.wisc.edu&noUDP&sock=slot1_4_245698_37c0_34>
...
040 (16798856.017.000) 2023-02-11 16:21:21 Started transferring input files
	Seconds spent in queue: 178
...
040 (16798856.017.000) 2023-02-11 16:21:21 Finished transferring input files
...
001 (16798856.017.000) 2023-02-11 16:21:22 Job executing on host: <128.105.68.99:9618?addrs=128.105.68.99-9618+[2607-f388-2200-100-1270-fdff-fe74-d08]-9618&alias=gpu2007.chtc.wisc.edu&noUDP&sock=startd_12388_b751>
...
006 (16798856.017.000) 2023-02-11 16:21:31 Image size of job updated: 38908
	1  -  MemoryUsage of job (MB)
	664  -  ResidentSetSize of job (KB)
...
006 (16798856.017.000) 2023-02-11 16:26:32 Image size of job updated: 11888912
	2430  -  MemoryUsage of job (MB)
	2487316  -  ResidentSetSize of job (KB)
...
006 (16798856.017.000) 2023-02-11 16:31:32 Image size of job updated: 11901796
	2447  -  MemoryUsage of job (MB)
	2505452  -  ResidentSetSize of job (KB)
...
006 (16798856.017.000) 2023-02-11 16:36:32 Image size of job updated: 11931984
	2472  -  MemoryUsage of job (MB)
	2530388  -  ResidentSetSize of job (KB)
...
006 (16798856.017.000) 2023-02-11 16:41:33 Image size of job updated: 11944956
	2484  -  MemoryUsage of job (MB)
	2543364  -  ResidentSetSize of job (KB)
...
006 (16798856.017.000) 2023-02-11 16:46:33 Image size of job updated: 11956148
	2495  -  MemoryUsage of job (MB)
	2554592  -  ResidentSetSize of job (KB)
...
006 (16798856.017.000) 2023-02-11 16:51:34 Image size of job updated: 11973892
	2513  -  MemoryUsage of job (MB)
	2572300  -  ResidentSetSize of job (KB)
...
006 (16798856.017.000) 2023-02-11 16:56:34 Image size of job updated: 11985836
	2524  -  MemoryUsage of job (MB)
	2584336  -  ResidentSetSize of job (KB)
...
006 (16798856.017.000) 2023-02-11 17:01:34 Image size of job updated: 11999756
	2538  -  MemoryUsage of job (MB)
	2598168  -  ResidentSetSize of job (KB)
...
006 (16798856.017.000) 2023-02-11 17:06:35 Image size of job updated: 12003080
	2541  -  MemoryUsage of job (MB)
	2601552  -  ResidentSetSize of job (KB)
...
006 (16798856.017.000) 2023-02-11 17:11:35 Image size of job updated: 12014544
	2552  -  MemoryUsage of job (MB)
	2613156  -  ResidentSetSize of job (KB)
...
006 (16798856.017.000) 2023-02-11 17:16:36 Image size of job updated: 12024780
	2562  -  MemoryUsage of job (MB)
	2623192  -  ResidentSetSize of job (KB)
...
006 (16798856.017.000) 2023-02-11 17:21:36 Image size of job updated: 12064512
	2569  -  MemoryUsage of job (MB)
	2630156  -  ResidentSetSize of job (KB)
...
006 (16798856.017.000) 2023-02-11 17:26:37 Image size of job updated: 12133916
	2573  -  MemoryUsage of job (MB)
	2634024  -  ResidentSetSize of job (KB)
...
006 (16798856.017.000) 2023-02-11 17:31:37 Image size of job updated: 12139620
	2578  -  MemoryUsage of job (MB)
	2639728  -  ResidentSetSize of job (KB)
...
006 (16798856.017.000) 2023-02-11 17:36:39 Image size of job updated: 12281704
	2589  -  MemoryUsage of job (MB)
	2650740  -  ResidentSetSize of job (KB)
...
006 (16798856.017.000) 2023-02-11 17:41:39 Image size of job updated: 12348392
	2590  -  MemoryUsage of job (MB)
	2651892  -  ResidentSetSize of job (KB)
...
006 (16798856.017.000) 2023-02-11 17:46:39 Image size of job updated: 12350116
	2592  -  MemoryUsage of job (MB)
	2653616  -  ResidentSetSize of job (KB)
...
006 (16798856.017.000) 2023-02-11 17:51:40 Image size of job updated: 12357016
	2599  -  MemoryUsage of job (MB)
	2660516  -  ResidentSetSize of job (KB)
...
006 (16798856.017.000) 2023-02-11 17:56:40 Image size of job updated: 12424184
	2600  -  MemoryUsage of job (MB)
	2662272  -  ResidentSetSize of job (KB)
...
006 (16798856.017.000) 2023-02-11 18:01:41 Image size of job updated: 12759444
	2608  -  MemoryUsage of job (MB)
	2669848  -  ResidentSetSize of job (KB)
...
006 (16798856.017.000) 2023-02-11 18:06:41 Image size of job updated: 13157668
	2613  -  MemoryUsage of job (MB)
	2674760  -  ResidentSetSize of job (KB)
...
006 (16798856.017.000) 2023-02-11 18:21:43 Image size of job updated: 13160960
	2616  -  MemoryUsage of job (MB)
	2678044  -  ResidentSetSize of job (KB)
...
006 (16798856.017.000) 2023-02-11 18:26:44 Image size of job updated: 13163316
	2618  -  MemoryUsage of job (MB)
	2680384  -  ResidentSetSize of job (KB)
...
006 (16798856.017.000) 2023-02-11 18:31:44 Image size of job updated: 13426972
	2620  -  MemoryUsage of job (MB)
	2681904  -  ResidentSetSize of job (KB)
...
006 (16798856.017.000) 2023-02-11 18:36:45 Image size of job updated: 13951260
	2620  -  MemoryUsage of job (MB)
	2681904  -  ResidentSetSize of job (KB)
...
006 (16798856.017.000) 2023-02-11 18:41:45 Image size of job updated: 15203760
	2627  -  MemoryUsage of job (MB)
	2689232  -  ResidentSetSize of job (KB)
...
006 (16798856.017.000) 2023-02-11 18:46:46 Image size of job updated: 18289564
	2632  -  MemoryUsage of job (MB)
	2694824  -  ResidentSetSize of job (KB)
...
006 (16798856.017.000) 2023-02-11 18:51:46 Image size of job updated: 24908700
	2632  -  MemoryUsage of job (MB)
	2694824  -  ResidentSetSize of job (KB)
...
006 (16798856.017.000) 2023-02-11 18:56:46 Image size of job updated: 45559380
	2639  -  MemoryUsage of job (MB)
	2701664  -  ResidentSetSize of job (KB)
...
006 (16798856.017.000) 2023-02-11 19:01:47 Image size of job updated: 98403664
	2664  -  MemoryUsage of job (MB)
	2727272  -  ResidentSetSize of job (KB)
...
006 (16798856.017.000) 2023-02-11 19:06:47 Image size of job updated: 98403664
	2684  -  MemoryUsage of job (MB)
	2748148  -  ResidentSetSize of job (KB)
...
006 (16798856.017.000) 2023-02-11 19:11:48 Image size of job updated: 106067664
	2684  -  MemoryUsage of job (MB)
	2748148  -  ResidentSetSize of job (KB)
...
006 (16798856.017.000) 2023-02-11 19:16:48 Image size of job updated: 108036968
	2684  -  MemoryUsage of job (MB)
	2748148  -  ResidentSetSize of job (KB)
...
040 (16798856.017.000) 2023-02-11 19:30:41 Started transferring output files
	Seconds spent in queue: 11538
...
040 (16798856.017.000) 2023-02-11 19:30:41 Finished transferring output files
...
005 (16798856.017.000) 2023-02-11 19:30:58 Job terminated.
	(1) Normal termination (return value 0)
		Usr 0 03:06:50, Sys 0 00:01:17  -  Run Remote Usage
		Usr 0 00:00:00, Sys 0 00:00:00  -  Run Local Usage
		Usr 0 03:06:50, Sys 0 00:01:17  -  Total Remote Usage
		Usr 0 00:00:00, Sys 0 00:00:00  -  Total Local Usage
	206  -  Run Bytes Sent By Job
	4698  -  Run Bytes Received By Job
	206  -  Total Bytes Sent By Job
	4698  -  Total Bytes Received By Job
	Partitionable Resources :       Usage  Request Allocated Assigned
	   Cpus                 :        1.01        1         1 
	   Disk (KB)            : 31007836    52428800  60630406 
	   Gpus (Average)       :                    1         1 "GPU-c88dc69f"
	   GpusMemory (MB)      :    81685                       
	   IoHeavy              :                              0 
	   Memory (MB)          :     2684       20480     20480 

	Job terminated of its own accord at 2023-02-12T01:30:41Z with exit-code 0.
...
