000 (16798856.016.000) 2023-02-11 08:31:50 Job submitted from host: <128.105.244.191:9618?addrs=128.105.244.191-9618&alias=submit-1.chtc.wisc.edu&noUDP&sock=schedd_6485_bfc3>
...
040 (16798856.016.000) 2023-02-11 16:18:20 Entered queue to transfer input files
	Transferring to host: <128.105.68.99:9618?addrs=128.105.68.99-9618+[2607-f388-2200-100-1270-fdff-fe74-d08]-9618&alias=gpu2007.chtc.wisc.edu&noUDP&sock=slot1_3_245698_37c0_33>
...
040 (16798856.016.000) 2023-02-11 16:21:19 Started transferring input files
	Seconds spent in queue: 179
...
040 (16798856.016.000) 2023-02-11 16:21:20 Finished transferring input files
...
001 (16798856.016.000) 2023-02-11 16:21:21 Job executing on host: <128.105.68.99:9618?addrs=128.105.68.99-9618+[2607-f388-2200-100-1270-fdff-fe74-d08]-9618&alias=gpu2007.chtc.wisc.edu&noUDP&sock=startd_12388_b751>
...
006 (16798856.016.000) 2023-02-11 16:21:30 Image size of job updated: 62112
	1  -  MemoryUsage of job (MB)
	668  -  ResidentSetSize of job (KB)
...
006 (16798856.016.000) 2023-02-11 16:26:32 Image size of job updated: 11880936
	2422  -  MemoryUsage of job (MB)
	2479740  -  ResidentSetSize of job (KB)
...
006 (16798856.016.000) 2023-02-11 16:31:32 Image size of job updated: 11903700
	2444  -  MemoryUsage of job (MB)
	2502504  -  ResidentSetSize of job (KB)
...
006 (16798856.016.000) 2023-02-11 16:36:32 Image size of job updated: 11929284
	2469  -  MemoryUsage of job (MB)
	2528092  -  ResidentSetSize of job (KB)
...
006 (16798856.016.000) 2023-02-11 16:41:33 Image size of job updated: 11941068
	2481  -  MemoryUsage of job (MB)
	2539988  -  ResidentSetSize of job (KB)
...
006 (16798856.016.000) 2023-02-11 16:46:33 Image size of job updated: 11951828
	2491  -  MemoryUsage of job (MB)
	2550648  -  ResidentSetSize of job (KB)
...
006 (16798856.016.000) 2023-02-11 16:51:34 Image size of job updated: 11966700
	2506  -  MemoryUsage of job (MB)
	2565508  -  ResidentSetSize of job (KB)
...
006 (16798856.016.000) 2023-02-11 16:56:34 Image size of job updated: 11982276
	2521  -  MemoryUsage of job (MB)
	2581084  -  ResidentSetSize of job (KB)
...
006 (16798856.016.000) 2023-02-11 17:01:36 Image size of job updated: 11992300
	2531  -  MemoryUsage of job (MB)
	2591108  -  ResidentSetSize of job (KB)
...
006 (16798856.016.000) 2023-02-11 17:06:36 Image size of job updated: 11997196
	2536  -  MemoryUsage of job (MB)
	2596080  -  ResidentSetSize of job (KB)
...
006 (16798856.016.000) 2023-02-11 17:11:36 Image size of job updated: 12010596
	2549  -  MemoryUsage of job (MB)
	2609404  -  ResidentSetSize of job (KB)
...
006 (16798856.016.000) 2023-02-11 17:16:37 Image size of job updated: 12018456
	2557  -  MemoryUsage of job (MB)
	2617384  -  ResidentSetSize of job (KB)
...
006 (16798856.016.000) 2023-02-11 17:21:37 Image size of job updated: 12060100
	2565  -  MemoryUsage of job (MB)
	2626192  -  ResidentSetSize of job (KB)
...
006 (16798856.016.000) 2023-02-11 17:26:38 Image size of job updated: 12131452
	2571  -  MemoryUsage of job (MB)
	2631956  -  ResidentSetSize of job (KB)
...
006 (16798856.016.000) 2023-02-11 17:31:38 Image size of job updated: 12137256
	2576  -  MemoryUsage of job (MB)
	2637808  -  ResidentSetSize of job (KB)
...
006 (16798856.016.000) 2023-02-11 17:36:39 Image size of job updated: 12213440
	2587  -  MemoryUsage of job (MB)
	2648512  -  ResidentSetSize of job (KB)
...
006 (16798856.016.000) 2023-02-11 17:41:39 Image size of job updated: 12347580
	2590  -  MemoryUsage of job (MB)
	2651476  -  ResidentSetSize of job (KB)
...
006 (16798856.016.000) 2023-02-11 17:56:41 Image size of job updated: 12422360
	2599  -  MemoryUsage of job (MB)
	2660720  -  ResidentSetSize of job (KB)
...
006 (16798856.016.000) 2023-02-11 18:01:42 Image size of job updated: 12753044
	2602  -  MemoryUsage of job (MB)
	2663724  -  ResidentSetSize of job (KB)
...
006 (16798856.016.000) 2023-02-11 18:06:42 Image size of job updated: 13147280
	2603  -  MemoryUsage of job (MB)
	2664748  -  ResidentSetSize of job (KB)
...
006 (16798856.016.000) 2023-02-11 18:16:43 Image size of job updated: 13153036
	2608  -  MemoryUsage of job (MB)
	2670580  -  ResidentSetSize of job (KB)
...
006 (16798856.016.000) 2023-02-11 18:21:45 Image size of job updated: 13155484
	2611  -  MemoryUsage of job (MB)
	2672952  -  ResidentSetSize of job (KB)
...
006 (16798856.016.000) 2023-02-11 18:26:45 Image size of job updated: 13160552
	2616  -  MemoryUsage of job (MB)
	2678020  -  ResidentSetSize of job (KB)
...
006 (16798856.016.000) 2023-02-11 18:31:45 Image size of job updated: 13684840
	2616  -  MemoryUsage of job (MB)
	2678032  -  ResidentSetSize of job (KB)
...
006 (16798856.016.000) 2023-02-11 18:36:46 Image size of job updated: 14605732
	2619  -  MemoryUsage of job (MB)
	2681440  -  ResidentSetSize of job (KB)
...
006 (16798856.016.000) 2023-02-11 18:41:46 Image size of job updated: 17367080
	2628  -  MemoryUsage of job (MB)
	2690244  -  ResidentSetSize of job (KB)
...
006 (16798856.016.000) 2023-02-11 18:46:47 Image size of job updated: 23273240
	2635  -  MemoryUsage of job (MB)
	2698164  -  ResidentSetSize of job (KB)
...
006 (16798856.016.000) 2023-02-11 18:51:47 Image size of job updated: 37167664
	2636  -  MemoryUsage of job (MB)
	2698956  -  ResidentSetSize of job (KB)
...
006 (16798856.016.000) 2023-02-11 18:56:49 Image size of job updated: 81476204
	2642  -  MemoryUsage of job (MB)
	2705160  -  ResidentSetSize of job (KB)
...
006 (16798856.016.000) 2023-02-11 19:01:49 Image size of job updated: 98392284
	2658  -  MemoryUsage of job (MB)
	2721412  -  ResidentSetSize of job (KB)
...
006 (16798856.016.000) 2023-02-11 19:06:49 Image size of job updated: 98392284
	2679  -  MemoryUsage of job (MB)
	2743140  -  ResidentSetSize of job (KB)
...
006 (16798856.016.000) 2023-02-11 19:11:50 Image size of job updated: 109647620
	2679  -  MemoryUsage of job (MB)
	2743140  -  ResidentSetSize of job (KB)
...
040 (16798856.016.000) 2023-02-11 19:27:11 Started transferring output files
	Seconds spent in queue: 11331
...
040 (16798856.016.000) 2023-02-11 19:27:11 Finished transferring output files
...
005 (16798856.016.000) 2023-02-11 19:27:11 Job terminated.
	(1) Normal termination (return value 0)
		Usr 0 03:03:20, Sys 0 00:01:17  -  Run Remote Usage
		Usr 0 00:00:00, Sys 0 00:00:00  -  Run Local Usage
		Usr 0 03:03:20, Sys 0 00:01:17  -  Total Remote Usage
		Usr 0 00:00:00, Sys 0 00:00:00  -  Total Local Usage
	206  -  Run Bytes Sent By Job
	4698  -  Run Bytes Received By Job
	206  -  Total Bytes Sent By Job
	4698  -  Total Bytes Received By Job
	Partitionable Resources :       Usage  Request Allocated Assigned
	   Cpus                 :        1.01        1         1 
	   Disk (KB)            : 32440504    52428800  60630406 
	   Gpus (Average)       :                    1         1 "GPU-bd87f4bc"
	   GpusMemory (MB)      :    81595                       
	   IoHeavy              :                              0 
	   Memory (MB)          :     2679       20480     20480 

	Job terminated of its own accord at 2023-02-12T01:27:11Z with exit-code 0.
...
