000 (16798856.009.000) 2023-02-11 08:31:50 Job submitted from host: <128.105.244.191:9618?addrs=128.105.244.191-9618&alias=submit-1.chtc.wisc.edu&noUDP&sock=schedd_6485_bfc3>
...
040 (16798856.009.000) 2023-02-11 13:35:58 Started transferring input files
	Transferring to host: <128.105.68.101:9618?addrs=128.105.68.101-9618+[2607-f388-2200-100-1270-fdff-fe73-97d6]-9618&alias=gpu2009.chtc.wisc.edu&noUDP&sock=slot1_4_1877356_e2af_6534>
...
040 (16798856.009.000) 2023-02-11 13:35:58 Finished transferring input files
...
001 (16798856.009.000) 2023-02-11 13:35:59 Job executing on host: <128.105.68.101:9618?addrs=128.105.68.101-9618+[2607-f388-2200-100-1270-fdff-fe73-97d6]-9618&alias=gpu2009.chtc.wisc.edu&noUDP&sock=startd_27480_92a2>
...
006 (16798856.009.000) 2023-02-11 13:36:08 Image size of job updated: 38908
	1  -  MemoryUsage of job (MB)
	668  -  ResidentSetSize of job (KB)
...
006 (16798856.009.000) 2023-02-11 13:41:09 Image size of job updated: 11915772
	2456  -  MemoryUsage of job (MB)
	2514040  -  ResidentSetSize of job (KB)
...
006 (16798856.009.000) 2023-02-11 13:46:09 Image size of job updated: 11941464
	2481  -  MemoryUsage of job (MB)
	2539688  -  ResidentSetSize of job (KB)
...
006 (16798856.009.000) 2023-02-11 13:54:05 Image size of job updated: 11962320
	2501  -  MemoryUsage of job (MB)
	2560548  -  ResidentSetSize of job (KB)
...
006 (16798856.009.000) 2023-02-11 14:02:53 Image size of job updated: 11993688
	2532  -  MemoryUsage of job (MB)
	2592020  -  ResidentSetSize of job (KB)
...
006 (16798856.009.000) 2023-02-11 14:09:56 Image size of job updated: 12021856
	2559  -  MemoryUsage of job (MB)
	2620192  -  ResidentSetSize of job (KB)
...
006 (16798856.009.000) 2023-02-11 14:14:56 Image size of job updated: 12037856
	2575  -  MemoryUsage of job (MB)
	2636088  -  ResidentSetSize of job (KB)
...
006 (16798856.009.000) 2023-02-11 14:19:57 Image size of job updated: 12041704
	2579  -  MemoryUsage of job (MB)
	2639936  -  ResidentSetSize of job (KB)
...
006 (16798856.009.000) 2023-02-11 14:24:57 Image size of job updated: 12043116
	2580  -  MemoryUsage of job (MB)
	2641348  -  ResidentSetSize of job (KB)
...
006 (16798856.009.000) 2023-02-11 14:29:58 Image size of job updated: 12056316
	2593  -  MemoryUsage of job (MB)
	2654548  -  ResidentSetSize of job (KB)
...
006 (16798856.009.000) 2023-02-11 14:34:58 Image size of job updated: 12069436
	2606  -  MemoryUsage of job (MB)
	2667668  -  ResidentSetSize of job (KB)
...
006 (16798856.009.000) 2023-02-11 14:39:59 Image size of job updated: 12173556
	2611  -  MemoryUsage of job (MB)
	2673484  -  ResidentSetSize of job (KB)
...
006 (16798856.009.000) 2023-02-11 14:44:59 Image size of job updated: 12181248
	2619  -  MemoryUsage of job (MB)
	2681596  -  ResidentSetSize of job (KB)
...
006 (16798856.009.000) 2023-02-11 14:50:00 Image size of job updated: 12250744
	2623  -  MemoryUsage of job (MB)
	2685184  -  ResidentSetSize of job (KB)
...
006 (16798856.009.000) 2023-02-11 14:55:00 Image size of job updated: 12387400
	2628  -  MemoryUsage of job (MB)
	2690812  -  ResidentSetSize of job (KB)
...
006 (16798856.009.000) 2023-02-11 15:05:01 Image size of job updated: 12391924
	2633  -  MemoryUsage of job (MB)
	2695336  -  ResidentSetSize of job (KB)
...
006 (16798856.009.000) 2023-02-11 15:10:02 Image size of job updated: 12460096
	2635  -  MemoryUsage of job (MB)
	2697952  -  ResidentSetSize of job (KB)
...
006 (16798856.009.000) 2023-02-11 15:15:02 Image size of job updated: 12790392
	2638  -  MemoryUsage of job (MB)
	2700496  -  ResidentSetSize of job (KB)
...
006 (16798856.009.000) 2023-02-11 15:20:03 Image size of job updated: 13189616
	2644  -  MemoryUsage of job (MB)
	2706504  -  ResidentSetSize of job (KB)
...
006 (16798856.009.000) 2023-02-11 15:30:03 Image size of job updated: 13192564
	2646  -  MemoryUsage of job (MB)
	2709468  -  ResidentSetSize of job (KB)
...
006 (16798856.009.000) 2023-02-11 15:40:04 Image size of job updated: 13199124
	2653  -  MemoryUsage of job (MB)
	2716028  -  ResidentSetSize of job (KB)
...
006 (16798856.009.000) 2023-02-11 15:45:05 Image size of job updated: 13330932
	2654  -  MemoryUsage of job (MB)
	2716808  -  ResidentSetSize of job (KB)
...
006 (16798856.009.000) 2023-02-11 15:50:05 Image size of job updated: 13858040
	2656  -  MemoryUsage of job (MB)
	2719584  -  ResidentSetSize of job (KB)
...
006 (16798856.009.000) 2023-02-11 15:55:06 Image size of job updated: 14851112
	2666  -  MemoryUsage of job (MB)
	2729600  -  ResidentSetSize of job (KB)
...
006 (16798856.009.000) 2023-02-11 16:00:06 Image size of job updated: 17407476
	2667  -  MemoryUsage of job (MB)
	2730060  -  ResidentSetSize of job (KB)
...
006 (16798856.009.000) 2023-02-11 16:05:07 Image size of job updated: 23309472
	2670  -  MemoryUsage of job (MB)
	2733816  -  ResidentSetSize of job (KB)
...
006 (16798856.009.000) 2023-02-11 16:10:07 Image size of job updated: 38579360
	2670  -  MemoryUsage of job (MB)
	2733816  -  ResidentSetSize of job (KB)
...
006 (16798856.009.000) 2023-02-11 16:15:09 Image size of job updated: 95877264
	2689  -  MemoryUsage of job (MB)
	2753256  -  ResidentSetSize of job (KB)
...
006 (16798856.009.000) 2023-02-11 16:25:10 Image size of job updated: 96341664
	2696  -  MemoryUsage of job (MB)
	2760472  -  ResidentSetSize of job (KB)
...
006 (16798856.009.000) 2023-02-11 16:30:10 Image size of job updated: 98913440
	2697  -  MemoryUsage of job (MB)
	2760784  -  ResidentSetSize of job (KB)
...
040 (16798856.009.000) 2023-02-11 16:43:10 Started transferring output files
...
040 (16798856.009.000) 2023-02-11 16:43:11 Finished transferring output files
...
005 (16798856.009.000) 2023-02-11 16:43:13 Job terminated.
	(1) Normal termination (return value 0)
		Usr 0 03:03:05, Sys 0 00:01:11  -  Run Remote Usage
		Usr 0 00:00:00, Sys 0 00:00:00  -  Run Local Usage
		Usr 0 03:03:05, Sys 0 00:01:11  -  Total Remote Usage
		Usr 0 00:00:00, Sys 0 00:00:00  -  Total Local Usage
	206  -  Run Bytes Sent By Job
	4698  -  Run Bytes Received By Job
	206  -  Total Bytes Sent By Job
	4698  -  Total Bytes Received By Job
	Partitionable Resources :        Usage  Request Allocated Assigned
	   Cpus                 :         1.00        1         1 
	   Disk (KB)            :  31440680    52428800  55919702 
	   Gpus (Average)       : 115730357.37        1         1 "GPU-b856f6ff"
	   GpusMemory (MB)      :     81919                       
	   IoHeavy              :                               0 
	   Memory (MB)          :      2697       20480     20480 

	Job terminated of its own accord at 2023-02-11T22:43:07Z with exit-code 0.
...
