000 (16798856.010.000) 2023-02-11 08:31:50 Job submitted from host: <128.105.244.191:9618?addrs=128.105.244.191-9618&alias=submit-1.chtc.wisc.edu&noUDP&sock=schedd_6485_bfc3>
...
040 (16798856.010.000) 2023-02-11 15:12:18 Started transferring input files
	Transferring to host: <128.105.68.97:9618?addrs=128.105.68.97-9618+[2607-f388-2200-100-ac0-ebff-fe99-a130]-9618&alias=gpu2005.chtc.wisc.edu&noUDP&sock=slot1_2_356317_4f73_35>
...
040 (16798856.010.000) 2023-02-11 15:12:18 Finished transferring input files
...
001 (16798856.010.000) 2023-02-11 15:12:19 Job executing on host: <128.105.68.97:9618?addrs=128.105.68.97-9618+[2607-f388-2200-100-ac0-ebff-fe99-a130]-9618&alias=gpu2005.chtc.wisc.edu&noUDP&sock=startd_11626_0c26>
...
006 (16798856.010.000) 2023-02-11 15:12:28 Image size of job updated: 79876
	1  -  MemoryUsage of job (MB)
	672  -  ResidentSetSize of job (KB)
...
006 (16798856.010.000) 2023-02-11 15:17:29 Image size of job updated: 11907852
	2449  -  MemoryUsage of job (MB)
	2507532  -  ResidentSetSize of job (KB)
...
006 (16798856.010.000) 2023-02-11 15:22:30 Image size of job updated: 11928168
	2474  -  MemoryUsage of job (MB)
	2533260  -  ResidentSetSize of job (KB)
...
006 (16798856.010.000) 2023-02-11 15:27:30 Image size of job updated: 11943276
	2494  -  MemoryUsage of job (MB)
	2553276  -  ResidentSetSize of job (KB)
...
006 (16798856.010.000) 2023-02-11 15:32:31 Image size of job updated: 11972896
	2513  -  MemoryUsage of job (MB)
	2572588  -  ResidentSetSize of job (KB)
...
006 (16798856.010.000) 2023-02-11 15:37:31 Image size of job updated: 11983660
	2523  -  MemoryUsage of job (MB)
	2583352  -  ResidentSetSize of job (KB)
...
006 (16798856.010.000) 2023-02-11 15:42:32 Image size of job updated: 11994588
	2534  -  MemoryUsage of job (MB)
	2594300  -  ResidentSetSize of job (KB)
...
006 (16798856.010.000) 2023-02-11 15:47:32 Image size of job updated: 12006148
	2545  -  MemoryUsage of job (MB)
	2605840  -  ResidentSetSize of job (KB)
...
006 (16798856.010.000) 2023-02-11 15:52:33 Image size of job updated: 12025396
	2564  -  MemoryUsage of job (MB)
	2625180  -  ResidentSetSize of job (KB)
...
006 (16798856.010.000) 2023-02-11 15:57:33 Image size of job updated: 12030468
	2569  -  MemoryUsage of job (MB)
	2630160  -  ResidentSetSize of job (KB)
...
006 (16798856.010.000) 2023-02-11 16:02:33 Image size of job updated: 12042996
	2582  -  MemoryUsage of job (MB)
	2643192  -  ResidentSetSize of job (KB)
...
006 (16798856.010.000) 2023-02-11 16:07:34 Image size of job updated: 12049156
	2587  -  MemoryUsage of job (MB)
	2648848  -  ResidentSetSize of job (KB)
...
006 (16798856.010.000) 2023-02-11 16:16:42 Image size of job updated: 12058356
	2596  -  MemoryUsage of job (MB)
	2658096  -  ResidentSetSize of job (KB)
...
006 (16798856.010.000) 2023-02-11 16:29:09 Image size of job updated: 12240668
	2614  -  MemoryUsage of job (MB)
	2676608  -  ResidentSetSize of job (KB)
...
006 (16798856.010.000) 2023-02-11 16:39:07 Image size of job updated: 12382540
	2625  -  MemoryUsage of job (MB)
	2687420  -  ResidentSetSize of job (KB)
...
006 (16798856.010.000) 2023-02-11 16:45:07 Image size of job updated: 12386624
	2629  -  MemoryUsage of job (MB)
	2691404  -  ResidentSetSize of job (KB)
...
006 (16798856.010.000) 2023-02-11 16:50:07 Image size of job updated: 12391536
	2634  -  MemoryUsage of job (MB)
	2696316  -  ResidentSetSize of job (KB)
...
006 (16798856.010.000) 2023-02-11 16:55:07 Image size of job updated: 12659536
	2639  -  MemoryUsage of job (MB)
	2702172  -  ResidentSetSize of job (KB)
...
006 (16798856.010.000) 2023-02-11 17:00:08 Image size of job updated: 13056400
	2643  -  MemoryUsage of job (MB)
	2705820  -  ResidentSetSize of job (KB)
...
006 (16798856.010.000) 2023-02-11 17:05:08 Image size of job updated: 13188068
	2644  -  MemoryUsage of job (MB)
	2706508  -  ResidentSetSize of job (KB)
...
006 (16798856.010.000) 2023-02-11 17:15:09 Image size of job updated: 13190304
	2646  -  MemoryUsage of job (MB)
	2708752  -  ResidentSetSize of job (KB)
...
006 (16798856.010.000) 2023-02-11 17:20:09 Image size of job updated: 13195404
	2651  -  MemoryUsage of job (MB)
	2713752  -  ResidentSetSize of job (KB)
...
006 (16798856.010.000) 2023-02-11 17:30:10 Image size of job updated: 13457548
	2651  -  MemoryUsage of job (MB)
	2713752  -  ResidentSetSize of job (KB)
...
006 (16798856.010.000) 2023-02-11 17:35:11 Image size of job updated: 14250884
	2657  -  MemoryUsage of job (MB)
	2720760  -  ResidentSetSize of job (KB)
...
006 (16798856.010.000) 2023-02-11 17:40:11 Image size of job updated: 16028000
	2665  -  MemoryUsage of job (MB)
	2728300  -  ResidentSetSize of job (KB)
...
006 (16798856.010.000) 2023-02-11 17:45:13 Image size of job updated: 20159936
	2668  -  MemoryUsage of job (MB)
	2731468  -  ResidentSetSize of job (KB)
...
006 (16798856.010.000) 2023-02-11 17:50:13 Image size of job updated: 29995428
	2673  -  MemoryUsage of job (MB)
	2736660  -  ResidentSetSize of job (KB)
...
006 (16798856.010.000) 2023-02-11 17:55:14 Image size of job updated: 71359324
	2683  -  MemoryUsage of job (MB)
	2747240  -  ResidentSetSize of job (KB)
...
006 (16798856.010.000) 2023-02-11 18:00:14 Image size of job updated: 98432032
	2690  -  MemoryUsage of job (MB)
	2753580  -  ResidentSetSize of job (KB)
...
006 (16798856.010.000) 2023-02-11 18:05:14 Image size of job updated: 98432032
	2700  -  MemoryUsage of job (MB)
	2764244  -  ResidentSetSize of job (KB)
...
006 (16798856.010.000) 2023-02-11 18:10:15 Image size of job updated: 109190600
	2700  -  MemoryUsage of job (MB)
	2764244  -  ResidentSetSize of job (KB)
...
040 (16798856.010.000) 2023-02-11 18:24:17 Started transferring output files
...
040 (16798856.010.000) 2023-02-11 18:24:17 Finished transferring output files
...
005 (16798856.010.000) 2023-02-11 18:24:17 Job terminated.
	(1) Normal termination (return value 0)
		Usr 0 03:06:43, Sys 0 00:01:23  -  Run Remote Usage
		Usr 0 00:00:00, Sys 0 00:00:00  -  Run Local Usage
		Usr 0 03:06:43, Sys 0 00:01:23  -  Total Remote Usage
		Usr 0 00:00:00, Sys 0 00:00:00  -  Total Local Usage
	206  -  Run Bytes Sent By Job
	4698  -  Run Bytes Received By Job
	206  -  Total Bytes Sent By Job
	4698  -  Total Bytes Received By Job
	Partitionable Resources :       Usage  Request Allocated Assigned
	   Cpus                 :        1.01        1         1 
	   Disk (KB)            : 30984479    52428800  55933365 
	   Gpus (Average)       :                    1         1 "GPU-0d4d3af1"
	   GpusMemory (MB)      :    81397                       
	   IoHeavy              :                              0 
	   Memory (MB)          :     2700       20480     20480 

	Job terminated of its own accord at 2023-02-12T00:24:17Z with exit-code 0.
...
