000 (16814117.015.000) 2023-03-14 22:21:31 Job submitted from host: <128.105.244.191:9618?addrs=128.105.244.191-9618&alias=submit-1.chtc.wisc.edu&noUDP&sock=schedd_6485_bfc3>
...
040 (16814117.015.000) 2023-03-15 05:17:26 Started transferring input files
	Transferring to host: <128.105.68.103:9618?addrs=128.105.68.103-9618+[2607-f388-2200-100-1270-fdff-fe74-930]-9618&alias=gpu2011.chtc.wisc.edu&noUDP&sock=slot1_3_531664_226d_2106>
...
040 (16814117.015.000) 2023-03-15 05:17:26 Finished transferring input files
...
001 (16814117.015.000) 2023-03-15 05:17:27 Job executing on host: <128.105.68.103:9618?addrs=128.105.68.103-9618+[2607-f388-2200-100-1270-fdff-fe74-930]-9618&alias=gpu2011.chtc.wisc.edu&noUDP&sock=startd_158342_0528>
...
006 (16814117.015.000) 2023-03-15 05:17:35 Image size of job updated: 38908
	1  -  MemoryUsage of job (MB)
	676  -  ResidentSetSize of job (KB)
...
006 (16814117.015.000) 2023-03-15 05:22:35 Image size of job updated: 11384912
	2288  -  MemoryUsage of job (MB)
	2342692  -  ResidentSetSize of job (KB)
...
006 (16814117.015.000) 2023-03-15 05:27:36 Image size of job updated: 11389676
	2293  -  MemoryUsage of job (MB)
	2347468  -  ResidentSetSize of job (KB)
...
006 (16814117.015.000) 2023-03-15 05:47:38 Image size of job updated: 11389836
	2293  -  MemoryUsage of job (MB)
	2347500  -  ResidentSetSize of job (KB)
...
006 (16814117.015.000) 2023-03-15 05:57:40 Image size of job updated: 11389836
	2293  -  MemoryUsage of job (MB)
	2347512  -  ResidentSetSize of job (KB)
...
006 (16814117.015.000) 2023-03-15 06:02:42 Image size of job updated: 11392160
	2295  -  MemoryUsage of job (MB)
	2349848  -  ResidentSetSize of job (KB)
...
006 (16814117.015.000) 2023-03-15 06:07:43 Image size of job updated: 11394956
	2298  -  MemoryUsage of job (MB)
	2352632  -  ResidentSetSize of job (KB)
...
006 (16814117.015.000) 2023-03-15 06:17:44 Image size of job updated: 11427724
	2298  -  MemoryUsage of job (MB)
	2352632  -  ResidentSetSize of job (KB)
...
006 (16814117.015.000) 2023-03-15 06:22:45 Image size of job updated: 11493260
	2298  -  MemoryUsage of job (MB)
	2352632  -  ResidentSetSize of job (KB)
...
006 (16814117.015.000) 2023-03-15 06:32:46 Image size of job updated: 11624332
	2298  -  MemoryUsage of job (MB)
	2352632  -  ResidentSetSize of job (KB)
...
006 (16814117.015.000) 2023-03-15 06:37:46 Image size of job updated: 11689868
	2298  -  MemoryUsage of job (MB)
	2352632  -  ResidentSetSize of job (KB)
...
006 (16814117.015.000) 2023-03-15 06:52:49 Image size of job updated: 11755404
	2298  -  MemoryUsage of job (MB)
	2352632  -  ResidentSetSize of job (KB)
...
006 (16814117.015.000) 2023-03-15 06:57:50 Image size of job updated: 12083084
	2298  -  MemoryUsage of job (MB)
	2352632  -  ResidentSetSize of job (KB)
...
006 (16814117.015.000) 2023-03-15 07:02:50 Image size of job updated: 12476300
	2298  -  MemoryUsage of job (MB)
	2352632  -  ResidentSetSize of job (KB)
...
006 (16814117.015.000) 2023-03-15 07:22:52 Image size of job updated: 12607372
	2298  -  MemoryUsage of job (MB)
	2352632  -  ResidentSetSize of job (KB)
...
006 (16814117.015.000) 2023-03-15 07:27:52 Image size of job updated: 13393804
	2298  -  MemoryUsage of job (MB)
	2352632  -  ResidentSetSize of job (KB)
...
006 (16814117.015.000) 2023-03-15 07:32:53 Image size of job updated: 14901132
	2298  -  MemoryUsage of job (MB)
	2352632  -  ResidentSetSize of job (KB)
...
006 (16814117.015.000) 2023-03-15 07:37:54 Image size of job updated: 19423116
	2298  -  MemoryUsage of job (MB)
	2352632  -  ResidentSetSize of job (KB)
...
006 (16814117.015.000) 2023-03-15 07:42:54 Image size of job updated: 24862604
	2298  -  MemoryUsage of job (MB)
	2352632  -  ResidentSetSize of job (KB)
...
006 (16814117.015.000) 2023-03-15 07:47:55 Image size of job updated: 34627468
	2298  -  MemoryUsage of job (MB)
	2352632  -  ResidentSetSize of job (KB)
...
006 (16814117.015.000) 2023-03-15 07:52:56 Image size of job updated: 65822604
	2298  -  MemoryUsage of job (MB)
	2352632  -  ResidentSetSize of job (KB)
...
006 (16814117.015.000) 2023-03-15 07:57:56 Image size of job updated: 97678732
	2304  -  MemoryUsage of job (MB)
	2358816  -  ResidentSetSize of job (KB)
...
006 (16814117.015.000) 2023-03-15 08:02:57 Image size of job updated: 97678732
	2306  -  MemoryUsage of job (MB)
	2360612  -  ResidentSetSize of job (KB)
...
006 (16814117.015.000) 2023-03-15 08:07:58 Image size of job updated: 103549556
	2309  -  MemoryUsage of job (MB)
	2363776  -  ResidentSetSize of job (KB)
...
006 (16814117.015.000) 2023-03-15 08:12:58 Image size of job updated: 110039996
	3799  -  MemoryUsage of job (MB)
	3890140  -  ResidentSetSize of job (KB)
...
006 (16814117.015.000) 2023-03-15 08:16:35 Image size of job updated: 110039996
	3824  -  MemoryUsage of job (MB)
	3915484  -  ResidentSetSize of job (KB)
...
040 (16814117.015.000) 2023-03-15 08:16:35 Started transferring output files
...
040 (16814117.015.000) 2023-03-15 08:16:35 Finished transferring output files
...
005 (16814117.015.000) 2023-03-15 08:16:35 Job terminated.
	(1) Normal termination (return value 0)
		Usr 0 02:56:16, Sys 0 00:01:28  -  Run Remote Usage
		Usr 0 00:00:00, Sys 0 00:00:00  -  Run Local Usage
		Usr 0 02:56:16, Sys 0 00:01:28  -  Total Remote Usage
		Usr 0 00:00:00, Sys 0 00:00:00  -  Total Local Usage
	1223  -  Run Bytes Sent By Job
	805  -  Run Bytes Received By Job
	1223  -  Total Bytes Sent By Job
	805  -  Total Bytes Received By Job
	Partitionable Resources :        Usage  Request Allocated Assigned
	   Cpus                 :         0.93        1         1 
	   Disk (KB)            :   9767377    52428800  60670278 
	   Gpus (Average)       : 128089259.85        1         1 "GPU-e8e49ede"
	   GpusMemory (MB)      :     81807                       
	   IoHeavy              :                               0 
	   Memory (MB)          :      3824       20480     20480 

	Job terminated of its own accord at 2023-03-15T13:16:35Z with exit-code 0.
...
