000 (16814117.007.000) 2023-03-14 22:21:31 Job submitted from host: <128.105.244.191:9618?addrs=128.105.244.191-9618&alias=submit-1.chtc.wisc.edu&noUDP&sock=schedd_6485_bfc3>
...
040 (16814117.007.000) 2023-03-15 02:28:05 Started transferring input files
	Transferring to host: <128.105.68.102:9618?addrs=128.105.68.102-9618+[2607-f388-2200-100-1270-fdff-fe74-920]-9618&alias=gpu2010.chtc.wisc.edu&noUDP&sock=slot1_3_14196_1dba_98447>
...
040 (16814117.007.000) 2023-03-15 02:28:05 Finished transferring input files
...
001 (16814117.007.000) 2023-03-15 02:28:06 Job executing on host: <128.105.68.102:9618?addrs=128.105.68.102-9618+[2607-f388-2200-100-1270-fdff-fe74-920]-9618&alias=gpu2010.chtc.wisc.edu&noUDP&sock=startd_11730_6200>
...
006 (16814117.007.000) 2023-03-15 02:28:14 Image size of job updated: 38908
	1  -  MemoryUsage of job (MB)
	680  -  ResidentSetSize of job (KB)
...
006 (16814117.007.000) 2023-03-15 02:33:14 Image size of job updated: 11431120
	2329  -  MemoryUsage of job (MB)
	2384448  -  ResidentSetSize of job (KB)
...
006 (16814117.007.000) 2023-03-15 02:38:16 Image size of job updated: 11431348
	2329  -  MemoryUsage of job (MB)
	2384736  -  ResidentSetSize of job (KB)
...
006 (16814117.007.000) 2023-03-15 03:03:18 Image size of job updated: 11431348
	2329  -  MemoryUsage of job (MB)
	2384740  -  ResidentSetSize of job (KB)
...
006 (16814117.007.000) 2023-03-15 03:28:22 Image size of job updated: 11529652
	2329  -  MemoryUsage of job (MB)
	2384740  -  ResidentSetSize of job (KB)
...
006 (16814117.007.000) 2023-03-15 03:38:22 Image size of job updated: 11595188
	2329  -  MemoryUsage of job (MB)
	2384740  -  ResidentSetSize of job (KB)
...
006 (16814117.007.000) 2023-03-15 03:43:23 Image size of job updated: 11726260
	2329  -  MemoryUsage of job (MB)
	2384740  -  ResidentSetSize of job (KB)
...
006 (16814117.007.000) 2023-03-15 03:58:25 Image size of job updated: 11791796
	2329  -  MemoryUsage of job (MB)
	2384740  -  ResidentSetSize of job (KB)
...
006 (16814117.007.000) 2023-03-15 04:03:26 Image size of job updated: 12123584
	2333  -  MemoryUsage of job (MB)
	2388788  -  ResidentSetSize of job (KB)
...
006 (16814117.007.000) 2023-03-15 04:08:27 Image size of job updated: 12516800
	2333  -  MemoryUsage of job (MB)
	2388788  -  ResidentSetSize of job (KB)
...
006 (16814117.007.000) 2023-03-15 04:38:30 Image size of job updated: 13041088
	2333  -  MemoryUsage of job (MB)
	2388788  -  ResidentSetSize of job (KB)
...
006 (16814117.007.000) 2023-03-15 04:43:30 Image size of job updated: 13696448
	2333  -  MemoryUsage of job (MB)
	2388788  -  ResidentSetSize of job (KB)
...
006 (16814117.007.000) 2023-03-15 04:48:30 Image size of job updated: 15728064
	2333  -  MemoryUsage of job (MB)
	2388788  -  ResidentSetSize of job (KB)
...
006 (16814117.007.000) 2023-03-15 04:53:30 Image size of job updated: 19987904
	2333  -  MemoryUsage of job (MB)
	2388788  -  ResidentSetSize of job (KB)
...
006 (16814117.007.000) 2023-03-15 04:58:30 Image size of job updated: 30866880
	2333  -  MemoryUsage of job (MB)
	2388788  -  ResidentSetSize of job (KB)
...
006 (16814117.007.000) 2023-03-15 05:03:30 Image size of job updated: 74251712
	2336  -  MemoryUsage of job (MB)
	2391500  -  ResidentSetSize of job (KB)
...
006 (16814117.007.000) 2023-03-15 05:08:30 Image size of job updated: 96012748
	2338  -  MemoryUsage of job (MB)
	2393684  -  ResidentSetSize of job (KB)
...
006 (16814117.007.000) 2023-03-15 05:13:31 Image size of job updated: 105651812
	2345  -  MemoryUsage of job (MB)
	2401176  -  ResidentSetSize of job (KB)
...
006 (16814117.007.000) 2023-03-15 05:18:00 Image size of job updated: 120894392
	2345  -  MemoryUsage of job (MB)
	2401212  -  ResidentSetSize of job (KB)
...
040 (16814117.007.000) 2023-03-15 05:18:00 Started transferring output files
...
040 (16814117.007.000) 2023-03-15 05:18:00 Finished transferring output files
...
005 (16814117.007.000) 2023-03-15 05:18:00 Job terminated.
	(1) Normal termination (return value 0)
		Usr 0 02:47:59, Sys 0 00:01:04  -  Run Remote Usage
		Usr 0 00:00:00, Sys 0 00:00:00  -  Run Local Usage
		Usr 0 02:47:59, Sys 0 00:01:04  -  Total Remote Usage
		Usr 0 00:00:00, Sys 0 00:00:00  -  Total Local Usage
	1223  -  Run Bytes Sent By Job
	805  -  Run Bytes Received By Job
	1223  -  Total Bytes Sent By Job
	805  -  Total Bytes Received By Job
	Partitionable Resources :      Usage  Request Allocated Assigned
	   Cpus                 :       1.00        1         1 
	   Disk (KB)            : 9909564    52428800  55937280 
	   Gpus (Average)       :                   1         1 "GPU-bc79ed29"
	   IoHeavy              :                             0 
	   Memory (MB)          :    2345       20480     20480 

	Job terminated of its own accord at 2023-03-15T10:18:00Z with exit-code 0.
...
