000 (16814117.010.000) 2023-03-14 22:21:31 Job submitted from host: <128.105.244.191:9618?addrs=128.105.244.191-9618&alias=submit-1.chtc.wisc.edu&noUDP&sock=schedd_6485_bfc3>
...
040 (16814117.010.000) 2023-03-15 03:38:34 Started transferring input files
	Transferring to host: <128.105.68.95:9618?addrs=128.105.68.95-9618+[2607-f388-2200-100-1270-fdff-fe74-d18]-9618&alias=gpu2003.chtc.wisc.edu&noUDP&sock=slot1_4_19324_418b_21603>
...
040 (16814117.010.000) 2023-03-15 03:38:34 Finished transferring input files
...
001 (16814117.010.000) 2023-03-15 03:38:35 Job executing on host: <128.105.68.95:9618?addrs=128.105.68.95-9618+[2607-f388-2200-100-1270-fdff-fe74-d18]-9618&alias=gpu2003.chtc.wisc.edu&noUDP&sock=startd_19080_df18>
...
006 (16814117.010.000) 2023-03-15 03:38:44 Image size of job updated: 860
	1  -  MemoryUsage of job (MB)
	676  -  ResidentSetSize of job (KB)
...
006 (16814117.010.000) 2023-03-15 03:43:45 Image size of job updated: 12343228
	2610  -  MemoryUsage of job (MB)
	2672356  -  ResidentSetSize of job (KB)
...
006 (16814117.010.000) 2023-03-15 03:48:46 Image size of job updated: 12350576
	2617  -  MemoryUsage of job (MB)
	2679704  -  ResidentSetSize of job (KB)
...
006 (16814117.010.000) 2023-03-15 04:13:48 Image size of job updated: 12350576
	2617  -  MemoryUsage of job (MB)
	2679708  -  ResidentSetSize of job (KB)
...
006 (16814117.010.000) 2023-03-15 04:38:48 Image size of job updated: 12448880
	2617  -  MemoryUsage of job (MB)
	2679708  -  ResidentSetSize of job (KB)
...
006 (16814117.010.000) 2023-03-15 04:53:50 Image size of job updated: 12579952
	2617  -  MemoryUsage of job (MB)
	2679708  -  ResidentSetSize of job (KB)
...
006 (16814117.010.000) 2023-03-15 04:58:51 Image size of job updated: 12645488
	2617  -  MemoryUsage of job (MB)
	2679708  -  ResidentSetSize of job (KB)
...
006 (16814117.010.000) 2023-03-15 05:13:52 Image size of job updated: 12776560
	2622  -  MemoryUsage of job (MB)
	2683928  -  ResidentSetSize of job (KB)
...
006 (16814117.010.000) 2023-03-15 05:18:53 Image size of job updated: 13042924
	2622  -  MemoryUsage of job (MB)
	2683928  -  ResidentSetSize of job (KB)
...
006 (16814117.010.000) 2023-03-15 05:23:54 Image size of job updated: 13436140
	2622  -  MemoryUsage of job (MB)
	2683928  -  ResidentSetSize of job (KB)
...
006 (16814117.010.000) 2023-03-15 05:53:57 Image size of job updated: 13960428
	2622  -  MemoryUsage of job (MB)
	2683928  -  ResidentSetSize of job (KB)
...
006 (16814117.010.000) 2023-03-15 05:58:59 Image size of job updated: 14877932
	2622  -  MemoryUsage of job (MB)
	2683928  -  ResidentSetSize of job (KB)
...
006 (16814117.010.000) 2023-03-15 06:03:59 Image size of job updated: 17433836
	2622  -  MemoryUsage of job (MB)
	2683928  -  ResidentSetSize of job (KB)
...
006 (16814117.010.000) 2023-03-15 06:09:00 Image size of job updated: 23201004
	2622  -  MemoryUsage of job (MB)
	2684028  -  ResidentSetSize of job (KB)
...
006 (16814117.010.000) 2023-03-15 06:14:01 Image size of job updated: 38800104
	2623  -  MemoryUsage of job (MB)
	2685500  -  ResidentSetSize of job (KB)
...
006 (16814117.010.000) 2023-03-15 06:19:01 Image size of job updated: 95228052
	2625  -  MemoryUsage of job (MB)
	2687032  -  ResidentSetSize of job (KB)
...
006 (16814117.010.000) 2023-03-15 06:24:01 Image size of job updated: 98540024
	2627  -  MemoryUsage of job (MB)
	2689436  -  ResidentSetSize of job (KB)
...
006 (16814117.010.000) 2023-03-15 06:29:01 Image size of job updated: 102441052
	2635  -  MemoryUsage of job (MB)
	2697772  -  ResidentSetSize of job (KB)
...
040 (16814117.010.000) 2023-03-15 06:33:48 Started transferring output files
...
040 (16814117.010.000) 2023-03-15 06:33:48 Finished transferring output files
...
005 (16814117.010.000) 2023-03-15 06:33:48 Job terminated.
	(1) Normal termination (return value 0)
		Usr 0 02:52:50, Sys 0 00:01:15  -  Run Remote Usage
		Usr 0 00:00:00, Sys 0 00:00:00  -  Run Local Usage
		Usr 0 02:52:50, Sys 0 00:01:15  -  Total Remote Usage
		Usr 0 00:00:00, Sys 0 00:00:00  -  Total Local Usage
	1339  -  Run Bytes Sent By Job
	805  -  Run Bytes Received By Job
	1339  -  Total Bytes Sent By Job
	805  -  Total Bytes Received By Job
	Partitionable Resources :      Usage  Request Allocated Assigned
	   Cpus                 :       0.99        1         1 
	   Disk (KB)            : 9906495    52428800  55926686 
	   Gpus (Average)       :                   1         1 "GPU-f01bc024"
	   IoHeavy              :                             0 
	   Memory (MB)          :    2635       20480     20480 

	Job terminated of its own accord at 2023-03-15T11:33:47Z with exit-code 0.
...
