000 (16814117.000.000) 2023-03-14 22:21:31 Job submitted from host: <128.105.244.191:9618?addrs=128.105.244.191-9618&alias=submit-1.chtc.wisc.edu&noUDP&sock=schedd_6485_bfc3>
...
040 (16814117.000.000) 2023-03-14 22:45:14 Started transferring input files
	Transferring to host: <128.105.68.97:9618?addrs=128.105.68.97-9618+[2607-f388-2200-100-ac0-ebff-fe99-a130]-9618&alias=gpu2005.chtc.wisc.edu&noUDP&sock=slot1_3_356317_4f73_89647>
...
040 (16814117.000.000) 2023-03-14 22:45:14 Finished transferring input files
...
001 (16814117.000.000) 2023-03-14 22:45:15 Job executing on host: <128.105.68.97:9618?addrs=128.105.68.97-9618+[2607-f388-2200-100-ac0-ebff-fe99-a130]-9618&alias=gpu2005.chtc.wisc.edu&noUDP&sock=startd_11626_0c26>
...
006 (16814117.000.000) 2023-03-14 22:45:24 Image size of job updated: 864
	1  -  MemoryUsage of job (MB)
	864  -  ResidentSetSize of job (KB)
...
006 (16814117.000.000) 2023-03-14 22:50:25 Image size of job updated: 11425488
	2324  -  MemoryUsage of job (MB)
	2379036  -  ResidentSetSize of job (KB)
...
006 (16814117.000.000) 2023-03-14 22:55:26 Image size of job updated: 11430596
	2329  -  MemoryUsage of job (MB)
	2384080  -  ResidentSetSize of job (KB)
...
006 (16814117.000.000) 2023-03-14 23:20:28 Image size of job updated: 11430596
	2329  -  MemoryUsage of job (MB)
	2384232  -  ResidentSetSize of job (KB)
...
006 (16814117.000.000) 2023-03-14 23:25:29 Image size of job updated: 11430596
	2329  -  MemoryUsage of job (MB)
	2384272  -  ResidentSetSize of job (KB)
...
006 (16814117.000.000) 2023-03-14 23:30:29 Image size of job updated: 11432780
	2331  -  MemoryUsage of job (MB)
	2386468  -  ResidentSetSize of job (KB)
...
006 (16814117.000.000) 2023-03-14 23:35:29 Image size of job updated: 11435588
	2334  -  MemoryUsage of job (MB)
	2389264  -  ResidentSetSize of job (KB)
...
006 (16814117.000.000) 2023-03-14 23:45:30 Image size of job updated: 11533892
	2334  -  MemoryUsage of job (MB)
	2389264  -  ResidentSetSize of job (KB)
...
006 (16814117.000.000) 2023-03-14 23:55:31 Image size of job updated: 11599428
	2334  -  MemoryUsage of job (MB)
	2389264  -  ResidentSetSize of job (KB)
...
006 (16814117.000.000) 2023-03-15 00:00:31 Image size of job updated: 11730500
	2334  -  MemoryUsage of job (MB)
	2389264  -  ResidentSetSize of job (KB)
...
006 (16814117.000.000) 2023-03-15 00:20:34 Image size of job updated: 11992644
	2334  -  MemoryUsage of job (MB)
	2389264  -  ResidentSetSize of job (KB)
...
006 (16814117.000.000) 2023-03-15 00:25:34 Image size of job updated: 12254788
	2334  -  MemoryUsage of job (MB)
	2389264  -  ResidentSetSize of job (KB)
...
006 (16814117.000.000) 2023-03-15 00:30:34 Image size of job updated: 12516932
	2334  -  MemoryUsage of job (MB)
	2389264  -  ResidentSetSize of job (KB)
...
006 (16814117.000.000) 2023-03-15 00:55:36 Image size of job updated: 13041220
	2334  -  MemoryUsage of job (MB)
	2389264  -  ResidentSetSize of job (KB)
...
006 (16814117.000.000) 2023-03-15 01:00:37 Image size of job updated: 13827652
	2334  -  MemoryUsage of job (MB)
	2389264  -  ResidentSetSize of job (KB)
...
006 (16814117.000.000) 2023-03-15 01:05:37 Image size of job updated: 15924804
	2334  -  MemoryUsage of job (MB)
	2389264  -  ResidentSetSize of job (KB)
...
006 (16814117.000.000) 2023-03-15 01:10:38 Image size of job updated: 20774468
	2334  -  MemoryUsage of job (MB)
	2389264  -  ResidentSetSize of job (KB)
...
006 (16814117.000.000) 2023-03-15 01:15:39 Image size of job updated: 30080580
	2334  -  MemoryUsage of job (MB)
	2389264  -  ResidentSetSize of job (KB)
...
006 (16814117.000.000) 2023-03-15 01:20:39 Image size of job updated: 70647364
	2334  -  MemoryUsage of job (MB)
	2389264  -  ResidentSetSize of job (KB)
...
006 (16814117.000.000) 2023-03-15 01:25:40 Image size of job updated: 96861764
	2340  -  MemoryUsage of job (MB)
	2395908  -  ResidentSetSize of job (KB)
...
006 (16814117.000.000) 2023-03-15 01:30:40 Image size of job updated: 100737068
	2345  -  MemoryUsage of job (MB)
	2400292  -  ResidentSetSize of job (KB)
...
006 (16814117.000.000) 2023-03-15 01:35:39 Image size of job updated: 109195812
	2345  -  MemoryUsage of job (MB)
	2400328  -  ResidentSetSize of job (KB)
...
040 (16814117.000.000) 2023-03-15 01:37:01 Started transferring output files
...
040 (16814117.000.000) 2023-03-15 01:37:02 Finished transferring output files
...
005 (16814117.000.000) 2023-03-15 01:37:03 Job terminated.
	(1) Normal termination (return value 0)
		Usr 0 02:49:40, Sys 0 00:01:13  -  Run Remote Usage
		Usr 0 00:00:00, Sys 0 00:00:00  -  Run Local Usage
		Usr 0 02:49:40, Sys 0 00:01:13  -  Total Remote Usage
		Usr 0 00:00:00, Sys 0 00:00:00  -  Total Local Usage
	1222  -  Run Bytes Sent By Job
	805  -  Run Bytes Received By Job
	1222  -  Total Bytes Sent By Job
	805  -  Total Bytes Received By Job
	Partitionable Resources :      Usage  Request Allocated Assigned
	   Cpus                 :       0.99        1         1 
	   Disk (KB)            : 9898606    52428800  55933365 
	   Gpus (Average)       :                   1         1 "GPU-06c7cc42"
	   IoHeavy              :                             0 
	   Memory (MB)          :    2345       20480     20480 

	Job terminated of its own accord at 2023-03-15T06:37:01Z with exit-code 0.
...
