000 (16814117.019.000) 2023-03-14 22:21:31 Job submitted from host: <128.105.244.191:9618?addrs=128.105.244.191-9618&alias=submit-1.chtc.wisc.edu&noUDP&sock=schedd_6485_bfc3>
...
040 (16814117.019.000) 2023-03-15 06:33:48 Started transferring input files
	Transferring to host: <128.105.68.95:9618?addrs=128.105.68.95-9618+[2607-f388-2200-100-1270-fdff-fe74-d18]-9618&alias=gpu2003.chtc.wisc.edu&noUDP&sock=slot1_4_19324_418b_21942>
...
040 (16814117.019.000) 2023-03-15 06:33:48 Finished transferring input files
...
001 (16814117.019.000) 2023-03-15 06:33:49 Job executing on host: <128.105.68.95:9618?addrs=128.105.68.95-9618+[2607-f388-2200-100-1270-fdff-fe74-d18]-9618&alias=gpu2003.chtc.wisc.edu&noUDP&sock=startd_19080_df18>
...
006 (16814117.019.000) 2023-03-15 06:33:57 Image size of job updated: 38908
	1  -  MemoryUsage of job (MB)
	876  -  ResidentSetSize of job (KB)
...
006 (16814117.019.000) 2023-03-15 06:38:57 Image size of job updated: 11951304
	2126  -  MemoryUsage of job (MB)
	2176396  -  ResidentSetSize of job (KB)
...
006 (16814117.019.000) 2023-03-15 06:43:58 Image size of job updated: 12933560
	2128  -  MemoryUsage of job (MB)
	2178312  -  ResidentSetSize of job (KB)
...
006 (16814117.019.000) 2023-03-15 06:46:59 Image size of job updated: 69035956
	2128  -  MemoryUsage of job (MB)
	2178312  -  ResidentSetSize of job (KB)
...
040 (16814117.019.000) 2023-03-15 06:47:00 Started transferring output files
...
040 (16814117.019.000) 2023-03-15 06:47:00 Finished transferring output files
...
005 (16814117.019.000) 2023-03-15 06:47:00 Job terminated.
	(1) Normal termination (return value 0)
		Usr 0 00:12:57, Sys 0 00:00:14  -  Run Remote Usage
		Usr 0 00:00:00, Sys 0 00:00:00  -  Run Local Usage
		Usr 0 00:12:57, Sys 0 00:00:14  -  Total Remote Usage
		Usr 0 00:00:00, Sys 0 00:00:00  -  Total Local Usage
	1339  -  Run Bytes Sent By Job
	805  -  Run Bytes Received By Job
	1339  -  Total Bytes Sent By Job
	805  -  Total Bytes Received By Job
	Partitionable Resources :      Usage  Request Allocated Assigned
	   Cpus                 :       1.00        1         1 
	   Disk (KB)            : 6271532    52428800  55926686 
	   Gpus (Average)       :                   1         1 "GPU-f01bc024"
	   IoHeavy              :                             0 
	   Memory (MB)          :    2128       20480     20480 

	Job terminated of its own accord at 2023-03-15T11:46:59Z with exit-code 0.
...
