000 (16814117.012.000) 2023-03-14 22:21:31 Job submitted from host: <128.105.244.191:9618?addrs=128.105.244.191-9618&alias=submit-1.chtc.wisc.edu&noUDP&sock=schedd_6485_bfc3>
...
040 (16814117.012.000) 2023-03-15 05:05:39 Started transferring input files
	Transferring to host: <128.105.68.95:9618?addrs=128.105.68.95-9618+[2607-f388-2200-100-1270-fdff-fe74-d18]-9618&alias=gpu2003.chtc.wisc.edu&noUDP&sock=slot1_3_19324_418b_21767>
...
040 (16814117.012.000) 2023-03-15 05:05:39 Finished transferring input files
...
001 (16814117.012.000) 2023-03-15 05:05:40 Job executing on host: <128.105.68.95:9618?addrs=128.105.68.95-9618+[2607-f388-2200-100-1270-fdff-fe74-d18]-9618&alias=gpu2003.chtc.wisc.edu&noUDP&sock=startd_19080_df18>
...
006 (16814117.012.000) 2023-03-15 05:05:49 Image size of job updated: 876
	1  -  MemoryUsage of job (MB)
	876  -  ResidentSetSize of job (KB)
...
006 (16814117.012.000) 2023-03-15 05:10:50 Image size of job updated: 12322248
	2594  -  MemoryUsage of job (MB)
	2655940  -  ResidentSetSize of job (KB)
...
006 (16814117.012.000) 2023-03-15 05:15:50 Image size of job updated: 12325512
	2599  -  MemoryUsage of job (MB)
	2661228  -  ResidentSetSize of job (KB)
...
006 (16814117.012.000) 2023-03-15 05:45:52 Image size of job updated: 12325512
	2599  -  MemoryUsage of job (MB)
	2661236  -  ResidentSetSize of job (KB)
...
006 (16814117.012.000) 2023-03-15 06:05:55 Image size of job updated: 12358280
	2599  -  MemoryUsage of job (MB)
	2661236  -  ResidentSetSize of job (KB)
...
006 (16814117.012.000) 2023-03-15 06:10:55 Image size of job updated: 12428788
	2604  -  MemoryUsage of job (MB)
	2666208  -  ResidentSetSize of job (KB)
...
006 (16814117.012.000) 2023-03-15 06:20:56 Image size of job updated: 12559860
	2604  -  MemoryUsage of job (MB)
	2666208  -  ResidentSetSize of job (KB)
...
006 (16814117.012.000) 2023-03-15 06:25:56 Image size of job updated: 12625396
	2604  -  MemoryUsage of job (MB)
	2666208  -  ResidentSetSize of job (KB)
...
006 (16814117.012.000) 2023-03-15 06:40:58 Image size of job updated: 12690932
	2604  -  MemoryUsage of job (MB)
	2666208  -  ResidentSetSize of job (KB)
...
006 (16814117.012.000) 2023-03-15 06:45:59 Image size of job updated: 12887540
	2604  -  MemoryUsage of job (MB)
	2666208  -  ResidentSetSize of job (KB)
...
006 (16814117.012.000) 2023-03-15 06:50:59 Image size of job updated: 13149684
	2604  -  MemoryUsage of job (MB)
	2666208  -  ResidentSetSize of job (KB)
...
006 (16814117.012.000) 2023-03-15 06:55:59 Image size of job updated: 13411828
	2604  -  MemoryUsage of job (MB)
	2666208  -  ResidentSetSize of job (KB)
...
006 (16814117.012.000) 2023-03-15 07:16:03 Image size of job updated: 13673972
	2604  -  MemoryUsage of job (MB)
	2666208  -  ResidentSetSize of job (KB)
...
006 (16814117.012.000) 2023-03-15 07:21:04 Image size of job updated: 14460404
	2604  -  MemoryUsage of job (MB)
	2666208  -  ResidentSetSize of job (KB)
...
006 (16814117.012.000) 2023-03-15 07:26:04 Image size of job updated: 16426484
	2604  -  MemoryUsage of job (MB)
	2666208  -  ResidentSetSize of job (KB)
...
006 (16814117.012.000) 2023-03-15 07:31:05 Image size of job updated: 20358644
	2604  -  MemoryUsage of job (MB)
	2666208  -  ResidentSetSize of job (KB)
...
006 (16814117.012.000) 2023-03-15 07:36:05 Image size of job updated: 27108852
	2604  -  MemoryUsage of job (MB)
	2666208  -  ResidentSetSize of job (KB)
...
006 (16814117.012.000) 2023-03-15 07:41:05 Image size of job updated: 54175220
	2604  -  MemoryUsage of job (MB)
	2666208  -  ResidentSetSize of job (KB)
...
006 (16814117.012.000) 2023-03-15 07:46:07 Image size of job updated: 97756660
	2604  -  MemoryUsage of job (MB)
	2666208  -  ResidentSetSize of job (KB)
...
006 (16814117.012.000) 2023-03-15 07:51:07 Image size of job updated: 97756660
	2607  -  MemoryUsage of job (MB)
	2669240  -  ResidentSetSize of job (KB)
...
006 (16814117.012.000) 2023-03-15 07:56:07 Image size of job updated: 127599388
	2607  -  MemoryUsage of job (MB)
	2669240  -  ResidentSetSize of job (KB)
...
040 (16814117.012.000) 2023-03-15 07:56:39 Started transferring output files
...
040 (16814117.012.000) 2023-03-15 07:56:39 Finished transferring output files
...
005 (16814117.012.000) 2023-03-15 07:56:39 Job terminated.
	(1) Normal termination (return value 0)
		Usr 0 02:49:06, Sys 0 00:01:09  -  Run Remote Usage
		Usr 0 00:00:00, Sys 0 00:00:00  -  Run Local Usage
		Usr 0 02:49:06, Sys 0 00:01:09  -  Total Remote Usage
		Usr 0 00:00:00, Sys 0 00:00:00  -  Total Local Usage
	1339  -  Run Bytes Sent By Job
	805  -  Run Bytes Received By Job
	1339  -  Total Bytes Sent By Job
	805  -  Total Bytes Received By Job
	Partitionable Resources :      Usage  Request Allocated Assigned
	   Cpus                 :       1.00        1         1 
	   Disk (KB)            : 9820165    52428800  55926686 
	   Gpus (Average)       :                   1         1 "GPU-86e0bcca"
	   IoHeavy              :                             0 
	   Memory (MB)          :    2607       20480     20480 

	Job terminated of its own accord at 2023-03-15T12:56:39Z with exit-code 0.
...
