000 (16798938.014.000) 2023-02-12 18:35:22 Job submitted from host: <128.105.244.191:9618?addrs=128.105.244.191-9618&alias=submit-1.chtc.wisc.edu&noUDP&sock=schedd_6485_bfc3>
...
040 (16798938.014.000) 2023-02-13 07:25:53 Started transferring input files
	Transferring to host: <128.105.68.96:9618?addrs=128.105.68.96-9618+[2607-f388-2200-100-1270-fdff-fe74-8a8]-9618&alias=gpu2004.chtc.wisc.edu&noUDP&sock=slot1_1_354665_53af_34>
...
040 (16798938.014.000) 2023-02-13 07:25:53 Finished transferring input files
...
001 (16798938.014.000) 2023-02-13 07:25:54 Job executing on host: <128.105.68.96:9618?addrs=128.105.68.96-9618+[2607-f388-2200-100-1270-fdff-fe74-8a8]-9618&alias=gpu2004.chtc.wisc.edu&noUDP&sock=startd_11600_36b0>
...
006 (16798938.014.000) 2023-02-13 07:26:03 Image size of job updated: 79876
	1  -  MemoryUsage of job (MB)
	672  -  ResidentSetSize of job (KB)
...
006 (16798938.014.000) 2023-02-13 07:31:04 Image size of job updated: 14658324
	2448  -  MemoryUsage of job (MB)
	2505804  -  ResidentSetSize of job (KB)
...
006 (16798938.014.000) 2023-02-13 07:36:04 Image size of job updated: 14667748
	2457  -  MemoryUsage of job (MB)
	2515228  -  ResidentSetSize of job (KB)
...
006 (16798938.014.000) 2023-02-13 07:41:05 Image size of job updated: 14678968
	2468  -  MemoryUsage of job (MB)
	2526448  -  ResidentSetSize of job (KB)
...
006 (16798938.014.000) 2023-02-13 07:51:07 Image size of job updated: 14698348
	2487  -  MemoryUsage of job (MB)
	2545828  -  ResidentSetSize of job (KB)
...
006 (16798938.014.000) 2023-02-13 07:56:07 Image size of job updated: 14698348
	2487  -  MemoryUsage of job (MB)
	2545956  -  ResidentSetSize of job (KB)
...
006 (16798938.014.000) 2023-02-13 08:01:07 Image size of job updated: 14708004
	2496  -  MemoryUsage of job (MB)
	2555484  -  ResidentSetSize of job (KB)
...
006 (16798938.014.000) 2023-02-13 08:06:08 Image size of job updated: 14727072
	2515  -  MemoryUsage of job (MB)
	2574552  -  ResidentSetSize of job (KB)
...
006 (16798938.014.000) 2023-02-13 08:11:08 Image size of job updated: 14729072
	2517  -  MemoryUsage of job (MB)
	2576552  -  ResidentSetSize of job (KB)
...
006 (16798938.014.000) 2023-02-13 08:16:09 Image size of job updated: 14730264
	2518  -  MemoryUsage of job (MB)
	2577744  -  ResidentSetSize of job (KB)
...
006 (16798938.014.000) 2023-02-13 08:36:10 Image size of job updated: 14739472
	2527  -  MemoryUsage of job (MB)
	2586952  -  ResidentSetSize of job (KB)
...
006 (16798938.014.000) 2023-02-13 08:41:11 Image size of job updated: 14742424
	2530  -  MemoryUsage of job (MB)
	2589904  -  ResidentSetSize of job (KB)
...
006 (16798938.014.000) 2023-02-13 08:46:11 Image size of job updated: 14752856
	2554  -  MemoryUsage of job (MB)
	2615000  -  ResidentSetSize of job (KB)
...
006 (16798938.014.000) 2023-02-13 08:51:12 Image size of job updated: 14768148
	2555  -  MemoryUsage of job (MB)
	2615628  -  ResidentSetSize of job (KB)
...
006 (16798938.014.000) 2023-02-13 08:56:12 Image size of job updated: 14768780
	2555  -  MemoryUsage of job (MB)
	2616260  -  ResidentSetSize of job (KB)
...
006 (16798938.014.000) 2023-02-13 09:01:14 Image size of job updated: 14779952
	2566  -  MemoryUsage of job (MB)
	2627432  -  ResidentSetSize of job (KB)
...
006 (16798938.014.000) 2023-02-13 09:11:14 Image size of job updated: 14779952
	2566  -  MemoryUsage of job (MB)
	2627436  -  ResidentSetSize of job (KB)
...
006 (16798938.014.000) 2023-02-13 09:16:15 Image size of job updated: 14782472
	2569  -  MemoryUsage of job (MB)
	2629956  -  ResidentSetSize of job (KB)
...
006 (16798938.014.000) 2023-02-13 09:21:15 Image size of job updated: 14789492
	2576  -  MemoryUsage of job (MB)
	2636976  -  ResidentSetSize of job (KB)
...
006 (16798938.014.000) 2023-02-13 09:36:18 Image size of job updated: 14791500
	2582  -  MemoryUsage of job (MB)
	2643856  -  ResidentSetSize of job (KB)
...
006 (16798938.014.000) 2023-02-13 09:41:18 Image size of job updated: 14796372
	2582  -  MemoryUsage of job (MB)
	2643856  -  ResidentSetSize of job (KB)
...
006 (16798938.014.000) 2023-02-13 09:56:19 Image size of job updated: 14798404
	2584  -  MemoryUsage of job (MB)
	2645888  -  ResidentSetSize of job (KB)
...
006 (16798938.014.000) 2023-02-13 10:01:20 Image size of job updated: 14803744
	2594  -  MemoryUsage of job (MB)
	2655748  -  ResidentSetSize of job (KB)
...
006 (16798938.014.000) 2023-02-13 10:06:20 Image size of job updated: 14812944
	2599  -  MemoryUsage of job (MB)
	2660428  -  ResidentSetSize of job (KB)
...
006 (16798938.014.000) 2023-02-13 10:11:22 Image size of job updated: 14823984
	2609  -  MemoryUsage of job (MB)
	2671468  -  ResidentSetSize of job (KB)
...
006 (16798938.014.000) 2023-02-13 10:16:22 Image size of job updated: 14824624
	2610  -  MemoryUsage of job (MB)
	2672108  -  ResidentSetSize of job (KB)
...
006 (16798938.014.000) 2023-02-13 10:21:22 Image size of job updated: 14833572
	2619  -  MemoryUsage of job (MB)
	2681056  -  ResidentSetSize of job (KB)
...
006 (16798938.014.000) 2023-02-13 10:46:25 Image size of job updated: 14834496
	2620  -  MemoryUsage of job (MB)
	2681980  -  ResidentSetSize of job (KB)
...
006 (16798938.014.000) 2023-02-13 10:56:25 Image size of job updated: 14901292
	2621  -  MemoryUsage of job (MB)
	2683328  -  ResidentSetSize of job (KB)
...
006 (16798938.014.000) 2023-02-13 11:01:26 Image size of job updated: 14967908
	2622  -  MemoryUsage of job (MB)
	2684408  -  ResidentSetSize of job (KB)
...
006 (16798938.014.000) 2023-02-13 11:06:26 Image size of job updated: 14968356
	2622  -  MemoryUsage of job (MB)
	2684844  -  ResidentSetSize of job (KB)
...
006 (16798938.014.000) 2023-02-13 11:11:27 Image size of job updated: 15040108
	2628  -  MemoryUsage of job (MB)
	2691056  -  ResidentSetSize of job (KB)
...
006 (16798938.014.000) 2023-02-13 11:41:30 Image size of job updated: 15042960
	2631  -  MemoryUsage of job (MB)
	2693936  -  ResidentSetSize of job (KB)
...
006 (16798938.014.000) 2023-02-13 11:51:31 Image size of job updated: 15114096
	2637  -  MemoryUsage of job (MB)
	2699564  -  ResidentSetSize of job (KB)
...
006 (16798938.014.000) 2023-02-13 11:56:31 Image size of job updated: 15179632
	2637  -  MemoryUsage of job (MB)
	2699564  -  ResidentSetSize of job (KB)
...
006 (16798938.014.000) 2023-02-13 12:01:32 Image size of job updated: 15310704
	2637  -  MemoryUsage of job (MB)
	2699564  -  ResidentSetSize of job (KB)
...
006 (16798938.014.000) 2023-02-13 12:06:32 Image size of job updated: 15441776
	2637  -  MemoryUsage of job (MB)
	2699564  -  ResidentSetSize of job (KB)
...
006 (16798938.014.000) 2023-02-13 12:11:33 Image size of job updated: 15449696
	2644  -  MemoryUsage of job (MB)
	2707356  -  ResidentSetSize of job (KB)
...
006 (16798938.014.000) 2023-02-13 12:16:33 Image size of job updated: 15581116
	2645  -  MemoryUsage of job (MB)
	2707704  -  ResidentSetSize of job (KB)
...
006 (16798938.014.000) 2023-02-13 12:21:33 Image size of job updated: 15844360
	2646  -  MemoryUsage of job (MB)
	2708804  -  ResidentSetSize of job (KB)
...
006 (16798938.014.000) 2023-02-13 12:56:35 Image size of job updated: 15844704
	2646  -  MemoryUsage of job (MB)
	2709172  -  ResidentSetSize of job (KB)
...
006 (16798938.014.000) 2023-02-13 13:01:36 Image size of job updated: 15844704
	2647  -  MemoryUsage of job (MB)
	2710240  -  ResidentSetSize of job (KB)
...
006 (16798938.014.000) 2023-02-13 13:06:36 Image size of job updated: 15849348
	2651  -  MemoryUsage of job (MB)
	2713820  -  ResidentSetSize of job (KB)
...
006 (16798938.014.000) 2023-02-13 13:11:38 Image size of job updated: 15982028
	2652  -  MemoryUsage of job (MB)
	2715508  -  ResidentSetSize of job (KB)
...
006 (16798938.014.000) 2023-02-13 13:16:38 Image size of job updated: 16245500
	2654  -  MemoryUsage of job (MB)
	2716728  -  ResidentSetSize of job (KB)
...
006 (16798938.014.000) 2023-02-13 13:21:38 Image size of job updated: 16508664
	2655  -  MemoryUsage of job (MB)
	2718492  -  ResidentSetSize of job (KB)
...
006 (16798938.014.000) 2023-02-13 13:26:39 Image size of job updated: 16906732
	2659  -  MemoryUsage of job (MB)
	2722600  -  ResidentSetSize of job (KB)
...
006 (16798938.014.000) 2023-02-13 13:31:39 Image size of job updated: 17496556
	2659  -  MemoryUsage of job (MB)
	2722600  -  ResidentSetSize of job (KB)
...
006 (16798938.014.000) 2023-02-13 13:36:40 Image size of job updated: 18483884
	2663  -  MemoryUsage of job (MB)
	2726912  -  ResidentSetSize of job (KB)
...
006 (16798938.014.000) 2023-02-13 13:41:40 Image size of job updated: 20056748
	2663  -  MemoryUsage of job (MB)
	2726912  -  ResidentSetSize of job (KB)
...
006 (16798938.014.000) 2023-02-13 13:46:42 Image size of job updated: 22291700
	2670  -  MemoryUsage of job (MB)
	2733636  -  ResidentSetSize of job (KB)
...
006 (16798938.014.000) 2023-02-13 13:51:42 Image size of job updated: 24393536
	2675  -  MemoryUsage of job (MB)
	2738316  -  ResidentSetSize of job (KB)
...
006 (16798938.014.000) 2023-02-13 13:56:42 Image size of job updated: 26295788
	2676  -  MemoryUsage of job (MB)
	2740008  -  ResidentSetSize of job (KB)
...
006 (16798938.014.000) 2023-02-13 14:01:43 Image size of job updated: 29582688
	2686  -  MemoryUsage of job (MB)
	2750108  -  ResidentSetSize of job (KB)
...
006 (16798938.014.000) 2023-02-13 14:06:43 Image size of job updated: 32662880
	2686  -  MemoryUsage of job (MB)
	2750108  -  ResidentSetSize of job (KB)
...
006 (16798938.014.000) 2023-02-13 14:11:44 Image size of job updated: 38036832
	2686  -  MemoryUsage of job (MB)
	2750108  -  ResidentSetSize of job (KB)
...
006 (16798938.014.000) 2023-02-13 14:16:44 Image size of job updated: 50359740
	2688  -  MemoryUsage of job (MB)
	2752248  -  ResidentSetSize of job (KB)
...
006 (16798938.014.000) 2023-02-13 14:21:46 Image size of job updated: 66613520
	2690  -  MemoryUsage of job (MB)
	2754112  -  ResidentSetSize of job (KB)
...
006 (16798938.014.000) 2023-02-13 14:26:46 Image size of job updated: 84958004
	2690  -  MemoryUsage of job (MB)
	2754112  -  ResidentSetSize of job (KB)
...
006 (16798938.014.000) 2023-02-13 14:31:46 Image size of job updated: 99377464
	2690  -  MemoryUsage of job (MB)
	2754112  -  ResidentSetSize of job (KB)
...
006 (16798938.014.000) 2023-02-13 14:36:47 Image size of job updated: 99377464
	2691  -  MemoryUsage of job (MB)
	2754612  -  ResidentSetSize of job (KB)
...
006 (16798938.014.000) 2023-02-13 14:41:47 Image size of job updated: 99377464
	2697  -  MemoryUsage of job (MB)
	2761528  -  ResidentSetSize of job (KB)
...
006 (16798938.014.000) 2023-02-13 14:46:48 Image size of job updated: 99377464
	2712  -  MemoryUsage of job (MB)
	2776272  -  ResidentSetSize of job (KB)
...
006 (16798938.014.000) 2023-02-13 14:51:48 Image size of job updated: 99377464
	2719  -  MemoryUsage of job (MB)
	2783288  -  ResidentSetSize of job (KB)
...
040 (16798938.014.000) 2023-02-13 15:34:38 Started transferring output files
...
040 (16798938.014.000) 2023-02-13 15:34:38 Finished transferring output files
...
005 (16798938.014.000) 2023-02-13 15:34:38 Job terminated.
	(1) Normal termination (return value 0)
		Usr 0 08:02:47, Sys 0 00:03:08  -  Run Remote Usage
		Usr 0 00:00:00, Sys 0 00:00:00  -  Run Local Usage
		Usr 0 08:02:47, Sys 0 00:03:08  -  Total Remote Usage
		Usr 0 00:00:00, Sys 0 00:00:00  -  Total Local Usage
	206  -  Run Bytes Sent By Job
	4698  -  Run Bytes Received By Job
	206  -  Total Bytes Sent By Job
	4698  -  Total Bytes Received By Job
	Partitionable Resources :       Usage  Request Allocated Assigned
	   Cpus                 :        1.01        1         1 
	   Disk (KB)            : 56319733    68157440  72755738 
	   Gpus (Average)       :                    1         1 "GPU-9889ee48"
	   GpusMemory (MB)      :    81859                       
	   IoHeavy              :                              0 
	   Memory (MB)          :     2719       20480     20480 

	Job terminated of its own accord at 2023-02-13T21:34:38Z with exit-code 0.
...
