000 (16798938.006.000) 2023-02-12 18:35:22 Job submitted from host: <128.105.244.191:9618?addrs=128.105.244.191-9618&alias=submit-1.chtc.wisc.edu&noUDP&sock=schedd_6485_bfc3>
...
040 (16798938.006.000) 2023-02-13 00:48:49 Started transferring input files
	Transferring to host: <128.105.68.100:9618?addrs=128.105.68.100-9618+[2607-f388-2200-100-ac0-ebff-fe99-9a48]-9618&alias=gpu2008.chtc.wisc.edu&noUDP&sock=slot1_3_454544_1e2d_4913>
...
040 (16798938.006.000) 2023-02-13 00:48:49 Finished transferring input files
...
001 (16798938.006.000) 2023-02-13 00:48:50 Job executing on host: <128.105.68.100:9618?addrs=128.105.68.100-9618+[2607-f388-2200-100-ac0-ebff-fe99-9a48]-9618&alias=gpu2008.chtc.wisc.edu&noUDP&sock=startd_34041_df81>
...
006 (16798938.006.000) 2023-02-13 00:48:58 Image size of job updated: 668
	1  -  MemoryUsage of job (MB)
	668  -  ResidentSetSize of job (KB)
...
006 (16798938.006.000) 2023-02-13 00:53:58 Image size of job updated: 14673368
	2467  -  MemoryUsage of job (MB)
	2525964  -  ResidentSetSize of job (KB)
...
006 (16798938.006.000) 2023-02-13 00:58:58 Image size of job updated: 14678508
	2467  -  MemoryUsage of job (MB)
	2525968  -  ResidentSetSize of job (KB)
...
006 (16798938.006.000) 2023-02-13 01:03:59 Image size of job updated: 14704308
	2492  -  MemoryUsage of job (MB)
	2551772  -  ResidentSetSize of job (KB)
...
006 (16798938.006.000) 2023-02-13 01:14:00 Image size of job updated: 14724056
	2512  -  MemoryUsage of job (MB)
	2571524  -  ResidentSetSize of job (KB)
...
006 (16798938.006.000) 2023-02-13 01:24:02 Image size of job updated: 14737964
	2525  -  MemoryUsage of job (MB)
	2585432  -  ResidentSetSize of job (KB)
...
006 (16798938.006.000) 2023-02-13 01:34:02 Image size of job updated: 14740088
	2527  -  MemoryUsage of job (MB)
	2587556  -  ResidentSetSize of job (KB)
...
006 (16798938.006.000) 2023-02-13 01:39:03 Image size of job updated: 14754100
	2541  -  MemoryUsage of job (MB)
	2601568  -  ResidentSetSize of job (KB)
...
006 (16798938.006.000) 2023-02-13 01:44:03 Image size of job updated: 14755000
	2542  -  MemoryUsage of job (MB)
	2602468  -  ResidentSetSize of job (KB)
...
006 (16798938.006.000) 2023-02-13 01:49:04 Image size of job updated: 14766724
	2553  -  MemoryUsage of job (MB)
	2614192  -  ResidentSetSize of job (KB)
...
006 (16798938.006.000) 2023-02-13 01:54:04 Image size of job updated: 14767172
	2554  -  MemoryUsage of job (MB)
	2614640  -  ResidentSetSize of job (KB)
...
006 (16798938.006.000) 2023-02-13 02:04:05 Image size of job updated: 14767172
	2555  -  MemoryUsage of job (MB)
	2616160  -  ResidentSetSize of job (KB)
...
006 (16798938.006.000) 2023-02-13 02:09:07 Image size of job updated: 14780932
	2567  -  MemoryUsage of job (MB)
	2628400  -  ResidentSetSize of job (KB)
...
006 (16798938.006.000) 2023-02-13 02:14:07 Image size of job updated: 14786672
	2573  -  MemoryUsage of job (MB)
	2634140  -  ResidentSetSize of job (KB)
...
006 (16798938.006.000) 2023-02-13 02:19:07 Image size of job updated: 14799184
	2585  -  MemoryUsage of job (MB)
	2646652  -  ResidentSetSize of job (KB)
...
006 (16798938.006.000) 2023-02-13 02:24:08 Image size of job updated: 14805272
	2591  -  MemoryUsage of job (MB)
	2652740  -  ResidentSetSize of job (KB)
...
006 (16798938.006.000) 2023-02-13 02:44:10 Image size of job updated: 14805616
	2591  -  MemoryUsage of job (MB)
	2653084  -  ResidentSetSize of job (KB)
...
006 (16798938.006.000) 2023-02-13 02:49:10 Image size of job updated: 14811824
	2597  -  MemoryUsage of job (MB)
	2659292  -  ResidentSetSize of job (KB)
...
006 (16798938.006.000) 2023-02-13 02:54:10 Image size of job updated: 14812780
	2598  -  MemoryUsage of job (MB)
	2660248  -  ResidentSetSize of job (KB)
...
006 (16798938.006.000) 2023-02-13 02:59:11 Image size of job updated: 14823660
	2609  -  MemoryUsage of job (MB)
	2671256  -  ResidentSetSize of job (KB)
...
006 (16798938.006.000) 2023-02-13 03:04:11 Image size of job updated: 14829588
	2615  -  MemoryUsage of job (MB)
	2677180  -  ResidentSetSize of job (KB)
...
006 (16798938.006.000) 2023-02-13 03:09:12 Image size of job updated: 14829836
	2615  -  MemoryUsage of job (MB)
	2677304  -  ResidentSetSize of job (KB)
...
006 (16798938.006.000) 2023-02-13 03:19:13 Image size of job updated: 14834288
	2619  -  MemoryUsage of job (MB)
	2681756  -  ResidentSetSize of job (KB)
...
006 (16798938.006.000) 2023-02-13 03:29:14 Image size of job updated: 14845728
	2631  -  MemoryUsage of job (MB)
	2693196  -  ResidentSetSize of job (KB)
...
006 (16798938.006.000) 2023-02-13 03:39:15 Image size of job updated: 14848500
	2633  -  MemoryUsage of job (MB)
	2695968  -  ResidentSetSize of job (KB)
...
006 (16798938.006.000) 2023-02-13 04:09:19 Image size of job updated: 14919588
	2639  -  MemoryUsage of job (MB)
	2701640  -  ResidentSetSize of job (KB)
...
006 (16798938.006.000) 2023-02-13 04:14:19 Image size of job updated: 14995132
	2648  -  MemoryUsage of job (MB)
	2711528  -  ResidentSetSize of job (KB)
...
006 (16798938.006.000) 2023-02-13 04:19:19 Image size of job updated: 14996256
	2650  -  MemoryUsage of job (MB)
	2712652  -  ResidentSetSize of job (KB)
...
006 (16798938.006.000) 2023-02-13 04:24:20 Image size of job updated: 15062600
	2650  -  MemoryUsage of job (MB)
	2713460  -  ResidentSetSize of job (KB)
...
006 (16798938.006.000) 2023-02-13 04:54:23 Image size of job updated: 15063632
	2651  -  MemoryUsage of job (MB)
	2714492  -  ResidentSetSize of job (KB)
...
006 (16798938.006.000) 2023-02-13 04:59:24 Image size of job updated: 15134436
	2657  -  MemoryUsage of job (MB)
	2719820  -  ResidentSetSize of job (KB)
...
006 (16798938.006.000) 2023-02-13 05:04:24 Image size of job updated: 15199972
	2657  -  MemoryUsage of job (MB)
	2719820  -  ResidentSetSize of job (KB)
...
006 (16798938.006.000) 2023-02-13 05:09:25 Image size of job updated: 15337260
	2663  -  MemoryUsage of job (MB)
	2726056  -  ResidentSetSize of job (KB)
...
006 (16798938.006.000) 2023-02-13 05:14:25 Image size of job updated: 15473584
	2668  -  MemoryUsage of job (MB)
	2731228  -  ResidentSetSize of job (KB)
...
006 (16798938.006.000) 2023-02-13 05:19:27 Image size of job updated: 15605724
	2669  -  MemoryUsage of job (MB)
	2732296  -  ResidentSetSize of job (KB)
...
006 (16798938.006.000) 2023-02-13 05:24:27 Image size of job updated: 15736796
	2669  -  MemoryUsage of job (MB)
	2732296  -  ResidentSetSize of job (KB)
...
006 (16798938.006.000) 2023-02-13 05:29:27 Image size of job updated: 15869240
	2670  -  MemoryUsage of job (MB)
	2733716  -  ResidentSetSize of job (KB)
...
006 (16798938.006.000) 2023-02-13 06:14:32 Image size of job updated: 15874748
	2675  -  MemoryUsage of job (MB)
	2739176  -  ResidentSetSize of job (KB)
...
006 (16798938.006.000) 2023-02-13 06:34:34 Image size of job updated: 16005820
	2675  -  MemoryUsage of job (MB)
	2739176  -  ResidentSetSize of job (KB)
...
006 (16798938.006.000) 2023-02-13 06:39:36 Image size of job updated: 16267964
	2675  -  MemoryUsage of job (MB)
	2739176  -  ResidentSetSize of job (KB)
...
006 (16798938.006.000) 2023-02-13 06:44:36 Image size of job updated: 16535228
	2680  -  MemoryUsage of job (MB)
	2744296  -  ResidentSetSize of job (KB)
...
006 (16798938.006.000) 2023-02-13 06:49:36 Image size of job updated: 16797372
	2680  -  MemoryUsage of job (MB)
	2744296  -  ResidentSetSize of job (KB)
...
006 (16798938.006.000) 2023-02-13 06:54:37 Image size of job updated: 17190588
	2680  -  MemoryUsage of job (MB)
	2744296  -  ResidentSetSize of job (KB)
...
006 (16798938.006.000) 2023-02-13 06:59:37 Image size of job updated: 17717448
	2688  -  MemoryUsage of job (MB)
	2751584  -  ResidentSetSize of job (KB)
...
006 (16798938.006.000) 2023-02-13 07:04:38 Image size of job updated: 18912720
	2698  -  MemoryUsage of job (MB)
	2762492  -  ResidentSetSize of job (KB)
...
006 (16798938.006.000) 2023-02-13 07:09:38 Image size of job updated: 20095272
	2701  -  MemoryUsage of job (MB)
	2765396  -  ResidentSetSize of job (KB)
...
006 (16798938.006.000) 2023-02-13 07:14:40 Image size of job updated: 22325676
	2703  -  MemoryUsage of job (MB)
	2767576  -  ResidentSetSize of job (KB)
...
006 (16798938.006.000) 2023-02-13 07:19:40 Image size of job updated: 25340332
	2703  -  MemoryUsage of job (MB)
	2767576  -  ResidentSetSize of job (KB)
...
006 (16798938.006.000) 2023-02-13 07:24:40 Image size of job updated: 29937140
	2712  -  MemoryUsage of job (MB)
	2776864  -  ResidentSetSize of job (KB)
...
006 (16798938.006.000) 2023-02-13 07:29:41 Image size of job updated: 37604852
	2727  -  MemoryUsage of job (MB)
	2792368  -  ResidentSetSize of job (KB)
...
006 (16798938.006.000) 2023-02-13 07:34:41 Image size of job updated: 52553212
	2727  -  MemoryUsage of job (MB)
	2792368  -  ResidentSetSize of job (KB)
...
006 (16798938.006.000) 2023-02-13 07:39:42 Image size of job updated: 87328640
	2727  -  MemoryUsage of job (MB)
	2792368  -  ResidentSetSize of job (KB)
...
006 (16798938.006.000) 2023-02-13 07:44:42 Image size of job updated: 99387680
	2753  -  MemoryUsage of job (MB)
	2818096  -  ResidentSetSize of job (KB)
...
006 (16798938.006.000) 2023-02-13 07:54:43 Image size of job updated: 105905768
	2753  -  MemoryUsage of job (MB)
	2818096  -  ResidentSetSize of job (KB)
...
040 (16798938.006.000) 2023-02-13 08:32:29 Started transferring output files
...
040 (16798938.006.000) 2023-02-13 08:32:29 Finished transferring output files
...
005 (16798938.006.000) 2023-02-13 08:32:29 Job terminated.
	(1) Normal termination (return value 0)
		Usr 0 07:33:51, Sys 0 00:02:52  -  Run Remote Usage
		Usr 0 00:00:00, Sys 0 00:00:00  -  Run Local Usage
		Usr 0 07:33:51, Sys 0 00:02:52  -  Total Remote Usage
		Usr 0 00:00:00, Sys 0 00:00:00  -  Total Local Usage
	206  -  Run Bytes Sent By Job
	4698  -  Run Bytes Received By Job
	206  -  Total Bytes Sent By Job
	4698  -  Total Bytes Received By Job
	Partitionable Resources :        Usage  Request Allocated Assigned
	   Cpus                 :         1.01        1         1 
	   Disk (KB)            :  56295438    68157440  71953512 
	   Gpus (Average)       : 126404573.81        1         1 "GPU-7067f38b"
	   GpusMemory (MB)      :     81919                       
	   IoHeavy              :                               0 
	   Memory (MB)          :      2753       20480     20480 

	Job terminated of its own accord at 2023-02-13T14:32:29Z with exit-code 0.
...
