000 (16798938.015.000) 2023-02-12 18:35:22 Job submitted from host: <128.105.244.191:9618?addrs=128.105.244.191-9618&alias=submit-1.chtc.wisc.edu&noUDP&sock=schedd_6485_bfc3>
...
040 (16798938.015.000) 2023-02-13 07:26:03 Started transferring input files
	Transferring to host: <128.105.68.96:9618?addrs=128.105.68.96-9618+[2607-f388-2200-100-1270-fdff-fe74-8a8]-9618&alias=gpu2004.chtc.wisc.edu&noUDP&sock=slot1_2_354665_53af_35>
...
040 (16798938.015.000) 2023-02-13 07:26:03 Finished transferring input files
...
001 (16798938.015.000) 2023-02-13 07:26:04 Job executing on host: <128.105.68.96:9618?addrs=128.105.68.96-9618+[2607-f388-2200-100-1270-fdff-fe74-8a8]-9618&alias=gpu2004.chtc.wisc.edu&noUDP&sock=startd_11600_36b0>
...
006 (16798938.015.000) 2023-02-13 07:26:12 Image size of job updated: 38908
	1  -  MemoryUsage of job (MB)
	668  -  ResidentSetSize of job (KB)
...
006 (16798938.015.000) 2023-02-13 07:31:12 Image size of job updated: 14649392
	2438  -  MemoryUsage of job (MB)
	2496420  -  ResidentSetSize of job (KB)
...
006 (16798938.015.000) 2023-02-13 07:36:12 Image size of job updated: 14664888
	2454  -  MemoryUsage of job (MB)
	2511928  -  ResidentSetSize of job (KB)
...
006 (16798938.015.000) 2023-02-13 07:41:13 Image size of job updated: 14674460
	2463  -  MemoryUsage of job (MB)
	2521500  -  ResidentSetSize of job (KB)
...
006 (16798938.015.000) 2023-02-13 07:46:13 Image size of job updated: 14683892
	2472  -  MemoryUsage of job (MB)
	2530932  -  ResidentSetSize of job (KB)
...
006 (16798938.015.000) 2023-02-13 07:51:14 Image size of job updated: 14688760
	2477  -  MemoryUsage of job (MB)
	2535804  -  ResidentSetSize of job (KB)
...
006 (16798938.015.000) 2023-02-13 07:56:14 Image size of job updated: 14703632
	2491  -  MemoryUsage of job (MB)
	2550676  -  ResidentSetSize of job (KB)
...
006 (16798938.015.000) 2023-02-13 08:01:15 Image size of job updated: 14708020
	2496  -  MemoryUsage of job (MB)
	2555064  -  ResidentSetSize of job (KB)
...
006 (16798938.015.000) 2023-02-13 08:11:15 Image size of job updated: 14718468
	2506  -  MemoryUsage of job (MB)
	2565516  -  ResidentSetSize of job (KB)
...
006 (16798938.015.000) 2023-02-13 08:16:16 Image size of job updated: 14719968
	2507  -  MemoryUsage of job (MB)
	2567016  -  ResidentSetSize of job (KB)
...
006 (16798938.015.000) 2023-02-13 08:21:16 Image size of job updated: 14729868
	2517  -  MemoryUsage of job (MB)
	2576916  -  ResidentSetSize of job (KB)
...
006 (16798938.015.000) 2023-02-13 08:26:17 Image size of job updated: 14730948
	2518  -  MemoryUsage of job (MB)
	2577996  -  ResidentSetSize of job (KB)
...
006 (16798938.015.000) 2023-02-13 08:36:19 Image size of job updated: 14733916
	2521  -  MemoryUsage of job (MB)
	2580964  -  ResidentSetSize of job (KB)
...
006 (16798938.015.000) 2023-02-13 08:41:19 Image size of job updated: 14746820
	2534  -  MemoryUsage of job (MB)
	2593868  -  ResidentSetSize of job (KB)
...
006 (16798938.015.000) 2023-02-13 08:46:19 Image size of job updated: 14751896
	2539  -  MemoryUsage of job (MB)
	2598944  -  ResidentSetSize of job (KB)
...
006 (16798938.015.000) 2023-02-13 08:51:20 Image size of job updated: 14759960
	2546  -  MemoryUsage of job (MB)
	2607008  -  ResidentSetSize of job (KB)
...
006 (16798938.015.000) 2023-02-13 08:56:20 Image size of job updated: 14765352
	2552  -  MemoryUsage of job (MB)
	2612400  -  ResidentSetSize of job (KB)
...
006 (16798938.015.000) 2023-02-13 09:06:21 Image size of job updated: 14775400
	2561  -  MemoryUsage of job (MB)
	2622448  -  ResidentSetSize of job (KB)
...
006 (16798938.015.000) 2023-02-13 09:11:23 Image size of job updated: 14777020
	2563  -  MemoryUsage of job (MB)
	2624068  -  ResidentSetSize of job (KB)
...
006 (16798938.015.000) 2023-02-13 09:16:23 Image size of job updated: 14777740
	2564  -  MemoryUsage of job (MB)
	2624788  -  ResidentSetSize of job (KB)
...
006 (16798938.015.000) 2023-02-13 09:21:23 Image size of job updated: 14778640
	2565  -  MemoryUsage of job (MB)
	2625688  -  ResidentSetSize of job (KB)
...
006 (16798938.015.000) 2023-02-13 09:31:24 Image size of job updated: 14786288
	2572  -  MemoryUsage of job (MB)
	2633460  -  ResidentSetSize of job (KB)
...
006 (16798938.015.000) 2023-02-13 09:36:25 Image size of job updated: 14787036
	2573  -  MemoryUsage of job (MB)
	2634208  -  ResidentSetSize of job (KB)
...
006 (16798938.015.000) 2023-02-13 09:41:25 Image size of job updated: 14791960
	2578  -  MemoryUsage of job (MB)
	2639008  -  ResidentSetSize of job (KB)
...
006 (16798938.015.000) 2023-02-13 09:46:25 Image size of job updated: 14793304
	2579  -  MemoryUsage of job (MB)
	2640480  -  ResidentSetSize of job (KB)
...
006 (16798938.015.000) 2023-02-13 09:51:26 Image size of job updated: 14797460
	2583  -  MemoryUsage of job (MB)
	2644508  -  ResidentSetSize of job (KB)
...
006 (16798938.015.000) 2023-02-13 09:56:26 Image size of job updated: 14799092
	2585  -  MemoryUsage of job (MB)
	2646140  -  ResidentSetSize of job (KB)
...
006 (16798938.015.000) 2023-02-13 10:11:28 Image size of job updated: 14814892
	2600  -  MemoryUsage of job (MB)
	2661940  -  ResidentSetSize of job (KB)
...
006 (16798938.015.000) 2023-02-13 10:21:29 Image size of job updated: 14814892
	2600  -  MemoryUsage of job (MB)
	2661944  -  ResidentSetSize of job (KB)
...
006 (16798938.015.000) 2023-02-13 10:36:30 Image size of job updated: 14815872
	2601  -  MemoryUsage of job (MB)
	2662924  -  ResidentSetSize of job (KB)
...
006 (16798938.015.000) 2023-02-13 10:41:30 Image size of job updated: 14821000
	2606  -  MemoryUsage of job (MB)
	2668052  -  ResidentSetSize of job (KB)
...
006 (16798938.015.000) 2023-02-13 10:46:31 Image size of job updated: 14830852
	2616  -  MemoryUsage of job (MB)
	2677996  -  ResidentSetSize of job (KB)
...
006 (16798938.015.000) 2023-02-13 10:51:31 Image size of job updated: 14831664
	2617  -  MemoryUsage of job (MB)
	2678896  -  ResidentSetSize of job (KB)
...
006 (16798938.015.000) 2023-02-13 10:56:33 Image size of job updated: 14897380
	2617  -  MemoryUsage of job (MB)
	2678896  -  ResidentSetSize of job (KB)
...
006 (16798938.015.000) 2023-02-13 11:01:33 Image size of job updated: 14969124
	2623  -  MemoryUsage of job (MB)
	2685104  -  ResidentSetSize of job (KB)
...
006 (16798938.015.000) 2023-02-13 11:06:33 Image size of job updated: 15034660
	2623  -  MemoryUsage of job (MB)
	2685104  -  ResidentSetSize of job (KB)
...
006 (16798938.015.000) 2023-02-13 11:21:35 Image size of job updated: 15035228
	2623  -  MemoryUsage of job (MB)
	2685672  -  ResidentSetSize of job (KB)
...
006 (16798938.015.000) 2023-02-13 11:26:35 Image size of job updated: 15035228
	2623  -  MemoryUsage of job (MB)
	2685720  -  ResidentSetSize of job (KB)
...
006 (16798938.015.000) 2023-02-13 11:31:36 Image size of job updated: 15039748
	2628  -  MemoryUsage of job (MB)
	2690732  -  ResidentSetSize of job (KB)
...
006 (16798938.015.000) 2023-02-13 11:36:37 Image size of job updated: 15040288
	2628  -  MemoryUsage of job (MB)
	2690732  -  ResidentSetSize of job (KB)
...
006 (16798938.015.000) 2023-02-13 11:41:37 Image size of job updated: 15041248
	2629  -  MemoryUsage of job (MB)
	2691692  -  ResidentSetSize of job (KB)
...
006 (16798938.015.000) 2023-02-13 11:51:38 Image size of job updated: 15108644
	2631  -  MemoryUsage of job (MB)
	2693552  -  ResidentSetSize of job (KB)
...
006 (16798938.015.000) 2023-02-13 11:56:39 Image size of job updated: 15174180
	2631  -  MemoryUsage of job (MB)
	2693552  -  ResidentSetSize of job (KB)
...
006 (16798938.015.000) 2023-02-13 12:01:39 Image size of job updated: 15306884
	2633  -  MemoryUsage of job (MB)
	2695184  -  ResidentSetSize of job (KB)
...
006 (16798938.015.000) 2023-02-13 12:06:39 Image size of job updated: 15443128
	2638  -  MemoryUsage of job (MB)
	2700476  -  ResidentSetSize of job (KB)
...
006 (16798938.015.000) 2023-02-13 12:11:40 Image size of job updated: 15574620
	2638  -  MemoryUsage of job (MB)
	2700824  -  ResidentSetSize of job (KB)
...
006 (16798938.015.000) 2023-02-13 12:16:40 Image size of job updated: 15712224
	2644  -  MemoryUsage of job (MB)
	2707308  -  ResidentSetSize of job (KB)
...
006 (16798938.015.000) 2023-02-13 12:21:41 Image size of job updated: 15843296
	2644  -  MemoryUsage of job (MB)
	2707408  -  ResidentSetSize of job (KB)
...
006 (16798938.015.000) 2023-02-13 13:11:46 Image size of job updated: 16105440
	2644  -  MemoryUsage of job (MB)
	2707408  -  ResidentSetSize of job (KB)
...
006 (16798938.015.000) 2023-02-13 13:16:47 Image size of job updated: 16369076
	2646  -  MemoryUsage of job (MB)
	2708800  -  ResidentSetSize of job (KB)
...
006 (16798938.015.000) 2023-02-13 13:21:47 Image size of job updated: 16763852
	2647  -  MemoryUsage of job (MB)
	2710360  -  ResidentSetSize of job (KB)
...
006 (16798938.015.000) 2023-02-13 13:26:47 Image size of job updated: 17162128
	2652  -  MemoryUsage of job (MB)
	2715420  -  ResidentSetSize of job (KB)
...
006 (16798938.015.000) 2023-02-13 13:31:48 Image size of job updated: 18079632
	2652  -  MemoryUsage of job (MB)
	2715420  -  ResidentSetSize of job (KB)
...
006 (16798938.015.000) 2023-02-13 13:36:48 Image size of job updated: 19264528
	2658  -  MemoryUsage of job (MB)
	2721236  -  ResidentSetSize of job (KB)
...
006 (16798938.015.000) 2023-02-13 13:41:49 Image size of job updated: 21232708
	2659  -  MemoryUsage of job (MB)
	2722768  -  ResidentSetSize of job (KB)
...
006 (16798938.015.000) 2023-02-13 13:46:49 Image size of job updated: 23602272
	2669  -  MemoryUsage of job (MB)
	2733036  -  ResidentSetSize of job (KB)
...
006 (16798938.015.000) 2023-02-13 13:51:51 Image size of job updated: 26291928
	2672  -  MemoryUsage of job (MB)
	2735716  -  ResidentSetSize of job (KB)
...
006 (16798938.015.000) 2023-02-13 13:56:51 Image size of job updated: 28913368
	2672  -  MemoryUsage of job (MB)
	2735716  -  ResidentSetSize of job (KB)
...
006 (16798938.015.000) 2023-02-13 14:01:51 Image size of job updated: 33435352
	2672  -  MemoryUsage of job (MB)
	2735716  -  ResidentSetSize of job (KB)
...
006 (16798938.015.000) 2023-02-13 14:06:52 Image size of job updated: 38031524
	2681  -  MemoryUsage of job (MB)
	2744416  -  ResidentSetSize of job (KB)
...
006 (16798938.015.000) 2023-02-13 14:11:52 Image size of job updated: 50352292
	2681  -  MemoryUsage of job (MB)
	2744416  -  ResidentSetSize of job (KB)
...
006 (16798938.015.000) 2023-02-13 14:16:53 Image size of job updated: 65299280
	2685  -  MemoryUsage of job (MB)
	2749148  -  ResidentSetSize of job (KB)
...
006 (16798938.015.000) 2023-02-13 14:21:53 Image size of job updated: 86527600
	2685  -  MemoryUsage of job (MB)
	2749148  -  ResidentSetSize of job (KB)
...
006 (16798938.015.000) 2023-02-13 14:26:55 Image size of job updated: 99408748
	2696  -  MemoryUsage of job (MB)
	2760128  -  ResidentSetSize of job (KB)
...
006 (16798938.015.000) 2023-02-13 14:31:55 Image size of job updated: 99408748
	2739  -  MemoryUsage of job (MB)
	2803816  -  ResidentSetSize of job (KB)
...
006 (16798938.015.000) 2023-02-13 14:41:56 Image size of job updated: 101857900
	2751  -  MemoryUsage of job (MB)
	2816716  -  ResidentSetSize of job (KB)
...
006 (16798938.015.000) 2023-02-13 14:46:56 Image size of job updated: 104655652
	2751  -  MemoryUsage of job (MB)
	2816716  -  ResidentSetSize of job (KB)
...
040 (16798938.015.000) 2023-02-13 15:27:41 Started transferring output files
...
040 (16798938.015.000) 2023-02-13 15:27:41 Finished transferring output files
...
005 (16798938.015.000) 2023-02-13 15:27:41 Job terminated.
	(1) Normal termination (return value 0)
		Usr 0 07:55:54, Sys 0 00:03:07  -  Run Remote Usage
		Usr 0 00:00:00, Sys 0 00:00:00  -  Run Local Usage
		Usr 0 07:55:54, Sys 0 00:03:07  -  Total Remote Usage
		Usr 0 00:00:00, Sys 0 00:00:00  -  Total Local Usage
	206  -  Run Bytes Sent By Job
	4698  -  Run Bytes Received By Job
	206  -  Total Bytes Sent By Job
	4698  -  Total Bytes Received By Job
	Partitionable Resources :       Usage  Request Allocated Assigned
	   Cpus                 :        1.01        1         1 
	   Disk (KB)            : 57070070    68157440  72755738 
	   Gpus (Average)       :                    1         1 "GPU-57c0673b"
	   GpusMemory (MB)      :    81877                       
	   IoHeavy              :                              0 
	   Memory (MB)          :     2751       20480     20480 

	Job terminated of its own accord at 2023-02-13T21:27:41Z with exit-code 0.
...
