000 (16798938.007.000) 2023-02-12 18:35:22 Job submitted from host: <128.105.244.191:9618?addrs=128.105.244.191-9618&alias=submit-1.chtc.wisc.edu&noUDP&sock=schedd_6485_bfc3>
...
040 (16798938.007.000) 2023-02-13 03:02:10 Started transferring input files
	Transferring to host: <128.105.68.101:9618?addrs=128.105.68.101-9618+[2607-f388-2200-100-1270-fdff-fe73-97d6]-9618&alias=gpu2009.chtc.wisc.edu&noUDP&sock=slot1_2_1877356_e2af_10943>
...
040 (16798938.007.000) 2023-02-13 03:02:10 Finished transferring input files
...
001 (16798938.007.000) 2023-02-13 03:02:11 Job executing on host: <128.105.68.101:9618?addrs=128.105.68.101-9618+[2607-f388-2200-100-1270-fdff-fe73-97d6]-9618&alias=gpu2009.chtc.wisc.edu&noUDP&sock=startd_27480_92a2>
...
006 (16798938.007.000) 2023-02-13 03:02:19 Image size of job updated: 38908
	1  -  MemoryUsage of job (MB)
	668  -  ResidentSetSize of job (KB)
...
006 (16798938.007.000) 2023-02-13 03:07:19 Image size of job updated: 14678856
	2468  -  MemoryUsage of job (MB)
	2526660  -  ResidentSetSize of job (KB)
...
006 (16798938.007.000) 2023-02-13 03:12:19 Image size of job updated: 14694856
	2484  -  MemoryUsage of job (MB)
	2542776  -  ResidentSetSize of job (KB)
...
006 (16798938.007.000) 2023-02-13 03:17:20 Image size of job updated: 14705368
	2494  -  MemoryUsage of job (MB)
	2553192  -  ResidentSetSize of job (KB)
...
006 (16798938.007.000) 2023-02-13 03:22:20 Image size of job updated: 14714900
	2503  -  MemoryUsage of job (MB)
	2562724  -  ResidentSetSize of job (KB)
...
006 (16798938.007.000) 2023-02-13 03:27:21 Image size of job updated: 14733108
	2521  -  MemoryUsage of job (MB)
	2580932  -  ResidentSetSize of job (KB)
...
006 (16798938.007.000) 2023-02-13 03:37:22 Image size of job updated: 14742784
	2535  -  MemoryUsage of job (MB)
	2595708  -  ResidentSetSize of job (KB)
...
006 (16798938.007.000) 2023-02-13 03:42:22 Image size of job updated: 14761228
	2548  -  MemoryUsage of job (MB)
	2609052  -  ResidentSetSize of job (KB)
...
006 (16798938.007.000) 2023-02-13 03:47:23 Image size of job updated: 14767720
	2555  -  MemoryUsage of job (MB)
	2615544  -  ResidentSetSize of job (KB)
...
006 (16798938.007.000) 2023-02-13 04:17:26 Image size of job updated: 14767936
	2555  -  MemoryUsage of job (MB)
	2615760  -  ResidentSetSize of job (KB)
...
006 (16798938.007.000) 2023-02-13 04:22:27 Image size of job updated: 14789660
	2576  -  MemoryUsage of job (MB)
	2637484  -  ResidentSetSize of job (KB)
...
006 (16798938.007.000) 2023-02-13 04:27:27 Image size of job updated: 14790712
	2577  -  MemoryUsage of job (MB)
	2638536  -  ResidentSetSize of job (KB)
...
006 (16798938.007.000) 2023-02-13 04:42:29 Image size of job updated: 14803784
	2590  -  MemoryUsage of job (MB)
	2651608  -  ResidentSetSize of job (KB)
...
006 (16798938.007.000) 2023-02-13 04:52:31 Image size of job updated: 14811212
	2597  -  MemoryUsage of job (MB)
	2659036  -  ResidentSetSize of job (KB)
...
006 (16798938.007.000) 2023-02-13 04:57:31 Image size of job updated: 14812140
	2598  -  MemoryUsage of job (MB)
	2659964  -  ResidentSetSize of job (KB)
...
006 (16798938.007.000) 2023-02-13 05:02:31 Image size of job updated: 14813960
	2600  -  MemoryUsage of job (MB)
	2661784  -  ResidentSetSize of job (KB)
...
006 (16798938.007.000) 2023-02-13 05:07:32 Image size of job updated: 14818504
	2604  -  MemoryUsage of job (MB)
	2666328  -  ResidentSetSize of job (KB)
...
006 (16798938.007.000) 2023-02-13 05:12:32 Image size of job updated: 14819132
	2605  -  MemoryUsage of job (MB)
	2667004  -  ResidentSetSize of job (KB)
...
006 (16798938.007.000) 2023-02-13 05:17:33 Image size of job updated: 14825056
	2611  -  MemoryUsage of job (MB)
	2672880  -  ResidentSetSize of job (KB)
...
006 (16798938.007.000) 2023-02-13 05:22:33 Image size of job updated: 14826032
	2612  -  MemoryUsage of job (MB)
	2673856  -  ResidentSetSize of job (KB)
...
006 (16798938.007.000) 2023-02-13 05:27:34 Image size of job updated: 14830832
	2616  -  MemoryUsage of job (MB)
	2678656  -  ResidentSetSize of job (KB)
...
006 (16798938.007.000) 2023-02-13 05:32:34 Image size of job updated: 14835592
	2621  -  MemoryUsage of job (MB)
	2683416  -  ResidentSetSize of job (KB)
...
006 (16798938.007.000) 2023-02-13 05:42:35 Image size of job updated: 14837472
	2623  -  MemoryUsage of job (MB)
	2685376  -  ResidentSetSize of job (KB)
...
006 (16798938.007.000) 2023-02-13 05:47:36 Image size of job updated: 14839232
	2625  -  MemoryUsage of job (MB)
	2687056  -  ResidentSetSize of job (KB)
...
006 (16798938.007.000) 2023-02-13 05:52:36 Image size of job updated: 14844832
	2630  -  MemoryUsage of job (MB)
	2692756  -  ResidentSetSize of job (KB)
...
006 (16798938.007.000) 2023-02-13 06:07:38 Image size of job updated: 14844832
	2630  -  MemoryUsage of job (MB)
	2692832  -  ResidentSetSize of job (KB)
...
006 (16798938.007.000) 2023-02-13 06:12:39 Image size of job updated: 14849192
	2634  -  MemoryUsage of job (MB)
	2697108  -  ResidentSetSize of job (KB)
...
006 (16798938.007.000) 2023-02-13 06:17:39 Image size of job updated: 14850512
	2636  -  MemoryUsage of job (MB)
	2698336  -  ResidentSetSize of job (KB)
...
006 (16798938.007.000) 2023-02-13 06:22:40 Image size of job updated: 14860496
	2645  -  MemoryUsage of job (MB)
	2708320  -  ResidentSetSize of job (KB)
...
006 (16798938.007.000) 2023-02-13 06:27:40 Image size of job updated: 14926032
	2645  -  MemoryUsage of job (MB)
	2708320  -  ResidentSetSize of job (KB)
...
006 (16798938.007.000) 2023-02-13 06:32:41 Image size of job updated: 15005348
	2659  -  MemoryUsage of job (MB)
	2722100  -  ResidentSetSize of job (KB)
...
006 (16798938.007.000) 2023-02-13 06:42:42 Image size of job updated: 15070884
	2659  -  MemoryUsage of job (MB)
	2722100  -  ResidentSetSize of job (KB)
...
006 (16798938.007.000) 2023-02-13 07:22:46 Image size of job updated: 15136420
	2659  -  MemoryUsage of job (MB)
	2722100  -  ResidentSetSize of job (KB)
...
006 (16798938.007.000) 2023-02-13 07:27:47 Image size of job updated: 15201956
	2659  -  MemoryUsage of job (MB)
	2722100  -  ResidentSetSize of job (KB)
...
006 (16798938.007.000) 2023-02-13 07:32:47 Image size of job updated: 15333028
	2659  -  MemoryUsage of job (MB)
	2722100  -  ResidentSetSize of job (KB)
...
006 (16798938.007.000) 2023-02-13 07:37:48 Image size of job updated: 15467252
	2662  -  MemoryUsage of job (MB)
	2725332  -  ResidentSetSize of job (KB)
...
006 (16798938.007.000) 2023-02-13 07:42:48 Image size of job updated: 15598916
	2663  -  MemoryUsage of job (MB)
	2725892  -  ResidentSetSize of job (KB)
...
006 (16798938.007.000) 2023-02-13 07:47:49 Image size of job updated: 15871348
	2673  -  MemoryUsage of job (MB)
	2736192  -  ResidentSetSize of job (KB)
...
006 (16798938.007.000) 2023-02-13 07:52:49 Image size of job updated: 15872068
	2673  -  MemoryUsage of job (MB)
	2736852  -  ResidentSetSize of job (KB)
...
006 (16798938.007.000) 2023-02-13 08:32:54 Image size of job updated: 15873476
	2675  -  MemoryUsage of job (MB)
	2738260  -  ResidentSetSize of job (KB)
...
006 (16798938.007.000) 2023-02-13 08:37:54 Image size of job updated: 15877132
	2678  -  MemoryUsage of job (MB)
	2741916  -  ResidentSetSize of job (KB)
...
006 (16798938.007.000) 2023-02-13 08:47:55 Image size of job updated: 15879260
	2680  -  MemoryUsage of job (MB)
	2744044  -  ResidentSetSize of job (KB)
...
006 (16798938.007.000) 2023-02-13 08:52:56 Image size of job updated: 16010332
	2680  -  MemoryUsage of job (MB)
	2744104  -  ResidentSetSize of job (KB)
...
006 (16798938.007.000) 2023-02-13 08:57:56 Image size of job updated: 16141404
	2680  -  MemoryUsage of job (MB)
	2744104  -  ResidentSetSize of job (KB)
...
006 (16798938.007.000) 2023-02-13 09:06:55 Image size of job updated: 16403548
	2680  -  MemoryUsage of job (MB)
	2744104  -  ResidentSetSize of job (KB)
...
006 (16798938.007.000) 2023-02-13 09:18:51 Image size of job updated: 17530452
	2693  -  MemoryUsage of job (MB)
	2756848  -  ResidentSetSize of job (KB)
...
006 (16798938.007.000) 2023-02-13 09:28:24 Image size of job updated: 19496904
	2694  -  MemoryUsage of job (MB)
	2758108  -  ResidentSetSize of job (KB)
...
006 (16798938.007.000) 2023-02-13 09:34:08 Image size of job updated: 21012116
	2701  -  MemoryUsage of job (MB)
	2765092  -  ResidentSetSize of job (KB)
...
006 (16798938.007.000) 2023-02-13 09:39:10 Image size of job updated: 23633556
	2701  -  MemoryUsage of job (MB)
	2765092  -  ResidentSetSize of job (KB)
...
006 (16798938.007.000) 2023-02-13 09:44:10 Image size of job updated: 26984928
	2710  -  MemoryUsage of job (MB)
	2774128  -  ResidentSetSize of job (KB)
...
006 (16798938.007.000) 2023-02-13 09:49:11 Image size of job updated: 32686560
	2710  -  MemoryUsage of job (MB)
	2774128  -  ResidentSetSize of job (KB)
...
006 (16798938.007.000) 2023-02-13 09:54:11 Image size of job updated: 43572984
	2717  -  MemoryUsage of job (MB)
	2781576  -  ResidentSetSize of job (KB)
...
006 (16798938.007.000) 2023-02-13 09:59:11 Image size of job updated: 65315484
	2721  -  MemoryUsage of job (MB)
	2786264  -  ResidentSetSize of job (KB)
...
006 (16798938.007.000) 2023-02-13 10:04:12 Image size of job updated: 99434464
	2721  -  MemoryUsage of job (MB)
	2786264  -  ResidentSetSize of job (KB)
...
006 (16798938.007.000) 2023-02-13 10:09:12 Image size of job updated: 99434464
	2730  -  MemoryUsage of job (MB)
	2794600  -  ResidentSetSize of job (KB)
...
006 (16798938.007.000) 2023-02-13 10:14:13 Image size of job updated: 99434464
	2730  -  MemoryUsage of job (MB)
	2795072  -  ResidentSetSize of job (KB)
...
040 (16798938.007.000) 2023-02-13 10:57:12 Started transferring output files
...
040 (16798938.007.000) 2023-02-13 10:57:12 Finished transferring output files
...
005 (16798938.007.000) 2023-02-13 10:57:12 Job terminated.
	(1) Normal termination (return value 0)
		Usr 0 07:47:55, Sys 0 00:03:21  -  Run Remote Usage
		Usr 0 00:00:00, Sys 0 00:00:00  -  Run Local Usage
		Usr 0 07:47:55, Sys 0 00:03:21  -  Total Remote Usage
		Usr 0 00:00:00, Sys 0 00:00:00  -  Total Local Usage
	206  -  Run Bytes Sent By Job
	4698  -  Run Bytes Received By Job
	206  -  Total Bytes Sent By Job
	4698  -  Total Bytes Received By Job
	Partitionable Resources :        Usage  Request Allocated Assigned
	   Cpus                 :         1.01        1         1 
	   Disk (KB)            :  56323167    68157440  71896759 
	   Gpus (Average)       : 126444688.23        1         1 "GPU-07c303b2"
	   GpusMemory (MB)      :     81919                       
	   IoHeavy              :                               0 
	   Memory (MB)          :      2730       20480     20480 

	Job terminated of its own accord at 2023-02-13T16:57:12Z with exit-code 0.
...
