000 (16798938.004.000) 2023-02-12 18:35:22 Job submitted from host: <128.105.244.191:9618?addrs=128.105.244.191-9618&alias=submit-1.chtc.wisc.edu&noUDP&sock=schedd_6485_bfc3>
...
040 (16798938.004.000) 2023-02-12 23:36:14 Started transferring input files
	Transferring to host: <128.105.68.101:9618?addrs=128.105.68.101-9618+[2607-f388-2200-100-1270-fdff-fe73-97d6]-9618&alias=gpu2009.chtc.wisc.edu&noUDP&sock=slot1_1_1877356_e2af_10529>
...
040 (16798938.004.000) 2023-02-12 23:36:14 Finished transferring input files
...
001 (16798938.004.000) 2023-02-12 23:36:15 Job executing on host: <128.105.68.101:9618?addrs=128.105.68.101-9618+[2607-f388-2200-100-1270-fdff-fe73-97d6]-9618&alias=gpu2009.chtc.wisc.edu&noUDP&sock=startd_27480_92a2>
...
006 (16798938.004.000) 2023-02-12 23:36:24 Image size of job updated: 888
	1  -  MemoryUsage of job (MB)
	664  -  ResidentSetSize of job (KB)
...
006 (16798938.004.000) 2023-02-12 23:41:25 Image size of job updated: 14680528
	2468  -  MemoryUsage of job (MB)
	2526992  -  ResidentSetSize of job (KB)
...
006 (16798938.004.000) 2023-02-12 23:46:26 Image size of job updated: 14690964
	2478  -  MemoryUsage of job (MB)
	2537308  -  ResidentSetSize of job (KB)
...
006 (16798938.004.000) 2023-02-12 23:51:26 Image size of job updated: 14700620
	2488  -  MemoryUsage of job (MB)
	2546964  -  ResidentSetSize of job (KB)
...
006 (16798938.004.000) 2023-02-12 23:56:27 Image size of job updated: 14710988
	2508  -  MemoryUsage of job (MB)
	2567836  -  ResidentSetSize of job (KB)
...
006 (16798938.004.000) 2023-02-13 00:01:27 Image size of job updated: 14721492
	2508  -  MemoryUsage of job (MB)
	2567840  -  ResidentSetSize of job (KB)
...
006 (16798938.004.000) 2023-02-13 00:06:28 Image size of job updated: 14724596
	2511  -  MemoryUsage of job (MB)
	2570944  -  ResidentSetSize of job (KB)
...
006 (16798938.004.000) 2023-02-13 00:11:28 Image size of job updated: 14742320
	2528  -  MemoryUsage of job (MB)
	2588668  -  ResidentSetSize of job (KB)
...
006 (16798938.004.000) 2023-02-13 00:16:29 Image size of job updated: 14742680
	2529  -  MemoryUsage of job (MB)
	2589028  -  ResidentSetSize of job (KB)
...
006 (16798938.004.000) 2023-02-13 00:21:29 Image size of job updated: 14753380
	2539  -  MemoryUsage of job (MB)
	2599728  -  ResidentSetSize of job (KB)
...
006 (16798938.004.000) 2023-02-13 00:26:31 Image size of job updated: 14756092
	2542  -  MemoryUsage of job (MB)
	2602440  -  ResidentSetSize of job (KB)
...
006 (16798938.004.000) 2023-02-13 00:31:31 Image size of job updated: 14756236
	2542  -  MemoryUsage of job (MB)
	2602672  -  ResidentSetSize of job (KB)
...
006 (16798938.004.000) 2023-02-13 00:36:32 Image size of job updated: 14762452
	2548  -  MemoryUsage of job (MB)
	2608800  -  ResidentSetSize of job (KB)
...
006 (16798938.004.000) 2023-02-13 00:41:32 Image size of job updated: 14762680
	2548  -  MemoryUsage of job (MB)
	2609028  -  ResidentSetSize of job (KB)
...
006 (16798938.004.000) 2023-02-13 00:46:32 Image size of job updated: 14763132
	2549  -  MemoryUsage of job (MB)
	2609480  -  ResidentSetSize of job (KB)
...
006 (16798938.004.000) 2023-02-13 00:51:33 Image size of job updated: 14768708
	2554  -  MemoryUsage of job (MB)
	2615296  -  ResidentSetSize of job (KB)
...
006 (16798938.004.000) 2023-02-13 00:56:33 Image size of job updated: 14781504
	2567  -  MemoryUsage of job (MB)
	2627852  -  ResidentSetSize of job (KB)
...
006 (16798938.004.000) 2023-02-13 01:01:34 Image size of job updated: 14792004
	2577  -  MemoryUsage of job (MB)
	2638352  -  ResidentSetSize of job (KB)
...
006 (16798938.004.000) 2023-02-13 01:06:34 Image size of job updated: 14800476
	2585  -  MemoryUsage of job (MB)
	2646824  -  ResidentSetSize of job (KB)
...
006 (16798938.004.000) 2023-02-13 01:11:35 Image size of job updated: 14807128
	2592  -  MemoryUsage of job (MB)
	2653476  -  ResidentSetSize of job (KB)
...
006 (16798938.004.000) 2023-02-13 01:16:35 Image size of job updated: 14817236
	2602  -  MemoryUsage of job (MB)
	2663584  -  ResidentSetSize of job (KB)
...
006 (16798938.004.000) 2023-02-13 01:46:38 Image size of job updated: 14828376
	2613  -  MemoryUsage of job (MB)
	2674724  -  ResidentSetSize of job (KB)
...
006 (16798938.004.000) 2023-02-13 02:01:40 Image size of job updated: 14830108
	2614  -  MemoryUsage of job (MB)
	2676556  -  ResidentSetSize of job (KB)
...
006 (16798938.004.000) 2023-02-13 02:06:40 Image size of job updated: 14831408
	2615  -  MemoryUsage of job (MB)
	2677756  -  ResidentSetSize of job (KB)
...
006 (16798938.004.000) 2023-02-13 02:11:41 Image size of job updated: 14836148
	2620  -  MemoryUsage of job (MB)
	2682496  -  ResidentSetSize of job (KB)
...
006 (16798938.004.000) 2023-02-13 02:16:41 Image size of job updated: 14837904
	2622  -  MemoryUsage of job (MB)
	2684252  -  ResidentSetSize of job (KB)
...
006 (16798938.004.000) 2023-02-13 02:21:41 Image size of job updated: 14847944
	2632  -  MemoryUsage of job (MB)
	2694412  -  ResidentSetSize of job (KB)
...
006 (16798938.004.000) 2023-02-13 02:36:42 Image size of job updated: 14855228
	2639  -  MemoryUsage of job (MB)
	2701576  -  ResidentSetSize of job (KB)
...
006 (16798938.004.000) 2023-02-13 02:46:43 Image size of job updated: 14857760
	2641  -  MemoryUsage of job (MB)
	2704108  -  ResidentSetSize of job (KB)
...
006 (16798938.004.000) 2023-02-13 02:56:44 Image size of job updated: 14928968
	2647  -  MemoryUsage of job (MB)
	2709780  -  ResidentSetSize of job (KB)
...
006 (16798938.004.000) 2023-02-13 03:01:44 Image size of job updated: 14996184
	2648  -  MemoryUsage of job (MB)
	2711460  -  ResidentSetSize of job (KB)
...
006 (16798938.004.000) 2023-02-13 03:11:45 Image size of job updated: 15063216
	2650  -  MemoryUsage of job (MB)
	2713048  -  ResidentSetSize of job (KB)
...
006 (16798938.004.000) 2023-02-13 03:46:49 Image size of job updated: 15065236
	2652  -  MemoryUsage of job (MB)
	2714976  -  ResidentSetSize of job (KB)
...
006 (16798938.004.000) 2023-02-13 03:51:50 Image size of job updated: 15069516
	2656  -  MemoryUsage of job (MB)
	2719316  -  ResidentSetSize of job (KB)
...
006 (16798938.004.000) 2023-02-13 03:56:50 Image size of job updated: 15135052
	2656  -  MemoryUsage of job (MB)
	2719316  -  ResidentSetSize of job (KB)
...
006 (16798938.004.000) 2023-02-13 04:01:51 Image size of job updated: 15200588
	2656  -  MemoryUsage of job (MB)
	2719316  -  ResidentSetSize of job (KB)
...
006 (16798938.004.000) 2023-02-13 04:06:51 Image size of job updated: 15331660
	2656  -  MemoryUsage of job (MB)
	2719316  -  ResidentSetSize of job (KB)
...
006 (16798938.004.000) 2023-02-13 04:11:52 Image size of job updated: 15462732
	2656  -  MemoryUsage of job (MB)
	2719316  -  ResidentSetSize of job (KB)
...
006 (16798938.004.000) 2023-02-13 04:16:52 Image size of job updated: 15593804
	2656  -  MemoryUsage of job (MB)
	2719316  -  ResidentSetSize of job (KB)
...
006 (16798938.004.000) 2023-02-13 04:21:53 Image size of job updated: 15724876
	2656  -  MemoryUsage of job (MB)
	2719316  -  ResidentSetSize of job (KB)
...
006 (16798938.004.000) 2023-02-13 04:26:53 Image size of job updated: 15855948
	2656  -  MemoryUsage of job (MB)
	2719316  -  ResidentSetSize of job (KB)
...
006 (16798938.004.000) 2023-02-13 04:31:55 Image size of job updated: 15857964
	2658  -  MemoryUsage of job (MB)
	2721360  -  ResidentSetSize of job (KB)
...
006 (16798938.004.000) 2023-02-13 04:41:56 Image size of job updated: 15861940
	2662  -  MemoryUsage of job (MB)
	2725256  -  ResidentSetSize of job (KB)
...
006 (16798938.004.000) 2023-02-13 04:46:56 Image size of job updated: 15862508
	2662  -  MemoryUsage of job (MB)
	2725816  -  ResidentSetSize of job (KB)
...
006 (16798938.004.000) 2023-02-13 04:51:56 Image size of job updated: 15862960
	2663  -  MemoryUsage of job (MB)
	2726356  -  ResidentSetSize of job (KB)
...
006 (16798938.004.000) 2023-02-13 04:56:57 Image size of job updated: 15863912
	2664  -  MemoryUsage of job (MB)
	2727344  -  ResidentSetSize of job (KB)
...
006 (16798938.004.000) 2023-02-13 05:01:57 Image size of job updated: 15870712
	2670  -  MemoryUsage of job (MB)
	2734020  -  ResidentSetSize of job (KB)
...
006 (16798938.004.000) 2023-02-13 05:06:58 Image size of job updated: 15871684
	2671  -  MemoryUsage of job (MB)
	2734992  -  ResidentSetSize of job (KB)
...
006 (16798938.004.000) 2023-02-13 05:11:58 Image size of job updated: 15872320
	2672  -  MemoryUsage of job (MB)
	2735628  -  ResidentSetSize of job (KB)
...
006 (16798938.004.000) 2023-02-13 05:16:59 Image size of job updated: 15876696
	2676  -  MemoryUsage of job (MB)
	2740004  -  ResidentSetSize of job (KB)
...
006 (16798938.004.000) 2023-02-13 05:27:01 Image size of job updated: 16007768
	2676  -  MemoryUsage of job (MB)
	2740004  -  ResidentSetSize of job (KB)
...
006 (16798938.004.000) 2023-02-13 05:32:01 Image size of job updated: 16269912
	2676  -  MemoryUsage of job (MB)
	2740004  -  ResidentSetSize of job (KB)
...
006 (16798938.004.000) 2023-02-13 05:37:02 Image size of job updated: 16532056
	2676  -  MemoryUsage of job (MB)
	2740004  -  ResidentSetSize of job (KB)
...
006 (16798938.004.000) 2023-02-13 05:42:02 Image size of job updated: 16925272
	2676  -  MemoryUsage of job (MB)
	2740004  -  ResidentSetSize of job (KB)
...
006 (16798938.004.000) 2023-02-13 05:47:03 Image size of job updated: 17318488
	2676  -  MemoryUsage of job (MB)
	2740004  -  ResidentSetSize of job (KB)
...
006 (16798938.004.000) 2023-02-13 05:52:03 Image size of job updated: 18104920
	2676  -  MemoryUsage of job (MB)
	2740004  -  ResidentSetSize of job (KB)
...
006 (16798938.004.000) 2023-02-13 05:57:04 Image size of job updated: 19284568
	2676  -  MemoryUsage of job (MB)
	2740004  -  ResidentSetSize of job (KB)
...
006 (16798938.004.000) 2023-02-13 06:02:04 Image size of job updated: 20726360
	2676  -  MemoryUsage of job (MB)
	2740004  -  ResidentSetSize of job (KB)
...
006 (16798938.004.000) 2023-02-13 06:07:05 Image size of job updated: 23376400
	2704  -  MemoryUsage of job (MB)
	2768896  -  ResidentSetSize of job (KB)
...
006 (16798938.004.000) 2023-02-13 06:12:05 Image size of job updated: 27305552
	2704  -  MemoryUsage of job (MB)
	2768896  -  ResidentSetSize of job (KB)
...
006 (16798938.004.000) 2023-02-13 06:17:05 Image size of job updated: 34261604
	2710  -  MemoryUsage of job (MB)
	2774832  -  ResidentSetSize of job (KB)
...
006 (16798938.004.000) 2023-02-13 06:22:06 Image size of job updated: 47249276
	2722  -  MemoryUsage of job (MB)
	2786412  -  ResidentSetSize of job (KB)
...
006 (16798938.004.000) 2023-02-13 06:27:06 Image size of job updated: 76219468
	2725  -  MemoryUsage of job (MB)
	2789656  -  ResidentSetSize of job (KB)
...
006 (16798938.004.000) 2023-02-13 06:32:07 Image size of job updated: 98567244
	2725  -  MemoryUsage of job (MB)
	2789656  -  ResidentSetSize of job (KB)
...
006 (16798938.004.000) 2023-02-13 06:42:08 Image size of job updated: 99746892
	2734  -  MemoryUsage of job (MB)
	2799004  -  ResidentSetSize of job (KB)
...
040 (16798938.004.000) 2023-02-13 07:22:01 Started transferring output files
...
040 (16798938.004.000) 2023-02-13 07:22:01 Finished transferring output files
...
005 (16798938.004.000) 2023-02-13 07:22:01 Job terminated.
	(1) Normal termination (return value 0)
		Usr 0 07:38:59, Sys 0 00:03:25  -  Run Remote Usage
		Usr 0 00:00:00, Sys 0 00:00:00  -  Run Local Usage
		Usr 0 07:38:59, Sys 0 00:03:25  -  Total Remote Usage
		Usr 0 00:00:00, Sys 0 00:00:00  -  Total Local Usage
	206  -  Run Bytes Sent By Job
	4698  -  Run Bytes Received By Job
	206  -  Total Bytes Sent By Job
	4698  -  Total Bytes Received By Job
	Partitionable Resources :        Usage  Request Allocated Assigned
	   Cpus                 :         1.01        1         1 
	   Disk (KB)            :  55614453    68157440  71896759 
	   Gpus (Average)       : 125780383.69        1         1 "GPU-763b3aa1"
	   GpusMemory (MB)      :     81919                       
	   IoHeavy              :                               0 
	   Memory (MB)          :      2734       20480     20480 

	Job terminated of its own accord at 2023-02-13T13:22:00Z with exit-code 0.
...
