000 (16798938.001.000) 2023-02-12 18:35:22 Job submitted from host: <128.105.244.191:9618?addrs=128.105.244.191-9618&alias=submit-1.chtc.wisc.edu&noUDP&sock=schedd_6485_bfc3>
...
040 (16798938.001.000) 2023-02-12 22:59:49 Started transferring input files
	Transferring to host: <128.105.68.97:9618?addrs=128.105.68.97-9618+[2607-f388-2200-100-ac0-ebff-fe99-a130]-9618&alias=gpu2005.chtc.wisc.edu&noUDP&sock=slot1_1_356317_4f73_3772>
...
040 (16798938.001.000) 2023-02-12 22:59:49 Finished transferring input files
...
001 (16798938.001.000) 2023-02-12 22:59:50 Job executing on host: <128.105.68.97:9618?addrs=128.105.68.97-9618+[2607-f388-2200-100-ac0-ebff-fe99-a130]-9618&alias=gpu2005.chtc.wisc.edu&noUDP&sock=startd_11626_0c26>
...
006 (16798938.001.000) 2023-02-12 22:59:59 Image size of job updated: 668
	1  -  MemoryUsage of job (MB)
	668  -  ResidentSetSize of job (KB)
...
006 (16798938.001.000) 2023-02-12 23:05:00 Image size of job updated: 14676388
	2465  -  MemoryUsage of job (MB)
	2523980  -  ResidentSetSize of job (KB)
...
006 (16798938.001.000) 2023-02-12 23:10:00 Image size of job updated: 14696308
	2485  -  MemoryUsage of job (MB)
	2543908  -  ResidentSetSize of job (KB)
...
006 (16798938.001.000) 2023-02-12 23:15:02 Image size of job updated: 14696308
	2485  -  MemoryUsage of job (MB)
	2543968  -  ResidentSetSize of job (KB)
...
006 (16798938.001.000) 2023-02-12 23:20:02 Image size of job updated: 14706620
	2495  -  MemoryUsage of job (MB)
	2554220  -  ResidentSetSize of job (KB)
...
006 (16798938.001.000) 2023-02-12 23:30:03 Image size of job updated: 14720372
	2508  -  MemoryUsage of job (MB)
	2567972  -  ResidentSetSize of job (KB)
...
006 (16798938.001.000) 2023-02-12 23:35:03 Image size of job updated: 14721092
	2509  -  MemoryUsage of job (MB)
	2568692  -  ResidentSetSize of job (KB)
...
006 (16798938.001.000) 2023-02-12 23:40:04 Image size of job updated: 14721820
	2510  -  MemoryUsage of job (MB)
	2569420  -  ResidentSetSize of job (KB)
...
006 (16798938.001.000) 2023-02-12 23:45:04 Image size of job updated: 14726504
	2514  -  MemoryUsage of job (MB)
	2574104  -  ResidentSetSize of job (KB)
...
006 (16798938.001.000) 2023-02-12 23:50:06 Image size of job updated: 14749872
	2537  -  MemoryUsage of job (MB)
	2597472  -  ResidentSetSize of job (KB)
...
006 (16798938.001.000) 2023-02-12 23:55:06 Image size of job updated: 14755856
	2543  -  MemoryUsage of job (MB)
	2603456  -  ResidentSetSize of job (KB)
...
006 (16798938.001.000) 2023-02-13 00:15:10 Image size of job updated: 14761300
	2548  -  MemoryUsage of job (MB)
	2608900  -  ResidentSetSize of job (KB)
...
006 (16798938.001.000) 2023-02-13 00:20:09 Image size of job updated: 14766244
	2553  -  MemoryUsage of job (MB)
	2613844  -  ResidentSetSize of job (KB)
...
006 (16798938.001.000) 2023-02-13 00:25:09 Image size of job updated: 14766628
	2554  -  MemoryUsage of job (MB)
	2614332  -  ResidentSetSize of job (KB)
...
006 (16798938.001.000) 2023-02-13 00:30:10 Image size of job updated: 14778324
	2565  -  MemoryUsage of job (MB)
	2625924  -  ResidentSetSize of job (KB)
...
006 (16798938.001.000) 2023-02-13 00:35:10 Image size of job updated: 14785244
	2572  -  MemoryUsage of job (MB)
	2632844  -  ResidentSetSize of job (KB)
...
006 (16798938.001.000) 2023-02-13 00:45:12 Image size of job updated: 14800688
	2587  -  MemoryUsage of job (MB)
	2648292  -  ResidentSetSize of job (KB)
...
006 (16798938.001.000) 2023-02-13 01:10:14 Image size of job updated: 14814048
	2600  -  MemoryUsage of job (MB)
	2661652  -  ResidentSetSize of job (KB)
...
006 (16798938.001.000) 2023-02-13 01:15:16 Image size of job updated: 14819884
	2605  -  MemoryUsage of job (MB)
	2667488  -  ResidentSetSize of job (KB)
...
006 (16798938.001.000) 2023-02-13 01:20:16 Image size of job updated: 14825656
	2611  -  MemoryUsage of job (MB)
	2673260  -  ResidentSetSize of job (KB)
...
006 (16798938.001.000) 2023-02-13 01:30:17 Image size of job updated: 14825900
	2611  -  MemoryUsage of job (MB)
	2673504  -  ResidentSetSize of job (KB)
...
006 (16798938.001.000) 2023-02-13 01:35:17 Image size of job updated: 14835260
	2620  -  MemoryUsage of job (MB)
	2682864  -  ResidentSetSize of job (KB)
...
006 (16798938.001.000) 2023-02-13 01:45:18 Image size of job updated: 14838200
	2623  -  MemoryUsage of job (MB)
	2685904  -  ResidentSetSize of job (KB)
...
006 (16798938.001.000) 2023-02-13 01:50:19 Image size of job updated: 14843420
	2628  -  MemoryUsage of job (MB)
	2691024  -  ResidentSetSize of job (KB)
...
006 (16798938.001.000) 2023-02-13 02:25:22 Image size of job updated: 14908956
	2628  -  MemoryUsage of job (MB)
	2691024  -  ResidentSetSize of job (KB)
...
006 (16798938.001.000) 2023-02-13 02:30:22 Image size of job updated: 14987576
	2641  -  MemoryUsage of job (MB)
	2704108  -  ResidentSetSize of job (KB)
...
006 (16798938.001.000) 2023-02-13 02:35:24 Image size of job updated: 15053112
	2641  -  MemoryUsage of job (MB)
	2704108  -  ResidentSetSize of job (KB)
...
006 (16798938.001.000) 2023-02-13 03:05:26 Image size of job updated: 15058652
	2647  -  MemoryUsage of job (MB)
	2709708  -  ResidentSetSize of job (KB)
...
006 (16798938.001.000) 2023-02-13 03:10:28 Image size of job updated: 15062780
	2651  -  MemoryUsage of job (MB)
	2713776  -  ResidentSetSize of job (KB)
...
006 (16798938.001.000) 2023-02-13 03:20:28 Image size of job updated: 15129944
	2652  -  MemoryUsage of job (MB)
	2715404  -  ResidentSetSize of job (KB)
...
006 (16798938.001.000) 2023-02-13 03:25:29 Image size of job updated: 15195480
	2652  -  MemoryUsage of job (MB)
	2715404  -  ResidentSetSize of job (KB)
...
006 (16798938.001.000) 2023-02-13 03:30:29 Image size of job updated: 15326552
	2652  -  MemoryUsage of job (MB)
	2715404  -  ResidentSetSize of job (KB)
...
006 (16798938.001.000) 2023-02-13 03:35:30 Image size of job updated: 15465508
	2660  -  MemoryUsage of job (MB)
	2723288  -  ResidentSetSize of job (KB)
...
006 (16798938.001.000) 2023-02-13 03:40:30 Image size of job updated: 15596872
	2660  -  MemoryUsage of job (MB)
	2723588  -  ResidentSetSize of job (KB)
...
006 (16798938.001.000) 2023-02-13 03:45:31 Image size of job updated: 15733864
	2666  -  MemoryUsage of job (MB)
	2729620  -  ResidentSetSize of job (KB)
...
006 (16798938.001.000) 2023-02-13 03:50:31 Image size of job updated: 15865476
	2667  -  MemoryUsage of job (MB)
	2730040  -  ResidentSetSize of job (KB)
...
006 (16798938.001.000) 2023-02-13 04:50:43 Image size of job updated: 15996548
	2667  -  MemoryUsage of job (MB)
	2730040  -  ResidentSetSize of job (KB)
...
006 (16798938.001.000) 2023-02-13 04:55:43 Image size of job updated: 16129736
	2669  -  MemoryUsage of job (MB)
	2732156  -  ResidentSetSize of job (KB)
...
006 (16798938.001.000) 2023-02-13 05:00:44 Image size of job updated: 16391880
	2670  -  MemoryUsage of job (MB)
	2733556  -  ResidentSetSize of job (KB)
...
006 (16798938.001.000) 2023-02-13 05:05:44 Image size of job updated: 16656064
	2671  -  MemoryUsage of job (MB)
	2734284  -  ResidentSetSize of job (KB)
...
006 (16798938.001.000) 2023-02-13 05:10:45 Image size of job updated: 16919196
	2672  -  MemoryUsage of job (MB)
	2735184  -  ResidentSetSize of job (KB)
...
006 (16798938.001.000) 2023-02-13 05:15:45 Image size of job updated: 17318472
	2682  -  MemoryUsage of job (MB)
	2746212  -  ResidentSetSize of job (KB)
...
006 (16798938.001.000) 2023-02-13 05:20:46 Image size of job updated: 18115460
	2688  -  MemoryUsage of job (MB)
	2751832  -  ResidentSetSize of job (KB)
...
006 (16798938.001.000) 2023-02-13 05:25:46 Image size of job updated: 19100052
	2689  -  MemoryUsage of job (MB)
	2753400  -  ResidentSetSize of job (KB)
...
006 (16798938.001.000) 2023-02-13 05:30:47 Image size of job updated: 20085176
	2691  -  MemoryUsage of job (MB)
	2755436  -  ResidentSetSize of job (KB)
...
006 (16798938.001.000) 2023-02-13 05:35:47 Image size of job updated: 21792532
	2695  -  MemoryUsage of job (MB)
	2758856  -  ResidentSetSize of job (KB)
...
006 (16798938.001.000) 2023-02-13 05:40:47 Image size of job updated: 24417524
	2698  -  MemoryUsage of job (MB)
	2762460  -  ResidentSetSize of job (KB)
...
006 (16798938.001.000) 2023-02-13 05:45:48 Image size of job updated: 27958632
	2700  -  MemoryUsage of job (MB)
	2764580  -  ResidentSetSize of job (KB)
...
006 (16798938.001.000) 2023-02-13 05:50:48 Image size of job updated: 33070440
	2700  -  MemoryUsage of job (MB)
	2764580  -  ResidentSetSize of job (KB)
...
006 (16798938.001.000) 2023-02-13 05:55:49 Image size of job updated: 42184444
	2705  -  MemoryUsage of job (MB)
	2769072  -  ResidentSetSize of job (KB)
...
006 (16798938.001.000) 2023-02-13 06:00:49 Image size of job updated: 59624176
	2712  -  MemoryUsage of job (MB)
	2776232  -  ResidentSetSize of job (KB)
...
006 (16798938.001.000) 2023-02-13 06:05:50 Image size of job updated: 84203564
	2715  -  MemoryUsage of job (MB)
	2779616  -  ResidentSetSize of job (KB)
...
006 (16798938.001.000) 2023-02-13 06:10:50 Image size of job updated: 98555948
	2716  -  MemoryUsage of job (MB)
	2780492  -  ResidentSetSize of job (KB)
...
006 (16798938.001.000) 2023-02-13 06:15:51 Image size of job updated: 98555948
	2726  -  MemoryUsage of job (MB)
	2791188  -  ResidentSetSize of job (KB)
...
006 (16798938.001.000) 2023-02-13 06:20:51 Image size of job updated: 99167924
	2772  -  MemoryUsage of job (MB)
	2838288  -  ResidentSetSize of job (KB)
...
006 (16798938.001.000) 2023-02-13 06:25:53 Image size of job updated: 101108084
	2772  -  MemoryUsage of job (MB)
	2838288  -  ResidentSetSize of job (KB)
...
040 (16798938.001.000) 2023-02-13 07:05:11 Started transferring output files
...
040 (16798938.001.000) 2023-02-13 07:05:11 Finished transferring output files
...
005 (16798938.001.000) 2023-02-13 07:05:11 Job terminated.
	(1) Normal termination (return value 0)
		Usr 0 07:59:19, Sys 0 00:03:11  -  Run Remote Usage
		Usr 0 00:00:00, Sys 0 00:00:00  -  Run Local Usage
		Usr 0 07:59:19, Sys 0 00:03:11  -  Total Remote Usage
		Usr 0 00:00:00, Sys 0 00:00:00  -  Total Local Usage
	206  -  Run Bytes Sent By Job
	4698  -  Run Bytes Received By Job
	206  -  Total Bytes Sent By Job
	4698  -  Total Bytes Received By Job
	Partitionable Resources :        Usage  Request Allocated Assigned
	   Cpus                 :         1.01        1         1 
	   Disk (KB)            :  55636663    68157440  71914326 
	   Gpus (Average)       : 130217076.27        1         1 "GPU-516b29b8"
	   GpusMemory (MB)      :     81919                       
	   IoHeavy              :                               0 
	   Memory (MB)          :      2772       20480     20480 

	Job terminated of its own accord at 2023-02-13T13:05:11Z with exit-code 0.
...
