000 (16798938.019.000) 2023-02-12 18:35:22 Job submitted from host: <128.105.244.191:9618?addrs=128.105.244.191-9618&alias=submit-1.chtc.wisc.edu&noUDP&sock=schedd_6485_bfc3>
...
040 (16798938.019.000) 2023-02-13 08:03:17 Started transferring input files
	Transferring to host: <128.105.68.99:9618?addrs=128.105.68.99-9618+[2607-f388-2200-100-1270-fdff-fe74-d08]-9618&alias=gpu2007.chtc.wisc.edu&noUDP&sock=slot1_3_245698_37c0_4702>
...
040 (16798938.019.000) 2023-02-13 08:03:17 Finished transferring input files
...
001 (16798938.019.000) 2023-02-13 08:03:19 Job executing on host: <128.105.68.99:9618?addrs=128.105.68.99-9618+[2607-f388-2200-100-1270-fdff-fe74-d08]-9618&alias=gpu2007.chtc.wisc.edu&noUDP&sock=startd_12388_b751>
...
006 (16798938.019.000) 2023-02-13 08:03:27 Image size of job updated: 38908
	1  -  MemoryUsage of job (MB)
	672  -  ResidentSetSize of job (KB)
...
006 (16798938.019.000) 2023-02-13 08:08:27 Image size of job updated: 14185612
	1986  -  MemoryUsage of job (MB)
	2033176  -  ResidentSetSize of job (KB)
...
006 (16798938.019.000) 2023-02-13 08:13:27 Image size of job updated: 14186172
	1987  -  MemoryUsage of job (MB)
	2033740  -  ResidentSetSize of job (KB)
...
006 (16798938.019.000) 2023-02-13 08:23:28 Image size of job updated: 14386120
	1990  -  MemoryUsage of job (MB)
	2037080  -  ResidentSetSize of job (KB)
...
006 (16798938.019.000) 2023-02-13 08:28:29 Image size of job updated: 15172552
	1990  -  MemoryUsage of job (MB)
	2037080  -  ResidentSetSize of job (KB)
...
006 (16798938.019.000) 2023-02-13 08:33:29 Image size of job updated: 16090056
	1990  -  MemoryUsage of job (MB)
	2037080  -  ResidentSetSize of job (KB)
...
006 (16798938.019.000) 2023-02-13 08:38:29 Image size of job updated: 68947040
	1990  -  MemoryUsage of job (MB)
	2037080  -  ResidentSetSize of job (KB)
...
040 (16798938.019.000) 2023-02-13 08:40:21 Started transferring output files
...
040 (16798938.019.000) 2023-02-13 08:40:21 Finished transferring output files
...
005 (16798938.019.000) 2023-02-13 08:40:21 Job terminated.
	(1) Normal termination (return value 0)
		Usr 0 00:34:00, Sys 0 00:00:30  -  Run Remote Usage
		Usr 0 00:00:00, Sys 0 00:00:00  -  Run Local Usage
		Usr 0 00:34:00, Sys 0 00:00:30  -  Total Remote Usage
		Usr 0 00:00:00, Sys 0 00:00:00  -  Total Local Usage
	206  -  Run Bytes Sent By Job
	4698  -  Run Bytes Received By Job
	206  -  Total Bytes Sent By Job
	4698  -  Total Bytes Received By Job
	Partitionable Resources :        Usage  Request Allocated Assigned
	   Cpus                 :         0.99        1         1 
	   Disk (KB)            :  14087094    68157440  72756487 
	   Gpus (Average)       : 121791365.32        1         1 "GPU-bd87f4bc"
	   GpusMemory (MB)      :     78259                       
	   IoHeavy              :                               0 
	   Memory (MB)          :      1990       20480     20480 

	Job terminated of its own accord at 2023-02-13T14:40:21Z with exit-code 0.
...
