000 (16798938.000.000) 2023-02-12 18:35:22 Job submitted from host: <128.105.244.191:9618?addrs=128.105.244.191-9618&alias=submit-1.chtc.wisc.edu&noUDP&sock=schedd_6485_bfc3>
...
040 (16798938.000.000) 2023-02-12 22:33:10 Started transferring input files
	Transferring to host: <128.105.68.97:9618?addrs=128.105.68.97-9618+[2607-f388-2200-100-ac0-ebff-fe99-a130]-9618&alias=gpu2005.chtc.wisc.edu&noUDP&sock=slot1_2_356317_4f73_3719>
...
040 (16798938.000.000) 2023-02-12 22:33:10 Finished transferring input files
...
001 (16798938.000.000) 2023-02-12 22:33:11 Job executing on host: <128.105.68.97:9618?addrs=128.105.68.97-9618+[2607-f388-2200-100-ac0-ebff-fe99-a130]-9618&alias=gpu2005.chtc.wisc.edu&noUDP&sock=startd_11626_0c26>
...
006 (16798938.000.000) 2023-02-12 22:33:19 Image size of job updated: 38908
	1  -  MemoryUsage of job (MB)
	668  -  ResidentSetSize of job (KB)
...
006 (16798938.000.000) 2023-02-12 22:38:19 Image size of job updated: 14687128
	2476  -  MemoryUsage of job (MB)
	2535160  -  ResidentSetSize of job (KB)
...
006 (16798938.000.000) 2023-02-12 22:43:20 Image size of job updated: 14707956
	2497  -  MemoryUsage of job (MB)
	2555932  -  ResidentSetSize of job (KB)
...
006 (16798938.000.000) 2023-02-12 22:58:23 Image size of job updated: 14722896
	2511  -  MemoryUsage of job (MB)
	2570872  -  ResidentSetSize of job (KB)
...
006 (16798938.000.000) 2023-02-12 23:03:23 Image size of job updated: 14740932
	2529  -  MemoryUsage of job (MB)
	2588908  -  ResidentSetSize of job (KB)
...
006 (16798938.000.000) 2023-02-12 23:08:23 Image size of job updated: 14747532
	2535  -  MemoryUsage of job (MB)
	2595508  -  ResidentSetSize of job (KB)
...
006 (16798938.000.000) 2023-02-12 23:18:24 Image size of job updated: 14751956
	2544  -  MemoryUsage of job (MB)
	2604932  -  ResidentSetSize of job (KB)
...
006 (16798938.000.000) 2023-02-12 23:23:25 Image size of job updated: 14758156
	2546  -  MemoryUsage of job (MB)
	2606132  -  ResidentSetSize of job (KB)
...
006 (16798938.000.000) 2023-02-12 23:33:26 Image size of job updated: 14763144
	2550  -  MemoryUsage of job (MB)
	2611120  -  ResidentSetSize of job (KB)
...
006 (16798938.000.000) 2023-02-12 23:38:26 Image size of job updated: 14763400
	2551  -  MemoryUsage of job (MB)
	2611496  -  ResidentSetSize of job (KB)
...
006 (16798938.000.000) 2023-02-12 23:43:26 Image size of job updated: 14768680
	2556  -  MemoryUsage of job (MB)
	2616656  -  ResidentSetSize of job (KB)
...
006 (16798938.000.000) 2023-02-12 23:48:27 Image size of job updated: 14769756
	2557  -  MemoryUsage of job (MB)
	2617732  -  ResidentSetSize of job (KB)
...
006 (16798938.000.000) 2023-02-12 23:53:27 Image size of job updated: 14782904
	2570  -  MemoryUsage of job (MB)
	2630880  -  ResidentSetSize of job (KB)
...
006 (16798938.000.000) 2023-02-12 23:58:28 Image size of job updated: 14803240
	2590  -  MemoryUsage of job (MB)
	2651216  -  ResidentSetSize of job (KB)
...
006 (16798938.000.000) 2023-02-13 00:18:30 Image size of job updated: 14803240
	2590  -  MemoryUsage of job (MB)
	2651316  -  ResidentSetSize of job (KB)
...
006 (16798938.000.000) 2023-02-13 00:23:31 Image size of job updated: 14809188
	2595  -  MemoryUsage of job (MB)
	2657164  -  ResidentSetSize of job (KB)
...
006 (16798938.000.000) 2023-02-13 00:28:31 Image size of job updated: 14821164
	2607  -  MemoryUsage of job (MB)
	2669140  -  ResidentSetSize of job (KB)
...
006 (16798938.000.000) 2023-02-13 00:48:34 Image size of job updated: 14830420
	2616  -  MemoryUsage of job (MB)
	2678396  -  ResidentSetSize of job (KB)
...
006 (16798938.000.000) 2023-02-13 00:53:34 Image size of job updated: 14836344
	2622  -  MemoryUsage of job (MB)
	2684320  -  ResidentSetSize of job (KB)
...
006 (16798938.000.000) 2023-02-13 01:13:36 Image size of job updated: 14843240
	2629  -  MemoryUsage of job (MB)
	2691216  -  ResidentSetSize of job (KB)
...
006 (16798938.000.000) 2023-02-13 01:18:37 Image size of job updated: 14844320
	2630  -  MemoryUsage of job (MB)
	2692312  -  ResidentSetSize of job (KB)
...
006 (16798938.000.000) 2023-02-13 01:33:38 Image size of job updated: 14856104
	2641  -  MemoryUsage of job (MB)
	2704080  -  ResidentSetSize of job (KB)
...
006 (16798938.000.000) 2023-02-13 01:58:40 Image size of job updated: 14921640
	2641  -  MemoryUsage of job (MB)
	2704080  -  ResidentSetSize of job (KB)
...
006 (16798938.000.000) 2023-02-13 02:03:40 Image size of job updated: 14987176
	2641  -  MemoryUsage of job (MB)
	2704080  -  ResidentSetSize of job (KB)
...
006 (16798938.000.000) 2023-02-13 02:08:41 Image size of job updated: 15063980
	2652  -  MemoryUsage of job (MB)
	2715348  -  ResidentSetSize of job (KB)
...
006 (16798938.000.000) 2023-02-13 02:13:41 Image size of job updated: 15063980
	2652  -  MemoryUsage of job (MB)
	2715424  -  ResidentSetSize of job (KB)
...
006 (16798938.000.000) 2023-02-13 02:28:42 Image size of job updated: 15065116
	2653  -  MemoryUsage of job (MB)
	2716484  -  ResidentSetSize of job (KB)
...
006 (16798938.000.000) 2023-02-13 02:38:43 Image size of job updated: 15066640
	2655  -  MemoryUsage of job (MB)
	2718056  -  ResidentSetSize of job (KB)
...
006 (16798938.000.000) 2023-02-13 02:43:44 Image size of job updated: 15067240
	2655  -  MemoryUsage of job (MB)
	2718608  -  ResidentSetSize of job (KB)
...
006 (16798938.000.000) 2023-02-13 02:48:44 Image size of job updated: 15067488
	2656  -  MemoryUsage of job (MB)
	2718956  -  ResidentSetSize of job (KB)
...
006 (16798938.000.000) 2023-02-13 02:53:46 Image size of job updated: 15138156
	2661  -  MemoryUsage of job (MB)
	2724032  -  ResidentSetSize of job (KB)
...
006 (16798938.000.000) 2023-02-13 02:58:46 Image size of job updated: 15212912
	2670  -  MemoryUsage of job (MB)
	2733272  -  ResidentSetSize of job (KB)
...
006 (16798938.000.000) 2023-02-13 03:03:46 Image size of job updated: 15343984
	2670  -  MemoryUsage of job (MB)
	2733272  -  ResidentSetSize of job (KB)
...
006 (16798938.000.000) 2023-02-13 03:08:47 Image size of job updated: 15475056
	2670  -  MemoryUsage of job (MB)
	2733272  -  ResidentSetSize of job (KB)
...
006 (16798938.000.000) 2023-02-13 03:13:47 Image size of job updated: 15608228
	2672  -  MemoryUsage of job (MB)
	2735372  -  ResidentSetSize of job (KB)
...
006 (16798938.000.000) 2023-02-13 03:18:49 Image size of job updated: 15739300
	2672  -  MemoryUsage of job (MB)
	2735372  -  ResidentSetSize of job (KB)
...
006 (16798938.000.000) 2023-02-13 03:23:49 Image size of job updated: 15870372
	2672  -  MemoryUsage of job (MB)
	2735372  -  ResidentSetSize of job (KB)
...
006 (16798938.000.000) 2023-02-13 04:03:53 Image size of job updated: 15872656
	2674  -  MemoryUsage of job (MB)
	2737600  -  ResidentSetSize of job (KB)
...
006 (16798938.000.000) 2023-02-13 04:08:54 Image size of job updated: 15876452
	2678  -  MemoryUsage of job (MB)
	2741392  -  ResidentSetSize of job (KB)
...
006 (16798938.000.000) 2023-02-13 04:13:54 Image size of job updated: 15880152
	2681  -  MemoryUsage of job (MB)
	2745212  -  ResidentSetSize of job (KB)
...
006 (16798938.000.000) 2023-02-13 04:18:56 Image size of job updated: 15881172
	2682  -  MemoryUsage of job (MB)
	2746140  -  ResidentSetSize of job (KB)
...
006 (16798938.000.000) 2023-02-13 04:23:56 Image size of job updated: 16020184
	2690  -  MemoryUsage of job (MB)
	2754052  -  ResidentSetSize of job (KB)
...
006 (16798938.000.000) 2023-02-13 04:28:56 Image size of job updated: 16282328
	2690  -  MemoryUsage of job (MB)
	2754052  -  ResidentSetSize of job (KB)
...
006 (16798938.000.000) 2023-02-13 04:33:57 Image size of job updated: 16544472
	2690  -  MemoryUsage of job (MB)
	2754052  -  ResidentSetSize of job (KB)
...
006 (16798938.000.000) 2023-02-13 04:38:57 Image size of job updated: 16806616
	2690  -  MemoryUsage of job (MB)
	2754052  -  ResidentSetSize of job (KB)
...
006 (16798938.000.000) 2023-02-13 04:43:58 Image size of job updated: 17209260
	2699  -  MemoryUsage of job (MB)
	2763508  -  ResidentSetSize of job (KB)
...
006 (16798938.000.000) 2023-02-13 04:48:58 Image size of job updated: 17930156
	2699  -  MemoryUsage of job (MB)
	2763508  -  ResidentSetSize of job (KB)
...
006 (16798938.000.000) 2023-02-13 04:53:59 Image size of job updated: 18913196
	2699  -  MemoryUsage of job (MB)
	2763508  -  ResidentSetSize of job (KB)
...
006 (16798938.000.000) 2023-02-13 04:58:59 Image size of job updated: 20092844
	2699  -  MemoryUsage of job (MB)
	2763508  -  ResidentSetSize of job (KB)
...
006 (16798938.000.000) 2023-02-13 05:03:59 Image size of job updated: 21801836
	2704  -  MemoryUsage of job (MB)
	2768636  -  ResidentSetSize of job (KB)
...
006 (16798938.000.000) 2023-02-13 05:09:00 Image size of job updated: 24685420
	2704  -  MemoryUsage of job (MB)
	2768636  -  ResidentSetSize of job (KB)
...
006 (16798938.000.000) 2023-02-13 05:14:00 Image size of job updated: 27973452
	2715  -  MemoryUsage of job (MB)
	2779768  -  ResidentSetSize of job (KB)
...
006 (16798938.000.000) 2023-02-13 05:19:01 Image size of job updated: 33871692
	2715  -  MemoryUsage of job (MB)
	2779768  -  ResidentSetSize of job (KB)
...
006 (16798938.000.000) 2023-02-13 05:24:01 Image size of job updated: 43571020
	2715  -  MemoryUsage of job (MB)
	2779768  -  ResidentSetSize of job (KB)
...
006 (16798938.000.000) 2023-02-13 05:29:02 Image size of job updated: 67295052
	2715  -  MemoryUsage of job (MB)
	2779768  -  ResidentSetSize of job (KB)
...
006 (16798938.000.000) 2023-02-13 05:34:02 Image size of job updated: 99407692
	2743  -  MemoryUsage of job (MB)
	2808624  -  ResidentSetSize of job (KB)
...
006 (16798938.000.000) 2023-02-13 05:44:04 Image size of job updated: 99479860
	2743  -  MemoryUsage of job (MB)
	2808624  -  ResidentSetSize of job (KB)
...
006 (16798938.000.000) 2023-02-13 05:49:04 Image size of job updated: 99479860
	2764  -  MemoryUsage of job (MB)
	2830172  -  ResidentSetSize of job (KB)
...
040 (16798938.000.000) 2023-02-13 06:26:23 Started transferring output files
...
040 (16798938.000.000) 2023-02-13 06:26:23 Finished transferring output files
...
005 (16798938.000.000) 2023-02-13 06:26:23 Job terminated.
	(1) Normal termination (return value 0)
		Usr 0 07:46:58, Sys 0 00:02:56  -  Run Remote Usage
		Usr 0 00:00:00, Sys 0 00:00:00  -  Run Local Usage
		Usr 0 07:46:58, Sys 0 00:02:56  -  Total Remote Usage
		Usr 0 00:00:00, Sys 0 00:00:00  -  Total Local Usage
	231  -  Run Bytes Sent By Job
	4698  -  Run Bytes Received By Job
	231  -  Total Bytes Sent By Job
	4698  -  Total Bytes Received By Job
	Partitionable Resources :        Usage  Request Allocated Assigned
	   Cpus                 :         1.01        1         1 
	   Disk (KB)            :  56471166    68157440  71914326 
	   Gpus (Average)       : 129913051.83        1         1 "GPU-0d4d3af1"
	   GpusMemory (MB)      :     81919                       
	   IoHeavy              :                               0 
	   Memory (MB)          :      2764       20480     20480 

	Job terminated of its own accord at 2023-02-13T12:26:23Z with exit-code 0.
...
