000 (16798938.009.000) 2023-02-12 18:35:22 Job submitted from host: <128.105.244.191:9618?addrs=128.105.244.191-9618&alias=submit-1.chtc.wisc.edu&noUDP&sock=schedd_6485_bfc3>
...
040 (16798938.009.000) 2023-02-13 06:26:23 Started transferring input files
	Transferring to host: <128.105.68.97:9618?addrs=128.105.68.97-9618+[2607-f388-2200-100-ac0-ebff-fe99-a130]-9618&alias=gpu2005.chtc.wisc.edu&noUDP&sock=slot1_2_356317_4f73_4648>
...
040 (16798938.009.000) 2023-02-13 06:26:23 Finished transferring input files
...
001 (16798938.009.000) 2023-02-13 06:26:24 Job executing on host: <128.105.68.97:9618?addrs=128.105.68.97-9618+[2607-f388-2200-100-ac0-ebff-fe99-a130]-9618&alias=gpu2005.chtc.wisc.edu&noUDP&sock=startd_11626_0c26>
...
006 (16798938.009.000) 2023-02-13 06:26:33 Image size of job updated: 672
	1  -  MemoryUsage of job (MB)
	672  -  ResidentSetSize of job (KB)
...
006 (16798938.009.000) 2023-02-13 06:31:34 Image size of job updated: 14688192
	2477  -  MemoryUsage of job (MB)
	2535764  -  ResidentSetSize of job (KB)
...
006 (16798938.009.000) 2023-02-13 06:36:34 Image size of job updated: 14702432
	2491  -  MemoryUsage of job (MB)
	2550012  -  ResidentSetSize of job (KB)
...
006 (16798938.009.000) 2023-02-13 06:41:35 Image size of job updated: 14713056
	2501  -  MemoryUsage of job (MB)
	2560636  -  ResidentSetSize of job (KB)
...
006 (16798938.009.000) 2023-02-13 06:46:36 Image size of job updated: 14718456
	2506  -  MemoryUsage of job (MB)
	2566040  -  ResidentSetSize of job (KB)
...
006 (16798938.009.000) 2023-02-13 06:51:36 Image size of job updated: 14736656
	2524  -  MemoryUsage of job (MB)
	2584240  -  ResidentSetSize of job (KB)
...
006 (16798938.009.000) 2023-02-13 06:56:37 Image size of job updated: 14736656
	2524  -  MemoryUsage of job (MB)
	2584244  -  ResidentSetSize of job (KB)
...
006 (16798938.009.000) 2023-02-13 07:01:37 Image size of job updated: 14741760
	2529  -  MemoryUsage of job (MB)
	2589348  -  ResidentSetSize of job (KB)
...
006 (16798938.009.000) 2023-02-13 07:06:38 Image size of job updated: 14750308
	2538  -  MemoryUsage of job (MB)
	2597896  -  ResidentSetSize of job (KB)
...
006 (16798938.009.000) 2023-02-13 07:11:38 Image size of job updated: 14751848
	2539  -  MemoryUsage of job (MB)
	2599436  -  ResidentSetSize of job (KB)
...
006 (16798938.009.000) 2023-02-13 07:16:40 Image size of job updated: 14766168
	2553  -  MemoryUsage of job (MB)
	2613756  -  ResidentSetSize of job (KB)
...
006 (16798938.009.000) 2023-02-13 07:26:40 Image size of job updated: 14767052
	2554  -  MemoryUsage of job (MB)
	2614684  -  ResidentSetSize of job (KB)
...
006 (16798938.009.000) 2023-02-13 07:41:42 Image size of job updated: 14768936
	2556  -  MemoryUsage of job (MB)
	2616524  -  ResidentSetSize of job (KB)
...
006 (16798938.009.000) 2023-02-13 07:46:42 Image size of job updated: 14781564
	2568  -  MemoryUsage of job (MB)
	2629152  -  ResidentSetSize of job (KB)
...
006 (16798938.009.000) 2023-02-13 07:51:44 Image size of job updated: 14787864
	2579  -  MemoryUsage of job (MB)
	2640596  -  ResidentSetSize of job (KB)
...
006 (16798938.009.000) 2023-02-13 07:56:44 Image size of job updated: 14803964
	2590  -  MemoryUsage of job (MB)
	2651552  -  ResidentSetSize of job (KB)
...
006 (16798938.009.000) 2023-02-13 08:01:44 Image size of job updated: 14804420
	2590  -  MemoryUsage of job (MB)
	2652008  -  ResidentSetSize of job (KB)
...
006 (16798938.009.000) 2023-02-13 08:11:45 Image size of job updated: 14811380
	2597  -  MemoryUsage of job (MB)
	2658968  -  ResidentSetSize of job (KB)
...
006 (16798938.009.000) 2023-02-13 08:16:46 Image size of job updated: 14815600
	2601  -  MemoryUsage of job (MB)
	2663188  -  ResidentSetSize of job (KB)
...
006 (16798938.009.000) 2023-02-13 08:21:46 Image size of job updated: 14815980
	2602  -  MemoryUsage of job (MB)
	2663568  -  ResidentSetSize of job (KB)
...
006 (16798938.009.000) 2023-02-13 08:36:49 Image size of job updated: 14818824
	2604  -  MemoryUsage of job (MB)
	2666488  -  ResidentSetSize of job (KB)
...
006 (16798938.009.000) 2023-02-13 08:41:49 Image size of job updated: 14829200
	2615  -  MemoryUsage of job (MB)
	2676788  -  ResidentSetSize of job (KB)
...
006 (16798938.009.000) 2023-02-13 08:46:49 Image size of job updated: 14829824
	2615  -  MemoryUsage of job (MB)
	2677540  -  ResidentSetSize of job (KB)
...
006 (16798938.009.000) 2023-02-13 08:56:50 Image size of job updated: 14835172
	2620  -  MemoryUsage of job (MB)
	2682760  -  ResidentSetSize of job (KB)
...
006 (16798938.009.000) 2023-02-13 09:21:53 Image size of job updated: 14841568
	2627  -  MemoryUsage of job (MB)
	2689156  -  ResidentSetSize of job (KB)
...
006 (16798938.009.000) 2023-02-13 09:26:54 Image size of job updated: 14850420
	2635  -  MemoryUsage of job (MB)
	2698008  -  ResidentSetSize of job (KB)
...
006 (16798938.009.000) 2023-02-13 09:46:56 Image size of job updated: 14919228
	2643  -  MemoryUsage of job (MB)
	2706012  -  ResidentSetSize of job (KB)
...
006 (16798938.009.000) 2023-02-13 09:51:56 Image size of job updated: 14933860
	2653  -  MemoryUsage of job (MB)
	2715912  -  ResidentSetSize of job (KB)
...
006 (16798938.009.000) 2023-02-13 09:56:57 Image size of job updated: 14999396
	2653  -  MemoryUsage of job (MB)
	2715912  -  ResidentSetSize of job (KB)
...
006 (16798938.009.000) 2023-02-13 10:01:57 Image size of job updated: 15066460
	2654  -  MemoryUsage of job (MB)
	2717440  -  ResidentSetSize of job (KB)
...
006 (16798938.009.000) 2023-02-13 10:32:01 Image size of job updated: 15068208
	2656  -  MemoryUsage of job (MB)
	2719208  -  ResidentSetSize of job (KB)
...
006 (16798938.009.000) 2023-02-13 10:37:01 Image size of job updated: 15069132
	2657  -  MemoryUsage of job (MB)
	2720112  -  ResidentSetSize of job (KB)
...
006 (16798938.009.000) 2023-02-13 10:42:02 Image size of job updated: 15135088
	2657  -  MemoryUsage of job (MB)
	2720600  -  ResidentSetSize of job (KB)
...
006 (16798938.009.000) 2023-02-13 10:47:02 Image size of job updated: 15210224
	2667  -  MemoryUsage of job (MB)
	2730148  -  ResidentSetSize of job (KB)
...
006 (16798938.009.000) 2023-02-13 10:52:04 Image size of job updated: 15341296
	2667  -  MemoryUsage of job (MB)
	2730148  -  ResidentSetSize of job (KB)
...
006 (16798938.009.000) 2023-02-13 10:57:04 Image size of job updated: 15472368
	2667  -  MemoryUsage of job (MB)
	2730148  -  ResidentSetSize of job (KB)
...
006 (16798938.009.000) 2023-02-13 11:02:04 Image size of job updated: 15605780
	2669  -  MemoryUsage of job (MB)
	2732608  -  ResidentSetSize of job (KB)
...
006 (16798938.009.000) 2023-02-13 11:07:05 Image size of job updated: 15736852
	2669  -  MemoryUsage of job (MB)
	2732616  -  ResidentSetSize of job (KB)
...
006 (16798938.009.000) 2023-02-13 11:12:05 Image size of job updated: 15867924
	2669  -  MemoryUsage of job (MB)
	2732616  -  ResidentSetSize of job (KB)
...
006 (16798938.009.000) 2023-02-13 11:32:08 Image size of job updated: 15869272
	2670  -  MemoryUsage of job (MB)
	2733844  -  ResidentSetSize of job (KB)
...
006 (16798938.009.000) 2023-02-13 11:42:09 Image size of job updated: 15870728
	2672  -  MemoryUsage of job (MB)
	2735300  -  ResidentSetSize of job (KB)
...
006 (16798938.009.000) 2023-02-13 11:47:09 Image size of job updated: 15877588
	2678  -  MemoryUsage of job (MB)
	2742160  -  ResidentSetSize of job (KB)
...
006 (16798938.009.000) 2023-02-13 12:07:12 Image size of job updated: 15885640
	2686  -  MemoryUsage of job (MB)
	2750212  -  ResidentSetSize of job (KB)
...
006 (16798938.009.000) 2023-02-13 12:12:12 Image size of job updated: 15886444
	2687  -  MemoryUsage of job (MB)
	2751044  -  ResidentSetSize of job (KB)
...
006 (16798938.009.000) 2023-02-13 12:17:13 Image size of job updated: 16148588
	2687  -  MemoryUsage of job (MB)
	2751044  -  ResidentSetSize of job (KB)
...
006 (16798938.009.000) 2023-02-13 12:22:13 Image size of job updated: 16410732
	2687  -  MemoryUsage of job (MB)
	2751044  -  ResidentSetSize of job (KB)
...
006 (16798938.009.000) 2023-02-13 12:27:14 Image size of job updated: 16541804
	2687  -  MemoryUsage of job (MB)
	2751044  -  ResidentSetSize of job (KB)
...
006 (16798938.009.000) 2023-02-13 12:32:14 Image size of job updated: 16935020
	2687  -  MemoryUsage of job (MB)
	2751044  -  ResidentSetSize of job (KB)
...
006 (16798938.009.000) 2023-02-13 12:37:15 Image size of job updated: 17333204
	2692  -  MemoryUsage of job (MB)
	2756028  -  ResidentSetSize of job (KB)
...
006 (16798938.009.000) 2023-02-13 12:42:15 Image size of job updated: 18121356
	2694  -  MemoryUsage of job (MB)
	2757704  -  ResidentSetSize of job (KB)
...
006 (16798938.009.000) 2023-02-13 12:47:17 Image size of job updated: 19301004
	2694  -  MemoryUsage of job (MB)
	2757704  -  ResidentSetSize of job (KB)
...
006 (16798938.009.000) 2023-02-13 12:52:17 Image size of job updated: 20480652
	2694  -  MemoryUsage of job (MB)
	2757704  -  ResidentSetSize of job (KB)
...
006 (16798938.009.000) 2023-02-13 12:57:17 Image size of job updated: 22839948
	2694  -  MemoryUsage of job (MB)
	2757704  -  ResidentSetSize of job (KB)
...
006 (16798938.009.000) 2023-02-13 13:02:18 Image size of job updated: 26007228
	2715  -  MemoryUsage of job (MB)
	2779256  -  ResidentSetSize of job (KB)
...
006 (16798938.009.000) 2023-02-13 13:07:18 Image size of job updated: 30725820
	2715  -  MemoryUsage of job (MB)
	2779256  -  ResidentSetSize of job (KB)
...
006 (16798938.009.000) 2023-02-13 13:12:19 Image size of job updated: 38069800
	2718  -  MemoryUsage of job (MB)
	2783204  -  ResidentSetSize of job (KB)
...
006 (16798938.009.000) 2023-02-13 13:17:19 Image size of job updated: 53743688
	2729  -  MemoryUsage of job (MB)
	2794004  -  ResidentSetSize of job (KB)
...
006 (16798938.009.000) 2023-02-13 13:22:20 Image size of job updated: 83431496
	2729  -  MemoryUsage of job (MB)
	2794004  -  ResidentSetSize of job (KB)
...
006 (16798938.009.000) 2023-02-13 13:27:20 Image size of job updated: 99422280
	2730  -  MemoryUsage of job (MB)
	2795392  -  ResidentSetSize of job (KB)
...
006 (16798938.009.000) 2023-02-13 13:32:22 Image size of job updated: 99422280
	2743  -  MemoryUsage of job (MB)
	2808000  -  ResidentSetSize of job (KB)
...
006 (16798938.009.000) 2023-02-13 13:37:22 Image size of job updated: 99736580
	2761  -  MemoryUsage of job (MB)
	2827092  -  ResidentSetSize of job (KB)
...
006 (16798938.009.000) 2023-02-13 13:42:22 Image size of job updated: 108356108
	2763  -  MemoryUsage of job (MB)
	2829204  -  ResidentSetSize of job (KB)
...
040 (16798938.009.000) 2023-02-13 14:19:28 Started transferring output files
...
040 (16798938.009.000) 2023-02-13 14:19:28 Finished transferring output files
...
005 (16798938.009.000) 2023-02-13 14:19:28 Job terminated.
	(1) Normal termination (return value 0)
		Usr 0 07:47:51, Sys 0 00:03:05  -  Run Remote Usage
		Usr 0 00:00:00, Sys 0 00:00:00  -  Run Local Usage
		Usr 0 07:47:51, Sys 0 00:03:05  -  Total Remote Usage
		Usr 0 00:00:00, Sys 0 00:00:00  -  Total Local Usage
	206  -  Run Bytes Sent By Job
	4698  -  Run Bytes Received By Job
	206  -  Total Bytes Sent By Job
	4698  -  Total Bytes Received By Job
	Partitionable Resources :        Usage  Request Allocated Assigned
	   Cpus                 :         1.01        1         1 
	   Disk (KB)            :  56594012    68157440  71914326 
	   Gpus (Average)       : 129644079.29        1         1 "GPU-0d4d3af1"
	   GpusMemory (MB)      :     81907                       
	   IoHeavy              :                               0 
	   Memory (MB)          :      2763       20480     20480 

	Job terminated of its own accord at 2023-02-13T20:19:28Z with exit-code 0.
...
