000 (16798938.012.000) 2023-02-12 18:35:22 Job submitted from host: <128.105.244.191:9618?addrs=128.105.244.191-9618&alias=submit-1.chtc.wisc.edu&noUDP&sock=schedd_6485_bfc3>
...
040 (16798938.012.000) 2023-02-13 07:05:11 Started transferring input files
	Transferring to host: <128.105.68.97:9618?addrs=128.105.68.97-9618+[2607-f388-2200-100-ac0-ebff-fe99-a130]-9618&alias=gpu2005.chtc.wisc.edu&noUDP&sock=slot1_1_356317_4f73_4717>
...
040 (16798938.012.000) 2023-02-13 07:05:11 Finished transferring input files
...
001 (16798938.012.000) 2023-02-13 07:05:12 Job executing on host: <128.105.68.97:9618?addrs=128.105.68.97-9618+[2607-f388-2200-100-ac0-ebff-fe99-a130]-9618&alias=gpu2005.chtc.wisc.edu&noUDP&sock=startd_11626_0c26>
...
006 (16798938.012.000) 2023-02-13 07:05:21 Image size of job updated: 38908
	1  -  MemoryUsage of job (MB)
	864  -  ResidentSetSize of job (KB)
...
006 (16798938.012.000) 2023-02-13 07:10:22 Image size of job updated: 14663224
	2452  -  MemoryUsage of job (MB)
	2510616  -  ResidentSetSize of job (KB)
...
006 (16798938.012.000) 2023-02-13 07:15:22 Image size of job updated: 14673240
	2462  -  MemoryUsage of job (MB)
	2520644  -  ResidentSetSize of job (KB)
...
006 (16798938.012.000) 2023-02-13 07:20:23 Image size of job updated: 14678076
	2467  -  MemoryUsage of job (MB)
	2525480  -  ResidentSetSize of job (KB)
...
006 (16798938.012.000) 2023-02-13 07:25:23 Image size of job updated: 14693464
	2482  -  MemoryUsage of job (MB)
	2540868  -  ResidentSetSize of job (KB)
...
006 (16798938.012.000) 2023-02-13 07:35:25 Image size of job updated: 14701796
	2490  -  MemoryUsage of job (MB)
	2549200  -  ResidentSetSize of job (KB)
...
006 (16798938.012.000) 2023-02-13 07:40:25 Image size of job updated: 14703896
	2492  -  MemoryUsage of job (MB)
	2551376  -  ResidentSetSize of job (KB)
...
006 (16798938.012.000) 2023-02-13 07:45:26 Image size of job updated: 14708244
	2496  -  MemoryUsage of job (MB)
	2555648  -  ResidentSetSize of job (KB)
...
006 (16798938.012.000) 2023-02-13 07:50:26 Image size of job updated: 14729344
	2517  -  MemoryUsage of job (MB)
	2576748  -  ResidentSetSize of job (KB)
...
006 (16798938.012.000) 2023-02-13 08:05:28 Image size of job updated: 14729492
	2517  -  MemoryUsage of job (MB)
	2576896  -  ResidentSetSize of job (KB)
...
006 (16798938.012.000) 2023-02-13 08:15:29 Image size of job updated: 14729788
	2517  -  MemoryUsage of job (MB)
	2577312  -  ResidentSetSize of job (KB)
...
006 (16798938.012.000) 2023-02-13 08:20:30 Image size of job updated: 14751620
	2539  -  MemoryUsage of job (MB)
	2599024  -  ResidentSetSize of job (KB)
...
006 (16798938.012.000) 2023-02-13 08:25:30 Image size of job updated: 14767124
	2554  -  MemoryUsage of job (MB)
	2614528  -  ResidentSetSize of job (KB)
...
006 (16798938.012.000) 2023-02-13 09:00:33 Image size of job updated: 14785524
	2572  -  MemoryUsage of job (MB)
	2632928  -  ResidentSetSize of job (KB)
...
006 (16798938.012.000) 2023-02-13 09:07:20 Image size of job updated: 14786428
	2573  -  MemoryUsage of job (MB)
	2633832  -  ResidentSetSize of job (KB)
...
006 (16798938.012.000) 2023-02-13 09:12:40 Image size of job updated: 14786928
	2573  -  MemoryUsage of job (MB)
	2634332  -  ResidentSetSize of job (KB)
...
006 (16798938.012.000) 2023-02-13 09:17:41 Image size of job updated: 14788804
	2575  -  MemoryUsage of job (MB)
	2636208  -  ResidentSetSize of job (KB)
...
006 (16798938.012.000) 2023-02-13 09:22:41 Image size of job updated: 14794344
	2580  -  MemoryUsage of job (MB)
	2641876  -  ResidentSetSize of job (KB)
...
006 (16798938.012.000) 2023-02-13 09:27:42 Image size of job updated: 14795096
	2581  -  MemoryUsage of job (MB)
	2642500  -  ResidentSetSize of job (KB)
...
006 (16798938.012.000) 2023-02-13 09:32:42 Image size of job updated: 14799900
	2586  -  MemoryUsage of job (MB)
	2647304  -  ResidentSetSize of job (KB)
...
006 (16798938.012.000) 2023-02-13 09:47:43 Image size of job updated: 14811576
	2597  -  MemoryUsage of job (MB)
	2658980  -  ResidentSetSize of job (KB)
...
006 (16798938.012.000) 2023-02-13 09:52:44 Image size of job updated: 14812916
	2598  -  MemoryUsage of job (MB)
	2660320  -  ResidentSetSize of job (KB)
...
006 (16798938.012.000) 2023-02-13 09:57:44 Image size of job updated: 14819080
	2604  -  MemoryUsage of job (MB)
	2666484  -  ResidentSetSize of job (KB)
...
006 (16798938.012.000) 2023-02-13 10:32:49 Image size of job updated: 14884616
	2604  -  MemoryUsage of job (MB)
	2666484  -  ResidentSetSize of job (KB)
...
006 (16798938.012.000) 2023-02-13 10:37:49 Image size of job updated: 14950152
	2604  -  MemoryUsage of job (MB)
	2666484  -  ResidentSetSize of job (KB)
...
006 (16798938.012.000) 2023-02-13 10:42:49 Image size of job updated: 15025252
	2614  -  MemoryUsage of job (MB)
	2676048  -  ResidentSetSize of job (KB)
...
006 (16798938.012.000) 2023-02-13 10:57:51 Image size of job updated: 15027128
	2616  -  MemoryUsage of job (MB)
	2677924  -  ResidentSetSize of job (KB)
...
006 (16798938.012.000) 2023-02-13 11:07:52 Image size of job updated: 15032424
	2621  -  MemoryUsage of job (MB)
	2683220  -  ResidentSetSize of job (KB)
...
006 (16798938.012.000) 2023-02-13 11:12:52 Image size of job updated: 15040372
	2629  -  MemoryUsage of job (MB)
	2691168  -  ResidentSetSize of job (KB)
...
006 (16798938.012.000) 2023-02-13 11:32:54 Image size of job updated: 15105908
	2629  -  MemoryUsage of job (MB)
	2691168  -  ResidentSetSize of job (KB)
...
006 (16798938.012.000) 2023-02-13 11:37:54 Image size of job updated: 15171444
	2629  -  MemoryUsage of job (MB)
	2691168  -  ResidentSetSize of job (KB)
...
006 (16798938.012.000) 2023-02-13 11:42:55 Image size of job updated: 15302516
	2629  -  MemoryUsage of job (MB)
	2691168  -  ResidentSetSize of job (KB)
...
006 (16798938.012.000) 2023-02-13 11:47:55 Image size of job updated: 15446528
	2641  -  MemoryUsage of job (MB)
	2704208  -  ResidentSetSize of job (KB)
...
006 (16798938.012.000) 2023-02-13 11:52:56 Image size of job updated: 15577800
	2641  -  MemoryUsage of job (MB)
	2704308  -  ResidentSetSize of job (KB)
...
006 (16798938.012.000) 2023-02-13 11:57:56 Image size of job updated: 15714612
	2647  -  MemoryUsage of job (MB)
	2710108  -  ResidentSetSize of job (KB)
...
006 (16798938.012.000) 2023-02-13 12:02:57 Image size of job updated: 15845684
	2647  -  MemoryUsage of job (MB)
	2710108  -  ResidentSetSize of job (KB)
...
006 (16798938.012.000) 2023-02-13 12:48:02 Image size of job updated: 15845684
	2647  -  MemoryUsage of job (MB)
	2710160  -  ResidentSetSize of job (KB)
...
006 (16798938.012.000) 2023-02-13 12:58:03 Image size of job updated: 16107828
	2647  -  MemoryUsage of job (MB)
	2710160  -  ResidentSetSize of job (KB)
...
006 (16798938.012.000) 2023-02-13 13:03:03 Image size of job updated: 16378256
	2655  -  MemoryUsage of job (MB)
	2718332  -  ResidentSetSize of job (KB)
...
006 (16798938.012.000) 2023-02-13 13:08:04 Image size of job updated: 16772616
	2656  -  MemoryUsage of job (MB)
	2719536  -  ResidentSetSize of job (KB)
...
006 (16798938.012.000) 2023-02-13 13:13:04 Image size of job updated: 17297924
	2657  -  MemoryUsage of job (MB)
	2720496  -  ResidentSetSize of job (KB)
...
006 (16798938.012.000) 2023-02-13 13:18:05 Image size of job updated: 18091900
	2665  -  MemoryUsage of job (MB)
	2728048  -  ResidentSetSize of job (KB)
...
006 (16798938.012.000) 2023-02-13 13:23:05 Image size of job updated: 19273508
	2667  -  MemoryUsage of job (MB)
	2730000  -  ResidentSetSize of job (KB)
...
006 (16798938.012.000) 2023-02-13 13:28:05 Image size of job updated: 20717596
	2669  -  MemoryUsage of job (MB)
	2732296  -  ResidentSetSize of job (KB)
...
006 (16798938.012.000) 2023-02-13 13:33:06 Image size of job updated: 22821412
	2675  -  MemoryUsage of job (MB)
	2738972  -  ResidentSetSize of job (KB)
...
006 (16798938.012.000) 2023-02-13 13:38:06 Image size of job updated: 25639460
	2675  -  MemoryUsage of job (MB)
	2738972  -  ResidentSetSize of job (KB)
...
006 (16798938.012.000) 2023-02-13 13:43:07 Image size of job updated: 28595516
	2682  -  MemoryUsage of job (MB)
	2745920  -  ResidentSetSize of job (KB)
...
006 (16798938.012.000) 2023-02-13 13:48:07 Image size of job updated: 33851660
	2695  -  MemoryUsage of job (MB)
	2759160  -  ResidentSetSize of job (KB)
...
006 (16798938.012.000) 2023-02-13 13:53:08 Image size of job updated: 50368324
	2697  -  MemoryUsage of job (MB)
	2760752  -  ResidentSetSize of job (KB)
...
006 (16798938.012.000) 2023-02-13 13:58:08 Image size of job updated: 75475536
	2703  -  MemoryUsage of job (MB)
	2767696  -  ResidentSetSize of job (KB)
...
006 (16798938.012.000) 2023-02-13 14:03:09 Image size of job updated: 99400556
	2708  -  MemoryUsage of job (MB)
	2772428  -  ResidentSetSize of job (KB)
...
006 (16798938.012.000) 2023-02-13 14:08:09 Image size of job updated: 99400928
	2724  -  MemoryUsage of job (MB)
	2788820  -  ResidentSetSize of job (KB)
...
006 (16798938.012.000) 2023-02-13 14:13:11 Image size of job updated: 99400928
	2729  -  MemoryUsage of job (MB)
	2794388  -  ResidentSetSize of job (KB)
...
040 (16798938.012.000) 2023-02-13 14:50:47 Started transferring output files
...
040 (16798938.012.000) 2023-02-13 14:50:47 Finished transferring output files
...
005 (16798938.012.000) 2023-02-13 14:50:48 Job terminated.
	(1) Normal termination (return value 0)
		Usr 0 07:40:54, Sys 0 00:02:48  -  Run Remote Usage
		Usr 0 00:00:00, Sys 0 00:00:00  -  Run Local Usage
		Usr 0 07:40:54, Sys 0 00:02:48  -  Total Remote Usage
		Usr 0 00:00:00, Sys 0 00:00:00  -  Total Local Usage
	206  -  Run Bytes Sent By Job
	4698  -  Run Bytes Received By Job
	206  -  Total Bytes Sent By Job
	4698  -  Total Bytes Received By Job
	Partitionable Resources :        Usage  Request Allocated Assigned
	   Cpus                 :         1.01        1         1 
	   Disk (KB)            :  56344944    68157440  71914326 
	   Gpus (Average)       : 129897738.63        1         1 "GPU-516b29b8"
	   GpusMemory (MB)      :     81919                       
	   IoHeavy              :                               0 
	   Memory (MB)          :      2729       20480     20480 

	Job terminated of its own accord at 2023-02-13T20:50:47Z with exit-code 0.
...
