000 (16798938.017.000) 2023-02-12 18:35:22 Job submitted from host: <128.105.244.191:9618?addrs=128.105.244.191-9618&alias=submit-1.chtc.wisc.edu&noUDP&sock=schedd_6485_bfc3>
...
040 (16798938.017.000) 2023-02-13 07:26:22 Started transferring input files
	Transferring to host: <128.105.68.96:9618?addrs=128.105.68.96-9618+[2607-f388-2200-100-1270-fdff-fe74-8a8]-9618&alias=gpu2004.chtc.wisc.edu&noUDP&sock=slot1_4_354665_53af_38>
...
040 (16798938.017.000) 2023-02-13 07:26:22 Finished transferring input files
...
001 (16798938.017.000) 2023-02-13 07:26:23 Job executing on host: <128.105.68.96:9618?addrs=128.105.68.96-9618+[2607-f388-2200-100-1270-fdff-fe74-8a8]-9618&alias=gpu2004.chtc.wisc.edu&noUDP&sock=startd_11600_36b0>
...
006 (16798938.017.000) 2023-02-13 07:26:31 Image size of job updated: 62112
	1  -  MemoryUsage of job (MB)
	856  -  ResidentSetSize of job (KB)
...
006 (16798938.017.000) 2023-02-13 07:31:31 Image size of job updated: 14645656
	2446  -  MemoryUsage of job (MB)
	2503800  -  ResidentSetSize of job (KB)
...
006 (16798938.017.000) 2023-02-13 07:36:33 Image size of job updated: 14666100
	2455  -  MemoryUsage of job (MB)
	2513872  -  ResidentSetSize of job (KB)
...
006 (16798938.017.000) 2023-02-13 07:41:33 Image size of job updated: 14671112
	2460  -  MemoryUsage of job (MB)
	2518884  -  ResidentSetSize of job (KB)
...
006 (16798938.017.000) 2023-02-13 07:46:33 Image size of job updated: 14675568
	2465  -  MemoryUsage of job (MB)
	2523340  -  ResidentSetSize of job (KB)
...
006 (16798938.017.000) 2023-02-13 07:51:34 Image size of job updated: 14685664
	2475  -  MemoryUsage of job (MB)
	2533436  -  ResidentSetSize of job (KB)
...
006 (16798938.017.000) 2023-02-13 07:56:34 Image size of job updated: 14695564
	2484  -  MemoryUsage of job (MB)
	2543336  -  ResidentSetSize of job (KB)
...
006 (16798938.017.000) 2023-02-13 08:01:35 Image size of job updated: 14696644
	2485  -  MemoryUsage of job (MB)
	2544416  -  ResidentSetSize of job (KB)
...
006 (16798938.017.000) 2023-02-13 08:06:35 Image size of job updated: 14711104
	2499  -  MemoryUsage of job (MB)
	2558876  -  ResidentSetSize of job (KB)
...
006 (16798938.017.000) 2023-02-13 08:16:37 Image size of job updated: 14727368
	2515  -  MemoryUsage of job (MB)
	2575140  -  ResidentSetSize of job (KB)
...
006 (16798938.017.000) 2023-02-13 08:36:39 Image size of job updated: 14727688
	2516  -  MemoryUsage of job (MB)
	2575580  -  ResidentSetSize of job (KB)
...
006 (16798938.017.000) 2023-02-13 08:41:39 Image size of job updated: 14740328
	2528  -  MemoryUsage of job (MB)
	2588100  -  ResidentSetSize of job (KB)
...
006 (16798938.017.000) 2023-02-13 08:46:41 Image size of job updated: 14750828
	2538  -  MemoryUsage of job (MB)
	2598600  -  ResidentSetSize of job (KB)
...
006 (16798938.017.000) 2023-02-13 08:51:41 Image size of job updated: 14752808
	2540  -  MemoryUsage of job (MB)
	2600580  -  ResidentSetSize of job (KB)
...
006 (16798938.017.000) 2023-02-13 09:01:42 Image size of job updated: 14760596
	2548  -  MemoryUsage of job (MB)
	2608368  -  ResidentSetSize of job (KB)
...
006 (16798938.017.000) 2023-02-13 09:06:42 Image size of job updated: 14766448
	2553  -  MemoryUsage of job (MB)
	2614224  -  ResidentSetSize of job (KB)
...
006 (16798938.017.000) 2023-02-13 09:11:43 Image size of job updated: 14777580
	2564  -  MemoryUsage of job (MB)
	2625356  -  ResidentSetSize of job (KB)
...
006 (16798938.017.000) 2023-02-13 09:16:43 Image size of job updated: 14778120
	2565  -  MemoryUsage of job (MB)
	2625896  -  ResidentSetSize of job (KB)
...
006 (16798938.017.000) 2023-02-13 09:31:44 Image size of job updated: 14779912
	2567  -  MemoryUsage of job (MB)
	2627812  -  ResidentSetSize of job (KB)
...
006 (16798938.017.000) 2023-02-13 09:36:45 Image size of job updated: 14781412
	2568  -  MemoryUsage of job (MB)
	2629188  -  ResidentSetSize of job (KB)
...
006 (16798938.017.000) 2023-02-13 09:41:45 Image size of job updated: 14802272
	2588  -  MemoryUsage of job (MB)
	2650048  -  ResidentSetSize of job (KB)
...
006 (16798938.017.000) 2023-02-13 10:01:46 Image size of job updated: 14803816
	2590  -  MemoryUsage of job (MB)
	2651592  -  ResidentSetSize of job (KB)
...
006 (16798938.017.000) 2023-02-13 10:06:46 Image size of job updated: 14806384
	2592  -  MemoryUsage of job (MB)
	2654160  -  ResidentSetSize of job (KB)
...
006 (16798938.017.000) 2023-02-13 10:16:47 Image size of job updated: 14817784
	2604  -  MemoryUsage of job (MB)
	2665560  -  ResidentSetSize of job (KB)
...
006 (16798938.017.000) 2023-02-13 10:36:49 Image size of job updated: 14817996
	2604  -  MemoryUsage of job (MB)
	2665772  -  ResidentSetSize of job (KB)
...
006 (16798938.017.000) 2023-02-13 10:46:50 Image size of job updated: 14819164
	2605  -  MemoryUsage of job (MB)
	2666940  -  ResidentSetSize of job (KB)
...
006 (16798938.017.000) 2023-02-13 10:51:50 Image size of job updated: 14884700
	2605  -  MemoryUsage of job (MB)
	2666940  -  ResidentSetSize of job (KB)
...
006 (16798938.017.000) 2023-02-13 10:56:51 Image size of job updated: 14950236
	2605  -  MemoryUsage of job (MB)
	2666940  -  ResidentSetSize of job (KB)
...
006 (16798938.017.000) 2023-02-13 11:01:51 Image size of job updated: 15028172
	2617  -  MemoryUsage of job (MB)
	2679340  -  ResidentSetSize of job (KB)
...
006 (16798938.017.000) 2023-02-13 11:31:54 Image size of job updated: 15028172
	2617  -  MemoryUsage of job (MB)
	2679344  -  ResidentSetSize of job (KB)
...
006 (16798938.017.000) 2023-02-13 11:46:55 Image size of job updated: 15093708
	2617  -  MemoryUsage of job (MB)
	2679344  -  ResidentSetSize of job (KB)
...
006 (16798938.017.000) 2023-02-13 11:51:55 Image size of job updated: 15159244
	2617  -  MemoryUsage of job (MB)
	2679344  -  ResidentSetSize of job (KB)
...
006 (16798938.017.000) 2023-02-13 11:56:57 Image size of job updated: 15290316
	2617  -  MemoryUsage of job (MB)
	2679344  -  ResidentSetSize of job (KB)
...
006 (16798938.017.000) 2023-02-13 12:01:57 Image size of job updated: 15421388
	2617  -  MemoryUsage of job (MB)
	2679344  -  ResidentSetSize of job (KB)
...
006 (16798938.017.000) 2023-02-13 12:06:57 Image size of job updated: 15562160
	2627  -  MemoryUsage of job (MB)
	2689164  -  ResidentSetSize of job (KB)
...
006 (16798938.017.000) 2023-02-13 12:11:58 Image size of job updated: 15708552
	2642  -  MemoryUsage of job (MB)
	2704484  -  ResidentSetSize of job (KB)
...
006 (16798938.017.000) 2023-02-13 12:16:58 Image size of job updated: 15839624
	2642  -  MemoryUsage of job (MB)
	2704484  -  ResidentSetSize of job (KB)
...
006 (16798938.017.000) 2023-02-13 13:17:04 Image size of job updated: 15975112
	2646  -  MemoryUsage of job (MB)
	2708780  -  ResidentSetSize of job (KB)
...
006 (16798938.017.000) 2023-02-13 13:22:05 Image size of job updated: 16238052
	2647  -  MemoryUsage of job (MB)
	2709624  -  ResidentSetSize of job (KB)
...
006 (16798938.017.000) 2023-02-13 13:27:05 Image size of job updated: 16500196
	2647  -  MemoryUsage of job (MB)
	2709624  -  ResidentSetSize of job (KB)
...
006 (16798938.017.000) 2023-02-13 13:32:06 Image size of job updated: 16893412
	2647  -  MemoryUsage of job (MB)
	2709624  -  ResidentSetSize of job (KB)
...
006 (16798938.017.000) 2023-02-13 13:37:06 Image size of job updated: 17286628
	2647  -  MemoryUsage of job (MB)
	2709624  -  ResidentSetSize of job (KB)
...
006 (16798938.017.000) 2023-02-13 13:42:08 Image size of job updated: 18083116
	2656  -  MemoryUsage of job (MB)
	2719632  -  ResidentSetSize of job (KB)
...
006 (16798938.017.000) 2023-02-13 13:47:08 Image size of job updated: 19269444
	2663  -  MemoryUsage of job (MB)
	2726312  -  ResidentSetSize of job (KB)
...
006 (16798938.017.000) 2023-02-13 13:52:08 Image size of job updated: 20449092
	2663  -  MemoryUsage of job (MB)
	2726312  -  ResidentSetSize of job (KB)
...
006 (16798938.017.000) 2023-02-13 13:57:09 Image size of job updated: 23071560
	2664  -  MemoryUsage of job (MB)
	2727376  -  ResidentSetSize of job (KB)
...
006 (16798938.017.000) 2023-02-13 14:02:09 Image size of job updated: 25630480
	2667  -  MemoryUsage of job (MB)
	2730356  -  ResidentSetSize of job (KB)
...
006 (16798938.017.000) 2023-02-13 14:07:10 Image size of job updated: 30290432
	2674  -  MemoryUsage of job (MB)
	2737252  -  ResidentSetSize of job (KB)
...
006 (16798938.017.000) 2023-02-13 14:12:10 Image size of job updated: 38023680
	2674  -  MemoryUsage of job (MB)
	2737252  -  ResidentSetSize of job (KB)
...
006 (16798938.017.000) 2023-02-13 14:17:10 Image size of job updated: 54276608
	2674  -  MemoryUsage of job (MB)
	2737252  -  ResidentSetSize of job (KB)
...
006 (16798938.017.000) 2023-02-13 14:22:11 Image size of job updated: 83374592
	2674  -  MemoryUsage of job (MB)
	2737252  -  ResidentSetSize of job (KB)
...
006 (16798938.017.000) 2023-02-13 14:27:11 Image size of job updated: 98513408
	2674  -  MemoryUsage of job (MB)
	2737252  -  ResidentSetSize of job (KB)
...
006 (16798938.017.000) 2023-02-13 14:37:12 Image size of job updated: 99450672
	2711  -  MemoryUsage of job (MB)
	2775248  -  ResidentSetSize of job (KB)
...
006 (16798938.017.000) 2023-02-13 14:42:13 Image size of job updated: 103082584
	2711  -  MemoryUsage of job (MB)
	2775248  -  ResidentSetSize of job (KB)
...
040 (16798938.017.000) 2023-02-13 15:21:44 Started transferring output files
...
040 (16798938.017.000) 2023-02-13 15:21:44 Finished transferring output files
...
005 (16798938.017.000) 2023-02-13 15:21:45 Job terminated.
	(1) Normal termination (return value 0)
		Usr 0 07:49:51, Sys 0 00:03:09  -  Run Remote Usage
		Usr 0 00:00:00, Sys 0 00:00:00  -  Run Local Usage
		Usr 0 07:49:51, Sys 0 00:03:09  -  Total Remote Usage
		Usr 0 00:00:00, Sys 0 00:00:00  -  Total Local Usage
	206  -  Run Bytes Sent By Job
	4698  -  Run Bytes Received By Job
	206  -  Total Bytes Sent By Job
	4698  -  Total Bytes Received By Job
	Partitionable Resources :       Usage  Request Allocated Assigned
	   Cpus                 :        1.01        1         1 
	   Disk (KB)            : 55541131    68157440  72755738 
	   Gpus (Average)       :                    1         1 "GPU-6488910f"
	   GpusMemory (MB)      :    81861                       
	   IoHeavy              :                              0 
	   Memory (MB)          :     2711       20480     20480 

	Job terminated of its own accord at 2023-02-13T21:21:44Z with exit-code 0.
...
