000 (16814152.018.000) 2023-03-15 09:19:15 Job submitted from host: <128.105.244.191:9618?addrs=128.105.244.191-9618&alias=submit-1.chtc.wisc.edu&noUDP&sock=schedd_6485_bfc3>
...
040 (16814152.018.000) 2023-03-15 18:51:49 Started transferring input files
	Transferring to host: <128.105.68.101:9618?addrs=128.105.68.101-9618+[2607-f388-2200-100-1270-fdff-fe73-97d6]-9618&alias=gpu2009.chtc.wisc.edu&noUDP&sock=slot1_4_1877356_e2af_97879>
...
040 (16814152.018.000) 2023-03-15 18:51:49 Finished transferring input files
...
001 (16814152.018.000) 2023-03-15 18:51:50 Job executing on host: <128.105.68.101:9618?addrs=128.105.68.101-9618+[2607-f388-2200-100-1270-fdff-fe73-97d6]-9618&alias=gpu2009.chtc.wisc.edu&noUDP&sock=startd_27480_92a2>
...
006 (16814152.018.000) 2023-03-15 18:51:59 Image size of job updated: 38908
	1  -  MemoryUsage of job (MB)
	680  -  ResidentSetSize of job (KB)
...
006 (16814152.018.000) 2023-03-15 18:57:00 Image size of job updated: 14185872
	2300  -  MemoryUsage of job (MB)
	2354628  -  ResidentSetSize of job (KB)
...
006 (16814152.018.000) 2023-03-15 20:12:08 Image size of job updated: 14186648
	2301  -  MemoryUsage of job (MB)
	2355404  -  ResidentSetSize of job (KB)
...
006 (16814152.018.000) 2023-03-15 20:17:09 Image size of job updated: 14192668
	2307  -  MemoryUsage of job (MB)
	2361424  -  ResidentSetSize of job (KB)
...
006 (16814152.018.000) 2023-03-15 20:32:10 Image size of job updated: 14192668
	2307  -  MemoryUsage of job (MB)
	2361464  -  ResidentSetSize of job (KB)
...
006 (16814152.018.000) 2023-03-15 20:37:10 Image size of job updated: 14192668
	2307  -  MemoryUsage of job (MB)
	2361644  -  ResidentSetSize of job (KB)
...
006 (16814152.018.000) 2023-03-15 22:07:14 Image size of job updated: 14258204
	2307  -  MemoryUsage of job (MB)
	2361644  -  ResidentSetSize of job (KB)
...
006 (16814152.018.000) 2023-03-15 22:12:13 Image size of job updated: 14323740
	2307  -  MemoryUsage of job (MB)
	2361644  -  ResidentSetSize of job (KB)
...
006 (16814152.018.000) 2023-03-15 22:17:14 Image size of job updated: 14389276
	2307  -  MemoryUsage of job (MB)
	2361644  -  ResidentSetSize of job (KB)
...
006 (16814152.018.000) 2023-03-15 23:02:18 Image size of job updated: 14454812
	2307  -  MemoryUsage of job (MB)
	2361644  -  ResidentSetSize of job (KB)
...
006 (16814152.018.000) 2023-03-15 23:07:19 Image size of job updated: 14520348
	2307  -  MemoryUsage of job (MB)
	2361644  -  ResidentSetSize of job (KB)
...
006 (16814152.018.000) 2023-03-15 23:12:19 Image size of job updated: 14651420
	2307  -  MemoryUsage of job (MB)
	2361644  -  ResidentSetSize of job (KB)
...
006 (16814152.018.000) 2023-03-15 23:17:20 Image size of job updated: 14782492
	2307  -  MemoryUsage of job (MB)
	2361644  -  ResidentSetSize of job (KB)
...
006 (16814152.018.000) 2023-03-15 23:22:21 Image size of job updated: 14913564
	2307  -  MemoryUsage of job (MB)
	2361644  -  ResidentSetSize of job (KB)
...
006 (16814152.018.000) 2023-03-15 23:27:20 Image size of job updated: 15175708
	2307  -  MemoryUsage of job (MB)
	2361644  -  ResidentSetSize of job (KB)
...
006 (16814152.018.000) 2023-03-16 00:27:30 Image size of job updated: 15437852
	2307  -  MemoryUsage of job (MB)
	2361644  -  ResidentSetSize of job (KB)
...
006 (16814152.018.000) 2023-03-16 00:32:30 Image size of job updated: 15699996
	2307  -  MemoryUsage of job (MB)
	2361644  -  ResidentSetSize of job (KB)
...
006 (16814152.018.000) 2023-03-16 00:37:30 Image size of job updated: 15962140
	2307  -  MemoryUsage of job (MB)
	2361644  -  ResidentSetSize of job (KB)
...
006 (16814152.018.000) 2023-03-16 00:42:31 Image size of job updated: 16355356
	2307  -  MemoryUsage of job (MB)
	2361644  -  ResidentSetSize of job (KB)
...
006 (16814152.018.000) 2023-03-16 00:47:31 Image size of job updated: 16814108
	2307  -  MemoryUsage of job (MB)
	2361644  -  ResidentSetSize of job (KB)
...
006 (16814152.018.000) 2023-03-16 00:52:31 Image size of job updated: 17797148
	2307  -  MemoryUsage of job (MB)
	2361644  -  ResidentSetSize of job (KB)
...
006 (16814152.018.000) 2023-03-16 00:57:31 Image size of job updated: 18780188
	2307  -  MemoryUsage of job (MB)
	2361644  -  ResidentSetSize of job (KB)
...
006 (16814152.018.000) 2023-03-16 01:02:32 Image size of job updated: 20549660
	2307  -  MemoryUsage of job (MB)
	2361644  -  ResidentSetSize of job (KB)
...
006 (16814152.018.000) 2023-03-16 01:07:33 Image size of job updated: 23695388
	2307  -  MemoryUsage of job (MB)
	2361644  -  ResidentSetSize of job (KB)
...
006 (16814152.018.000) 2023-03-16 01:12:33 Image size of job updated: 27562012
	2307  -  MemoryUsage of job (MB)
	2361644  -  ResidentSetSize of job (KB)
...
006 (16814152.018.000) 2023-03-16 01:17:33 Image size of job updated: 35491868
	2307  -  MemoryUsage of job (MB)
	2361644  -  ResidentSetSize of job (KB)
...
006 (16814152.018.000) 2023-03-16 01:22:34 Image size of job updated: 52400156
	2307  -  MemoryUsage of job (MB)
	2361644  -  ResidentSetSize of job (KB)
...
006 (16814152.018.000) 2023-03-16 01:27:35 Image size of job updated: 82677788
	2307  -  MemoryUsage of job (MB)
	2361644  -  ResidentSetSize of job (KB)
...
006 (16814152.018.000) 2023-03-16 01:32:35 Image size of job updated: 97816604
	2307  -  MemoryUsage of job (MB)
	2361644  -  ResidentSetSize of job (KB)
...
006 (16814152.018.000) 2023-03-16 01:37:35 Image size of job updated: 98668572
	2307  -  MemoryUsage of job (MB)
	2361644  -  ResidentSetSize of job (KB)
...
006 (16814152.018.000) 2023-03-16 01:42:36 Image size of job updated: 98668572
	2308  -  MemoryUsage of job (MB)
	2363032  -  ResidentSetSize of job (KB)
...
006 (16814152.018.000) 2023-03-16 01:47:37 Image size of job updated: 98668572
	7476  -  MemoryUsage of job (MB)
	7654912  -  ResidentSetSize of job (KB)
...
006 (16814152.018.000) 2023-03-16 01:51:13 Image size of job updated: 98668572
	7978  -  MemoryUsage of job (MB)
	8168532  -  ResidentSetSize of job (KB)
...
040 (16814152.018.000) 2023-03-16 01:51:13 Started transferring output files
...
040 (16814152.018.000) 2023-03-16 01:51:13 Finished transferring output files
...
005 (16814152.018.000) 2023-03-16 01:51:13 Job terminated.
	(1) Normal termination (return value 0)
		Usr 0 06:54:48, Sys 0 00:02:07  -  Run Remote Usage
		Usr 0 00:00:00, Sys 0 00:00:00  -  Run Local Usage
		Usr 0 06:54:48, Sys 0 00:02:07  -  Total Remote Usage
		Usr 0 00:00:00, Sys 0 00:00:00  -  Total Local Usage
	1223  -  Run Bytes Sent By Job
	805  -  Run Bytes Received By Job
	1223  -  Total Bytes Sent By Job
	805  -  Total Bytes Received By Job
	Partitionable Resources :       Usage  Request Allocated Assigned
	   Cpus                 :        1.01        1         1 
	   Disk (KB)            : 14003667    52428800  55919702 
	   Gpus (Average)       :                    1         1 "GPU-07c303b2"
	   IoHeavy              :                              0 
	   Memory (MB)          :     7978       20480     20480 

	Job terminated of its own accord at 2023-03-16T06:51:13Z with exit-code 0.
...
