000 (16814152.017.000) 2023-03-15 09:19:15 Job submitted from host: <128.105.244.191:9618?addrs=128.105.244.191-9618&alias=submit-1.chtc.wisc.edu&noUDP&sock=schedd_6485_bfc3>
...
040 (16814152.017.000) 2023-03-15 18:48:27 Started transferring input files
	Transferring to host: <128.105.68.98:9618?addrs=128.105.68.98-9618+[2607-f388-2200-100-1270-fdff-fe74-900]-9618&alias=gpu2006.chtc.wisc.edu&noUDP&sock=slot1_4_106832_8ef1_686283>
...
040 (16814152.017.000) 2023-03-15 18:48:28 Finished transferring input files
...
001 (16814152.017.000) 2023-03-15 18:48:29 Job executing on host: <128.105.68.98:9618?addrs=128.105.68.98-9618+[2607-f388-2200-100-1270-fdff-fe74-900]-9618&alias=gpu2006.chtc.wisc.edu&noUDP&sock=startd_106764_cd5e>
...
006 (16814152.017.000) 2023-03-15 18:48:37 Image size of job updated: 62112
	1  -  MemoryUsage of job (MB)
	872  -  ResidentSetSize of job (KB)
...
006 (16814152.017.000) 2023-03-15 18:53:37 Image size of job updated: 15104284
	2604  -  MemoryUsage of job (MB)
	2665916  -  ResidentSetSize of job (KB)
...
006 (16814152.017.000) 2023-03-15 18:58:37 Image size of job updated: 15108528
	2608  -  MemoryUsage of job (MB)
	2670168  -  ResidentSetSize of job (KB)
...
006 (16814152.017.000) 2023-03-15 22:08:56 Image size of job updated: 15171500
	2608  -  MemoryUsage of job (MB)
	2670168  -  ResidentSetSize of job (KB)
...
006 (16814152.017.000) 2023-03-15 22:13:57 Image size of job updated: 15237036
	2608  -  MemoryUsage of job (MB)
	2670168  -  ResidentSetSize of job (KB)
...
006 (16814152.017.000) 2023-03-15 22:18:58 Image size of job updated: 15302572
	2608  -  MemoryUsage of job (MB)
	2670168  -  ResidentSetSize of job (KB)
...
006 (16814152.017.000) 2023-03-15 23:04:03 Image size of job updated: 15368108
	2608  -  MemoryUsage of job (MB)
	2670168  -  ResidentSetSize of job (KB)
...
006 (16814152.017.000) 2023-03-15 23:09:02 Image size of job updated: 15433644
	2608  -  MemoryUsage of job (MB)
	2670168  -  ResidentSetSize of job (KB)
...
006 (16814152.017.000) 2023-03-15 23:14:03 Image size of job updated: 15564716
	2608  -  MemoryUsage of job (MB)
	2670168  -  ResidentSetSize of job (KB)
...
006 (16814152.017.000) 2023-03-15 23:19:04 Image size of job updated: 15695788
	2608  -  MemoryUsage of job (MB)
	2670168  -  ResidentSetSize of job (KB)
...
006 (16814152.017.000) 2023-03-15 23:24:05 Image size of job updated: 15826860
	2608  -  MemoryUsage of job (MB)
	2670168  -  ResidentSetSize of job (KB)
...
006 (16814152.017.000) 2023-03-15 23:29:06 Image size of job updated: 15957932
	2608  -  MemoryUsage of job (MB)
	2670168  -  ResidentSetSize of job (KB)
...
006 (16814152.017.000) 2023-03-15 23:34:07 Image size of job updated: 16089004
	2608  -  MemoryUsage of job (MB)
	2670168  -  ResidentSetSize of job (KB)
...
006 (16814152.017.000) 2023-03-16 00:34:14 Image size of job updated: 16220076
	2608  -  MemoryUsage of job (MB)
	2670168  -  ResidentSetSize of job (KB)
...
006 (16814152.017.000) 2023-03-16 00:39:14 Image size of job updated: 16482220
	2608  -  MemoryUsage of job (MB)
	2670168  -  ResidentSetSize of job (KB)
...
006 (16814152.017.000) 2023-03-16 00:44:15 Image size of job updated: 16613292
	2608  -  MemoryUsage of job (MB)
	2670168  -  ResidentSetSize of job (KB)
...
006 (16814152.017.000) 2023-03-16 00:49:15 Image size of job updated: 17006508
	2608  -  MemoryUsage of job (MB)
	2670168  -  ResidentSetSize of job (KB)
...
006 (16814152.017.000) 2023-03-16 00:54:16 Image size of job updated: 17399724
	2608  -  MemoryUsage of job (MB)
	2670168  -  ResidentSetSize of job (KB)
...
006 (16814152.017.000) 2023-03-16 00:59:16 Image size of job updated: 17924012
	2608  -  MemoryUsage of job (MB)
	2670168  -  ResidentSetSize of job (KB)
...
006 (16814152.017.000) 2023-03-16 01:04:17 Image size of job updated: 18907052
	2608  -  MemoryUsage of job (MB)
	2670168  -  ResidentSetSize of job (KB)
...
006 (16814152.017.000) 2023-03-16 01:09:17 Image size of job updated: 20283308
	2608  -  MemoryUsage of job (MB)
	2670168  -  ResidentSetSize of job (KB)
...
006 (16814152.017.000) 2023-03-16 01:14:17 Image size of job updated: 21987244
	2608  -  MemoryUsage of job (MB)
	2670168  -  ResidentSetSize of job (KB)
...
006 (16814152.017.000) 2023-03-16 01:19:18 Image size of job updated: 24608684
	2608  -  MemoryUsage of job (MB)
	2670168  -  ResidentSetSize of job (KB)
...
006 (16814152.017.000) 2023-03-16 01:24:18 Image size of job updated: 27819948
	2608  -  MemoryUsage of job (MB)
	2670168  -  ResidentSetSize of job (KB)
...
006 (16814152.017.000) 2023-03-16 01:29:18 Image size of job updated: 34439084
	2608  -  MemoryUsage of job (MB)
	2670168  -  ResidentSetSize of job (KB)
...
006 (16814152.017.000) 2023-03-16 01:34:19 Image size of job updated: 45318060
	2608  -  MemoryUsage of job (MB)
	2670168  -  ResidentSetSize of job (KB)
...
006 (16814152.017.000) 2023-03-16 01:39:19 Image size of job updated: 68779948
	2608  -  MemoryUsage of job (MB)
	2670168  -  ResidentSetSize of job (KB)
...
006 (16814152.017.000) 2023-03-16 01:44:20 Image size of job updated: 98729900
	2608  -  MemoryUsage of job (MB)
	2670168  -  ResidentSetSize of job (KB)
...
006 (16814152.017.000) 2023-03-16 01:59:21 Image size of job updated: 104041856
	2610  -  MemoryUsage of job (MB)
	2671984  -  ResidentSetSize of job (KB)
...
006 (16814152.017.000) 2023-03-16 02:04:21 Image size of job updated: 104041856
	2618  -  MemoryUsage of job (MB)
	2679876  -  ResidentSetSize of job (KB)
...
006 (16814152.017.000) 2023-03-16 02:09:22 Image size of job updated: 104041856
	7532  -  MemoryUsage of job (MB)
	7712296  -  ResidentSetSize of job (KB)
...
006 (16814152.017.000) 2023-03-16 02:13:48 Image size of job updated: 104041856
	7543  -  MemoryUsage of job (MB)
	7723460  -  ResidentSetSize of job (KB)
...
040 (16814152.017.000) 2023-03-16 02:13:48 Started transferring output files
...
040 (16814152.017.000) 2023-03-16 02:13:48 Finished transferring output files
...
005 (16814152.017.000) 2023-03-16 02:13:49 Job terminated.
	(1) Normal termination (return value 0)
		Usr 0 07:20:01, Sys 0 00:02:41  -  Run Remote Usage
		Usr 0 00:00:00, Sys 0 00:00:00  -  Run Local Usage
		Usr 0 07:20:01, Sys 0 00:02:41  -  Total Remote Usage
		Usr 0 00:00:00, Sys 0 00:00:00  -  Total Local Usage
	1222  -  Run Bytes Sent By Job
	805  -  Run Bytes Received By Job
	1222  -  Total Bytes Sent By Job
	805  -  Total Bytes Received By Job
	Partitionable Resources :       Usage  Request Allocated Assigned
	   Cpus                 :        0.52        1         1 
	   Disk (KB)            : 14146690    52428800  55945394 
	   Gpus (Average)       :                    1         1 "GPU-5d2be8cb"
	   IoHeavy              :                              0 
	   Memory (MB)          :     7543       20480     20480 

	Job terminated of its own accord at 2023-03-16T07:13:48Z with exit-code 0.
...
