000 (16814152.019.000) 2023-03-15 09:19:15 Job submitted from host: <128.105.244.191:9618?addrs=128.105.244.191-9618&alias=submit-1.chtc.wisc.edu&noUDP&sock=schedd_6485_bfc3>
...
040 (16814152.019.000) 2023-03-15 18:52:00 Started transferring input files
	Transferring to host: <128.105.68.98:9618?addrs=128.105.68.98-9618+[2607-f388-2200-100-1270-fdff-fe74-900]-9618&alias=gpu2006.chtc.wisc.edu&noUDP&sock=slot1_2_106832_8ef1_686298>
...
040 (16814152.019.000) 2023-03-15 18:52:00 Finished transferring input files
...
001 (16814152.019.000) 2023-03-15 18:52:01 Job executing on host: <128.105.68.98:9618?addrs=128.105.68.98-9618+[2607-f388-2200-100-1270-fdff-fe74-900]-9618&alias=gpu2006.chtc.wisc.edu&noUDP&sock=startd_106764_cd5e>
...
006 (16814152.019.000) 2023-03-15 18:52:09 Image size of job updated: 868
	1  -  MemoryUsage of job (MB)
	868  -  ResidentSetSize of job (KB)
...
006 (16814152.019.000) 2023-03-15 18:57:09 Image size of job updated: 14666108
	2164  -  MemoryUsage of job (MB)
	2215560  -  ResidentSetSize of job (KB)
...
006 (16814152.019.000) 2023-03-15 19:02:10 Image size of job updated: 14666108
	2164  -  MemoryUsage of job (MB)
	2215608  -  ResidentSetSize of job (KB)
...
006 (16814152.019.000) 2023-03-15 19:07:10 Image size of job updated: 14794616
	2164  -  MemoryUsage of job (MB)
	2215608  -  ResidentSetSize of job (KB)
...
006 (16814152.019.000) 2023-03-15 19:12:10 Image size of job updated: 15123320
	2164  -  MemoryUsage of job (MB)
	2215608  -  ResidentSetSize of job (KB)
...
006 (16814152.019.000) 2023-03-15 19:17:11 Image size of job updated: 15647608
	2164  -  MemoryUsage of job (MB)
	2215608  -  ResidentSetSize of job (KB)
...
006 (16814152.019.000) 2023-03-15 19:22:11 Image size of job updated: 31638392
	2164  -  MemoryUsage of job (MB)
	2215608  -  ResidentSetSize of job (KB)
...
006 (16814152.019.000) 2023-03-15 19:24:14 Image size of job updated: 92816248
	2164  -  MemoryUsage of job (MB)
	2215608  -  ResidentSetSize of job (KB)
...
040 (16814152.019.000) 2023-03-15 19:24:14 Started transferring output files
...
040 (16814152.019.000) 2023-03-15 19:24:14 Finished transferring output files
...
005 (16814152.019.000) 2023-03-15 19:24:14 Job terminated.
	(1) Normal termination (return value 0)
		Usr 0 00:31:45, Sys 0 00:00:26  -  Run Remote Usage
		Usr 0 00:00:00, Sys 0 00:00:00  -  Run Local Usage
		Usr 0 00:31:45, Sys 0 00:00:26  -  Total Remote Usage
		Usr 0 00:00:00, Sys 0 00:00:00  -  Total Local Usage
	1222  -  Run Bytes Sent By Job
	805  -  Run Bytes Received By Job
	1222  -  Total Bytes Sent By Job
	805  -  Total Bytes Received By Job
	Partitionable Resources :      Usage  Request Allocated Assigned
	   Cpus                 :       1.00        1         1 
	   Disk (KB)            : 8407770    52428800  55945394 
	   Gpus (Average)       :                   1         1 "GPU-f6d7e689"
	   IoHeavy              :                             0 
	   Memory (MB)          :    2164       20480     20480 

	Job terminated of its own accord at 2023-03-16T00:24:14Z with exit-code 0.
...
