000 (16814152.003.000) 2023-03-15 09:19:15 Job submitted from host: <128.105.244.191:9618?addrs=128.105.244.191-9618&alias=submit-1.chtc.wisc.edu&noUDP&sock=schedd_6485_bfc3>
...
040 (16814152.003.000) 2023-03-15 11:41:23 Started transferring input files
	Transferring to host: <128.105.68.98:9618?addrs=128.105.68.98-9618+[2607-f388-2200-100-1270-fdff-fe74-900]-9618&alias=gpu2006.chtc.wisc.edu&noUDP&sock=slot1_1_106832_8ef1_685453>
...
040 (16814152.003.000) 2023-03-15 11:41:23 Finished transferring input files
...
001 (16814152.003.000) 2023-03-15 11:41:24 Job executing on host: <128.105.68.98:9618?addrs=128.105.68.98-9618+[2607-f388-2200-100-1270-fdff-fe74-900]-9618&alias=gpu2006.chtc.wisc.edu&noUDP&sock=startd_106764_cd5e>
...
006 (16814152.003.000) 2023-03-15 11:41:36 Image size of job updated: 38908
	1  -  MemoryUsage of job (MB)
	672  -  ResidentSetSize of job (KB)
...
006 (16814152.003.000) 2023-03-15 11:46:36 Image size of job updated: 15097156
	2597  -  MemoryUsage of job (MB)
	2658412  -  ResidentSetSize of job (KB)
...
006 (16814152.003.000) 2023-03-15 11:51:36 Image size of job updated: 15102308
	2602  -  MemoryUsage of job (MB)
	2663572  -  ResidentSetSize of job (KB)
...
006 (16814152.003.000) 2023-03-15 11:56:37 Image size of job updated: 15102488
	2602  -  MemoryUsage of job (MB)
	2663572  -  ResidentSetSize of job (KB)
...
006 (16814152.003.000) 2023-03-15 15:07:00 Image size of job updated: 15165460
	2602  -  MemoryUsage of job (MB)
	2663572  -  ResidentSetSize of job (KB)
...
006 (16814152.003.000) 2023-03-15 15:12:01 Image size of job updated: 15230996
	2602  -  MemoryUsage of job (MB)
	2663572  -  ResidentSetSize of job (KB)
...
006 (16814152.003.000) 2023-03-15 15:17:01 Image size of job updated: 15296532
	2602  -  MemoryUsage of job (MB)
	2663572  -  ResidentSetSize of job (KB)
...
006 (16814152.003.000) 2023-03-15 16:02:06 Image size of job updated: 15362068
	2602  -  MemoryUsage of job (MB)
	2663572  -  ResidentSetSize of job (KB)
...
006 (16814152.003.000) 2023-03-15 16:07:07 Image size of job updated: 15427604
	2602  -  MemoryUsage of job (MB)
	2663572  -  ResidentSetSize of job (KB)
...
006 (16814152.003.000) 2023-03-15 16:12:07 Image size of job updated: 15558676
	2602  -  MemoryUsage of job (MB)
	2663572  -  ResidentSetSize of job (KB)
...
006 (16814152.003.000) 2023-03-15 16:17:08 Image size of job updated: 15689748
	2602  -  MemoryUsage of job (MB)
	2663572  -  ResidentSetSize of job (KB)
...
006 (16814152.003.000) 2023-03-15 16:27:09 Image size of job updated: 15820820
	2602  -  MemoryUsage of job (MB)
	2663572  -  ResidentSetSize of job (KB)
...
006 (16814152.003.000) 2023-03-15 16:32:10 Image size of job updated: 16082964
	2602  -  MemoryUsage of job (MB)
	2663572  -  ResidentSetSize of job (KB)
...
006 (16814152.003.000) 2023-03-15 17:22:17 Image size of job updated: 16214036
	2602  -  MemoryUsage of job (MB)
	2663572  -  ResidentSetSize of job (KB)
...
006 (16814152.003.000) 2023-03-15 17:27:18 Image size of job updated: 16607252
	2602  -  MemoryUsage of job (MB)
	2663572  -  ResidentSetSize of job (KB)
...
006 (16814152.003.000) 2023-03-15 17:32:19 Image size of job updated: 17000468
	2602  -  MemoryUsage of job (MB)
	2663572  -  ResidentSetSize of job (KB)
...
006 (16814152.003.000) 2023-03-15 17:37:20 Image size of job updated: 17524756
	2602  -  MemoryUsage of job (MB)
	2663572  -  ResidentSetSize of job (KB)
...
006 (16814152.003.000) 2023-03-15 17:42:21 Image size of job updated: 18507796
	2602  -  MemoryUsage of job (MB)
	2663572  -  ResidentSetSize of job (KB)
...
006 (16814152.003.000) 2023-03-15 17:47:22 Image size of job updated: 19687444
	2602  -  MemoryUsage of job (MB)
	2663572  -  ResidentSetSize of job (KB)
...
006 (16814152.003.000) 2023-03-15 17:52:23 Image size of job updated: 21719060
	2602  -  MemoryUsage of job (MB)
	2663572  -  ResidentSetSize of job (KB)
...
006 (16814152.003.000) 2023-03-15 17:57:24 Image size of job updated: 24602644
	2602  -  MemoryUsage of job (MB)
	2663572  -  ResidentSetSize of job (KB)
...
006 (16814152.003.000) 2023-03-15 18:02:25 Image size of job updated: 27813908
	2602  -  MemoryUsage of job (MB)
	2663572  -  ResidentSetSize of job (KB)
...
006 (16814152.003.000) 2023-03-15 18:07:26 Image size of job updated: 33253396
	2602  -  MemoryUsage of job (MB)
	2663572  -  ResidentSetSize of job (KB)
...
006 (16814152.003.000) 2023-03-15 18:12:26 Image size of job updated: 42821652
	2602  -  MemoryUsage of job (MB)
	2663572  -  ResidentSetSize of job (KB)
...
006 (16814152.003.000) 2023-03-15 18:17:26 Image size of job updated: 72771604
	2602  -  MemoryUsage of job (MB)
	2663572  -  ResidentSetSize of job (KB)
...
006 (16814152.003.000) 2023-03-15 18:22:26 Image size of job updated: 99575828
	2602  -  MemoryUsage of job (MB)
	2663572  -  ResidentSetSize of job (KB)
...
006 (16814152.003.000) 2023-03-15 18:27:27 Image size of job updated: 99575828
	2603  -  MemoryUsage of job (MB)
	2665376  -  ResidentSetSize of job (KB)
...
006 (16814152.003.000) 2023-03-15 18:32:28 Image size of job updated: 99575828
	2612  -  MemoryUsage of job (MB)
	2673852  -  ResidentSetSize of job (KB)
...
006 (16814152.003.000) 2023-03-15 18:37:28 Image size of job updated: 99575828
	12732  -  MemoryUsage of job (MB)
	13037564  -  ResidentSetSize of job (KB)
...
040 (16814152.003.000) 2023-03-15 18:40:47 Started transferring output files
...
040 (16814152.003.000) 2023-03-15 18:40:47 Finished transferring output files
...
005 (16814152.003.000) 2023-03-15 18:40:47 Job terminated.
	(1) Normal termination (return value 0)
		Usr 0 06:53:40, Sys 0 00:02:29  -  Run Remote Usage
		Usr 0 00:00:00, Sys 0 00:00:00  -  Run Local Usage
		Usr 0 06:53:40, Sys 0 00:02:29  -  Total Remote Usage
		Usr 0 00:00:00, Sys 0 00:00:00  -  Total Local Usage
	1221  -  Run Bytes Sent By Job
	805  -  Run Bytes Received By Job
	1221  -  Total Bytes Sent By Job
	805  -  Total Bytes Received By Job
	Partitionable Resources :       Usage  Request Allocated Assigned
	   Cpus                 :        1.01        1         1 
	   Disk (KB)            : 14093291    52428800  55945394 
	   Gpus (Average)       :                    1         1 "GPU-9eb76222"
	   IoHeavy              :                              0 
	   Memory (MB)          :    12732       20480     20480 

	Job terminated of its own accord at 2023-03-15T23:40:46Z with exit-code 0.
...
