000 (16814152.016.000) 2023-03-15 09:19:15 Job submitted from host: <128.105.244.191:9618?addrs=128.105.244.191-9618&alias=submit-1.chtc.wisc.edu&noUDP&sock=schedd_6485_bfc3>
...
040 (16814152.016.000) 2023-03-15 18:44:58 Started transferring input files
	Transferring to host: <128.105.68.98:9618?addrs=128.105.68.98-9618+[2607-f388-2200-100-1270-fdff-fe74-900]-9618&alias=gpu2006.chtc.wisc.edu&noUDP&sock=slot1_3_106832_8ef1_686282>
...
040 (16814152.016.000) 2023-03-15 18:44:58 Finished transferring input files
...
001 (16814152.016.000) 2023-03-15 18:44:59 Job executing on host: <128.105.68.98:9618?addrs=128.105.68.98-9618+[2607-f388-2200-100-1270-fdff-fe74-900]-9618&alias=gpu2006.chtc.wisc.edu&noUDP&sock=startd_106764_cd5e>
...
006 (16814152.016.000) 2023-03-15 18:45:07 Image size of job updated: 38908
	1  -  MemoryUsage of job (MB)
	864  -  ResidentSetSize of job (KB)
...
006 (16814152.016.000) 2023-03-15 18:50:07 Image size of job updated: 15094148
	2590  -  MemoryUsage of job (MB)
	2651468  -  ResidentSetSize of job (KB)
...
006 (16814152.016.000) 2023-03-15 18:55:09 Image size of job updated: 15094148
	2590  -  MemoryUsage of job (MB)
	2651472  -  ResidentSetSize of job (KB)
...
006 (16814152.016.000) 2023-03-15 19:00:09 Image size of job updated: 15096704
	2592  -  MemoryUsage of job (MB)
	2654028  -  ResidentSetSize of job (KB)
...
006 (16814152.016.000) 2023-03-15 20:10:17 Image size of job updated: 15096704
	2592  -  MemoryUsage of job (MB)
	2654088  -  ResidentSetSize of job (KB)
...
006 (16814152.016.000) 2023-03-15 20:20:19 Image size of job updated: 15105624
	2601  -  MemoryUsage of job (MB)
	2662948  -  ResidentSetSize of job (KB)
...
006 (16814152.016.000) 2023-03-15 20:25:19 Image size of job updated: 15105624
	2601  -  MemoryUsage of job (MB)
	2662952  -  ResidentSetSize of job (KB)
...
006 (16814152.016.000) 2023-03-15 22:05:23 Image size of job updated: 15171160
	2601  -  MemoryUsage of job (MB)
	2662952  -  ResidentSetSize of job (KB)
...
006 (16814152.016.000) 2023-03-15 22:10:24 Image size of job updated: 15236696
	2601  -  MemoryUsage of job (MB)
	2662952  -  ResidentSetSize of job (KB)
...
006 (16814152.016.000) 2023-03-15 22:15:24 Image size of job updated: 15302232
	2601  -  MemoryUsage of job (MB)
	2662952  -  ResidentSetSize of job (KB)
...
006 (16814152.016.000) 2023-03-15 23:00:28 Image size of job updated: 15367768
	2601  -  MemoryUsage of job (MB)
	2662952  -  ResidentSetSize of job (KB)
...
006 (16814152.016.000) 2023-03-15 23:05:29 Image size of job updated: 15433304
	2601  -  MemoryUsage of job (MB)
	2662952  -  ResidentSetSize of job (KB)
...
006 (16814152.016.000) 2023-03-15 23:10:29 Image size of job updated: 15695448
	2601  -  MemoryUsage of job (MB)
	2662952  -  ResidentSetSize of job (KB)
...
006 (16814152.016.000) 2023-03-15 23:15:30 Image size of job updated: 15826520
	2601  -  MemoryUsage of job (MB)
	2662952  -  ResidentSetSize of job (KB)
...
006 (16814152.016.000) 2023-03-15 23:20:30 Image size of job updated: 15957592
	2601  -  MemoryUsage of job (MB)
	2662952  -  ResidentSetSize of job (KB)
...
006 (16814152.016.000) 2023-03-15 23:25:31 Image size of job updated: 16088664
	2601  -  MemoryUsage of job (MB)
	2662952  -  ResidentSetSize of job (KB)
...
006 (16814152.016.000) 2023-03-16 00:20:36 Image size of job updated: 16219736
	2601  -  MemoryUsage of job (MB)
	2662952  -  ResidentSetSize of job (KB)
...
006 (16814152.016.000) 2023-03-16 00:25:36 Image size of job updated: 16481880
	2601  -  MemoryUsage of job (MB)
	2662952  -  ResidentSetSize of job (KB)
...
006 (16814152.016.000) 2023-03-16 00:30:36 Image size of job updated: 16875368
	2601  -  MemoryUsage of job (MB)
	2663268  -  ResidentSetSize of job (KB)
...
006 (16814152.016.000) 2023-03-16 00:35:36 Image size of job updated: 17137512
	2601  -  MemoryUsage of job (MB)
	2663268  -  ResidentSetSize of job (KB)
...
006 (16814152.016.000) 2023-03-16 00:40:36 Image size of job updated: 17727860
	2602  -  MemoryUsage of job (MB)
	2663752  -  ResidentSetSize of job (KB)
...
006 (16814152.016.000) 2023-03-16 00:45:36 Image size of job updated: 18711424
	2602  -  MemoryUsage of job (MB)
	2664272  -  ResidentSetSize of job (KB)
...
006 (16814152.016.000) 2023-03-16 00:50:36 Image size of job updated: 20093052
	2608  -  MemoryUsage of job (MB)
	2669700  -  ResidentSetSize of job (KB)
...
006 (16814152.016.000) 2023-03-16 00:55:37 Image size of job updated: 22518420
	2608  -  MemoryUsage of job (MB)
	2670240  -  ResidentSetSize of job (KB)
...
006 (16814152.016.000) 2023-03-16 01:00:38 Image size of job updated: 25205928
	2609  -  MemoryUsage of job (MB)
	2670784  -  ResidentSetSize of job (KB)
...
006 (16814152.016.000) 2023-03-16 01:05:39 Image size of job updated: 29138620
	2609  -  MemoryUsage of job (MB)
	2671364  -  ResidentSetSize of job (KB)
...
006 (16814152.016.000) 2023-03-16 01:10:40 Image size of job updated: 35627484
	2610  -  MemoryUsage of job (MB)
	2672124  -  ResidentSetSize of job (KB)
...
006 (16814152.016.000) 2023-03-16 01:15:40 Image size of job updated: 48997896
	2611  -  MemoryUsage of job (MB)
	2673200  -  ResidentSetSize of job (KB)
...
006 (16814152.016.000) 2023-03-16 01:20:41 Image size of job updated: 66824768
	2612  -  MemoryUsage of job (MB)
	2674264  -  ResidentSetSize of job (KB)
...
006 (16814152.016.000) 2023-03-16 01:25:41 Image size of job updated: 96186096
	2613  -  MemoryUsage of job (MB)
	2675472  -  ResidentSetSize of job (KB)
...
006 (16814152.016.000) 2023-03-16 01:30:41 Image size of job updated: 98742132
	2615  -  MemoryUsage of job (MB)
	2677244  -  ResidentSetSize of job (KB)
...
006 (16814152.016.000) 2023-03-16 01:35:41 Image size of job updated: 98742132
	2617  -  MemoryUsage of job (MB)
	2679268  -  ResidentSetSize of job (KB)
...
006 (16814152.016.000) 2023-03-16 01:40:42 Image size of job updated: 102748928
	2623  -  MemoryUsage of job (MB)
	2685476  -  ResidentSetSize of job (KB)
...
006 (16814152.016.000) 2023-03-16 01:45:43 Image size of job updated: 102748928
	2630  -  MemoryUsage of job (MB)
	2693012  -  ResidentSetSize of job (KB)
...
006 (16814152.016.000) 2023-03-16 01:50:44 Image size of job updated: 102748928
	7733  -  MemoryUsage of job (MB)
	7917732  -  ResidentSetSize of job (KB)
...
006 (16814152.016.000) 2023-03-16 01:54:29 Image size of job updated: 102748928
	7742  -  MemoryUsage of job (MB)
	7927604  -  ResidentSetSize of job (KB)
...
040 (16814152.016.000) 2023-03-16 01:54:29 Started transferring output files
...
040 (16814152.016.000) 2023-03-16 01:54:29 Finished transferring output files
...
005 (16814152.016.000) 2023-03-16 01:54:29 Job terminated.
	(1) Normal termination (return value 0)
		Usr 0 07:04:50, Sys 0 00:02:39  -  Run Remote Usage
		Usr 0 00:00:00, Sys 0 00:00:00  -  Run Local Usage
		Usr 0 07:04:50, Sys 0 00:02:39  -  Total Remote Usage
		Usr 0 00:00:00, Sys 0 00:00:00  -  Total Local Usage
	1222  -  Run Bytes Sent By Job
	805  -  Run Bytes Received By Job
	1222  -  Total Bytes Sent By Job
	805  -  Total Bytes Received By Job
	Partitionable Resources :       Usage  Request Allocated Assigned
	   Cpus                 :        0.99        1         1 
	   Disk (KB)            : 14108655    52428800  55945394 
	   Gpus (Average)       :                    1         1 "GPU-a0068c3b"
	   IoHeavy              :                              0 
	   Memory (MB)          :     7742       20480     20480 

	Job terminated of its own accord at 2023-03-16T06:54:29Z with exit-code 0.
...
