000 (16814152.012.000) 2023-03-15 09:19:15 Job submitted from host: <128.105.244.191:9618?addrs=128.105.244.191-9618&alias=submit-1.chtc.wisc.edu&noUDP&sock=schedd_6485_bfc3>
...
040 (16814152.012.000) 2023-03-15 16:46:28 Started transferring input files
	Transferring to host: <128.105.68.101:9618?addrs=128.105.68.101-9618+[2607-f388-2200-100-1270-fdff-fe73-97d6]-9618&alias=gpu2009.chtc.wisc.edu&noUDP&sock=slot1_3_1877356_e2af_97639>
...
040 (16814152.012.000) 2023-03-15 16:46:28 Finished transferring input files
...
001 (16814152.012.000) 2023-03-15 16:46:29 Job executing on host: <128.105.68.101:9618?addrs=128.105.68.101-9618+[2607-f388-2200-100-1270-fdff-fe73-97d6]-9618&alias=gpu2009.chtc.wisc.edu&noUDP&sock=startd_27480_92a2>
...
006 (16814152.012.000) 2023-03-15 16:46:38 Image size of job updated: 1052
	1  -  MemoryUsage of job (MB)
	672  -  ResidentSetSize of job (KB)
...
006 (16814152.012.000) 2023-03-15 16:51:39 Image size of job updated: 14181900
	2302  -  MemoryUsage of job (MB)
	2356900  -  ResidentSetSize of job (KB)
...
006 (16814152.012.000) 2023-03-15 16:56:39 Image size of job updated: 14181900
	2302  -  MemoryUsage of job (MB)
	2356908  -  ResidentSetSize of job (KB)
...
006 (16814152.012.000) 2023-03-15 17:41:45 Image size of job updated: 14187932
	2308  -  MemoryUsage of job (MB)
	2362944  -  ResidentSetSize of job (KB)
...
006 (16814152.012.000) 2023-03-15 20:07:05 Image size of job updated: 14253468
	2308  -  MemoryUsage of job (MB)
	2362944  -  ResidentSetSize of job (KB)
...
006 (16814152.012.000) 2023-03-15 20:12:05 Image size of job updated: 14319004
	2308  -  MemoryUsage of job (MB)
	2362944  -  ResidentSetSize of job (KB)
...
006 (16814152.012.000) 2023-03-15 20:22:06 Image size of job updated: 14384540
	2308  -  MemoryUsage of job (MB)
	2362944  -  ResidentSetSize of job (KB)
...
006 (16814152.012.000) 2023-03-15 21:07:09 Image size of job updated: 14450076
	2308  -  MemoryUsage of job (MB)
	2362944  -  ResidentSetSize of job (KB)
...
006 (16814152.012.000) 2023-03-15 21:12:10 Image size of job updated: 14515612
	2308  -  MemoryUsage of job (MB)
	2362944  -  ResidentSetSize of job (KB)
...
006 (16814152.012.000) 2023-03-15 21:17:11 Image size of job updated: 14646684
	2308  -  MemoryUsage of job (MB)
	2362944  -  ResidentSetSize of job (KB)
...
006 (16814152.012.000) 2023-03-15 21:22:11 Image size of job updated: 14777756
	2308  -  MemoryUsage of job (MB)
	2362944  -  ResidentSetSize of job (KB)
...
006 (16814152.012.000) 2023-03-15 21:27:12 Image size of job updated: 14908828
	2308  -  MemoryUsage of job (MB)
	2362944  -  ResidentSetSize of job (KB)
...
006 (16814152.012.000) 2023-03-15 21:32:12 Image size of job updated: 15039900
	2308  -  MemoryUsage of job (MB)
	2362944  -  ResidentSetSize of job (KB)
...
006 (16814152.012.000) 2023-03-15 21:37:12 Image size of job updated: 15170972
	2308  -  MemoryUsage of job (MB)
	2362944  -  ResidentSetSize of job (KB)
...
006 (16814152.012.000) 2023-03-15 22:32:20 Image size of job updated: 15433116
	2308  -  MemoryUsage of job (MB)
	2362944  -  ResidentSetSize of job (KB)
...
006 (16814152.012.000) 2023-03-15 22:37:21 Image size of job updated: 15695260
	2308  -  MemoryUsage of job (MB)
	2362944  -  ResidentSetSize of job (KB)
...
006 (16814152.012.000) 2023-03-15 22:42:22 Image size of job updated: 16088476
	2308  -  MemoryUsage of job (MB)
	2362944  -  ResidentSetSize of job (KB)
...
006 (16814152.012.000) 2023-03-15 22:47:22 Image size of job updated: 16809372
	2308  -  MemoryUsage of job (MB)
	2362944  -  ResidentSetSize of job (KB)
...
006 (16814152.012.000) 2023-03-15 22:52:23 Image size of job updated: 17595804
	2308  -  MemoryUsage of job (MB)
	2362944  -  ResidentSetSize of job (KB)
...
006 (16814152.012.000) 2023-03-15 22:57:23 Image size of job updated: 18776896
	2309  -  MemoryUsage of job (MB)
	2364416  -  ResidentSetSize of job (KB)
...
006 (16814152.012.000) 2023-03-15 23:02:23 Image size of job updated: 20546768
	2310  -  MemoryUsage of job (MB)
	2364876  -  ResidentSetSize of job (KB)
...
006 (16814152.012.000) 2023-03-15 23:07:23 Image size of job updated: 22382176
	2310  -  MemoryUsage of job (MB)
	2365296  -  ResidentSetSize of job (KB)
...
006 (16814152.012.000) 2023-03-15 23:12:24 Image size of job updated: 25266292
	2311  -  MemoryUsage of job (MB)
	2365784  -  ResidentSetSize of job (KB)
...
006 (16814152.012.000) 2023-03-15 23:17:25 Image size of job updated: 28543628
	2311  -  MemoryUsage of job (MB)
	2366280  -  ResidentSetSize of job (KB)
...
006 (16814152.012.000) 2023-03-15 23:22:25 Image size of job updated: 34311460
	2312  -  MemoryUsage of job (MB)
	2366960  -  ResidentSetSize of job (KB)
...
006 (16814152.012.000) 2023-03-15 23:27:25 Image size of job updated: 49648092
	2313  -  MemoryUsage of job (MB)
	2368168  -  ResidentSetSize of job (KB)
...
006 (16814152.012.000) 2023-03-15 23:32:26 Image size of job updated: 76191640
	2315  -  MemoryUsage of job (MB)
	2369748  -  ResidentSetSize of job (KB)
...
006 (16814152.012.000) 2023-03-15 23:37:28 Image size of job updated: 98671292
	2315  -  MemoryUsage of job (MB)
	2370548  -  ResidentSetSize of job (KB)
...
006 (16814152.012.000) 2023-03-15 23:42:28 Image size of job updated: 98671292
	2319  -  MemoryUsage of job (MB)
	2374284  -  ResidentSetSize of job (KB)
...
006 (16814152.012.000) 2023-03-15 23:47:28 Image size of job updated: 99628120
	2331  -  MemoryUsage of job (MB)
	2386112  -  ResidentSetSize of job (KB)
...
006 (16814152.012.000) 2023-03-15 23:52:30 Image size of job updated: 99628120
	11554  -  MemoryUsage of job (MB)
	11830396  -  ResidentSetSize of job (KB)
...
006 (16814152.012.000) 2023-03-15 23:56:04 Image size of job updated: 99628120
	12411  -  MemoryUsage of job (MB)
	12707968  -  ResidentSetSize of job (KB)
...
040 (16814152.012.000) 2023-03-15 23:56:04 Started transferring output files
...
040 (16814152.012.000) 2023-03-15 23:56:04 Finished transferring output files
...
005 (16814152.012.000) 2023-03-15 23:56:04 Job terminated.
	(1) Normal termination (return value 0)
		Usr 0 07:04:27, Sys 0 00:02:08  -  Run Remote Usage
		Usr 0 00:00:00, Sys 0 00:00:00  -  Run Local Usage
		Usr 0 07:04:27, Sys 0 00:02:08  -  Total Remote Usage
		Usr 0 00:00:00, Sys 0 00:00:00  -  Total Local Usage
	1223  -  Run Bytes Sent By Job
	805  -  Run Bytes Received By Job
	1223  -  Total Bytes Sent By Job
	805  -  Total Bytes Received By Job
	Partitionable Resources :       Usage  Request Allocated Assigned
	   Cpus                 :        1.01        1         1 
	   Disk (KB)            : 14132887    52428800  55919702 
	   Gpus (Average)       :                    1         1 "GPU-b856f6ff"
	   IoHeavy              :                              0 
	   Memory (MB)          :    12411       20480     20480 

	Job terminated of its own accord at 2023-03-16T04:56:04Z with exit-code 0.
...
