000 (16798831.012.000) 2023-02-10 18:30:21 Job submitted from host: <128.105.244.191:9618?addrs=128.105.244.191-9618&alias=submit-1.chtc.wisc.edu&noUDP&sock=schedd_6485_bfc3>
...
040 (16798831.012.000) 2023-02-11 01:07:48 Started transferring input files
	Transferring to host: <128.105.68.101:9618?addrs=128.105.68.101-9618+[2607-f388-2200-100-1270-fdff-fe73-97d6]-9618&alias=gpu2009.chtc.wisc.edu&noUDP&sock=slot1_2_1877356_e2af_5060>
...
040 (16798831.012.000) 2023-02-11 01:07:48 Finished transferring input files
...
001 (16798831.012.000) 2023-02-11 01:07:49 Job executing on host: <128.105.68.101:9618?addrs=128.105.68.101-9618+[2607-f388-2200-100-1270-fdff-fe73-97d6]-9618&alias=gpu2009.chtc.wisc.edu&noUDP&sock=startd_27480_92a2>
...
006 (16798831.012.000) 2023-02-11 01:07:57 Image size of job updated: 7192
	1  -  MemoryUsage of job (MB)
	880  -  ResidentSetSize of job (KB)
...
006 (16798831.012.000) 2023-02-11 01:12:57 Image size of job updated: 11401564
	2436  -  MemoryUsage of job (MB)
	2493800  -  ResidentSetSize of job (KB)
...
006 (16798831.012.000) 2023-02-11 01:17:58 Image size of job updated: 11440000
	2473  -  MemoryUsage of job (MB)
	2532100  -  ResidentSetSize of job (KB)
...
006 (16798831.012.000) 2023-02-11 01:22:58 Image size of job updated: 11473976
	2508  -  MemoryUsage of job (MB)
	2568008  -  ResidentSetSize of job (KB)
...
006 (16798831.012.000) 2023-02-11 01:27:59 Image size of job updated: 11492940
	2525  -  MemoryUsage of job (MB)
	2585100  -  ResidentSetSize of job (KB)
...
006 (16798831.012.000) 2023-02-11 01:32:59 Image size of job updated: 11513836
	2547  -  MemoryUsage of job (MB)
	2607924  -  ResidentSetSize of job (KB)
...
006 (16798831.012.000) 2023-02-11 01:37:59 Image size of job updated: 11596272
	2562  -  MemoryUsage of job (MB)
	2622840  -  ResidentSetSize of job (KB)
...
006 (16798831.012.000) 2023-02-11 01:43:00 Image size of job updated: 11809740
	2578  -  MemoryUsage of job (MB)
	2639700  -  ResidentSetSize of job (KB)
...
006 (16798831.012.000) 2023-02-11 01:48:00 Image size of job updated: 11818320
	2587  -  MemoryUsage of job (MB)
	2648460  -  ResidentSetSize of job (KB)
...
006 (16798831.012.000) 2023-02-11 01:53:01 Image size of job updated: 12349296
	2593  -  MemoryUsage of job (MB)
	2655080  -  ResidentSetSize of job (KB)
...
006 (16798831.012.000) 2023-02-11 01:58:01 Image size of job updated: 12617640
	2599  -  MemoryUsage of job (MB)
	2661188  -  ResidentSetSize of job (KB)
...
006 (16798831.012.000) 2023-02-11 02:03:02 Image size of job updated: 12888688
	2608  -  MemoryUsage of job (MB)
	2670164  -  ResidentSetSize of job (KB)
...
006 (16798831.012.000) 2023-02-11 02:08:02 Image size of job updated: 18796428
	2617  -  MemoryUsage of job (MB)
	2679572  -  ResidentSetSize of job (KB)
...
006 (16798831.012.000) 2023-02-11 02:13:03 Image size of job updated: 78708968
	2630  -  MemoryUsage of job (MB)
	2692208  -  ResidentSetSize of job (KB)
...
006 (16798831.012.000) 2023-02-11 02:18:03 Image size of job updated: 95289576
	2630  -  MemoryUsage of job (MB)
	2692208  -  ResidentSetSize of job (KB)
...
040 (16798831.012.000) 2023-02-11 02:29:14 Started transferring output files
...
040 (16798831.012.000) 2023-02-11 02:29:14 Finished transferring output files
...
005 (16798831.012.000) 2023-02-11 02:29:14 Job terminated.
	(1) Normal termination (return value 0)
		Usr 0 01:20:28, Sys 0 00:00:50  -  Run Remote Usage
		Usr 0 00:00:00, Sys 0 00:00:00  -  Run Local Usage
		Usr 0 01:20:28, Sys 0 00:00:50  -  Total Remote Usage
		Usr 0 00:00:00, Sys 0 00:00:00  -  Total Local Usage
	206  -  Run Bytes Sent By Job
	4698  -  Run Bytes Received By Job
	206  -  Total Bytes Sent By Job
	4698  -  Total Bytes Received By Job
	Partitionable Resources :       Usage  Request Allocated Assigned
	   Cpus                 :        1.01        1         1 
	   Disk (KB)            : 25927542    52428800  55919702 
	   Gpus (Average)       : 87340356.30        1         1 "GPU-07c303b2"
	   GpusMemory (MB)      :    81731                       
	   IoHeavy              :                              0 
	   Memory (MB)          :     2630       20480     20480 

	Job terminated of its own accord at 2023-02-11T08:29:14Z with exit-code 0.
...
