000 (16798831.001.000) 2023-02-10 18:30:21 Job submitted from host: <128.105.244.191:9618?addrs=128.105.244.191-9618&alias=submit-1.chtc.wisc.edu&noUDP&sock=schedd_6485_bfc3>
...
040 (16798831.001.000) 2023-02-10 20:05:57 Started transferring input files
	Transferring to host: <128.105.68.101:9618?addrs=128.105.68.101-9618+[2607-f388-2200-100-1270-fdff-fe73-97d6]-9618&alias=gpu2009.chtc.wisc.edu&noUDP&sock=slot1_4_1877356_e2af_4463>
...
040 (16798831.001.000) 2023-02-10 20:05:57 Finished transferring input files
...
001 (16798831.001.000) 2023-02-10 20:05:58 Job executing on host: <128.105.68.101:9618?addrs=128.105.68.101-9618+[2607-f388-2200-100-1270-fdff-fe73-97d6]-9618&alias=gpu2009.chtc.wisc.edu&noUDP&sock=startd_27480_92a2>
...
006 (16798831.001.000) 2023-02-10 20:06:06 Image size of job updated: 872
	1  -  MemoryUsage of job (MB)
	872  -  ResidentSetSize of job (KB)
...
006 (16798831.001.000) 2023-02-10 20:11:06 Image size of job updated: 11425452
	2457  -  MemoryUsage of job (MB)
	2515908  -  ResidentSetSize of job (KB)
...
006 (16798831.001.000) 2023-02-10 20:16:07 Image size of job updated: 11460644
	2494  -  MemoryUsage of job (MB)
	2553176  -  ResidentSetSize of job (KB)
...
006 (16798831.001.000) 2023-02-10 20:21:07 Image size of job updated: 11495144
	2529  -  MemoryUsage of job (MB)
	2589044  -  ResidentSetSize of job (KB)
...
006 (16798831.001.000) 2023-02-10 20:26:08 Image size of job updated: 11523208
	2553  -  MemoryUsage of job (MB)
	2613812  -  ResidentSetSize of job (KB)
...
006 (16798831.001.000) 2023-02-10 20:31:08 Image size of job updated: 11543316
	2572  -  MemoryUsage of job (MB)
	2633640  -  ResidentSetSize of job (KB)
...
006 (16798831.001.000) 2023-02-10 20:36:08 Image size of job updated: 11687444
	2585  -  MemoryUsage of job (MB)
	2646696  -  ResidentSetSize of job (KB)
...
006 (16798831.001.000) 2023-02-10 20:41:09 Image size of job updated: 11829772
	2596  -  MemoryUsage of job (MB)
	2657996  -  ResidentSetSize of job (KB)
...
006 (16798831.001.000) 2023-02-10 20:46:09 Image size of job updated: 12106668
	2611  -  MemoryUsage of job (MB)
	2672704  -  ResidentSetSize of job (KB)
...
006 (16798831.001.000) 2023-02-10 20:51:10 Image size of job updated: 12634144
	2614  -  MemoryUsage of job (MB)
	2675892  -  ResidentSetSize of job (KB)
...
006 (16798831.001.000) 2023-02-10 20:56:10 Image size of job updated: 12639348
	2619  -  MemoryUsage of job (MB)
	2681220  -  ResidentSetSize of job (KB)
...
006 (16798831.001.000) 2023-02-10 21:01:11 Image size of job updated: 13828552
	2628  -  MemoryUsage of job (MB)
	2690668  -  ResidentSetSize of job (KB)
...
006 (16798831.001.000) 2023-02-10 21:06:11 Image size of job updated: 22753324
	2640  -  MemoryUsage of job (MB)
	2702528  -  ResidentSetSize of job (KB)
...
006 (16798831.001.000) 2023-02-10 21:11:13 Image size of job updated: 94461192
	2651  -  MemoryUsage of job (MB)
	2714012  -  ResidentSetSize of job (KB)
...
006 (16798831.001.000) 2023-02-10 21:16:13 Image size of job updated: 98474108
	2651  -  MemoryUsage of job (MB)
	2714012  -  ResidentSetSize of job (KB)
...
040 (16798831.001.000) 2023-02-10 21:28:01 Started transferring output files
...
040 (16798831.001.000) 2023-02-10 21:28:01 Finished transferring output files
...
005 (16798831.001.000) 2023-02-10 21:28:01 Job terminated.
	(1) Normal termination (return value 0)
		Usr 0 01:21:01, Sys 0 00:00:47  -  Run Remote Usage
		Usr 0 00:00:00, Sys 0 00:00:00  -  Run Local Usage
		Usr 0 01:21:01, Sys 0 00:00:47  -  Total Remote Usage
		Usr 0 00:00:00, Sys 0 00:00:00  -  Total Local Usage
	206  -  Run Bytes Sent By Job
	4698  -  Run Bytes Received By Job
	206  -  Total Bytes Sent By Job
	4698  -  Total Bytes Received By Job
	Partitionable Resources :       Usage  Request Allocated Assigned
	   Cpus                 :        1.01        1         1 
	   Disk (KB)            : 25701811    52428800  55919702 
	   Gpus (Average)       : 86713276.06        1         1 "GPU-b856f6ff"
	   GpusMemory (MB)      :    81561                       
	   IoHeavy              :                              0 
	   Memory (MB)          :     2651       20480     20480 

	Job terminated of its own accord at 2023-02-11T03:28:00Z with exit-code 0.
...
