000 (16798831.007.000) 2023-02-10 18:30:21 Job submitted from host: <128.105.244.191:9618?addrs=128.105.244.191-9618&alias=submit-1.chtc.wisc.edu&noUDP&sock=schedd_6485_bfc3>
...
040 (16798831.007.000) 2023-02-11 00:45:47 Started transferring input files
	Transferring to host: <128.105.68.101:9618?addrs=128.105.68.101-9618+[2607-f388-2200-100-1270-fdff-fe73-97d6]-9618&alias=gpu2009.chtc.wisc.edu&noUDP&sock=slot1_3_1877356_e2af_5016>
...
040 (16798831.007.000) 2023-02-11 00:45:47 Finished transferring input files
...
001 (16798831.007.000) 2023-02-11 00:45:48 Job executing on host: <128.105.68.101:9618?addrs=128.105.68.101-9618+[2607-f388-2200-100-1270-fdff-fe73-97d6]-9618&alias=gpu2009.chtc.wisc.edu&noUDP&sock=startd_27480_92a2>
...
006 (16798831.007.000) 2023-02-11 00:45:57 Image size of job updated: 62112
	1  -  MemoryUsage of job (MB)
	880  -  ResidentSetSize of job (KB)
...
006 (16798831.007.000) 2023-02-11 00:50:58 Image size of job updated: 11430356
	2462  -  MemoryUsage of job (MB)
	2520884  -  ResidentSetSize of job (KB)
...
006 (16798831.007.000) 2023-02-11 00:55:58 Image size of job updated: 11469284
	2500  -  MemoryUsage of job (MB)
	2559688  -  ResidentSetSize of job (KB)
...
006 (16798831.007.000) 2023-02-11 01:00:59 Image size of job updated: 11501680
	2532  -  MemoryUsage of job (MB)
	2592128  -  ResidentSetSize of job (KB)
...
006 (16798831.007.000) 2023-02-11 01:05:59 Image size of job updated: 11529108
	2560  -  MemoryUsage of job (MB)
	2621388  -  ResidentSetSize of job (KB)
...
006 (16798831.007.000) 2023-02-11 01:11:00 Image size of job updated: 11552160
	2581  -  MemoryUsage of job (MB)
	2642564  -  ResidentSetSize of job (KB)
...
006 (16798831.007.000) 2023-02-11 01:16:00 Image size of job updated: 11694380
	2592  -  MemoryUsage of job (MB)
	2653780  -  ResidentSetSize of job (KB)
...
006 (16798831.007.000) 2023-02-11 01:21:00 Image size of job updated: 11838004
	2604  -  MemoryUsage of job (MB)
	2666284  -  ResidentSetSize of job (KB)
...
006 (16798831.007.000) 2023-02-11 01:26:01 Image size of job updated: 12111660
	2616  -  MemoryUsage of job (MB)
	2677776  -  ResidentSetSize of job (KB)
...
006 (16798831.007.000) 2023-02-11 01:31:01 Image size of job updated: 12642576
	2622  -  MemoryUsage of job (MB)
	2684404  -  ResidentSetSize of job (KB)
...
006 (16798831.007.000) 2023-02-11 01:36:02 Image size of job updated: 12646168
	2626  -  MemoryUsage of job (MB)
	2688008  -  ResidentSetSize of job (KB)
...
006 (16798831.007.000) 2023-02-11 01:41:02 Image size of job updated: 13572688
	2634  -  MemoryUsage of job (MB)
	2697012  -  ResidentSetSize of job (KB)
...
006 (16798831.007.000) 2023-02-11 01:46:03 Image size of job updated: 22097620
	2639  -  MemoryUsage of job (MB)
	2702264  -  ResidentSetSize of job (KB)
...
006 (16798831.007.000) 2023-02-11 01:51:03 Image size of job updated: 94469228
	2665  -  MemoryUsage of job (MB)
	2728420  -  ResidentSetSize of job (KB)
...
006 (16798831.007.000) 2023-02-11 01:56:05 Image size of job updated: 94994592
	2665  -  MemoryUsage of job (MB)
	2728420  -  ResidentSetSize of job (KB)
...
040 (16798831.007.000) 2023-02-11 02:06:05 Started transferring output files
...
040 (16798831.007.000) 2023-02-11 02:06:05 Finished transferring output files
...
005 (16798831.007.000) 2023-02-11 02:06:05 Job terminated.
	(1) Normal termination (return value 0)
		Usr 0 01:19:11, Sys 0 00:00:54  -  Run Remote Usage
		Usr 0 00:00:00, Sys 0 00:00:00  -  Run Local Usage
		Usr 0 01:19:11, Sys 0 00:00:54  -  Total Remote Usage
		Usr 0 00:00:00, Sys 0 00:00:00  -  Total Local Usage
	206  -  Run Bytes Sent By Job
	4698  -  Run Bytes Received By Job
	206  -  Total Bytes Sent By Job
	4698  -  Total Bytes Received By Job
	Partitionable Resources :       Usage  Request Allocated Assigned
	   Cpus                 :        1.01        1         1 
	   Disk (KB)            : 24438694    52428800  55919702 
	   Gpus (Average)       : 88270957.36        1         1 "GPU-ca0657f5"
	   GpusMemory (MB)      :    81713                       
	   IoHeavy              :                              0 
	   Memory (MB)          :     2665       20480     20480 

	Job terminated of its own accord at 2023-02-11T08:06:05Z with exit-code 0.
...
