000 (16798856.005.000) 2023-02-11 08:31:50 Job submitted from host: <128.105.244.191:9618?addrs=128.105.244.191-9618&alias=submit-1.chtc.wisc.edu&noUDP&sock=schedd_6485_bfc3>
...
040 (16798856.005.000) 2023-02-11 12:46:03 Started transferring input files
	Transferring to host: <128.105.68.99:9618?addrs=128.105.68.99-9618+[2607-f388-2200-100-1270-fdff-fe74-d08]-9618&alias=gpu2007.chtc.wisc.edu&noUDP&sock=slot1_4_23301_698d_384>
...
040 (16798856.005.000) 2023-02-11 12:46:03 Finished transferring input files
...
001 (16798856.005.000) 2023-02-11 12:46:04 Job executing on host: <128.105.68.99:9618?addrs=128.105.68.99-9618+[2607-f388-2200-100-1270-fdff-fe74-d08]-9618&alias=gpu2007.chtc.wisc.edu&noUDP&sock=startd_12388_b751>
...
006 (16798856.005.000) 2023-02-11 12:46:13 Image size of job updated: 884
	1  -  MemoryUsage of job (MB)
	672  -  ResidentSetSize of job (KB)
...
006 (16798856.005.000) 2023-02-11 12:51:15 Image size of job updated: 11910464
	2456  -  MemoryUsage of job (MB)
	2514180  -  ResidentSetSize of job (KB)
...
006 (16798856.005.000) 2023-02-11 12:56:15 Image size of job updated: 11931192
	2476  -  MemoryUsage of job (MB)
	2534912  -  ResidentSetSize of job (KB)
...
006 (16798856.005.000) 2023-02-11 13:01:15 Image size of job updated: 11955920
	2500  -  MemoryUsage of job (MB)
	2559804  -  ResidentSetSize of job (KB)
...
006 (16798856.005.000) 2023-02-11 13:06:16 Image size of job updated: 11977196
	2521  -  MemoryUsage of job (MB)
	2580916  -  ResidentSetSize of job (KB)
...
006 (16798856.005.000) 2023-02-11 13:11:16 Image size of job updated: 11983284
	2527  -  MemoryUsage of job (MB)
	2587120  -  ResidentSetSize of job (KB)
...
006 (16798856.005.000) 2023-02-11 13:16:17 Image size of job updated: 12002648
	2546  -  MemoryUsage of job (MB)
	2606456  -  ResidentSetSize of job (KB)
...
006 (16798856.005.000) 2023-02-11 13:21:17 Image size of job updated: 12024424
	2567  -  MemoryUsage of job (MB)
	2628148  -  ResidentSetSize of job (KB)
...
006 (16798856.005.000) 2023-02-11 13:26:18 Image size of job updated: 12026240
	2570  -  MemoryUsage of job (MB)
	2631520  -  ResidentSetSize of job (KB)
...
006 (16798856.005.000) 2023-02-11 13:31:18 Image size of job updated: 12033964
	2579  -  MemoryUsage of job (MB)
	2640436  -  ResidentSetSize of job (KB)
...
006 (16798856.005.000) 2023-02-11 13:36:19 Image size of job updated: 12040124
	2585  -  MemoryUsage of job (MB)
	2646320  -  ResidentSetSize of job (KB)
...
006 (16798856.005.000) 2023-02-11 13:41:19 Image size of job updated: 12053680
	2596  -  MemoryUsage of job (MB)
	2657452  -  ResidentSetSize of job (KB)
...
006 (16798856.005.000) 2023-02-11 13:48:08 Image size of job updated: 12097088
	2606  -  MemoryUsage of job (MB)
	2668044  -  ResidentSetSize of job (KB)
...
006 (16798856.005.000) 2023-02-11 13:53:37 Image size of job updated: 12164668
	2608  -  MemoryUsage of job (MB)
	2670132  -  ResidentSetSize of job (KB)
...
006 (16798856.005.000) 2023-02-11 13:58:37 Image size of job updated: 12238212
	2616  -  MemoryUsage of job (MB)
	2678096  -  ResidentSetSize of job (KB)
...
006 (16798856.005.000) 2023-02-11 14:03:37 Image size of job updated: 12380248
	2627  -  MemoryUsage of job (MB)
	2689060  -  ResidentSetSize of job (KB)
...
006 (16798856.005.000) 2023-02-11 14:18:39 Image size of job updated: 12451708
	2632  -  MemoryUsage of job (MB)
	2694984  -  ResidentSetSize of job (KB)
...
006 (16798856.005.000) 2023-02-11 14:23:39 Image size of job updated: 12787380
	2640  -  MemoryUsage of job (MB)
	2702976  -  ResidentSetSize of job (KB)
...
006 (16798856.005.000) 2023-02-11 14:28:40 Image size of job updated: 13182288
	2642  -  MemoryUsage of job (MB)
	2704668  -  ResidentSetSize of job (KB)
...
006 (16798856.005.000) 2023-02-11 14:38:40 Image size of job updated: 13182800
	2642  -  MemoryUsage of job (MB)
	2705264  -  ResidentSetSize of job (KB)
...
006 (16798856.005.000) 2023-02-11 14:43:41 Image size of job updated: 13184828
	2644  -  MemoryUsage of job (MB)
	2707236  -  ResidentSetSize of job (KB)
...
006 (16798856.005.000) 2023-02-11 14:48:41 Image size of job updated: 13186616
	2646  -  MemoryUsage of job (MB)
	2708996  -  ResidentSetSize of job (KB)
...
006 (16798856.005.000) 2023-02-11 14:53:42 Image size of job updated: 13317688
	2646  -  MemoryUsage of job (MB)
	2708996  -  ResidentSetSize of job (KB)
...
006 (16798856.005.000) 2023-02-11 14:58:42 Image size of job updated: 13980660
	2653  -  MemoryUsage of job (MB)
	2716624  -  ResidentSetSize of job (KB)
...
006 (16798856.005.000) 2023-02-11 15:03:42 Image size of job updated: 15035160
	2659  -  MemoryUsage of job (MB)
	2722640  -  ResidentSetSize of job (KB)
...
006 (16798856.005.000) 2023-02-11 15:08:43 Image size of job updated: 18053412
	2663  -  MemoryUsage of job (MB)
	2726136  -  ResidentSetSize of job (KB)
...
006 (16798856.005.000) 2023-02-11 15:13:43 Image size of job updated: 25921684
	2667  -  MemoryUsage of job (MB)
	2730080  -  ResidentSetSize of job (KB)
...
006 (16798856.005.000) 2023-02-11 15:18:44 Image size of job updated: 53982160
	2677  -  MemoryUsage of job (MB)
	2741148  -  ResidentSetSize of job (KB)
...
006 (16798856.005.000) 2023-02-11 15:23:44 Image size of job updated: 98423284
	2691  -  MemoryUsage of job (MB)
	2754848  -  ResidentSetSize of job (KB)
...
006 (16798856.005.000) 2023-02-11 15:28:45 Image size of job updated: 98423284
	2704  -  MemoryUsage of job (MB)
	2768256  -  ResidentSetSize of job (KB)
...
006 (16798856.005.000) 2023-02-11 15:33:45 Image size of job updated: 114814132
	2704  -  MemoryUsage of job (MB)
	2768256  -  ResidentSetSize of job (KB)
...
040 (16798856.005.000) 2023-02-11 15:47:18 Started transferring output files
...
040 (16798856.005.000) 2023-02-11 15:47:20 Finished transferring output files
...
005 (16798856.005.000) 2023-02-11 15:47:55 Job terminated.
	(1) Normal termination (return value 0)
		Usr 0 02:58:24, Sys 0 00:01:09  -  Run Remote Usage
		Usr 0 00:00:00, Sys 0 00:00:00  -  Run Local Usage
		Usr 0 02:58:24, Sys 0 00:01:09  -  Total Remote Usage
		Usr 0 00:00:00, Sys 0 00:00:00  -  Total Local Usage
	206  -  Run Bytes Sent By Job
	4698  -  Run Bytes Received By Job
	206  -  Total Bytes Sent By Job
	4698  -  Total Bytes Received By Job
	Partitionable Resources :        Usage  Request Allocated Assigned
	   Cpus                 :         1.01        1         1 
	   Disk (KB)            :  31225587    52428800  60630406 
	   Gpus (Average)       : 103998764.42        1         1 "GPU-c88dc69f"
	   GpusMemory (MB)      :      2773                       
	   IoHeavy              :                               0 
	   Memory (MB)          :      2704       20480     20480 

	Job terminated of its own accord at 2023-02-11T21:47:14Z with exit-code 0.
...
