000 (16798856.014.000) 2023-02-11 08:31:50 Job submitted from host: <128.105.244.191:9618?addrs=128.105.244.191-9618&alias=submit-1.chtc.wisc.edu&noUDP&sock=schedd_6485_bfc3>
...
040 (16798856.014.000) 2023-02-11 16:17:35 Entered queue to transfer input files
	Transferring to host: <128.105.68.99:9618?addrs=128.105.68.99-9618+[2607-f388-2200-100-1270-fdff-fe74-d08]-9618&alias=gpu2007.chtc.wisc.edu&noUDP&sock=slot1_1_245698_37c0_31>
...
040 (16798856.014.000) 2023-02-11 16:21:15 Started transferring input files
	Seconds spent in queue: 220
...
040 (16798856.014.000) 2023-02-11 16:21:16 Finished transferring input files
...
001 (16798856.014.000) 2023-02-11 16:21:16 Job executing on host: <128.105.68.99:9618?addrs=128.105.68.99-9618+[2607-f388-2200-100-1270-fdff-fe74-d08]-9618&alias=gpu2007.chtc.wisc.edu&noUDP&sock=startd_12388_b751>
...
006 (16798856.014.000) 2023-02-11 16:21:25 Image size of job updated: 62112
	1  -  MemoryUsage of job (MB)
	664  -  ResidentSetSize of job (KB)
...
006 (16798856.014.000) 2023-02-11 16:26:26 Image size of job updated: 11884524
	2426  -  MemoryUsage of job (MB)
	2483808  -  ResidentSetSize of job (KB)
...
006 (16798856.014.000) 2023-02-11 16:31:26 Image size of job updated: 11909908
	2454  -  MemoryUsage of job (MB)
	2511984  -  ResidentSetSize of job (KB)
...
006 (16798856.014.000) 2023-02-11 16:36:27 Image size of job updated: 11931032
	2472  -  MemoryUsage of job (MB)
	2530316  -  ResidentSetSize of job (KB)
...
006 (16798856.014.000) 2023-02-11 16:41:27 Image size of job updated: 11952464
	2492  -  MemoryUsage of job (MB)
	2551748  -  ResidentSetSize of job (KB)
...
006 (16798856.014.000) 2023-02-11 16:46:29 Image size of job updated: 11960460
	2500  -  MemoryUsage of job (MB)
	2559788  -  ResidentSetSize of job (KB)
...
006 (16798856.014.000) 2023-02-11 16:51:29 Image size of job updated: 11979884
	2519  -  MemoryUsage of job (MB)
	2579168  -  ResidentSetSize of job (KB)
...
006 (16798856.014.000) 2023-02-11 16:56:29 Image size of job updated: 11986196
	2525  -  MemoryUsage of job (MB)
	2585480  -  ResidentSetSize of job (KB)
...
006 (16798856.014.000) 2023-02-11 17:01:30 Image size of job updated: 11998844
	2538  -  MemoryUsage of job (MB)
	2598132  -  ResidentSetSize of job (KB)
...
006 (16798856.014.000) 2023-02-11 17:06:30 Image size of job updated: 12007228
	2546  -  MemoryUsage of job (MB)
	2606516  -  ResidentSetSize of job (KB)
...
006 (16798856.014.000) 2023-02-11 17:11:31 Image size of job updated: 12018412
	2557  -  MemoryUsage of job (MB)
	2617700  -  ResidentSetSize of job (KB)
...
006 (16798856.014.000) 2023-02-11 17:16:31 Image size of job updated: 12023636
	2562  -  MemoryUsage of job (MB)
	2622924  -  ResidentSetSize of job (KB)
...
006 (16798856.014.000) 2023-02-11 17:21:33 Image size of job updated: 12035812
	2574  -  MemoryUsage of job (MB)
	2635100  -  ResidentSetSize of job (KB)
...
006 (16798856.014.000) 2023-02-11 17:26:33 Image size of job updated: 12142888
	2582  -  MemoryUsage of job (MB)
	2643872  -  ResidentSetSize of job (KB)
...
006 (16798856.014.000) 2023-02-11 17:31:33 Image size of job updated: 12148200
	2588  -  MemoryUsage of job (MB)
	2649228  -  ResidentSetSize of job (KB)
...
006 (16798856.014.000) 2023-02-11 17:36:34 Image size of job updated: 12153868
	2593  -  MemoryUsage of job (MB)
	2654852  -  ResidentSetSize of job (KB)
...
006 (16798856.014.000) 2023-02-11 17:41:34 Image size of job updated: 12291144
	2599  -  MemoryUsage of job (MB)
	2661056  -  ResidentSetSize of job (KB)
...
006 (16798856.014.000) 2023-02-11 17:46:35 Image size of job updated: 12357788
	2600  -  MemoryUsage of job (MB)
	2662164  -  ResidentSetSize of job (KB)
...
006 (16798856.014.000) 2023-02-11 17:51:35 Image size of job updated: 12359744
	2603  -  MemoryUsage of job (MB)
	2664756  -  ResidentSetSize of job (KB)
...
006 (16798856.014.000) 2023-02-11 17:56:37 Image size of job updated: 12366324
	2609  -  MemoryUsage of job (MB)
	2670700  -  ResidentSetSize of job (KB)
...
006 (16798856.014.000) 2023-02-11 18:01:37 Image size of job updated: 12500944
	2612  -  MemoryUsage of job (MB)
	2674248  -  ResidentSetSize of job (KB)
...
006 (16798856.014.000) 2023-02-11 18:06:37 Image size of job updated: 12763088
	2612  -  MemoryUsage of job (MB)
	2674248  -  ResidentSetSize of job (KB)
...
006 (16798856.014.000) 2023-02-11 18:11:38 Image size of job updated: 13163216
	2619  -  MemoryUsage of job (MB)
	2681184  -  ResidentSetSize of job (KB)
...
006 (16798856.014.000) 2023-02-11 18:21:39 Image size of job updated: 13167856
	2623  -  MemoryUsage of job (MB)
	2685800  -  ResidentSetSize of job (KB)
...
006 (16798856.014.000) 2023-02-11 18:26:39 Image size of job updated: 13169960
	2625  -  MemoryUsage of job (MB)
	2687920  -  ResidentSetSize of job (KB)
...
006 (16798856.014.000) 2023-02-11 18:31:40 Image size of job updated: 13434960
	2628  -  MemoryUsage of job (MB)
	2690812  -  ResidentSetSize of job (KB)
...
006 (16798856.014.000) 2023-02-11 18:36:40 Image size of job updated: 14226256
	2633  -  MemoryUsage of job (MB)
	2695696  -  ResidentSetSize of job (KB)
...
006 (16798856.014.000) 2023-02-11 18:41:40 Image size of job updated: 16394112
	2638  -  MemoryUsage of job (MB)
	2700792  -  ResidentSetSize of job (KB)
...
006 (16798856.014.000) 2023-02-11 18:46:41 Image size of job updated: 20918088
	2640  -  MemoryUsage of job (MB)
	2703144  -  ResidentSetSize of job (KB)
...
006 (16798856.014.000) 2023-02-11 18:51:41 Image size of job updated: 26560156
	2646  -  MemoryUsage of job (MB)
	2708756  -  ResidentSetSize of job (KB)
...
006 (16798856.014.000) 2023-02-11 18:56:42 Image size of job updated: 35348836
	2652  -  MemoryUsage of job (MB)
	2715612  -  ResidentSetSize of job (KB)
...
006 (16798856.014.000) 2023-02-11 19:01:42 Image size of job updated: 67857184
	2662  -  MemoryUsage of job (MB)
	2724928  -  ResidentSetSize of job (KB)
...
006 (16798856.014.000) 2023-02-11 19:06:43 Image size of job updated: 98405076
	2667  -  MemoryUsage of job (MB)
	2730916  -  ResidentSetSize of job (KB)
...
006 (16798856.014.000) 2023-02-11 19:11:43 Image size of job updated: 98405076
	2677  -  MemoryUsage of job (MB)
	2740916  -  ResidentSetSize of job (KB)
...
006 (16798856.014.000) 2023-02-11 19:16:43 Image size of job updated: 104794412
	2685  -  MemoryUsage of job (MB)
	2748820  -  ResidentSetSize of job (KB)
...
006 (16798856.014.000) 2023-02-11 19:21:44 Image size of job updated: 108813832
	2685  -  MemoryUsage of job (MB)
	2748820  -  ResidentSetSize of job (KB)
...
040 (16798856.014.000) 2023-02-11 19:38:44 Started transferring output files
	Seconds spent in queue: 12069
...
040 (16798856.014.000) 2023-02-11 19:38:47 Finished transferring output files
...
005 (16798856.014.000) 2023-02-11 19:38:56 Job terminated.
	(1) Normal termination (return value 0)
		Usr 0 03:14:46, Sys 0 00:01:12  -  Run Remote Usage
		Usr 0 00:00:00, Sys 0 00:00:00  -  Run Local Usage
		Usr 0 03:14:46, Sys 0 00:01:12  -  Total Remote Usage
		Usr 0 00:00:00, Sys 0 00:00:00  -  Total Local Usage
	206  -  Run Bytes Sent By Job
	4698  -  Run Bytes Received By Job
	206  -  Total Bytes Sent By Job
	4698  -  Total Bytes Received By Job
	Partitionable Resources :       Usage  Request Allocated Assigned
	   Cpus                 :        1.01        1         1 
	   Disk (KB)            : 31764614    52428800  60630406 
	   Gpus (Average)       :                    1         1 "GPU-1c850794"
	   GpusMemory (MB)      :    81823                       
	   IoHeavy              :                              0 
	   Memory (MB)          :     2685       20480     20480 

	Job terminated of its own accord at 2023-02-12T01:38:41Z with exit-code 0.
...
