000 (16812229.010.000) 2023-03-12 21:39:00 Job submitted from host: <128.105.244.191:9618?addrs=128.105.244.191-9618&alias=submit-1.chtc.wisc.edu&noUDP&sock=schedd_6485_bfc3>
...
040 (16812229.010.000) 2023-03-13 01:33:27 Started transferring input files
	Transferring to host: <128.105.68.103:9618?addrs=128.105.68.103-9618+[2607-f388-2200-100-1270-fdff-fe74-930]-9618&alias=gpu2011.chtc.wisc.edu&noUDP&sock=slot1_1_158545_0b88_78380>
...
040 (16812229.010.000) 2023-03-13 01:33:27 Finished transferring input files
...
001 (16812229.010.000) 2023-03-13 01:33:28 Job executing on host: <128.105.68.103:9618?addrs=128.105.68.103-9618+[2607-f388-2200-100-1270-fdff-fe74-930]-9618&alias=gpu2011.chtc.wisc.edu&noUDP&sock=startd_158342_0528>
...
006 (16812229.010.000) 2023-03-13 01:33:37 Image size of job updated: 38908
	1  -  MemoryUsage of job (MB)
	680  -  ResidentSetSize of job (KB)
...
006 (16812229.010.000) 2023-03-13 01:38:39 Image size of job updated: 11208788
	2490  -  MemoryUsage of job (MB)
	2549292  -  ResidentSetSize of job (KB)
...
006 (16812229.010.000) 2023-03-13 01:43:39 Image size of job updated: 11245384
	2494  -  MemoryUsage of job (MB)
	2553092  -  ResidentSetSize of job (KB)
...
006 (16812229.010.000) 2023-03-13 01:48:41 Image size of job updated: 11245384
	2494  -  MemoryUsage of job (MB)
	2553104  -  ResidentSetSize of job (KB)
...
006 (16812229.010.000) 2023-03-13 01:53:41 Image size of job updated: 11442772
	2495  -  MemoryUsage of job (MB)
	2553884  -  ResidentSetSize of job (KB)
...
006 (16812229.010.000) 2023-03-13 01:58:42 Image size of job updated: 11578964
	2500  -  MemoryUsage of job (MB)
	2559004  -  ResidentSetSize of job (KB)
...
006 (16812229.010.000) 2023-03-13 02:03:43 Image size of job updated: 12299860
	2500  -  MemoryUsage of job (MB)
	2559004  -  ResidentSetSize of job (KB)
...
006 (16812229.010.000) 2023-03-13 02:08:44 Image size of job updated: 12824148
	2500  -  MemoryUsage of job (MB)
	2559004  -  ResidentSetSize of job (KB)
...
006 (16812229.010.000) 2023-03-13 02:13:45 Image size of job updated: 60403284
	2500  -  MemoryUsage of job (MB)
	2559004  -  ResidentSetSize of job (KB)
...
006 (16812229.010.000) 2023-03-13 02:18:46 Image size of job updated: 95792724
	5203  -  MemoryUsage of job (MB)
	5327564  -  ResidentSetSize of job (KB)
...
006 (16812229.010.000) 2023-03-13 02:19:55 Image size of job updated: 95792724
	5204  -  MemoryUsage of job (MB)
	5328076  -  ResidentSetSize of job (KB)
...
040 (16812229.010.000) 2023-03-13 02:19:55 Started transferring output files
...
040 (16812229.010.000) 2023-03-13 02:19:55 Finished transferring output files
...
005 (16812229.010.000) 2023-03-13 02:19:56 Job terminated.
	(1) Normal termination (return value 0)
		Usr 0 00:45:04, Sys 0 00:01:04  -  Run Remote Usage
		Usr 0 00:00:00, Sys 0 00:00:00  -  Run Local Usage
		Usr 0 00:45:04, Sys 0 00:01:04  -  Total Remote Usage
		Usr 0 00:00:00, Sys 0 00:00:00  -  Total Local Usage
	22579260  -  Run Bytes Sent By Job
	678  -  Run Bytes Received By Job
	22579260  -  Total Bytes Sent By Job
	678  -  Total Bytes Received By Job
	Partitionable Resources :       Usage  Request Allocated Assigned
	   Cpus                 :        0.99        1         1 
	   Disk (KB)            : 13050317    52428800  60670278 
	   Gpus (Average)       :                    1         1 "GPU-ab7faecb"
	   IoHeavy              :                              0 
	   Memory (MB)          :     5204       20480     20480 

	Job terminated of its own accord at 2023-03-13T07:19:55Z with exit-code 0.
...
