000 (16812229.008.000) 2023-03-12 21:39:00 Job submitted from host: <128.105.244.191:9618?addrs=128.105.244.191-9618&alias=submit-1.chtc.wisc.edu&noUDP&sock=schedd_6485_bfc3>
...
040 (16812229.008.000) 2023-03-13 00:47:47 Started transferring input files
	Transferring to host: <128.105.68.103:9618?addrs=128.105.68.103-9618+[2607-f388-2200-100-1270-fdff-fe74-930]-9618&alias=gpu2011.chtc.wisc.edu&noUDP&sock=slot1_1_158545_0b88_78281>
...
040 (16812229.008.000) 2023-03-13 00:47:47 Finished transferring input files
...
001 (16812229.008.000) 2023-03-13 00:47:48 Job executing on host: <128.105.68.103:9618?addrs=128.105.68.103-9618+[2607-f388-2200-100-1270-fdff-fe74-930]-9618&alias=gpu2011.chtc.wisc.edu&noUDP&sock=startd_158342_0528>
...
006 (16812229.008.000) 2023-03-13 00:47:57 Image size of job updated: 38908
	1  -  MemoryUsage of job (MB)
	676  -  ResidentSetSize of job (KB)
...
006 (16812229.008.000) 2023-03-13 00:52:58 Image size of job updated: 11206604
	2489  -  MemoryUsage of job (MB)
	2547940  -  ResidentSetSize of job (KB)
...
006 (16812229.008.000) 2023-03-13 00:57:59 Image size of job updated: 11241936
	2491  -  MemoryUsage of job (MB)
	2550504  -  ResidentSetSize of job (KB)
...
006 (16812229.008.000) 2023-03-13 01:03:00 Image size of job updated: 11241936
	2491  -  MemoryUsage of job (MB)
	2550516  -  ResidentSetSize of job (KB)
...
006 (16812229.008.000) 2023-03-13 01:08:01 Image size of job updated: 11439328
	2492  -  MemoryUsage of job (MB)
	2551300  -  ResidentSetSize of job (KB)
...
006 (16812229.008.000) 2023-03-13 01:13:01 Image size of job updated: 11641056
	2497  -  MemoryUsage of job (MB)
	2556420  -  ResidentSetSize of job (KB)
...
006 (16812229.008.000) 2023-03-13 01:18:02 Image size of job updated: 12296416
	2497  -  MemoryUsage of job (MB)
	2556420  -  ResidentSetSize of job (KB)
...
006 (16812229.008.000) 2023-03-13 01:23:03 Image size of job updated: 13213920
	2497  -  MemoryUsage of job (MB)
	2556420  -  ResidentSetSize of job (KB)
...
006 (16812229.008.000) 2023-03-13 01:28:04 Image size of job updated: 86876384
	2497  -  MemoryUsage of job (MB)
	2556420  -  ResidentSetSize of job (KB)
...
040 (16812229.008.000) 2023-03-13 01:33:27 Started transferring output files
...
040 (16812229.008.000) 2023-03-13 01:33:27 Finished transferring output files
...
005 (16812229.008.000) 2023-03-13 01:33:27 Job terminated.
	(1) Normal termination (return value 0)
		Usr 0 00:44:16, Sys 0 00:01:04  -  Run Remote Usage
		Usr 0 00:00:00, Sys 0 00:00:00  -  Run Local Usage
		Usr 0 00:44:16, Sys 0 00:01:04  -  Total Remote Usage
		Usr 0 00:00:00, Sys 0 00:00:00  -  Total Local Usage
	22257162  -  Run Bytes Sent By Job
	678  -  Run Bytes Received By Job
	22257162  -  Total Bytes Sent By Job
	678  -  Total Bytes Received By Job
	Partitionable Resources :       Usage  Request Allocated Assigned
	   Cpus                 :        1.01        1         1 
	   Disk (KB)            : 12597366    52428800  60670278 
	   Gpus (Average)       :                    1         1 "GPU-ab7faecb"
	   IoHeavy              :                              0 
	   Memory (MB)          :     2497       20480     20480 

	Job terminated of its own accord at 2023-03-13T06:33:27Z with exit-code 0.
...
