000 (16812229.000.000) 2023-03-12 21:39:00 Job submitted from host: <128.105.244.191:9618?addrs=128.105.244.191-9618&alias=submit-1.chtc.wisc.edu&noUDP&sock=schedd_6485_bfc3>
...
040 (16812229.000.000) 2023-03-12 22:05:35 Started transferring input files
	Transferring to host: <128.105.68.101:9618?addrs=128.105.68.101-9618+[2607-f388-2200-100-1270-fdff-fe73-97d6]-9618&alias=gpu2009.chtc.wisc.edu&noUDP&sock=slot1_2_1877356_e2af_89796>
...
040 (16812229.000.000) 2023-03-12 22:05:35 Finished transferring input files
...
001 (16812229.000.000) 2023-03-12 22:05:37 Job executing on host: <128.105.68.101:9618?addrs=128.105.68.101-9618+[2607-f388-2200-100-1270-fdff-fe73-97d6]-9618&alias=gpu2009.chtc.wisc.edu&noUDP&sock=startd_27480_92a2>
...
006 (16812229.000.000) 2023-03-12 22:05:46 Image size of job updated: 62112
	1  -  MemoryUsage of job (MB)
	676  -  ResidentSetSize of job (KB)
...
006 (16812229.000.000) 2023-03-12 22:10:47 Image size of job updated: 11213284
	2494  -  MemoryUsage of job (MB)
	2553644  -  ResidentSetSize of job (KB)
...
006 (16812229.000.000) 2023-03-12 22:15:47 Image size of job updated: 11249880
	2498  -  MemoryUsage of job (MB)
	2557444  -  ResidentSetSize of job (KB)
...
006 (16812229.000.000) 2023-03-12 22:20:48 Image size of job updated: 11249880
	2498  -  MemoryUsage of job (MB)
	2557448  -  ResidentSetSize of job (KB)
...
006 (16812229.000.000) 2023-03-12 22:25:49 Image size of job updated: 11315416
	2498  -  MemoryUsage of job (MB)
	2557488  -  ResidentSetSize of job (KB)
...
006 (16812229.000.000) 2023-03-12 22:30:50 Image size of job updated: 11517144
	2503  -  MemoryUsage of job (MB)
	2563000  -  ResidentSetSize of job (KB)
...
006 (16812229.000.000) 2023-03-12 22:35:50 Image size of job updated: 12303576
	2503  -  MemoryUsage of job (MB)
	2563000  -  ResidentSetSize of job (KB)
...
006 (16812229.000.000) 2023-03-12 22:45:52 Image size of job updated: 22396120
	2503  -  MemoryUsage of job (MB)
	2563000  -  ResidentSetSize of job (KB)
...
006 (16812229.000.000) 2023-03-12 22:50:53 Image size of job updated: 96815448
	3560  -  MemoryUsage of job (MB)
	3645432  -  ResidentSetSize of job (KB)
...
006 (16812229.000.000) 2023-03-12 22:53:39 Image size of job updated: 97319144
	3570  -  MemoryUsage of job (MB)
	3654724  -  ResidentSetSize of job (KB)
...
040 (16812229.000.000) 2023-03-12 22:53:39 Started transferring output files
...
040 (16812229.000.000) 2023-03-12 22:53:40 Finished transferring output files
...
005 (16812229.000.000) 2023-03-12 22:53:40 Job terminated.
	(1) Normal termination (return value 0)
		Usr 0 00:45:04, Sys 0 00:01:07  -  Run Remote Usage
		Usr 0 00:00:00, Sys 0 00:00:00  -  Run Local Usage
		Usr 0 00:45:04, Sys 0 00:01:07  -  Total Remote Usage
		Usr 0 00:00:00, Sys 0 00:00:00  -  Total Local Usage
	22542784  -  Run Bytes Sent By Job
	678  -  Run Bytes Received By Job
	22542784  -  Total Bytes Sent By Job
	678  -  Total Bytes Received By Job
	Partitionable Resources :       Usage  Request Allocated Assigned
	   Cpus                 :        1.01        1         1 
	   Disk (KB)            : 12616190    52428800  55919702 
	   Gpus (Average)       :                    1         1 "GPU-ca0657f5"
	   IoHeavy              :                              0 
	   Memory (MB)          :     3570       20480     20480 

	Job terminated of its own accord at 2023-03-13T03:53:39Z with exit-code 0.
...
