000 (16812229.013.000) 2023-03-12 21:39:00 Job submitted from host: <128.105.244.191:9618?addrs=128.105.244.191-9618&alias=submit-1.chtc.wisc.edu&noUDP&sock=schedd_6485_bfc3>
...
040 (16812229.013.000) 2023-03-13 01:53:31 Started transferring input files
	Transferring to host: <128.105.68.96:9618?addrs=128.105.68.96-9618+[2607-f388-2200-100-1270-fdff-fe74-8a8]-9618&alias=gpu2004.chtc.wisc.edu&noUDP&sock=slot1_2_354665_53af_79485>
...
040 (16812229.013.000) 2023-03-13 01:53:31 Finished transferring input files
...
001 (16812229.013.000) 2023-03-13 01:53:33 Job executing on host: <128.105.68.96:9618?addrs=128.105.68.96-9618+[2607-f388-2200-100-1270-fdff-fe74-8a8]-9618&alias=gpu2004.chtc.wisc.edu&noUDP&sock=startd_11600_36b0>
...
006 (16812229.013.000) 2023-03-13 01:53:41 Image size of job updated: 864
	1  -  MemoryUsage of job (MB)
	676  -  ResidentSetSize of job (KB)
...
006 (16812229.013.000) 2023-03-13 01:58:41 Image size of job updated: 11179280
	2463  -  MemoryUsage of job (MB)
	2521696  -  ResidentSetSize of job (KB)
...
006 (16812229.013.000) 2023-03-13 02:08:42 Image size of job updated: 11179280
	2463  -  MemoryUsage of job (MB)
	2521700  -  ResidentSetSize of job (KB)
...
006 (16812229.013.000) 2023-03-13 02:23:44 Image size of job updated: 11215876
	2467  -  MemoryUsage of job (MB)
	2525496  -  ResidentSetSize of job (KB)
...
006 (16812229.013.000) 2023-03-13 02:38:44 Image size of job updated: 11215876
	2467  -  MemoryUsage of job (MB)
	2525508  -  ResidentSetSize of job (KB)
...
006 (16812229.013.000) 2023-03-13 02:48:44 Image size of job updated: 11281412
	2467  -  MemoryUsage of job (MB)
	2525508  -  ResidentSetSize of job (KB)
...
006 (16812229.013.000) 2023-03-13 02:53:45 Image size of job updated: 11412484
	2467  -  MemoryUsage of job (MB)
	2525508  -  ResidentSetSize of job (KB)
...
006 (16812229.013.000) 2023-03-13 02:58:45 Image size of job updated: 11483140
	2472  -  MemoryUsage of job (MB)
	2530628  -  ResidentSetSize of job (KB)
...
006 (16812229.013.000) 2023-03-13 03:03:46 Image size of job updated: 11548676
	2472  -  MemoryUsage of job (MB)
	2530628  -  ResidentSetSize of job (KB)
...
006 (16812229.013.000) 2023-03-13 03:08:47 Image size of job updated: 12007428
	2472  -  MemoryUsage of job (MB)
	2530628  -  ResidentSetSize of job (KB)
...
006 (16812229.013.000) 2023-03-13 03:13:46 Image size of job updated: 12269572
	2472  -  MemoryUsage of job (MB)
	2531004  -  ResidentSetSize of job (KB)
...
006 (16812229.013.000) 2023-03-13 03:18:47 Image size of job updated: 12269572
	2472  -  MemoryUsage of job (MB)
	2531172  -  ResidentSetSize of job (KB)
...
006 (16812229.013.000) 2023-03-13 03:28:48 Image size of job updated: 13318148
	2472  -  MemoryUsage of job (MB)
	2531172  -  ResidentSetSize of job (KB)
...
006 (16812229.013.000) 2023-03-13 03:33:49 Image size of job updated: 18692100
	2472  -  MemoryUsage of job (MB)
	2531172  -  ResidentSetSize of job (KB)
...
006 (16812229.013.000) 2023-03-13 03:38:49 Image size of job updated: 29046788
	2472  -  MemoryUsage of job (MB)
	2531172  -  ResidentSetSize of job (KB)
...
006 (16812229.013.000) 2023-03-13 03:43:50 Image size of job updated: 49494020
	2472  -  MemoryUsage of job (MB)
	2531172  -  ResidentSetSize of job (KB)
...
006 (16812229.013.000) 2023-03-13 03:48:51 Image size of job updated: 61650948
	2474  -  MemoryUsage of job (MB)
	2532792  -  ResidentSetSize of job (KB)
...
006 (16812229.013.000) 2023-03-13 03:52:29 Image size of job updated: 61650948
	2474  -  MemoryUsage of job (MB)
	2532880  -  ResidentSetSize of job (KB)
...
040 (16812229.013.000) 2023-03-13 03:52:29 Started transferring output files
...
040 (16812229.013.000) 2023-03-13 03:52:29 Finished transferring output files
...
005 (16812229.013.000) 2023-03-13 03:52:29 Job terminated.
	(1) Normal termination (return value 0)
		Usr 0 01:57:15, Sys 0 00:01:12  -  Run Remote Usage
		Usr 0 00:00:00, Sys 0 00:00:00  -  Run Local Usage
		Usr 0 01:57:15, Sys 0 00:01:12  -  Total Remote Usage
		Usr 0 00:00:00, Sys 0 00:00:00  -  Total Local Usage
	22638480  -  Run Bytes Sent By Job
	678  -  Run Bytes Received By Job
	22638480  -  Total Bytes Sent By Job
	678  -  Total Bytes Received By Job
	Partitionable Resources :       Usage  Request Allocated Assigned
	   Cpus                 :        0.99        1         1 
	   Disk (KB)            : 12530205    52428800  60629782 
	   Gpus (Average)       :                    1         1 "GPU-57c0673b"
	   IoHeavy              :                              0 
	   Memory (MB)          :     2474       20480     20480 

	Job terminated of its own accord at 2023-03-13T08:52:29Z with exit-code 0.
...
