000 (16812229.004.000) 2023-03-12 21:39:00 Job submitted from host: <128.105.244.191:9618?addrs=128.105.244.191-9618&alias=submit-1.chtc.wisc.edu&noUDP&sock=schedd_6485_bfc3>
...
040 (16812229.004.000) 2023-03-12 23:42:44 Started transferring input files
	Transferring to host: <128.105.68.101:9618?addrs=128.105.68.101-9618+[2607-f388-2200-100-1270-fdff-fe73-97d6]-9618&alias=gpu2009.chtc.wisc.edu&noUDP&sock=slot1_2_1877356_e2af_89980>
...
001 (16812229.004.000) 2023-03-12 23:42:45 Job executing on host: <128.105.68.101:9618?addrs=128.105.68.101-9618+[2607-f388-2200-100-1270-fdff-fe73-97d6]-9618&alias=gpu2009.chtc.wisc.edu&noUDP&sock=startd_27480_92a2>
...
040 (16812229.004.000) 2023-03-12 23:42:45 Finished transferring input files
...
006 (16812229.004.000) 2023-03-12 23:42:54 Image size of job updated: 38908
	1  -  MemoryUsage of job (MB)
	672  -  ResidentSetSize of job (KB)
...
006 (16812229.004.000) 2023-03-12 23:47:55 Image size of job updated: 11207116
	2490  -  MemoryUsage of job (MB)
	2548996  -  ResidentSetSize of job (KB)
...
006 (16812229.004.000) 2023-03-12 23:52:56 Image size of job updated: 11243548
	2493  -  MemoryUsage of job (MB)
	2552644  -  ResidentSetSize of job (KB)
...
006 (16812229.004.000) 2023-03-12 23:57:56 Image size of job updated: 11243548
	2493  -  MemoryUsage of job (MB)
	2552652  -  ResidentSetSize of job (KB)
...
006 (16812229.004.000) 2023-03-13 00:02:58 Image size of job updated: 11440156
	2494  -  MemoryUsage of job (MB)
	2553068  -  ResidentSetSize of job (KB)
...
006 (16812229.004.000) 2023-03-13 00:07:59 Image size of job updated: 11576348
	2499  -  MemoryUsage of job (MB)
	2558188  -  ResidentSetSize of job (KB)
...
006 (16812229.004.000) 2023-03-13 00:13:00 Image size of job updated: 12297244
	2499  -  MemoryUsage of job (MB)
	2558188  -  ResidentSetSize of job (KB)
...
006 (16812229.004.000) 2023-03-13 00:18:01 Image size of job updated: 12952604
	2499  -  MemoryUsage of job (MB)
	2558188  -  ResidentSetSize of job (KB)
...
006 (16812229.004.000) 2023-03-13 00:23:02 Image size of job updated: 74032156
	2499  -  MemoryUsage of job (MB)
	2558188  -  ResidentSetSize of job (KB)
...
006 (16812229.004.000) 2023-03-13 00:28:03 Image size of job updated: 95790108
	2499  -  MemoryUsage of job (MB)
	2558188  -  ResidentSetSize of job (KB)
...
040 (16812229.004.000) 2023-03-13 00:28:40 Started transferring output files
...
040 (16812229.004.000) 2023-03-13 00:28:40 Finished transferring output files
...
005 (16812229.004.000) 2023-03-13 00:28:40 Job terminated.
	(1) Normal termination (return value 0)
		Usr 0 00:43:58, Sys 0 00:01:09  -  Run Remote Usage
		Usr 0 00:00:00, Sys 0 00:00:00  -  Run Local Usage
		Usr 0 00:43:58, Sys 0 00:01:09  -  Total Remote Usage
		Usr 0 00:00:00, Sys 0 00:00:00  -  Total Local Usage
	22323464  -  Run Bytes Sent By Job
	678  -  Run Bytes Received By Job
	22323464  -  Total Bytes Sent By Job
	678  -  Total Bytes Received By Job
	Partitionable Resources :       Usage  Request Allocated Assigned
	   Cpus                 :        1.03        1         1 
	   Disk (KB)            : 12583202    52428800  55919702 
	   Gpus (Average)       :                    1         1 "GPU-ca0657f5"
	   IoHeavy              :                              0 
	   Memory (MB)          :     2499       20480     20480 

	Job terminated of its own accord at 2023-03-13T05:28:40Z with exit-code 0.
...
