000 (16812229.015.000) 2023-03-12 21:39:00 Job submitted from host: <128.105.244.191:9618?addrs=128.105.244.191-9618&alias=submit-1.chtc.wisc.edu&noUDP&sock=schedd_6485_bfc3>
...
040 (16812229.015.000) 2023-03-13 02:01:33 Started transferring input files
	Transferring to host: <128.105.68.101:9618?addrs=128.105.68.101-9618+[2607-f388-2200-100-1270-fdff-fe73-97d6]-9618&alias=gpu2009.chtc.wisc.edu&noUDP&sock=slot1_2_1877356_e2af_90255>
...
040 (16812229.015.000) 2023-03-13 02:01:33 Finished transferring input files
...
001 (16812229.015.000) 2023-03-13 02:01:34 Job executing on host: <128.105.68.101:9618?addrs=128.105.68.101-9618+[2607-f388-2200-100-1270-fdff-fe73-97d6]-9618&alias=gpu2009.chtc.wisc.edu&noUDP&sock=startd_27480_92a2>
...
006 (16812229.015.000) 2023-03-13 02:01:43 Image size of job updated: 38908
	1  -  MemoryUsage of job (MB)
	672  -  ResidentSetSize of job (KB)
...
006 (16812229.015.000) 2023-03-13 02:06:45 Image size of job updated: 11179012
	2462  -  MemoryUsage of job (MB)
	2520464  -  ResidentSetSize of job (KB)
...
006 (16812229.015.000) 2023-03-13 02:11:45 Image size of job updated: 11216900
	2467  -  MemoryUsage of job (MB)
	2525584  -  ResidentSetSize of job (KB)
...
006 (16812229.015.000) 2023-03-13 02:21:48 Image size of job updated: 11347972
	2467  -  MemoryUsage of job (MB)
	2525584  -  ResidentSetSize of job (KB)
...
006 (16812229.015.000) 2023-03-13 02:26:49 Image size of job updated: 11479044
	2467  -  MemoryUsage of job (MB)
	2525584  -  ResidentSetSize of job (KB)
...
006 (16812229.015.000) 2023-03-13 02:31:50 Image size of job updated: 12265476
	2467  -  MemoryUsage of job (MB)
	2525584  -  ResidentSetSize of job (KB)
...
006 (16812229.015.000) 2023-03-13 02:36:51 Image size of job updated: 13707268
	2467  -  MemoryUsage of job (MB)
	2525584  -  ResidentSetSize of job (KB)
...
006 (16812229.015.000) 2023-03-13 02:41:51 Image size of job updated: 69675012
	2467  -  MemoryUsage of job (MB)
	2525584  -  ResidentSetSize of job (KB)
...
006 (16812229.015.000) 2023-03-13 02:46:51 Image size of job updated: 91564036
	3614  -  MemoryUsage of job (MB)
	3700592  -  ResidentSetSize of job (KB)
...
006 (16812229.015.000) 2023-03-13 02:49:18 Image size of job updated: 93096056
	3621  -  MemoryUsage of job (MB)
	3707352  -  ResidentSetSize of job (KB)
...
040 (16812229.015.000) 2023-03-13 02:49:18 Started transferring output files
...
040 (16812229.015.000) 2023-03-13 02:49:18 Finished transferring output files
...
005 (16812229.015.000) 2023-03-13 02:49:18 Job terminated.
	(1) Normal termination (return value 0)
		Usr 0 00:45:58, Sys 0 00:01:13  -  Run Remote Usage
		Usr 0 00:00:00, Sys 0 00:00:00  -  Run Local Usage
		Usr 0 00:45:58, Sys 0 00:01:13  -  Total Remote Usage
		Usr 0 00:00:00, Sys 0 00:00:00  -  Total Local Usage
	22012490  -  Run Bytes Sent By Job
	678  -  Run Bytes Received By Job
	22012490  -  Total Bytes Sent By Job
	678  -  Total Bytes Received By Job
	Partitionable Resources :       Usage  Request Allocated Assigned
	   Cpus                 :        0.98        1         1 
	   Disk (KB)            : 12499538    52428800  55919702 
	   Gpus (Average)       :                    1         1 "GPU-ca0657f5"
	   IoHeavy              :                              0 
	   Memory (MB)          :     3621       20480     20480 

	Job terminated of its own accord at 2023-03-13T07:49:18Z with exit-code 0.
...
