000 (16812229.019.000) 2023-03-12 21:39:00 Job submitted from host: <128.105.244.191:9618?addrs=128.105.244.191-9618&alias=submit-1.chtc.wisc.edu&noUDP&sock=schedd_6485_bfc3>
...
040 (16812229.019.000) 2023-03-13 02:38:10 Started transferring input files
	Transferring to host: <128.105.68.97:9618?addrs=128.105.68.97-9618+[2607-f388-2200-100-ac0-ebff-fe99-a130]-9618&alias=gpu2005.chtc.wisc.edu&noUDP&sock=slot1_2_356317_4f73_84452>
...
040 (16812229.019.000) 2023-03-13 02:38:10 Finished transferring input files
...
001 (16812229.019.000) 2023-03-13 02:38:11 Job executing on host: <128.105.68.97:9618?addrs=128.105.68.97-9618+[2607-f388-2200-100-ac0-ebff-fe99-a130]-9618&alias=gpu2005.chtc.wisc.edu&noUDP&sock=startd_11626_0c26>
...
006 (16812229.019.000) 2023-03-13 02:38:20 Image size of job updated: 896
	1  -  MemoryUsage of job (MB)
	896  -  ResidentSetSize of job (KB)
...
006 (16812229.019.000) 2023-03-13 02:43:22 Image size of job updated: 10743720
	2010  -  MemoryUsage of job (MB)
	2057392  -  ResidentSetSize of job (KB)
...
006 (16812229.019.000) 2023-03-13 02:48:22 Image size of job updated: 41790948
	2010  -  MemoryUsage of job (MB)
	2057392  -  ResidentSetSize of job (KB)
...
040 (16812229.019.000) 2023-03-13 02:48:23 Started transferring output files
...
040 (16812229.019.000) 2023-03-13 02:48:23 Finished transferring output files
...
005 (16812229.019.000) 2023-03-13 02:48:23 Job terminated.
	(1) Normal termination (return value 0)
		Usr 0 00:09:53, Sys 0 00:00:23  -  Run Remote Usage
		Usr 0 00:00:00, Sys 0 00:00:00  -  Run Local Usage
		Usr 0 00:09:53, Sys 0 00:00:23  -  Total Remote Usage
		Usr 0 00:00:00, Sys 0 00:00:00  -  Total Local Usage
	1596403  -  Run Bytes Sent By Job
	678  -  Run Bytes Received By Job
	1596403  -  Total Bytes Sent By Job
	678  -  Total Bytes Received By Job
	Partitionable Resources :       Usage  Request Allocated Assigned
	   Cpus                 :        0.99        1         1 
	   Disk (KB)            : 10012443    52428800  55933365 
	   Gpus (Average)       :                    1         1 "GPU-0d4d3af1"
	   IoHeavy              :                              0 
	   Memory (MB)          :     2010       20480     20480 

	Job terminated of its own accord at 2023-03-13T07:48:23Z with exit-code 0.
...
