000 (16812229.003.000) 2023-03-12 21:39:00 Job submitted from host: <128.105.244.191:9618?addrs=128.105.244.191-9618&alias=submit-1.chtc.wisc.edu&noUDP&sock=schedd_6485_bfc3>
...
040 (16812229.003.000) 2023-03-12 23:16:07 Started transferring input files
	Transferring to host: <128.105.68.103:9618?addrs=128.105.68.103-9618+[2607-f388-2200-100-1270-fdff-fe74-930]-9618&alias=gpu2011.chtc.wisc.edu&noUDP&sock=slot1_1_158545_0b88_78105>
...
040 (16812229.003.000) 2023-03-12 23:16:07 Finished transferring input files
...
001 (16812229.003.000) 2023-03-12 23:16:08 Job executing on host: <128.105.68.103:9618?addrs=128.105.68.103-9618+[2607-f388-2200-100-1270-fdff-fe74-930]-9618&alias=gpu2011.chtc.wisc.edu&noUDP&sock=startd_158342_0528>
...
006 (16812229.003.000) 2023-03-12 23:16:16 Image size of job updated: 38908
	1  -  MemoryUsage of job (MB)
	672  -  ResidentSetSize of job (KB)
...
006 (16812229.003.000) 2023-03-12 23:21:16 Image size of job updated: 11167692
	2452  -  MemoryUsage of job (MB)
	2509932  -  ResidentSetSize of job (KB)
...
006 (16812229.003.000) 2023-03-12 23:26:16 Image size of job updated: 11205580
	2457  -  MemoryUsage of job (MB)
	2515052  -  ResidentSetSize of job (KB)
...
006 (16812229.003.000) 2023-03-12 23:36:17 Image size of job updated: 11271116
	2457  -  MemoryUsage of job (MB)
	2515052  -  ResidentSetSize of job (KB)
...
006 (16812229.003.000) 2023-03-12 23:41:17 Image size of job updated: 11467724
	2457  -  MemoryUsage of job (MB)
	2515052  -  ResidentSetSize of job (KB)
...
006 (16812229.003.000) 2023-03-12 23:46:18 Image size of job updated: 12254156
	2457  -  MemoryUsage of job (MB)
	2515052  -  ResidentSetSize of job (KB)
...
006 (16812229.003.000) 2023-03-12 23:51:19 Image size of job updated: 12521420
	2462  -  MemoryUsage of job (MB)
	2520172  -  ResidentSetSize of job (KB)
...
006 (16812229.003.000) 2023-03-12 23:56:20 Image size of job updated: 47779788
	2462  -  MemoryUsage of job (MB)
	2520172  -  ResidentSetSize of job (KB)
...
006 (16812229.003.000) 2023-03-13 00:01:19 Image size of job updated: 88903628
	2462  -  MemoryUsage of job (MB)
	2520172  -  ResidentSetSize of job (KB)
...
040 (16812229.003.000) 2023-03-13 00:01:52 Started transferring output files
...
040 (16812229.003.000) 2023-03-13 00:01:52 Finished transferring output files
...
005 (16812229.003.000) 2023-03-13 00:01:53 Job terminated.
	(1) Normal termination (return value 0)
		Usr 0 00:42:54, Sys 0 00:01:08  -  Run Remote Usage
		Usr 0 00:00:00, Sys 0 00:00:00  -  Run Local Usage
		Usr 0 00:42:54, Sys 0 00:01:08  -  Total Remote Usage
		Usr 0 00:00:00, Sys 0 00:00:00  -  Total Local Usage
	21603840  -  Run Bytes Sent By Job
	678  -  Run Bytes Received By Job
	21603840  -  Total Bytes Sent By Job
	678  -  Total Bytes Received By Job
	Partitionable Resources :       Usage  Request Allocated Assigned
	   Cpus                 :        0.99        1         1 
	   Disk (KB)            : 12484031    52428800  60670278 
	   Gpus (Average)       :                    1         1 "GPU-ab7faecb"
	   IoHeavy              :                              0 
	   Memory (MB)          :     2462       20480     20480 

	Job terminated of its own accord at 2023-03-13T05:01:52Z with exit-code 0.
...
