000 (16812229.005.000) 2023-03-12 21:39:00 Job submitted from host: <128.105.244.191:9618?addrs=128.105.244.191-9618&alias=submit-1.chtc.wisc.edu&noUDP&sock=schedd_6485_bfc3>
...
040 (16812229.005.000) 2023-03-13 00:01:53 Started transferring input files
	Transferring to host: <128.105.68.103:9618?addrs=128.105.68.103-9618+[2607-f388-2200-100-1270-fdff-fe74-930]-9618&alias=gpu2011.chtc.wisc.edu&noUDP&sock=slot1_1_158545_0b88_78190>
...
040 (16812229.005.000) 2023-03-13 00:01:53 Finished transferring input files
...
001 (16812229.005.000) 2023-03-13 00:01:54 Job executing on host: <128.105.68.103:9618?addrs=128.105.68.103-9618+[2607-f388-2200-100-1270-fdff-fe74-930]-9618&alias=gpu2011.chtc.wisc.edu&noUDP&sock=startd_158342_0528>
...
006 (16812229.005.000) 2023-03-13 00:02:02 Image size of job updated: 672
	1  -  MemoryUsage of job (MB)
	672  -  ResidentSetSize of job (KB)
...
006 (16812229.005.000) 2023-03-13 00:07:02 Image size of job updated: 11206768
	2489  -  MemoryUsage of job (MB)
	2548388  -  ResidentSetSize of job (KB)
...
006 (16812229.005.000) 2023-03-13 00:12:03 Image size of job updated: 11243380
	2493  -  MemoryUsage of job (MB)
	2552208  -  ResidentSetSize of job (KB)
...
006 (16812229.005.000) 2023-03-13 00:17:03 Image size of job updated: 11243380
	2493  -  MemoryUsage of job (MB)
	2552212  -  ResidentSetSize of job (KB)
...
006 (16812229.005.000) 2023-03-13 00:22:04 Image size of job updated: 11374452
	2493  -  MemoryUsage of job (MB)
	2552212  -  ResidentSetSize of job (KB)
...
006 (16812229.005.000) 2023-03-13 00:27:03 Image size of job updated: 11571060
	2493  -  MemoryUsage of job (MB)
	2552212  -  ResidentSetSize of job (KB)
...
006 (16812229.005.000) 2023-03-13 00:32:05 Image size of job updated: 12291956
	2493  -  MemoryUsage of job (MB)
	2552212  -  ResidentSetSize of job (KB)
...
006 (16812229.005.000) 2023-03-13 00:37:05 Image size of job updated: 12952436
	2498  -  MemoryUsage of job (MB)
	2557332  -  ResidentSetSize of job (KB)
...
006 (16812229.005.000) 2023-03-13 00:42:05 Image size of job updated: 67609460
	2498  -  MemoryUsage of job (MB)
	2557332  -  ResidentSetSize of job (KB)
...
006 (16812229.005.000) 2023-03-13 00:47:05 Image size of job updated: 98125104
	2498  -  MemoryUsage of job (MB)
	2557332  -  ResidentSetSize of job (KB)
...
040 (16812229.005.000) 2023-03-13 00:47:47 Started transferring output files
...
040 (16812229.005.000) 2023-03-13 00:47:47 Finished transferring output files
...
005 (16812229.005.000) 2023-03-13 00:47:47 Job terminated.
	(1) Normal termination (return value 0)
		Usr 0 00:44:02, Sys 0 00:01:05  -  Run Remote Usage
		Usr 0 00:00:00, Sys 0 00:00:00  -  Run Local Usage
		Usr 0 00:44:02, Sys 0 00:01:05  -  Total Remote Usage
		Usr 0 00:00:00, Sys 0 00:00:00  -  Total Local Usage
	22217098  -  Run Bytes Sent By Job
	678  -  Run Bytes Received By Job
	22217098  -  Total Bytes Sent By Job
	678  -  Total Bytes Received By Job
	Partitionable Resources :       Usage  Request Allocated Assigned
	   Cpus                 :        1.00        1         1 
	   Disk (KB)            : 12584441    52428800  60670278 
	   Gpus (Average)       :                    1         1 "GPU-ab7faecb"
	   IoHeavy              :                              0 
	   Memory (MB)          :     2498       20480     20480 

	Job terminated of its own accord at 2023-03-13T05:47:47Z with exit-code 0.
...
