000 (16812229.001.000) 2023-03-12 21:39:00 Job submitted from host: <128.105.244.191:9618?addrs=128.105.244.191-9618&alias=submit-1.chtc.wisc.edu&noUDP&sock=schedd_6485_bfc3>
...
040 (16812229.001.000) 2023-03-12 22:53:40 Started transferring input files
	Transferring to host: <128.105.68.101:9618?addrs=128.105.68.101-9618+[2607-f388-2200-100-1270-fdff-fe73-97d6]-9618&alias=gpu2009.chtc.wisc.edu&noUDP&sock=slot1_2_1877356_e2af_89890>
...
040 (16812229.001.000) 2023-03-12 22:53:40 Finished transferring input files
...
001 (16812229.001.000) 2023-03-12 22:53:41 Job executing on host: <128.105.68.101:9618?addrs=128.105.68.101-9618+[2607-f388-2200-100-1270-fdff-fe73-97d6]-9618&alias=gpu2009.chtc.wisc.edu&noUDP&sock=startd_27480_92a2>
...
006 (16812229.001.000) 2023-03-12 22:53:50 Image size of job updated: 38908
	1  -  MemoryUsage of job (MB)
	676  -  ResidentSetSize of job (KB)
...
006 (16812229.001.000) 2023-03-12 22:58:52 Image size of job updated: 11204764
	2486  -  MemoryUsage of job (MB)
	2544928  -  ResidentSetSize of job (KB)
...
006 (16812229.001.000) 2023-03-12 23:03:52 Image size of job updated: 11238884
	2487  -  MemoryUsage of job (MB)
	2546280  -  ResidentSetSize of job (KB)
...
006 (16812229.001.000) 2023-03-12 23:08:53 Image size of job updated: 11238884
	2487  -  MemoryUsage of job (MB)
	2546292  -  ResidentSetSize of job (KB)
...
006 (16812229.001.000) 2023-03-12 23:13:54 Image size of job updated: 11304420
	2487  -  MemoryUsage of job (MB)
	2546292  -  ResidentSetSize of job (KB)
...
006 (16812229.001.000) 2023-03-12 23:18:55 Image size of job updated: 11501028
	2487  -  MemoryUsage of job (MB)
	2546292  -  ResidentSetSize of job (KB)
...
006 (16812229.001.000) 2023-03-12 23:23:56 Image size of job updated: 12288712
	2488  -  MemoryUsage of job (MB)
	2547548  -  ResidentSetSize of job (KB)
...
006 (16812229.001.000) 2023-03-12 23:28:57 Image size of job updated: 12424904
	2493  -  MemoryUsage of job (MB)
	2552668  -  ResidentSetSize of job (KB)
...
006 (16812229.001.000) 2023-03-12 23:33:57 Image size of job updated: 22714056
	2493  -  MemoryUsage of job (MB)
	2552668  -  ResidentSetSize of job (KB)
...
006 (16812229.001.000) 2023-03-12 23:38:59 Image size of job updated: 93886152
	2880  -  MemoryUsage of job (MB)
	2948404  -  ResidentSetSize of job (KB)
...
006 (16812229.001.000) 2023-03-12 23:42:42 Image size of job updated: 93886152
	2908  -  MemoryUsage of job (MB)
	2977036  -  ResidentSetSize of job (KB)
...
040 (16812229.001.000) 2023-03-12 23:42:42 Started transferring output files
...
040 (16812229.001.000) 2023-03-12 23:42:42 Finished transferring output files
...
005 (16812229.001.000) 2023-03-12 23:42:42 Job terminated.
	(1) Normal termination (return value 0)
		Usr 0 00:46:38, Sys 0 00:01:11  -  Run Remote Usage
		Usr 0 00:00:00, Sys 0 00:00:00  -  Run Local Usage
		Usr 0 00:46:38, Sys 0 00:01:11  -  Total Remote Usage
		Usr 0 00:00:00, Sys 0 00:00:00  -  Total Local Usage
	22946186  -  Run Bytes Sent By Job
	678  -  Run Bytes Received By Job
	22946186  -  Total Bytes Sent By Job
	678  -  Total Bytes Received By Job
	Partitionable Resources :       Usage  Request Allocated Assigned
	   Cpus                 :        0.98        1         1 
	   Disk (KB)            : 12603494    52428800  55919702 
	   Gpus (Average)       :                    1         1 "GPU-ca0657f5"
	   IoHeavy              :                              0 
	   Memory (MB)          :     2908       20480     20480 

	Job terminated of its own accord at 2023-03-13T04:42:42Z with exit-code 0.
...
