000 (16812229.011.000) 2023-03-12 21:39:00 Job submitted from host: <128.105.244.191:9618?addrs=128.105.244.191-9618&alias=submit-1.chtc.wisc.edu&noUDP&sock=schedd_6485_bfc3>
...
040 (16812229.011.000) 2023-03-13 01:47:43 Started transferring input files
	Transferring to host: <128.105.68.96:9618?addrs=128.105.68.96-9618+[2607-f388-2200-100-1270-fdff-fe74-8a8]-9618&alias=gpu2004.chtc.wisc.edu&noUDP&sock=slot1_4_354665_53af_79466>
...
040 (16812229.011.000) 2023-03-13 01:47:43 Finished transferring input files
...
001 (16812229.011.000) 2023-03-13 01:47:44 Job executing on host: <128.105.68.96:9618?addrs=128.105.68.96-9618+[2607-f388-2200-100-1270-fdff-fe74-8a8]-9618&alias=gpu2004.chtc.wisc.edu&noUDP&sock=startd_11600_36b0>
...
006 (16812229.011.000) 2023-03-13 01:47:52 Image size of job updated: 676
	1  -  MemoryUsage of job (MB)
	676  -  ResidentSetSize of job (KB)
...
006 (16812229.011.000) 2023-03-13 01:52:52 Image size of job updated: 11199140
	2479  -  MemoryUsage of job (MB)
	2538424  -  ResidentSetSize of job (KB)
...
006 (16812229.011.000) 2023-03-13 01:57:54 Image size of job updated: 11200360
	2481  -  MemoryUsage of job (MB)
	2539660  -  ResidentSetSize of job (KB)
...
006 (16812229.011.000) 2023-03-13 02:07:54 Image size of job updated: 11201480
	2482  -  MemoryUsage of job (MB)
	2540740  -  ResidentSetSize of job (KB)
...
006 (16812229.011.000) 2023-03-13 02:17:55 Image size of job updated: 11202968
	2483  -  MemoryUsage of job (MB)
	2542228  -  ResidentSetSize of job (KB)
...
006 (16812229.011.000) 2023-03-13 02:22:56 Image size of job updated: 11235736
	2483  -  MemoryUsage of job (MB)
	2542228  -  ResidentSetSize of job (KB)
...
006 (16812229.011.000) 2023-03-13 02:37:58 Image size of job updated: 11235736
	2483  -  MemoryUsage of job (MB)
	2542240  -  ResidentSetSize of job (KB)
...
006 (16812229.011.000) 2023-03-13 02:47:58 Image size of job updated: 11302536
	2484  -  MemoryUsage of job (MB)
	2543504  -  ResidentSetSize of job (KB)
...
006 (16812229.011.000) 2023-03-13 02:52:59 Image size of job updated: 11499144
	2484  -  MemoryUsage of job (MB)
	2543504  -  ResidentSetSize of job (KB)
...
006 (16812229.011.000) 2023-03-13 03:03:01 Image size of job updated: 11892360
	2484  -  MemoryUsage of job (MB)
	2543504  -  ResidentSetSize of job (KB)
...
006 (16812229.011.000) 2023-03-13 03:08:01 Image size of job updated: 12285576
	2484  -  MemoryUsage of job (MB)
	2543504  -  ResidentSetSize of job (KB)
...
006 (16812229.011.000) 2023-03-13 03:13:01 Image size of job updated: 12290684
	2489  -  MemoryUsage of job (MB)
	2548612  -  ResidentSetSize of job (KB)
...
006 (16812229.011.000) 2023-03-13 03:23:03 Image size of job updated: 12683900
	2489  -  MemoryUsage of job (MB)
	2548612  -  ResidentSetSize of job (KB)
...
006 (16812229.011.000) 2023-03-13 03:28:04 Image size of job updated: 14715516
	2489  -  MemoryUsage of job (MB)
	2548612  -  ResidentSetSize of job (KB)
...
006 (16812229.011.000) 2023-03-13 03:33:05 Image size of job updated: 24349308
	2489  -  MemoryUsage of job (MB)
	2548612  -  ResidentSetSize of job (KB)
...
006 (16812229.011.000) 2023-03-13 03:38:05 Image size of job updated: 48335484
	2489  -  MemoryUsage of job (MB)
	2548612  -  ResidentSetSize of job (KB)
...
006 (16812229.011.000) 2023-03-13 03:43:05 Image size of job updated: 48335484
	3628  -  MemoryUsage of job (MB)
	3714380  -  ResidentSetSize of job (KB)
...
006 (16812229.011.000) 2023-03-13 03:45:38 Image size of job updated: 48335484
	3632  -  MemoryUsage of job (MB)
	3718480  -  ResidentSetSize of job (KB)
...
040 (16812229.011.000) 2023-03-13 03:45:38 Started transferring output files
...
040 (16812229.011.000) 2023-03-13 03:45:38 Finished transferring output files
...
005 (16812229.011.000) 2023-03-13 03:45:38 Job terminated.
	(1) Normal termination (return value 0)
		Usr 0 01:54:37, Sys 0 00:01:16  -  Run Remote Usage
		Usr 0 00:00:00, Sys 0 00:00:00  -  Run Local Usage
		Usr 0 01:54:37, Sys 0 00:01:16  -  Total Remote Usage
		Usr 0 00:00:00, Sys 0 00:00:00  -  Total Local Usage
	22794928  -  Run Bytes Sent By Job
	678  -  Run Bytes Received By Job
	22794928  -  Total Bytes Sent By Job
	678  -  Total Bytes Received By Job
	Partitionable Resources :       Usage  Request Allocated Assigned
	   Cpus                 :        1.13        1         1 
	   Disk (KB)            : 12591486    52428800  60629782 
	   Gpus (Average)       :                    1         1 "GPU-6488910f"
	   IoHeavy              :                              0 
	   Memory (MB)          :     3632       20480     20480 

	Job terminated of its own accord at 2023-03-13T08:45:38Z with exit-code 0.
...
