000 (16812229.014.000) 2023-03-12 21:39:00 Job submitted from host: <128.105.244.191:9618?addrs=128.105.244.191-9618&alias=submit-1.chtc.wisc.edu&noUDP&sock=schedd_6485_bfc3>
...
040 (16812229.014.000) 2023-03-13 02:00:20 Started transferring input files
	Transferring to host: <128.105.68.99:9618?addrs=128.105.68.99-9618+[2607-f388-2200-100-1270-fdff-fe74-d08]-9618&alias=gpu2007.chtc.wisc.edu&noUDP&sock=slot1_3_245698_37c0_82875>
...
001 (16812229.014.000) 2023-03-13 02:00:27 Job executing on host: <128.105.68.99:9618?addrs=128.105.68.99-9618+[2607-f388-2200-100-1270-fdff-fe74-d08]-9618&alias=gpu2007.chtc.wisc.edu&noUDP&sock=startd_12388_b751>
...
040 (16812229.014.000) 2023-03-13 02:00:27 Finished transferring input files
...
006 (16812229.014.000) 2023-03-13 02:00:36 Image size of job updated: 62140
	1  -  MemoryUsage of job (MB)
	896  -  ResidentSetSize of job (KB)
...
006 (16812229.014.000) 2023-03-13 02:05:38 Image size of job updated: 11181084
	2463  -  MemoryUsage of job (MB)
	2522104  -  ResidentSetSize of job (KB)
...
006 (16812229.014.000) 2023-03-13 02:10:39 Image size of job updated: 11217652
	2467  -  MemoryUsage of job (MB)
	2525900  -  ResidentSetSize of job (KB)
...
006 (16812229.014.000) 2023-03-13 02:15:40 Image size of job updated: 11222772
	2472  -  MemoryUsage of job (MB)
	2531020  -  ResidentSetSize of job (KB)
...
006 (16812229.014.000) 2023-03-13 02:20:41 Image size of job updated: 11222772
	2472  -  MemoryUsage of job (MB)
	2531024  -  ResidentSetSize of job (KB)
...
006 (16812229.014.000) 2023-03-13 02:25:41 Image size of job updated: 11419380
	2472  -  MemoryUsage of job (MB)
	2531024  -  ResidentSetSize of job (KB)
...
006 (16812229.014.000) 2023-03-13 02:30:48 Image size of job updated: 11550452
	2472  -  MemoryUsage of job (MB)
	2531024  -  ResidentSetSize of job (KB)
...
006 (16812229.014.000) 2023-03-13 02:35:43 Image size of job updated: 12272336
	2473  -  MemoryUsage of job (MB)
	2532012  -  ResidentSetSize of job (KB)
...
006 (16812229.014.000) 2023-03-13 02:40:44 Image size of job updated: 13058768
	2473  -  MemoryUsage of job (MB)
	2532012  -  ResidentSetSize of job (KB)
...
006 (16812229.014.000) 2023-03-13 02:45:45 Image size of job updated: 29835984
	2473  -  MemoryUsage of job (MB)
	2532012  -  ResidentSetSize of job (KB)
...
006 (16812229.014.000) 2023-03-13 02:50:46 Image size of job updated: 94913232
	2473  -  MemoryUsage of job (MB)
	2532012  -  ResidentSetSize of job (KB)
...
040 (16812229.014.000) 2023-03-13 02:55:41 Started transferring output files
...
040 (16812229.014.000) 2023-03-13 02:55:42 Finished transferring output files
...
005 (16812229.014.000) 2023-03-13 02:55:42 Job terminated.
	(1) Normal termination (return value 0)
		Usr 0 00:53:54, Sys 0 00:01:03  -  Run Remote Usage
		Usr 0 00:00:00, Sys 0 00:00:00  -  Run Local Usage
		Usr 0 00:53:54, Sys 0 00:01:03  -  Total Remote Usage
		Usr 0 00:00:00, Sys 0 00:00:00  -  Total Local Usage
	22067454  -  Run Bytes Sent By Job
	678  -  Run Bytes Received By Job
	22067454  -  Total Bytes Sent By Job
	678  -  Total Bytes Received By Job
	Partitionable Resources :       Usage  Request Allocated Assigned
	   Cpus                 :        0.99        1         1 
	   Disk (KB)            : 12517437    52428800  60630406 
	   Gpus (Average)       :                    1         1 "GPU-c88dc69f"
	   IoHeavy              :                              0 
	   Memory (MB)          :     2473       20480     20480 

	Job terminated of its own accord at 2023-03-13T07:55:40Z with exit-code 0.
...
